2025-09-13 22:26:26,576 - INFO - Initializing DataProcessor for fine-tuning...
Extracting unique trajectory IDs...
Reading traj_ids: 0it [00:00, ?it/s]Reading traj_ids: 1it [00:00, 19.62it/s]
Total unique traj_ids found: 629
Splitting traj_ids into train, validation, and test sets...
Train: 93, Val: 126, Test: 410
Fitting label encoder on target column...
Reading labels for encoding: 0it [00:00, ?it/s]Reading labels for encoding: 1it [00:00, 22.99it/s]
Classes found: ['bike' 'bus' 'car' 'train' 'walk']
Fitting scaler on training features...
Reading training features for scaling: 0it [00:00, ?it/s]Reading training features for scaling: 1it [00:00, 18.01it/s]
Scaler fitting completed.
Creating sequences in sliding windows...
Processing chunks: 0it [00:00, ?it/s]Processing chunks: 1it [00:00,  2.83it/s]Processing chunks: 1it [00:00,  2.82it/s]
Train: 289, Val: 292, Test: 1158
Skipped sequences (zero length): 0
Creating sequences in sliding windows...
Processing chunks: 0it [00:00, ?it/s]Processing chunks: 1it [00:00,  2.76it/s]Processing chunks: 1it [00:00,  2.75it/s]Train: 289, Val: 292, Test: 1158
Skipped sequences (zero length): 0
2025-09-13 22:26:30,206 - INFO - Loading pretrained model from: /data/A-SpeedTransformer/models/transformer/experiments/mobis_transformer_sweeps/mobis_lr1e-4_bs512_h8_d128_kv4_do0.1/mobis_lr1e-4_bs512_h8_d128_kv4_do0.1/best_model.pth
2025-09-13 22:26:30,224 - INFO - Frozen: Feedforward networks in all unfrozen layers
2025-09-13 22:26:30,225 - INFO - Added warmup scheduler with 100 steps
2025-09-13 22:26:30,227 - INFO - [Epoch 1/50]

/data/A-SpeedTransformer/models/transformer/model_utils.py:231: FutureWarning: `torch.cuda.amp.GradScaler(args...)` is deprecated. Please use `torch.amp.GradScaler('cuda', args...)` instead.
  self.scaler = torch.cuda.amp.GradScaler() if (use_amp and torch.cuda.is_available()) else None
/data/A-SpeedTransformer/models/transformer/model_utils.py:361: FutureWarning: You are using `torch.load` with `weights_only=False` (the current default value), which uses the default pickle module implicitly. It is possible to construct malicious pickle data which will execute arbitrary code during unpickling (See https://github.com/pytorch/pytorch/blob/main/SECURITY.md#untrusted-models for more details). In a future release, the default value for `weights_only` will be flipped to `True`. This limits the functions that could be executed during unpickling. Arbitrary objects will no longer be allowed to be loaded via this mode unless they are explicitly allowlisted by the user via `torch.serialization.add_safe_globals`. We recommend you start setting `weights_only=True` for any use case where you don't have full control of the loaded file. Please open an issue on GitHub for any issues related to this experimental feature.
  state = torch.load(path, map_location=self.device)
/data/A-SpeedTransformer/models/transformer/model_utils.py:289: FutureWarning: `torch.cuda.amp.autocast(args...)` is deprecated. Please use `torch.amp.autocast('cuda', args...)` instead.
  with torch.cuda.amp.autocast():
/data/oe23/torchgpu/lib/python3.8/site-packages/torch/optim/lr_scheduler.py:216: UserWarning: Detected call of `lr_scheduler.step()` before `optimizer.step()`. In PyTorch 1.1.0 and later, you should call them in the opposite order: `optimizer.step()` before `lr_scheduler.step()`.  Failure to do this will result in PyTorch skipping the first value of the learning rate schedule. See more details at https://pytorch.org/docs/stable/optim.html#how-to-adjust-learning-rate
  warnings.warn(
2025-09-13 22:26:30,955 - INFO - Train Loss: 3.9927, Train Acc: 0.2561
2025-09-13 22:26:30,955 - INFO - Val   Loss: 5.3301, Val   Acc: 0.3630
2025-09-13 22:26:30,987 - INFO -   -> Best fine-tuned model saved.
2025-09-13 22:26:30,987 - INFO - [Epoch 2/50]
/data/A-SpeedTransformer/models/transformer/model_utils.py:326: FutureWarning: `torch.cuda.amp.autocast(args...)` is deprecated. Please use `torch.amp.autocast('cuda', args...)` instead.
  with torch.cuda.amp.autocast(enabled=self.scaler is not None):
2025-09-13 22:26:31,372 - INFO - Train Loss: 4.0172, Train Acc: 0.2664
2025-09-13 22:26:31,372 - INFO - Val   Loss: 5.3301, Val   Acc: 0.3630
2025-09-13 22:26:31,372 - INFO -   -> No improvement (1/10)
2025-09-13 22:26:31,374 - INFO - [Epoch 3/50]
2025-09-13 22:26:31,797 - INFO - Train Loss: 4.0181, Train Acc: 0.2734
2025-09-13 22:26:31,797 - INFO - Val   Loss: 5.3301, Val   Acc: 0.3630
2025-09-13 22:26:31,797 - INFO -   -> No improvement (2/10)
2025-09-13 22:26:31,797 - INFO - [Epoch 4/50]
2025-09-13 22:26:32,186 - INFO - Train Loss: 3.9933, Train Acc: 0.2768
2025-09-13 22:26:32,186 - INFO - Val   Loss: 5.3301, Val   Acc: 0.3630
2025-09-13 22:26:32,188 - INFO -   -> No improvement (3/10)
2025-09-13 22:26:32,188 - INFO - [Epoch 5/50]
2025-09-13 22:26:32,627 - INFO - Train Loss: 3.9769, Train Acc: 0.2630
2025-09-13 22:26:32,627 - INFO - Val   Loss: 5.3038, Val   Acc: 0.3664
2025-09-13 22:26:32,655 - INFO -   -> Best fine-tuned model saved.
2025-09-13 22:26:32,655 - INFO - [Epoch 6/50]
2025-09-13 22:26:33,067 - INFO - Train Loss: 3.9352, Train Acc: 0.2803
2025-09-13 22:26:33,068 - INFO - Val   Loss: 5.2711, Val   Acc: 0.3767
2025-09-13 22:26:33,103 - INFO -   -> Best fine-tuned model saved.
2025-09-13 22:26:33,103 - INFO - [Epoch 7/50]
2025-09-13 22:26:33,504 - INFO - Train Loss: 3.9230, Train Acc: 0.2768
2025-09-13 22:26:33,505 - INFO - Val   Loss: 5.2276, Val   Acc: 0.3801
2025-09-13 22:26:33,540 - INFO -   -> Best fine-tuned model saved.
2025-09-13 22:26:33,541 - INFO - [Epoch 8/50]
2025-09-13 22:26:33,954 - INFO - Train Loss: 3.7557, Train Acc: 0.2941
2025-09-13 22:26:33,955 - INFO - Val   Loss: 5.1669, Val   Acc: 0.3870
2025-09-13 22:26:33,992 - INFO -   -> Best fine-tuned model saved.
2025-09-13 22:26:33,992 - INFO - [Epoch 9/50]
2025-09-13 22:26:34,394 - INFO - Train Loss: 3.7523, Train Acc: 0.2907
2025-09-13 22:26:34,395 - INFO - Val   Loss: 5.0908, Val   Acc: 0.3904
2025-09-13 22:26:34,432 - INFO -   -> Best fine-tuned model saved.
2025-09-13 22:26:34,432 - INFO - [Epoch 10/50]
2025-09-13 22:26:34,834 - INFO - Train Loss: 3.5844, Train Acc: 0.3010
2025-09-13 22:26:34,834 - INFO - Val   Loss: 5.0064, Val   Acc: 0.4041
2025-09-13 22:26:34,888 - INFO -   -> Best fine-tuned model saved.
2025-09-13 22:26:34,888 - INFO - [Epoch 11/50]
2025-09-13 22:26:35,273 - INFO - Train Loss: 3.3861, Train Acc: 0.3114
2025-09-13 22:26:35,273 - INFO - Val   Loss: 4.9149, Val   Acc: 0.4110
2025-09-13 22:26:35,308 - INFO -   -> Best fine-tuned model saved.
2025-09-13 22:26:35,309 - INFO - [Epoch 12/50]
2025-09-13 22:26:35,722 - INFO - Train Loss: 3.2129, Train Acc: 0.3287
2025-09-13 22:26:35,723 - INFO - Val   Loss: 4.9149, Val   Acc: 0.4110
2025-09-13 22:26:35,724 - INFO -   -> No improvement (1/10)
2025-09-13 22:26:35,725 - INFO - [Epoch 13/50]
2025-09-13 22:26:36,131 - INFO - Train Loss: 3.3090, Train Acc: 0.3218
2025-09-13 22:26:36,131 - INFO - Val   Loss: 4.7874, Val   Acc: 0.4281
2025-09-13 22:26:36,192 - INFO -   -> Best fine-tuned model saved.
2025-09-13 22:26:36,192 - INFO - [Epoch 14/50]
2025-09-13 22:26:36,607 - INFO - Train Loss: 3.0023, Train Acc: 0.3599
2025-09-13 22:26:36,607 - INFO - Val   Loss: 4.5384, Val   Acc: 0.4315
2025-09-13 22:26:36,634 - INFO -   -> Best fine-tuned model saved.
2025-09-13 22:26:36,634 - INFO - [Epoch 15/50]
2025-09-13 22:26:37,018 - INFO - Train Loss: 2.6712, Train Acc: 0.3841
2025-09-13 22:26:37,019 - INFO - Val   Loss: 3.9524, Val   Acc: 0.4452
2025-09-13 22:26:37,045 - INFO -   -> Best fine-tuned model saved.
2025-09-13 22:26:37,045 - INFO - [Epoch 16/50]
2025-09-13 22:26:37,448 - INFO - Train Loss: 2.3922, Train Acc: 0.4221
2025-09-13 22:26:37,449 - INFO - Val   Loss: 2.9847, Val   Acc: 0.4658
2025-09-13 22:26:37,485 - INFO -   -> Best fine-tuned model saved.
2025-09-13 22:26:37,485 - INFO - [Epoch 17/50]
2025-09-13 22:26:37,898 - INFO - Train Loss: 2.0716, Train Acc: 0.4602
2025-09-13 22:26:37,899 - INFO - Val   Loss: 2.2190, Val   Acc: 0.5068
2025-09-13 22:26:37,927 - INFO -   -> Best fine-tuned model saved.
2025-09-13 22:26:37,928 - INFO - [Epoch 18/50]
2025-09-13 22:26:38,350 - INFO - Train Loss: 1.6260, Train Acc: 0.5571
2025-09-13 22:26:38,351 - INFO - Val   Loss: 1.7602, Val   Acc: 0.5616
2025-09-13 22:26:38,402 - INFO -   -> Best fine-tuned model saved.
2025-09-13 22:26:38,403 - INFO - [Epoch 19/50]
2025-09-13 22:26:38,844 - INFO - Train Loss: 1.2840, Train Acc: 0.6298
2025-09-13 22:26:38,845 - INFO - Val   Loss: 1.5877, Val   Acc: 0.6096
2025-09-13 22:26:38,874 - INFO -   -> Best fine-tuned model saved.
2025-09-13 22:26:38,875 - INFO - [Epoch 20/50]
2025-09-13 22:26:39,286 - INFO - Train Loss: 1.0745, Train Acc: 0.6990
2025-09-13 22:26:39,286 - INFO - Val   Loss: 1.5457, Val   Acc: 0.6130
2025-09-13 22:26:39,318 - INFO -   -> Best fine-tuned model saved.
2025-09-13 22:26:39,318 - INFO - [Epoch 21/50]
2025-09-13 22:26:39,708 - INFO - Train Loss: 0.9645, Train Acc: 0.7266
2025-09-13 22:26:39,709 - INFO - Val   Loss: 1.4896, Val   Acc: 0.6130
2025-09-13 22:26:39,709 - INFO -   -> No improvement (1/10)
2025-09-13 22:26:39,709 - INFO - [Epoch 22/50]
2025-09-13 22:26:40,115 - INFO - Train Loss: 0.8853, Train Acc: 0.7405
2025-09-13 22:26:40,116 - INFO - Val   Loss: 1.4023, Val   Acc: 0.6062
2025-09-13 22:26:40,117 - INFO -   -> No improvement (2/10)
2025-09-13 22:26:40,118 - INFO - [Epoch 23/50]
2025-09-13 22:26:40,536 - INFO - Train Loss: 0.8380, Train Acc: 0.7578
2025-09-13 22:26:40,536 - INFO - Val   Loss: 1.3303, Val   Acc: 0.6062
2025-09-13 22:26:40,536 - INFO -   -> No improvement (3/10)
2025-09-13 22:26:40,537 - INFO - [Epoch 24/50]
2025-09-13 22:26:41,001 - INFO - Train Loss: 0.8191, Train Acc: 0.7820
2025-09-13 22:26:41,002 - INFO - Val   Loss: 1.2822, Val   Acc: 0.6233
2025-09-13 22:26:41,033 - INFO -   -> Best fine-tuned model saved.
2025-09-13 22:26:41,034 - INFO - [Epoch 25/50]
2025-09-13 22:26:41,457 - INFO - Train Loss: 0.7872, Train Acc: 0.7716
2025-09-13 22:26:41,457 - INFO - Val   Loss: 1.2560, Val   Acc: 0.6301
2025-09-13 22:26:41,501 - INFO -   -> Best fine-tuned model saved.
2025-09-13 22:26:41,502 - INFO - [Epoch 26/50]
2025-09-13 22:26:41,936 - INFO - Train Loss: 0.7548, Train Acc: 0.7751
2025-09-13 22:26:41,936 - INFO - Val   Loss: 1.2330, Val   Acc: 0.6199
2025-09-13 22:26:41,936 - INFO -   -> No improvement (1/10)
2025-09-13 22:26:41,938 - INFO - [Epoch 27/50]
2025-09-13 22:26:42,331 - INFO - Train Loss: 0.7253, Train Acc: 0.7855
2025-09-13 22:26:42,331 - INFO - Val   Loss: 1.2099, Val   Acc: 0.6233
2025-09-13 22:26:42,332 - INFO -   -> No improvement (2/10)
2025-09-13 22:26:42,333 - INFO - [Epoch 28/50]
2025-09-13 22:26:42,725 - INFO - Train Loss: 0.6797, Train Acc: 0.7924
2025-09-13 22:26:42,725 - INFO - Val   Loss: 1.1829, Val   Acc: 0.6164
2025-09-13 22:26:42,726 - INFO -   -> No improvement (3/10)
2025-09-13 22:26:42,727 - INFO - [Epoch 29/50]
2025-09-13 22:26:43,178 - INFO - Train Loss: 0.6643, Train Acc: 0.8131
2025-09-13 22:26:43,178 - INFO - Val   Loss: 1.1672, Val   Acc: 0.6130
2025-09-13 22:26:43,178 - INFO -   -> No improvement (4/10)
2025-09-13 22:26:43,179 - INFO - [Epoch 30/50]
2025-09-13 22:26:43,669 - INFO - Train Loss: 0.6545, Train Acc: 0.7924
2025-09-13 22:26:43,670 - INFO - Val   Loss: 1.2634, Val   Acc: 0.5548
2025-09-13 22:26:43,671 - INFO -   -> No improvement (5/10)
2025-09-13 22:26:43,672 - INFO - [Epoch 31/50]
2025-09-13 22:26:44,095 - INFO - Train Loss: 0.6503, Train Acc: 0.7855
2025-09-13 22:26:44,096 - INFO - Val   Loss: 1.3694, Val   Acc: 0.5068
2025-09-13 22:26:44,098 - INFO -   -> No improvement (6/10)
2025-09-13 22:26:44,099 - INFO - [Epoch 32/50]
2025-09-13 22:26:44,487 - INFO - Train Loss: 0.6347, Train Acc: 0.7716
2025-09-13 22:26:44,487 - INFO - Val   Loss: 1.2648, Val   Acc: 0.5274
2025-09-13 22:26:44,489 - INFO -   -> No improvement (7/10)
2025-09-13 22:26:44,490 - INFO - [Epoch 33/50]
2025-09-13 22:26:44,879 - INFO - Train Loss: 0.6119, Train Acc: 0.7855
2025-09-13 22:26:44,880 - INFO - Val   Loss: 1.1203, Val   Acc: 0.5856
2025-09-13 22:26:44,881 - INFO -   -> No improvement (8/10)
2025-09-13 22:26:44,882 - INFO - [Epoch 34/50]
2025-09-13 22:26:45,287 - INFO - Train Loss: 0.5978, Train Acc: 0.7993
2025-09-13 22:26:45,287 - INFO - Val   Loss: 1.0836, Val   Acc: 0.5925
2025-09-13 22:26:45,289 - INFO -   -> No improvement (9/10)
2025-09-13 22:26:45,289 - INFO - [Epoch 35/50]
2025-09-13 22:26:45,712 - INFO - Train Loss: 0.5501, Train Acc: 0.8131
2025-09-13 22:26:45,713 - INFO - Val   Loss: 1.0690, Val   Acc: 0.5925
2025-09-13 22:26:45,715 - INFO -   -> No improvement (10/10)
2025-09-13 22:26:45,715 - INFO - Early stopping triggered.
2025-09-13 22:26:45,717 - INFO - 
Loading best fine-tuned model from /data/A-SpeedTransformer/models/transformer/experiments/miniprogram_finetune/tune_lr5e-4_warmup100_freeze_feedforward/best_model.pth for final evaluation...
2025-09-13 22:26:46,315 - INFO - Test Loss: 0.9337, Test Accuracy: 0.7012
2025-09-13 22:26:46,324 - INFO - Classification Report:
              precision    recall  f1-score   support

        bike       0.13      0.30      0.18        63
         bus       0.80      0.27      0.40       288
         car       0.89      0.86      0.88       467
       train       0.11      0.31      0.16        29
        walk       0.79      0.98      0.87       311

    accuracy                           0.70      1158
   macro avg       0.54      0.54      0.50      1158
weighted avg       0.78      0.70      0.70      1158

2025-09-13 22:26:46,762 - INFO - Saved confusion_matrix_finetune.png
/data/A-SpeedTransformer/models/transformer/model_utils.py:349: FutureWarning: `torch.cuda.amp.autocast(args...)` is deprecated. Please use `torch.amp.autocast('cuda', args...)` instead.
  with torch.cuda.amp.autocast(enabled=self.scaler is not None):
