2025-09-13 22:25:50,631 - INFO - Initializing DataProcessor for fine-tuning...
Extracting unique trajectory IDs...
Reading traj_ids: 0it [00:00, ?it/s]Reading traj_ids: 1it [00:00, 12.29it/s]
Total unique traj_ids found: 629
Splitting traj_ids into train, validation, and test sets...
Train: 93, Val: 126, Test: 410
Fitting label encoder on target column...
Reading labels for encoding: 0it [00:00, ?it/s]Reading labels for encoding: 1it [00:00, 14.66it/s]
Classes found: ['bike' 'bus' 'car' 'train' 'walk']
Fitting scaler on training features...
Reading training features for scaling: 0it [00:00, ?it/s]Reading training features for scaling: 1it [00:00, 11.47it/s]
Scaler fitting completed.
Creating sequences in sliding windows...
Processing chunks: 0it [00:00, ?it/s]Processing chunks: 1it [00:00,  1.85it/s]Processing chunks: 1it [00:00,  1.84it/s]
Train: 289, Val: 292, Test: 1158
Skipped sequences (zero length): 0
Creating sequences in sliding windows...
Processing chunks: 0it [00:00, ?it/s]Processing chunks: 1it [00:00,  1.85it/s]Processing chunks: 1it [00:00,  1.84it/s]Train: 289, Val: 292, Test: 1158
Skipped sequences (zero length): 0
2025-09-13 22:25:55,309 - INFO - Loading pretrained model from: /data/A-SpeedTransformer/models/transformer/experiments/mobis_transformer_sweeps/mobis_lr1e-4_bs512_h8_d128_kv4_do0.1/mobis_lr1e-4_bs512_h8_d128_kv4_do0.1/best_model.pth
2025-09-13 22:25:55,328 - INFO - Frozen: Attention mechanisms in all unfrozen layers
2025-09-13 22:25:55,329 - INFO - Added warmup scheduler with 100 steps
2025-09-13 22:25:55,332 - INFO - [Epoch 1/50]

/data/A-SpeedTransformer/models/transformer/model_utils.py:231: FutureWarning: `torch.cuda.amp.GradScaler(args...)` is deprecated. Please use `torch.amp.GradScaler('cuda', args...)` instead.
  self.scaler = torch.cuda.amp.GradScaler() if (use_amp and torch.cuda.is_available()) else None
/data/A-SpeedTransformer/models/transformer/model_utils.py:361: FutureWarning: You are using `torch.load` with `weights_only=False` (the current default value), which uses the default pickle module implicitly. It is possible to construct malicious pickle data which will execute arbitrary code during unpickling (See https://github.com/pytorch/pytorch/blob/main/SECURITY.md#untrusted-models for more details). In a future release, the default value for `weights_only` will be flipped to `True`. This limits the functions that could be executed during unpickling. Arbitrary objects will no longer be allowed to be loaded via this mode unless they are explicitly allowlisted by the user via `torch.serialization.add_safe_globals`. We recommend you start setting `weights_only=True` for any use case where you don't have full control of the loaded file. Please open an issue on GitHub for any issues related to this experimental feature.
  state = torch.load(path, map_location=self.device)
/data/A-SpeedTransformer/models/transformer/model_utils.py:289: FutureWarning: `torch.cuda.amp.autocast(args...)` is deprecated. Please use `torch.amp.autocast('cuda', args...)` instead.
  with torch.cuda.amp.autocast():
/data/oe23/torchgpu/lib/python3.8/site-packages/torch/optim/lr_scheduler.py:216: UserWarning: Detected call of `lr_scheduler.step()` before `optimizer.step()`. In PyTorch 1.1.0 and later, you should call them in the opposite order: `optimizer.step()` before `lr_scheduler.step()`.  Failure to do this will result in PyTorch skipping the first value of the learning rate schedule. See more details at https://pytorch.org/docs/stable/optim.html#how-to-adjust-learning-rate
  warnings.warn(
2025-09-13 22:25:56,079 - INFO - Train Loss: 3.9927, Train Acc: 0.2561
2025-09-13 22:25:56,080 - INFO - Val   Loss: 5.3301, Val   Acc: 0.3630
2025-09-13 22:25:56,113 - INFO -   -> Best fine-tuned model saved.
2025-09-13 22:25:56,113 - INFO - [Epoch 2/50]
/data/A-SpeedTransformer/models/transformer/model_utils.py:326: FutureWarning: `torch.cuda.amp.autocast(args...)` is deprecated. Please use `torch.amp.autocast('cuda', args...)` instead.
  with torch.cuda.amp.autocast(enabled=self.scaler is not None):
2025-09-13 22:25:56,512 - INFO - Train Loss: 4.0172, Train Acc: 0.2664
2025-09-13 22:25:56,512 - INFO - Val   Loss: 5.3301, Val   Acc: 0.3630
2025-09-13 22:25:56,512 - INFO -   -> No improvement (1/10)
2025-09-13 22:25:56,514 - INFO - [Epoch 3/50]
2025-09-13 22:25:56,883 - INFO - Train Loss: 4.0181, Train Acc: 0.2734
2025-09-13 22:25:56,884 - INFO - Val   Loss: 5.3301, Val   Acc: 0.3630
2025-09-13 22:25:56,886 - INFO -   -> No improvement (2/10)
2025-09-13 22:25:56,886 - INFO - [Epoch 4/50]
2025-09-13 22:25:57,267 - INFO - Train Loss: 3.9933, Train Acc: 0.2768
2025-09-13 22:25:57,268 - INFO - Val   Loss: 5.3301, Val   Acc: 0.3630
2025-09-13 22:25:57,268 - INFO -   -> No improvement (3/10)
2025-09-13 22:25:57,268 - INFO - [Epoch 5/50]
2025-09-13 22:25:57,702 - INFO - Train Loss: 3.9769, Train Acc: 0.2630
2025-09-13 22:25:57,702 - INFO - Val   Loss: 5.3080, Val   Acc: 0.3664
2025-09-13 22:25:57,735 - INFO -   -> Best fine-tuned model saved.
2025-09-13 22:25:57,735 - INFO - [Epoch 6/50]
2025-09-13 22:25:58,160 - INFO - Train Loss: 3.9469, Train Acc: 0.2768
2025-09-13 22:25:58,161 - INFO - Val   Loss: 5.2819, Val   Acc: 0.3733
2025-09-13 22:25:58,208 - INFO -   -> Best fine-tuned model saved.
2025-09-13 22:25:58,209 - INFO - [Epoch 7/50]
2025-09-13 22:25:58,645 - INFO - Train Loss: 3.9461, Train Acc: 0.2734
2025-09-13 22:25:58,646 - INFO - Val   Loss: 5.2500, Val   Acc: 0.3801
2025-09-13 22:25:58,722 - INFO -   -> Best fine-tuned model saved.
2025-09-13 22:25:58,723 - INFO - [Epoch 8/50]
2025-09-13 22:25:59,161 - INFO - Train Loss: 3.8001, Train Acc: 0.2907
2025-09-13 22:25:59,161 - INFO - Val   Loss: 5.2104, Val   Acc: 0.3870
2025-09-13 22:25:59,187 - INFO -   -> Best fine-tuned model saved.
2025-09-13 22:25:59,187 - INFO - [Epoch 9/50]
2025-09-13 22:25:59,609 - INFO - Train Loss: 3.8192, Train Acc: 0.2872
2025-09-13 22:25:59,610 - INFO - Val   Loss: 5.1627, Val   Acc: 0.3870
2025-09-13 22:25:59,610 - INFO -   -> No improvement (1/10)
2025-09-13 22:25:59,610 - INFO - [Epoch 10/50]
2025-09-13 22:26:00,009 - INFO - Train Loss: 3.6903, Train Acc: 0.2872
2025-09-13 22:26:00,009 - INFO - Val   Loss: 5.1046, Val   Acc: 0.3870
2025-09-13 22:26:00,011 - INFO -   -> No improvement (2/10)
2025-09-13 22:26:00,012 - INFO - [Epoch 11/50]
2025-09-13 22:26:00,425 - INFO - Train Loss: 3.5479, Train Acc: 0.3080
2025-09-13 22:26:00,425 - INFO - Val   Loss: 5.0350, Val   Acc: 0.3904
2025-09-13 22:26:00,496 - INFO -   -> Best fine-tuned model saved.
2025-09-13 22:26:00,497 - INFO - [Epoch 12/50]
2025-09-13 22:26:01,563 - INFO - Train Loss: 3.4503, Train Acc: 0.3149
2025-09-13 22:26:01,563 - INFO - Val   Loss: 4.9547, Val   Acc: 0.4041
2025-09-13 22:26:01,594 - INFO -   -> Best fine-tuned model saved.
2025-09-13 22:26:01,595 - INFO - [Epoch 13/50]
2025-09-13 22:26:02,016 - INFO - Train Loss: 3.4357, Train Acc: 0.3149
2025-09-13 22:26:02,017 - INFO - Val   Loss: 4.8702, Val   Acc: 0.4144
2025-09-13 22:26:02,051 - INFO -   -> Best fine-tuned model saved.
2025-09-13 22:26:02,052 - INFO - [Epoch 14/50]
2025-09-13 22:26:02,481 - INFO - Train Loss: 3.2176, Train Acc: 0.3391
2025-09-13 22:26:02,481 - INFO - Val   Loss: 4.7788, Val   Acc: 0.4247
2025-09-13 22:26:02,529 - INFO -   -> Best fine-tuned model saved.
2025-09-13 22:26:02,530 - INFO - [Epoch 15/50]
2025-09-13 22:26:02,947 - INFO - Train Loss: 2.9847, Train Acc: 0.3599
2025-09-13 22:26:02,948 - INFO - Val   Loss: 4.6698, Val   Acc: 0.4349
2025-09-13 22:26:02,979 - INFO -   -> Best fine-tuned model saved.
2025-09-13 22:26:02,980 - INFO - [Epoch 16/50]
2025-09-13 22:26:03,384 - INFO - Train Loss: 2.8801, Train Acc: 0.3737
2025-09-13 22:26:03,385 - INFO - Val   Loss: 4.6698, Val   Acc: 0.4349
2025-09-13 22:26:03,385 - INFO -   -> No improvement (1/10)
2025-09-13 22:26:03,385 - INFO - [Epoch 17/50]
2025-09-13 22:26:03,828 - INFO - Train Loss: 2.9361, Train Acc: 0.3979
2025-09-13 22:26:03,829 - INFO - Val   Loss: 4.5128, Val   Acc: 0.4452
2025-09-13 22:26:03,862 - INFO -   -> Best fine-tuned model saved.
2025-09-13 22:26:03,863 - INFO - [Epoch 18/50]
2025-09-13 22:26:04,271 - INFO - Train Loss: 2.6816, Train Acc: 0.4187
2025-09-13 22:26:04,271 - INFO - Val   Loss: 4.2533, Val   Acc: 0.4384
2025-09-13 22:26:04,273 - INFO -   -> No improvement (1/10)
2025-09-13 22:26:04,273 - INFO - [Epoch 19/50]
2025-09-13 22:26:04,677 - INFO - Train Loss: 2.4601, Train Acc: 0.4775
2025-09-13 22:26:04,678 - INFO - Val   Loss: 3.7859, Val   Acc: 0.4486
2025-09-13 22:26:04,711 - INFO -   -> Best fine-tuned model saved.
2025-09-13 22:26:04,712 - INFO - [Epoch 20/50]
2025-09-13 22:26:05,131 - INFO - Train Loss: 2.2313, Train Acc: 0.5294
2025-09-13 22:26:05,132 - INFO - Val   Loss: 3.0196, Val   Acc: 0.4521
2025-09-13 22:26:05,186 - INFO -   -> Best fine-tuned model saved.
2025-09-13 22:26:05,187 - INFO - [Epoch 21/50]
2025-09-13 22:26:05,620 - INFO - Train Loss: 1.9461, Train Acc: 0.5640
2025-09-13 22:26:05,620 - INFO - Val   Loss: 2.2570, Val   Acc: 0.4760
2025-09-13 22:26:05,654 - INFO -   -> Best fine-tuned model saved.
2025-09-13 22:26:05,655 - INFO - [Epoch 22/50]
2025-09-13 22:26:06,119 - INFO - Train Loss: 1.5888, Train Acc: 0.5952
2025-09-13 22:26:06,120 - INFO - Val   Loss: 1.7633, Val   Acc: 0.5479
2025-09-13 22:26:06,152 - INFO -   -> Best fine-tuned model saved.
2025-09-13 22:26:06,153 - INFO - [Epoch 23/50]
2025-09-13 22:26:06,576 - INFO - Train Loss: 1.3229, Train Acc: 0.6125
2025-09-13 22:26:06,577 - INFO - Val   Loss: 1.5234, Val   Acc: 0.5959
2025-09-13 22:26:06,611 - INFO -   -> Best fine-tuned model saved.
2025-09-13 22:26:06,612 - INFO - [Epoch 24/50]
2025-09-13 22:26:07,054 - INFO - Train Loss: 1.0784, Train Acc: 0.6782
2025-09-13 22:26:07,055 - INFO - Val   Loss: 1.4356, Val   Acc: 0.6199
2025-09-13 22:26:07,092 - INFO -   -> Best fine-tuned model saved.
2025-09-13 22:26:07,093 - INFO - [Epoch 25/50]
2025-09-13 22:26:07,516 - INFO - Train Loss: 0.9199, Train Acc: 0.7336
2025-09-13 22:26:07,516 - INFO - Val   Loss: 1.3769, Val   Acc: 0.6164
2025-09-13 22:26:07,516 - INFO -   -> No improvement (1/10)
2025-09-13 22:26:07,516 - INFO - [Epoch 26/50]
2025-09-13 22:26:07,949 - INFO - Train Loss: 0.8545, Train Acc: 0.7370
2025-09-13 22:26:07,950 - INFO - Val   Loss: 1.3065, Val   Acc: 0.6164
2025-09-13 22:26:07,951 - INFO -   -> No improvement (2/10)
2025-09-13 22:26:07,952 - INFO - [Epoch 27/50]
2025-09-13 22:26:08,364 - INFO - Train Loss: 0.8180, Train Acc: 0.7612
2025-09-13 22:26:08,364 - INFO - Val   Loss: 1.2372, Val   Acc: 0.6164
2025-09-13 22:26:08,366 - INFO -   -> No improvement (3/10)
2025-09-13 22:26:08,366 - INFO - [Epoch 28/50]
2025-09-13 22:26:08,723 - INFO - Train Loss: 0.7792, Train Acc: 0.7647
2025-09-13 22:26:08,724 - INFO - Val   Loss: 1.1966, Val   Acc: 0.6199
2025-09-13 22:26:08,725 - INFO -   -> No improvement (4/10)
2025-09-13 22:26:08,725 - INFO - [Epoch 29/50]
2025-09-13 22:26:09,141 - INFO - Train Loss: 0.7432, Train Acc: 0.7993
2025-09-13 22:26:09,141 - INFO - Val   Loss: 1.1754, Val   Acc: 0.6233
2025-09-13 22:26:09,173 - INFO -   -> Best fine-tuned model saved.
2025-09-13 22:26:09,174 - INFO - [Epoch 30/50]
2025-09-13 22:26:09,596 - INFO - Train Loss: 0.7237, Train Acc: 0.7820
2025-09-13 22:26:09,596 - INFO - Val   Loss: 1.1718, Val   Acc: 0.6301
2025-09-13 22:26:09,624 - INFO -   -> Best fine-tuned model saved.
2025-09-13 22:26:09,624 - INFO - [Epoch 31/50]
2025-09-13 22:26:10,016 - INFO - Train Loss: 0.6829, Train Acc: 0.7924
2025-09-13 22:26:10,016 - INFO - Val   Loss: 1.1744, Val   Acc: 0.6370
2025-09-13 22:26:10,044 - INFO -   -> Best fine-tuned model saved.
2025-09-13 22:26:10,044 - INFO - [Epoch 32/50]
2025-09-13 22:26:10,449 - INFO - Train Loss: 0.6773, Train Acc: 0.8028
2025-09-13 22:26:10,449 - INFO - Val   Loss: 1.1737, Val   Acc: 0.6301
2025-09-13 22:26:10,451 - INFO -   -> No improvement (1/10)
2025-09-13 22:26:10,451 - INFO - [Epoch 33/50]
2025-09-13 22:26:10,857 - INFO - Train Loss: 0.6260, Train Acc: 0.7993
2025-09-13 22:26:10,858 - INFO - Val   Loss: 1.1646, Val   Acc: 0.6164
2025-09-13 22:26:10,860 - INFO -   -> No improvement (2/10)
2025-09-13 22:26:10,861 - INFO - [Epoch 34/50]
2025-09-13 22:26:11,274 - INFO - Train Loss: 0.6339, Train Acc: 0.7924
2025-09-13 22:26:11,275 - INFO - Val   Loss: 1.1464, Val   Acc: 0.6130
2025-09-13 22:26:11,276 - INFO -   -> No improvement (3/10)
2025-09-13 22:26:11,276 - INFO - [Epoch 35/50]
2025-09-13 22:26:11,703 - INFO - Train Loss: 0.5850, Train Acc: 0.8166
2025-09-13 22:26:11,704 - INFO - Val   Loss: 1.1223, Val   Acc: 0.5959
2025-09-13 22:26:11,706 - INFO -   -> No improvement (4/10)
2025-09-13 22:26:11,706 - INFO - [Epoch 36/50]
2025-09-13 22:26:12,105 - INFO - Train Loss: 0.5690, Train Acc: 0.8201
2025-09-13 22:26:12,105 - INFO - Val   Loss: 1.0936, Val   Acc: 0.5890
2025-09-13 22:26:12,105 - INFO -   -> No improvement (5/10)
2025-09-13 22:26:12,105 - INFO - [Epoch 37/50]
2025-09-13 22:26:12,508 - INFO - Train Loss: 0.5831, Train Acc: 0.8028
2025-09-13 22:26:12,508 - INFO - Val   Loss: 1.0613, Val   Acc: 0.5856
2025-09-13 22:26:12,508 - INFO -   -> No improvement (6/10)
2025-09-13 22:26:12,509 - INFO - [Epoch 38/50]
2025-09-13 22:26:12,919 - INFO - Train Loss: 0.5431, Train Acc: 0.8131
2025-09-13 22:26:12,920 - INFO - Val   Loss: 1.0297, Val   Acc: 0.5822
2025-09-13 22:26:12,920 - INFO -   -> No improvement (7/10)
2025-09-13 22:26:12,922 - INFO - [Epoch 39/50]
2025-09-13 22:26:13,343 - INFO - Train Loss: 0.5385, Train Acc: 0.8166
2025-09-13 22:26:13,343 - INFO - Val   Loss: 0.9961, Val   Acc: 0.5856
2025-09-13 22:26:13,344 - INFO -   -> No improvement (8/10)
2025-09-13 22:26:13,344 - INFO - [Epoch 40/50]
2025-09-13 22:26:13,765 - INFO - Train Loss: 0.5448, Train Acc: 0.8270
2025-09-13 22:26:13,765 - INFO - Val   Loss: 0.9639, Val   Acc: 0.5753
2025-09-13 22:26:13,767 - INFO -   -> No improvement (9/10)
2025-09-13 22:26:13,767 - INFO - [Epoch 41/50]
2025-09-13 22:26:14,171 - INFO - Train Loss: 0.5187, Train Acc: 0.8097
2025-09-13 22:26:14,172 - INFO - Val   Loss: 0.9342, Val   Acc: 0.5788
2025-09-13 22:26:14,172 - INFO -   -> No improvement (10/10)
2025-09-13 22:26:14,174 - INFO - Early stopping triggered.
2025-09-13 22:26:14,174 - INFO - 
Loading best fine-tuned model from /data/A-SpeedTransformer/models/transformer/experiments/miniprogram_finetune/tune_lr5e-4_warmup100_freeze_attention/best_model.pth for final evaluation...
2025-09-13 22:26:14,760 - INFO - Test Loss: 0.8406, Test Accuracy: 0.7150
2025-09-13 22:26:14,769 - INFO - Classification Report:
              precision    recall  f1-score   support

        bike       0.12      0.27      0.17        63
         bus       0.80      0.28      0.42       288
         car       0.88      0.89      0.88       467
       train       0.14      0.28      0.19        29
        walk       0.78      0.98      0.87       311

    accuracy                           0.72      1158
   macro avg       0.55      0.54      0.51      1158
weighted avg       0.77      0.72      0.71      1158

2025-09-13 22:26:15,259 - INFO - Saved confusion_matrix_finetune.png
/data/A-SpeedTransformer/models/transformer/model_utils.py:349: FutureWarning: `torch.cuda.amp.autocast(args...)` is deprecated. Please use `torch.amp.autocast('cuda', args...)` instead.
  with torch.cuda.amp.autocast(enabled=self.scaler is not None):
