2025-09-07 00:55:55,996 - INFO - Setting random seed to 316
2025-09-07 00:55:55,996 - INFO - DDP world_size=1 local_rank=0
2025-09-07 00:55:56,005 - INFO - Initializing DataProcessor...
2025-09-07 00:56:06,978 - INFO - Scaler saved to /data/A-SpeedTransformer/models/transformer_/experiments/geolife_window_sweeps/geolife_ws500_lr2e-4_bs256_h8_d128_kv4_do0.1/geolife_ws500_lr2e-4_bs256_h8_d128_kv4_do0.1/scaler.joblib
2025-09-07 00:56:06,979 - INFO - Label encoder saved to /data/A-SpeedTransformer/models/transformer_/experiments/geolife_window_sweeps/geolife_ws500_lr2e-4_bs256_h8_d128_kv4_do0.1/geolife_ws500_lr2e-4_bs256_h8_d128_kv4_do0.1/label_encoder.joblib
2025-09-07 00:56:06,980 - INFO - Datasets and DataLoaders ready (DDP-aware).
2025-09-07 00:56:06,981 - INFO - Initializing TrajectoryModel...
2025-09-07 00:56:11,885 - INFO - Model initialization completed.
2025-09-07 00:56:11,885 - INFO - Starting training loop...
2025-09-07 00:57:16,537 - INFO - [Epoch 1/50] Train Loss: 0.6838, Train Acc: 0.7451, Val Loss: 0.5398, Val Acc: 0.8160
2025-09-07 00:57:16,573 - INFO -   -> Best model saved
2025-09-07 00:58:20,713 - INFO - [Epoch 2/50] Train Loss: 0.5294, Train Acc: 0.8106, Val Loss: 0.4619, Val Acc: 0.8453
2025-09-07 00:58:20,757 - INFO -   -> Best model saved
2025-09-07 00:59:24,895 - INFO - [Epoch 3/50] Train Loss: 0.4912, Train Acc: 0.8264, Val Loss: 0.4152, Val Acc: 0.8589
2025-09-07 00:59:24,939 - INFO -   -> Best model saved
2025-09-07 01:00:29,098 - INFO - [Epoch 4/50] Train Loss: 0.4549, Train Acc: 0.8430, Val Loss: 0.4420, Val Acc: 0.8571
2025-09-07 01:00:29,099 - INFO -   -> No improvement (1/7)
2025-09-07 01:01:33,269 - INFO - [Epoch 5/50] Train Loss: 0.4190, Train Acc: 0.8567, Val Loss: 0.4249, Val Acc: 0.8709
2025-09-07 01:01:33,271 - INFO -   -> No improvement (2/7)
2025-09-07 01:02:37,451 - INFO - [Epoch 6/50] Train Loss: 0.3863, Train Acc: 0.8708, Val Loss: 0.3267, Val Acc: 0.9008
2025-09-07 01:02:37,495 - INFO -   -> Best model saved
2025-09-07 01:03:41,632 - INFO - [Epoch 7/50] Train Loss: 0.3537, Train Acc: 0.8823, Val Loss: 0.3030, Val Acc: 0.9029
2025-09-07 01:03:41,684 - INFO -   -> Best model saved
2025-09-07 01:04:46,007 - INFO - [Epoch 8/50] Train Loss: 0.3348, Train Acc: 0.8900, Val Loss: 0.3718, Val Acc: 0.8920
2025-09-07 01:04:46,036 - INFO -   -> No improvement (1/7)
2025-09-07 01:05:50,205 - INFO - [Epoch 9/50] Train Loss: 0.3134, Train Acc: 0.8970, Val Loss: 0.2502, Val Acc: 0.9162
2025-09-07 01:05:50,263 - INFO -   -> Best model saved
2025-09-07 01:06:54,291 - INFO - [Epoch 10/50] Train Loss: 0.2902, Train Acc: 0.9051, Val Loss: 0.3395, Val Acc: 0.9002
2025-09-07 01:06:54,293 - INFO -   -> No improvement (1/7)
2025-09-07 01:07:58,496 - INFO - [Epoch 11/50] Train Loss: 0.2628, Train Acc: 0.9147, Val Loss: 0.2492, Val Acc: 0.9210
2025-09-07 01:07:58,539 - INFO -   -> Best model saved
2025-09-07 01:09:02,700 - INFO - [Epoch 12/50] Train Loss: 0.2505, Train Acc: 0.9213, Val Loss: 0.2667, Val Acc: 0.9188
2025-09-07 01:09:02,702 - INFO -   -> No improvement (1/7)
2025-09-07 01:10:06,825 - INFO - [Epoch 13/50] Train Loss: 0.2421, Train Acc: 0.9227, Val Loss: 0.2616, Val Acc: 0.9198
2025-09-07 01:10:06,827 - INFO -   -> No improvement (2/7)
2025-09-07 01:11:10,913 - INFO - [Epoch 14/50] Train Loss: 0.2291, Train Acc: 0.9263, Val Loss: 0.2481, Val Acc: 0.9248
2025-09-07 01:11:10,947 - INFO -   -> Best model saved
2025-09-07 01:12:15,035 - INFO - [Epoch 15/50] Train Loss: 0.2457, Train Acc: 0.9237, Val Loss: 0.2906, Val Acc: 0.8969
2025-09-07 01:12:15,037 - INFO -   -> No improvement (1/7)
2025-09-07 01:13:19,205 - INFO - [Epoch 16/50] Train Loss: 0.2162, Train Acc: 0.9319, Val Loss: 0.2720, Val Acc: 0.9274
2025-09-07 01:13:19,207 - INFO -   -> No improvement (2/7)
2025-09-07 01:14:23,320 - INFO - [Epoch 17/50] Train Loss: 0.2056, Train Acc: 0.9354, Val Loss: 0.3344, Val Acc: 0.8993
2025-09-07 01:14:23,322 - INFO -   -> No improvement (3/7)
2025-09-07 01:15:27,419 - INFO - [Epoch 18/50] Train Loss: 0.1968, Train Acc: 0.9387, Val Loss: 0.2464, Val Acc: 0.9246
2025-09-07 01:15:27,466 - INFO -   -> Best model saved
2025-09-07 01:16:31,488 - INFO - [Epoch 19/50] Train Loss: 0.1973, Train Acc: 0.9380, Val Loss: 0.3393, Val Acc: 0.8873
2025-09-07 01:16:31,490 - INFO -   -> No improvement (1/7)
2025-09-07 01:17:35,711 - INFO - [Epoch 20/50] Train Loss: 0.1916, Train Acc: 0.9406, Val Loss: 0.2438, Val Acc: 0.9235
2025-09-07 01:17:35,757 - INFO -   -> Best model saved
2025-09-07 01:18:39,894 - INFO - [Epoch 21/50] Train Loss: 0.1910, Train Acc: 0.9405, Val Loss: 0.3639, Val Acc: 0.9047
2025-09-07 01:18:39,897 - INFO -   -> No improvement (1/7)
2025-09-07 01:19:44,008 - INFO - [Epoch 22/50] Train Loss: 0.1820, Train Acc: 0.9438, Val Loss: 0.2669, Val Acc: 0.9287
2025-09-07 01:19:44,010 - INFO -   -> No improvement (2/7)
2025-09-07 01:20:48,148 - INFO - [Epoch 23/50] Train Loss: 0.1854, Train Acc: 0.9425, Val Loss: 0.2172, Val Acc: 0.9369
2025-09-07 01:20:48,198 - INFO -   -> Best model saved
2025-09-07 01:21:52,241 - INFO - [Epoch 24/50] Train Loss: 0.1724, Train Acc: 0.9456, Val Loss: 0.2386, Val Acc: 0.9288
2025-09-07 01:21:52,243 - INFO -   -> No improvement (1/7)
2025-09-07 01:22:56,286 - INFO - [Epoch 25/50] Train Loss: 0.1822, Train Acc: 0.9426, Val Loss: 0.2287, Val Acc: 0.9299
2025-09-07 01:22:56,288 - INFO -   -> No improvement (2/7)
2025-09-07 01:24:00,274 - INFO - [Epoch 26/50] Train Loss: 0.1792, Train Acc: 0.9454, Val Loss: 0.2627, Val Acc: 0.9292
2025-09-07 01:24:00,276 - INFO -   -> No improvement (3/7)
2025-09-07 01:25:04,348 - INFO - [Epoch 27/50] Train Loss: 0.1722, Train Acc: 0.9464, Val Loss: 0.2950, Val Acc: 0.9041
2025-09-07 01:25:04,350 - INFO -   -> No improvement (4/7)
2025-09-07 01:26:08,401 - INFO - [Epoch 28/50] Train Loss: 0.1738, Train Acc: 0.9465, Val Loss: 0.1978, Val Acc: 0.9457
2025-09-07 01:26:08,448 - INFO -   -> Best model saved
2025-09-07 01:27:12,612 - INFO - [Epoch 29/50] Train Loss: 0.1605, Train Acc: 0.9498, Val Loss: 0.2613, Val Acc: 0.9238
2025-09-07 01:27:12,614 - INFO -   -> No improvement (1/7)
2025-09-07 01:28:16,742 - INFO - [Epoch 30/50] Train Loss: 0.1643, Train Acc: 0.9493, Val Loss: 0.3109, Val Acc: 0.9155
2025-09-07 01:28:16,744 - INFO -   -> No improvement (2/7)
2025-09-07 01:29:20,775 - INFO - [Epoch 31/50] Train Loss: 0.1771, Train Acc: 0.9455, Val Loss: 0.2314, Val Acc: 0.9367
2025-09-07 01:29:20,776 - INFO -   -> No improvement (3/7)
2025-09-07 01:30:24,793 - INFO - [Epoch 32/50] Train Loss: 0.1656, Train Acc: 0.9482, Val Loss: 0.2420, Val Acc: 0.9334
2025-09-07 01:30:24,794 - INFO -   -> No improvement (4/7)
2025-09-07 01:31:28,878 - INFO - [Epoch 33/50] Train Loss: 0.1599, Train Acc: 0.9499, Val Loss: 0.1993, Val Acc: 0.9438
2025-09-07 01:31:28,880 - INFO -   -> No improvement (5/7)
2025-09-07 01:32:33,091 - INFO - [Epoch 34/50] Train Loss: 0.1613, Train Acc: 0.9502, Val Loss: 0.4066, Val Acc: 0.8897
2025-09-07 01:32:33,092 - INFO -   -> No improvement (6/7)
2025-09-07 01:33:37,143 - INFO - [Epoch 35/50] Train Loss: 0.1705, Train Acc: 0.9459, Val Loss: 0.2373, Val Acc: 0.9396
2025-09-07 01:33:37,145 - INFO -   -> No improvement (7/7)
2025-09-07 01:33:37,145 - INFO - Early stopping triggered.
2025-09-07 01:33:37,145 - INFO - 
Loading best model and evaluating on test set...
2025-09-07 01:33:41,178 - INFO - Test Loss: 0.1800, Test Accuracy: 0.9503
2025-09-07 01:33:45,005 - INFO - Classification Report:
              precision    recall  f1-score   support

        bike       0.97      0.88      0.92       909
         bus       0.94      0.97      0.96      1665
         car       0.81      0.93      0.86       760
       train       0.98      0.92      0.95      1794
        walk       0.99      1.00      1.00      2036

    accuracy                           0.95      7164
   macro avg       0.94      0.94      0.94      7164
weighted avg       0.95      0.95      0.95      7164

2025-09-07 01:33:45,008 - INFO - Saving confusion matrix as confusion_matrix.png...
