2025-09-15 23:08:44,614 - INFO - Starting LSTM training process...
2025-09-15 23:08:44,615 - INFO - Loading and processing data with DataHandler...
2025-09-15 23:29:56,924 - INFO - Scaler saved to /data/A-SpeedTransformer/models/lstm/experiments/mobis_lstm_sweeps/mobis_lr1e-3_bs64_h128_l2_do0.2/scaler.joblib
2025-09-15 23:29:56,926 - INFO - Label encoder saved to /data/A-SpeedTransformer/models/lstm/experiments/mobis_lstm_sweeps/mobis_lr1e-3_bs64_h128_l2_do0.2/label_encoder.joblib
2025-09-15 23:29:56,927 - INFO - Dataloaders created for train, val, and test sets.
2025-09-15 23:29:57,056 - INFO - Using device: cuda
2025-09-15 23:29:57,332 - INFO - LSTM model initialized.
2025-09-15 23:30:05,601 - INFO - Criterion (CrossEntropyLoss) and Adam optimizer initialized.
2025-09-15 23:30:05,603 - INFO - Begin model training for up to 50 epochs...
2025-09-15 23:30:05,604 - INFO - Epoch 1/50
2025-09-15 23:48:54,087 - INFO - Train Loss: 0.2690, Train Acc: 90.41%
2025-09-15 23:49:40,839 - INFO - Val Loss: 0.2272, Val Acc: 91.63%
2025-09-15 23:49:40,872 - INFO - Best model saved with validation accuracy: 91.63%
2025-09-15 23:49:40,873 - INFO - Epoch 2/50
2025-09-16 00:08:52,265 - INFO - Train Loss: 0.2334, Train Acc: 91.50%
2025-09-16 00:09:38,098 - INFO - Val Loss: 0.2197, Val Acc: 91.94%
2025-09-16 00:09:38,143 - INFO - Best model saved with validation accuracy: 91.94%
2025-09-16 00:09:38,143 - INFO - Epoch 3/50
2025-09-16 00:28:41,524 - INFO - Train Loss: 0.2281, Train Acc: 91.64%
2025-09-16 00:29:27,781 - INFO - Val Loss: 0.2188, Val Acc: 91.99%
2025-09-16 00:29:27,817 - INFO - Best model saved with validation accuracy: 91.99%
2025-09-16 00:29:27,817 - INFO - Epoch 4/50
2025-09-16 00:48:27,064 - INFO - Train Loss: 0.2251, Train Acc: 91.76%
2025-09-16 00:49:14,051 - INFO - Val Loss: 0.2125, Val Acc: 92.20%
2025-09-16 00:49:14,077 - INFO - Best model saved with validation accuracy: 92.20%
2025-09-16 00:49:14,077 - INFO - Epoch 5/50
2025-09-16 01:07:51,338 - INFO - Train Loss: 0.2228, Train Acc: 91.81%
2025-09-16 01:08:38,679 - INFO - Val Loss: 0.2096, Val Acc: 92.25%
2025-09-16 01:08:38,747 - INFO - Best model saved with validation accuracy: 92.25%
2025-09-16 01:08:38,748 - INFO - Epoch 6/50
2025-09-16 01:27:23,714 - INFO - Train Loss: 0.2203, Train Acc: 91.91%
2025-09-16 01:28:10,187 - INFO - Val Loss: 0.2077, Val Acc: 92.27%
2025-09-16 01:28:10,213 - INFO - Best model saved with validation accuracy: 92.27%
2025-09-16 01:28:10,214 - INFO - Epoch 7/50
2025-09-16 01:47:24,821 - INFO - Train Loss: 0.2186, Train Acc: 91.96%
2025-09-16 01:48:12,026 - INFO - Val Loss: 0.2102, Val Acc: 92.22%
2025-09-16 01:48:12,027 - INFO - No improvement for 1 epoch(s).
2025-09-16 01:48:12,028 - INFO - Epoch 8/50
2025-09-16 02:06:51,750 - INFO - Train Loss: 0.2171, Train Acc: 92.02%
2025-09-16 02:07:37,081 - INFO - Val Loss: 0.2046, Val Acc: 92.45%
2025-09-16 02:07:37,114 - INFO - Best model saved with validation accuracy: 92.45%
2025-09-16 02:07:37,114 - INFO - Epoch 9/50
2025-09-16 02:26:27,649 - INFO - Train Loss: 0.2158, Train Acc: 92.04%
2025-09-16 02:27:13,247 - INFO - Val Loss: 0.2037, Val Acc: 92.39%
2025-09-16 02:27:13,249 - INFO - No improvement for 1 epoch(s).
2025-09-16 02:27:13,249 - INFO - Epoch 10/50
2025-09-16 02:45:38,844 - INFO - Train Loss: 0.2149, Train Acc: 92.08%
2025-09-16 02:46:22,667 - INFO - Val Loss: 0.2080, Val Acc: 92.32%
2025-09-16 02:46:22,668 - INFO - No improvement for 2 epoch(s).
2025-09-16 02:46:22,668 - INFO - Epoch 11/50
2025-09-16 03:05:26,961 - INFO - Train Loss: 0.2147, Train Acc: 92.11%
2025-09-16 03:06:11,923 - INFO - Val Loss: 0.2036, Val Acc: 92.42%
2025-09-16 03:06:11,923 - INFO - No improvement for 3 epoch(s).
2025-09-16 03:06:11,924 - INFO - Epoch 12/50
2025-09-16 03:25:42,339 - INFO - Train Loss: 0.2140, Train Acc: 92.10%
2025-09-16 03:26:28,228 - INFO - Val Loss: 0.2063, Val Acc: 92.29%
2025-09-16 03:26:28,228 - INFO - No improvement for 4 epoch(s).
2025-09-16 03:26:28,229 - INFO - Epoch 13/50
2025-09-16 03:45:56,052 - INFO - Train Loss: 0.2138, Train Acc: 92.13%
2025-09-16 03:46:41,346 - INFO - Val Loss: 0.2025, Val Acc: 92.40%
2025-09-16 03:46:41,346 - INFO - No improvement for 5 epoch(s).
2025-09-16 03:46:41,347 - INFO - Epoch 14/50
2025-09-16 04:06:11,909 - INFO - Train Loss: 0.2134, Train Acc: 92.13%
2025-09-16 04:06:57,699 - INFO - Val Loss: 0.2031, Val Acc: 92.44%
2025-09-16 04:06:57,700 - INFO - No improvement for 6 epoch(s).
2025-09-16 04:06:57,700 - INFO - Epoch 15/50
2025-09-16 04:26:31,930 - INFO - Train Loss: 0.2135, Train Acc: 92.14%
2025-09-16 04:27:20,033 - INFO - Val Loss: 0.2062, Val Acc: 92.34%
2025-09-16 04:27:20,033 - INFO - No improvement for 7 epoch(s).
2025-09-16 04:27:20,034 - INFO - Early stopping triggered!
2025-09-16 04:27:20,034 - INFO - Training completed.
2025-09-16 04:27:20,034 - INFO - Evaluating on test set...
2025-09-16 04:28:02,315 - INFO - Test Accuracy: 92.15%
2025-09-16 04:28:02,655 - INFO - Classification Report:
              precision    recall  f1-score   support

        bike       0.90      0.62      0.73      8156
         bus       0.87      0.85      0.86     11753
         car       0.88      0.98      0.93    130174
       train       0.80      0.31      0.45     21654
        walk       0.98      0.99      0.99    121081

    accuracy                           0.92    292818
   macro avg       0.89      0.75      0.79    292818
weighted avg       0.92      0.92      0.91    292818

2025-09-16 04:28:02,880 - INFO - Evaluation completed. LSTM script finished successfully.
