2025-09-13 22:11:47,972 - INFO - Initializing DataProcessor for fine-tuning...
Extracting unique trajectory IDs...
Reading traj_ids: 0it [00:00, ?it/s]Reading traj_ids: 1it [00:00, 13.22it/s]
Total unique traj_ids found: 629
Splitting traj_ids into train, validation, and test sets...
Train: 93, Val: 126, Test: 410
Fitting label encoder on target column...
Reading labels for encoding: 0it [00:00, ?it/s]Reading labels for encoding: 1it [00:00, 15.88it/s]
Classes found: ['bike' 'bus' 'car' 'train' 'walk']
Fitting scaler on training features...
Reading training features for scaling: 0it [00:00, ?it/s]Reading training features for scaling: 1it [00:00, 12.18it/s]
Scaler fitting completed.
Creating sequences in sliding windows...
Processing chunks: 0it [00:00, ?it/s]Processing chunks: 1it [00:00,  1.92it/s]Processing chunks: 1it [00:00,  1.92it/s]
Train: 289, Val: 292, Test: 1158
Skipped sequences (zero length): 0
Creating sequences in sliding windows...
Processing chunks: 0it [00:00, ?it/s]Processing chunks: 1it [00:00,  1.93it/s]Processing chunks: 1it [00:00,  1.93it/s]Train: 289, Val: 292, Test: 1158
Skipped sequences (zero length): 0
2025-09-13 22:11:52,790 - INFO - Loading pretrained model from: /data/A-SpeedTransformer/models/transformer/experiments/mobis_transformer_sweeps/mobis_lr1e-4_bs512_h8_d128_kv4_do0.1/mobis_lr1e-4_bs512_h8_d128_kv4_do0.1/best_model.pth
2025-09-13 22:11:52,812 - INFO - Frozen: Attention mechanisms in all unfrozen layers
2025-09-13 22:11:52,813 - INFO - Added warmup scheduler with 100 steps
2025-09-13 22:11:52,816 - INFO - [Epoch 1/50]

/data/A-SpeedTransformer/models/transformer/model_utils.py:231: FutureWarning: `torch.cuda.amp.GradScaler(args...)` is deprecated. Please use `torch.amp.GradScaler('cuda', args...)` instead.
  self.scaler = torch.cuda.amp.GradScaler() if (use_amp and torch.cuda.is_available()) else None
/data/A-SpeedTransformer/models/transformer/model_utils.py:361: FutureWarning: You are using `torch.load` with `weights_only=False` (the current default value), which uses the default pickle module implicitly. It is possible to construct malicious pickle data which will execute arbitrary code during unpickling (See https://github.com/pytorch/pytorch/blob/main/SECURITY.md#untrusted-models for more details). In a future release, the default value for `weights_only` will be flipped to `True`. This limits the functions that could be executed during unpickling. Arbitrary objects will no longer be allowed to be loaded via this mode unless they are explicitly allowlisted by the user via `torch.serialization.add_safe_globals`. We recommend you start setting `weights_only=True` for any use case where you don't have full control of the loaded file. Please open an issue on GitHub for any issues related to this experimental feature.
  state = torch.load(path, map_location=self.device)
/data/A-SpeedTransformer/models/transformer/model_utils.py:289: FutureWarning: `torch.cuda.amp.autocast(args...)` is deprecated. Please use `torch.amp.autocast('cuda', args...)` instead.
  with torch.cuda.amp.autocast():
/data/oe23/torchgpu/lib/python3.8/site-packages/torch/optim/lr_scheduler.py:216: UserWarning: Detected call of `lr_scheduler.step()` before `optimizer.step()`. In PyTorch 1.1.0 and later, you should call them in the opposite order: `optimizer.step()` before `lr_scheduler.step()`.  Failure to do this will result in PyTorch skipping the first value of the learning rate schedule. See more details at https://pytorch.org/docs/stable/optim.html#how-to-adjust-learning-rate
  warnings.warn(
2025-09-13 22:11:53,657 - INFO - Train Loss: 3.9927, Train Acc: 0.2561
2025-09-13 22:11:53,658 - INFO - Val   Loss: 5.3301, Val   Acc: 0.3630
2025-09-13 22:11:53,695 - INFO -   -> Best fine-tuned model saved.
2025-09-13 22:11:53,696 - INFO - [Epoch 2/50]
/data/A-SpeedTransformer/models/transformer/model_utils.py:326: FutureWarning: `torch.cuda.amp.autocast(args...)` is deprecated. Please use `torch.amp.autocast('cuda', args...)` instead.
  with torch.cuda.amp.autocast(enabled=self.scaler is not None):
2025-09-13 22:11:54,162 - INFO - Train Loss: 4.0172, Train Acc: 0.2664
2025-09-13 22:11:54,163 - INFO - Val   Loss: 5.3301, Val   Acc: 0.3630
2025-09-13 22:11:54,163 - INFO -   -> No improvement (1/10)
2025-09-13 22:11:54,163 - INFO - [Epoch 3/50]
2025-09-13 22:11:54,582 - INFO - Train Loss: 4.0181, Train Acc: 0.2734
2025-09-13 22:11:54,582 - INFO - Val   Loss: 5.3301, Val   Acc: 0.3630
2025-09-13 22:11:54,584 - INFO -   -> No improvement (2/10)
2025-09-13 22:11:54,584 - INFO - [Epoch 4/50]
2025-09-13 22:11:55,007 - INFO - Train Loss: 3.9933, Train Acc: 0.2768
2025-09-13 22:11:55,008 - INFO - Val   Loss: 5.3301, Val   Acc: 0.3630
2025-09-13 22:11:55,010 - INFO -   -> No improvement (3/10)
2025-09-13 22:11:55,011 - INFO - [Epoch 5/50]
2025-09-13 22:11:55,521 - INFO - Train Loss: 3.9769, Train Acc: 0.2630
2025-09-13 22:11:55,522 - INFO - Val   Loss: 5.3261, Val   Acc: 0.3630
2025-09-13 22:11:55,524 - INFO -   -> No improvement (4/10)
2025-09-13 22:11:55,524 - INFO - [Epoch 6/50]
2025-09-13 22:11:55,990 - INFO - Train Loss: 3.9820, Train Acc: 0.2699
2025-09-13 22:11:55,990 - INFO - Val   Loss: 5.3203, Val   Acc: 0.3630
2025-09-13 22:11:55,990 - INFO -   -> No improvement (5/10)
2025-09-13 22:11:55,990 - INFO - [Epoch 7/50]
2025-09-13 22:11:56,455 - INFO - Train Loss: 4.0244, Train Acc: 0.2664
2025-09-13 22:11:56,455 - INFO - Val   Loss: 5.3139, Val   Acc: 0.3630
2025-09-13 22:11:56,457 - INFO -   -> No improvement (6/10)
2025-09-13 22:11:56,458 - INFO - [Epoch 8/50]
2025-09-13 22:11:56,886 - INFO - Train Loss: 3.9276, Train Acc: 0.2803
2025-09-13 22:11:56,887 - INFO - Val   Loss: 5.3064, Val   Acc: 0.3664
2025-09-13 22:11:56,955 - INFO -   -> Best fine-tuned model saved.
2025-09-13 22:11:56,955 - INFO - [Epoch 9/50]
2025-09-13 22:11:57,361 - INFO - Train Loss: 4.0042, Train Acc: 0.2664
2025-09-13 22:11:57,362 - INFO - Val   Loss: 5.2978, Val   Acc: 0.3699
2025-09-13 22:11:57,426 - INFO -   -> Best fine-tuned model saved.
2025-09-13 22:11:57,426 - INFO - [Epoch 10/50]
2025-09-13 22:11:57,849 - INFO - Train Loss: 3.9402, Train Acc: 0.2664
2025-09-13 22:11:57,850 - INFO - Val   Loss: 5.2884, Val   Acc: 0.3699
2025-09-13 22:11:57,850 - INFO -   -> No improvement (1/10)
2025-09-13 22:11:57,852 - INFO - [Epoch 11/50]
2025-09-13 22:11:58,259 - INFO - Train Loss: 3.8634, Train Acc: 0.2768
2025-09-13 22:11:58,259 - INFO - Val   Loss: 5.2778, Val   Acc: 0.3767
2025-09-13 22:11:58,315 - INFO -   -> Best fine-tuned model saved.
2025-09-13 22:11:58,315 - INFO - [Epoch 12/50]
2025-09-13 22:11:58,757 - INFO - Train Loss: 3.8403, Train Acc: 0.2768
2025-09-13 22:11:58,757 - INFO - Val   Loss: 5.2662, Val   Acc: 0.3767
2025-09-13 22:11:58,759 - INFO -   -> No improvement (1/10)
2025-09-13 22:11:58,760 - INFO - [Epoch 13/50]
2025-09-13 22:11:59,589 - INFO - Train Loss: 3.9324, Train Acc: 0.2907
2025-09-13 22:11:59,589 - INFO - Val   Loss: 5.2531, Val   Acc: 0.3801
2025-09-13 22:11:59,625 - INFO -   -> Best fine-tuned model saved.
2025-09-13 22:11:59,625 - INFO - [Epoch 14/50]
2025-09-13 22:12:00,047 - INFO - Train Loss: 3.7972, Train Acc: 0.2907
2025-09-13 22:12:00,048 - INFO - Val   Loss: 5.2395, Val   Acc: 0.3801
2025-09-13 22:12:00,048 - INFO -   -> No improvement (1/10)
2025-09-13 22:12:00,050 - INFO - [Epoch 15/50]
2025-09-13 22:12:00,479 - INFO - Train Loss: 3.7288, Train Acc: 0.2941
2025-09-13 22:12:00,480 - INFO - Val   Loss: 5.2234, Val   Acc: 0.3836
2025-09-13 22:12:00,511 - INFO -   -> Best fine-tuned model saved.
2025-09-13 22:12:00,511 - INFO - [Epoch 16/50]
2025-09-13 22:12:00,902 - INFO - Train Loss: 3.8003, Train Acc: 0.2872
2025-09-13 22:12:00,903 - INFO - Val   Loss: 5.2059, Val   Acc: 0.3836
2025-09-13 22:12:00,903 - INFO -   -> No improvement (1/10)
2025-09-13 22:12:00,903 - INFO - [Epoch 17/50]
2025-09-13 22:12:01,295 - INFO - Train Loss: 3.7919, Train Acc: 0.2941
2025-09-13 22:12:01,296 - INFO - Val   Loss: 5.1868, Val   Acc: 0.3870
2025-09-13 22:12:01,359 - INFO -   -> Best fine-tuned model saved.
2025-09-13 22:12:01,359 - INFO - [Epoch 18/50]
2025-09-13 22:12:01,785 - INFO - Train Loss: 3.7336, Train Acc: 0.2907
2025-09-13 22:12:01,785 - INFO - Val   Loss: 5.1669, Val   Acc: 0.3870
2025-09-13 22:12:01,785 - INFO -   -> No improvement (1/10)
2025-09-13 22:12:01,786 - INFO - [Epoch 19/50]
2025-09-13 22:12:02,199 - INFO - Train Loss: 3.6626, Train Acc: 0.3010
2025-09-13 22:12:02,200 - INFO - Val   Loss: 5.1449, Val   Acc: 0.3870
2025-09-13 22:12:02,202 - INFO -   -> No improvement (2/10)
2025-09-13 22:12:02,202 - INFO - [Epoch 20/50]
2025-09-13 22:12:02,609 - INFO - Train Loss: 3.6725, Train Acc: 0.3149
2025-09-13 22:12:02,609 - INFO - Val   Loss: 5.1201, Val   Acc: 0.3870
2025-09-13 22:12:02,611 - INFO -   -> No improvement (3/10)
2025-09-13 22:12:02,611 - INFO - [Epoch 21/50]
2025-09-13 22:12:03,030 - INFO - Train Loss: 3.6592, Train Acc: 0.3080
2025-09-13 22:12:03,030 - INFO - Val   Loss: 5.0933, Val   Acc: 0.3904
2025-09-13 22:12:03,059 - INFO -   -> Best fine-tuned model saved.
2025-09-13 22:12:03,060 - INFO - [Epoch 22/50]
2025-09-13 22:12:03,493 - INFO - Train Loss: 3.5668, Train Acc: 0.3080
2025-09-13 22:12:03,494 - INFO - Val   Loss: 5.0639, Val   Acc: 0.3904
2025-09-13 22:12:03,496 - INFO -   -> No improvement (1/10)
2025-09-13 22:12:03,496 - INFO - [Epoch 23/50]
2025-09-13 22:12:03,936 - INFO - Train Loss: 3.5230, Train Acc: 0.3010
2025-09-13 22:12:03,937 - INFO - Val   Loss: 5.0322, Val   Acc: 0.3904
2025-09-13 22:12:03,939 - INFO -   -> No improvement (2/10)
2025-09-13 22:12:03,939 - INFO - [Epoch 24/50]
2025-09-13 22:12:04,362 - INFO - Train Loss: 3.5368, Train Acc: 0.3253
2025-09-13 22:12:04,362 - INFO - Val   Loss: 4.9983, Val   Acc: 0.3938
2025-09-13 22:12:04,408 - INFO -   -> Best fine-tuned model saved.
2025-09-13 22:12:04,409 - INFO - [Epoch 25/50]
2025-09-13 22:12:05,651 - INFO - Train Loss: 3.4637, Train Acc: 0.3287
2025-09-13 22:12:05,651 - INFO - Val   Loss: 4.9602, Val   Acc: 0.3973
2025-09-13 22:12:05,687 - INFO -   -> Best fine-tuned model saved.
2025-09-13 22:12:05,687 - INFO - [Epoch 26/50]
2025-09-13 22:12:06,116 - INFO - Train Loss: 3.3342, Train Acc: 0.3218
2025-09-13 22:12:06,116 - INFO - Val   Loss: 4.9226, Val   Acc: 0.4075
2025-09-13 22:12:06,156 - INFO -   -> Best fine-tuned model saved.
2025-09-13 22:12:06,156 - INFO - [Epoch 27/50]
2025-09-13 22:12:06,672 - INFO - Train Loss: 3.3260, Train Acc: 0.3322
2025-09-13 22:12:06,672 - INFO - Val   Loss: 4.8827, Val   Acc: 0.4110
2025-09-13 22:12:06,717 - INFO -   -> Best fine-tuned model saved.
2025-09-13 22:12:06,718 - INFO - [Epoch 28/50]
2025-09-13 22:12:07,165 - INFO - Train Loss: 3.2543, Train Acc: 0.3253
2025-09-13 22:12:07,165 - INFO - Val   Loss: 4.8424, Val   Acc: 0.4144
2025-09-13 22:12:07,210 - INFO -   -> Best fine-tuned model saved.
2025-09-13 22:12:07,210 - INFO - [Epoch 29/50]
2025-09-13 22:12:07,661 - INFO - Train Loss: 3.2039, Train Acc: 0.3356
2025-09-13 22:12:07,662 - INFO - Val   Loss: 4.7995, Val   Acc: 0.4178
2025-09-13 22:12:07,743 - INFO -   -> Best fine-tuned model saved.
2025-09-13 22:12:07,743 - INFO - [Epoch 30/50]
2025-09-13 22:12:08,209 - INFO - Train Loss: 3.0493, Train Acc: 0.3495
2025-09-13 22:12:08,209 - INFO - Val   Loss: 4.7995, Val   Acc: 0.4178
2025-09-13 22:12:08,209 - INFO -   -> No improvement (1/10)
2025-09-13 22:12:08,209 - INFO - [Epoch 31/50]
2025-09-13 22:12:08,633 - INFO - Train Loss: 3.0985, Train Acc: 0.3426
2025-09-13 22:12:08,633 - INFO - Val   Loss: 4.7504, Val   Acc: 0.4281
2025-09-13 22:12:08,687 - INFO -   -> Best fine-tuned model saved.
2025-09-13 22:12:08,687 - INFO - [Epoch 32/50]
2025-09-13 22:12:09,125 - INFO - Train Loss: 3.0338, Train Acc: 0.3668
2025-09-13 22:12:09,126 - INFO - Val   Loss: 4.6940, Val   Acc: 0.4315
2025-09-13 22:12:09,209 - INFO -   -> Best fine-tuned model saved.
2025-09-13 22:12:09,210 - INFO - [Epoch 33/50]
2025-09-13 22:12:09,647 - INFO - Train Loss: 2.9334, Train Acc: 0.3841
2025-09-13 22:12:09,647 - INFO - Val   Loss: 4.6250, Val   Acc: 0.4384
2025-09-13 22:12:09,678 - INFO -   -> Best fine-tuned model saved.
2025-09-13 22:12:09,679 - INFO - [Epoch 34/50]
2025-09-13 22:12:10,127 - INFO - Train Loss: 2.8681, Train Acc: 0.3910
2025-09-13 22:12:10,128 - INFO - Val   Loss: 4.5408, Val   Acc: 0.4384
2025-09-13 22:12:10,130 - INFO -   -> No improvement (1/10)
2025-09-13 22:12:10,131 - INFO - [Epoch 35/50]
2025-09-13 22:12:10,564 - INFO - Train Loss: 2.7536, Train Acc: 0.4256
2025-09-13 22:12:10,565 - INFO - Val   Loss: 4.4272, Val   Acc: 0.4418
2025-09-13 22:12:10,687 - INFO -   -> Best fine-tuned model saved.
2025-09-13 22:12:10,688 - INFO - [Epoch 36/50]
2025-09-13 22:12:11,176 - INFO - Train Loss: 2.5535, Train Acc: 0.4325
2025-09-13 22:12:11,177 - INFO - Val   Loss: 4.2697, Val   Acc: 0.4384
2025-09-13 22:12:11,179 - INFO -   -> No improvement (1/10)
2025-09-13 22:12:11,179 - INFO - [Epoch 37/50]
2025-09-13 22:12:11,694 - INFO - Train Loss: 2.5771, Train Acc: 0.4464
2025-09-13 22:12:11,694 - INFO - Val   Loss: 4.0509, Val   Acc: 0.4384
2025-09-13 22:12:11,697 - INFO -   -> No improvement (2/10)
2025-09-13 22:12:11,697 - INFO - [Epoch 38/50]
2025-09-13 22:12:12,154 - INFO - Train Loss: 2.3673, Train Acc: 0.4810
2025-09-13 22:12:12,155 - INFO - Val   Loss: 3.7404, Val   Acc: 0.4452
2025-09-13 22:12:12,211 - INFO -   -> Best fine-tuned model saved.
2025-09-13 22:12:12,212 - INFO - [Epoch 39/50]
2025-09-13 22:12:12,645 - INFO - Train Loss: 2.2295, Train Acc: 0.5260
2025-09-13 22:12:12,645 - INFO - Val   Loss: 3.3282, Val   Acc: 0.4521
2025-09-13 22:12:12,679 - INFO -   -> Best fine-tuned model saved.
2025-09-13 22:12:12,680 - INFO - [Epoch 40/50]
2025-09-13 22:12:13,097 - INFO - Train Loss: 2.0677, Train Acc: 0.5467
2025-09-13 22:12:13,098 - INFO - Val   Loss: 2.8716, Val   Acc: 0.4623
2025-09-13 22:12:13,130 - INFO -   -> Best fine-tuned model saved.
2025-09-13 22:12:13,130 - INFO - [Epoch 41/50]
2025-09-13 22:12:13,569 - INFO - Train Loss: 1.8649, Train Acc: 0.5502
2025-09-13 22:12:13,569 - INFO - Val   Loss: 2.4332, Val   Acc: 0.4726
2025-09-13 22:12:13,600 - INFO -   -> Best fine-tuned model saved.
2025-09-13 22:12:13,601 - INFO - [Epoch 42/50]
2025-09-13 22:12:14,013 - INFO - Train Loss: 1.7169, Train Acc: 0.5709
2025-09-13 22:12:14,013 - INFO - Val   Loss: 2.0834, Val   Acc: 0.4966
2025-09-13 22:12:14,063 - INFO -   -> Best fine-tuned model saved.
2025-09-13 22:12:14,064 - INFO - [Epoch 43/50]
2025-09-13 22:12:14,480 - INFO - Train Loss: 1.5162, Train Acc: 0.6055
2025-09-13 22:12:14,480 - INFO - Val   Loss: 1.8330, Val   Acc: 0.5308
2025-09-13 22:12:14,526 - INFO -   -> Best fine-tuned model saved.
2025-09-13 22:12:14,527 - INFO - [Epoch 44/50]
2025-09-13 22:12:14,974 - INFO - Train Loss: 1.4001, Train Acc: 0.6055
2025-09-13 22:12:14,974 - INFO - Val   Loss: 1.6581, Val   Acc: 0.5616
2025-09-13 22:12:15,007 - INFO -   -> Best fine-tuned model saved.
2025-09-13 22:12:15,008 - INFO - [Epoch 45/50]
2025-09-13 22:12:15,416 - INFO - Train Loss: 1.2436, Train Acc: 0.6298
2025-09-13 22:12:15,417 - INFO - Val   Loss: 1.5481, Val   Acc: 0.5959
2025-09-13 22:12:15,443 - INFO -   -> Best fine-tuned model saved.
2025-09-13 22:12:15,443 - INFO - [Epoch 46/50]
2025-09-13 22:12:15,842 - INFO - Train Loss: 1.1108, Train Acc: 0.6505
2025-09-13 22:12:15,843 - INFO - Val   Loss: 1.4882, Val   Acc: 0.6027
2025-09-13 22:12:15,951 - INFO -   -> Best fine-tuned model saved.
2025-09-13 22:12:15,951 - INFO - [Epoch 47/50]
2025-09-13 22:12:16,353 - INFO - Train Loss: 1.0247, Train Acc: 0.7163
2025-09-13 22:12:16,354 - INFO - Val   Loss: 1.4509, Val   Acc: 0.6233
2025-09-13 22:12:16,389 - INFO -   -> Best fine-tuned model saved.
2025-09-13 22:12:16,390 - INFO - [Epoch 48/50]
2025-09-13 22:12:16,795 - INFO - Train Loss: 0.9702, Train Acc: 0.7093
2025-09-13 22:12:16,796 - INFO - Val   Loss: 1.4214, Val   Acc: 0.6164
2025-09-13 22:12:16,798 - INFO -   -> No improvement (1/10)
2025-09-13 22:12:16,798 - INFO - [Epoch 49/50]
2025-09-13 22:12:17,184 - INFO - Train Loss: 0.9246, Train Acc: 0.7301
2025-09-13 22:12:17,185 - INFO - Val   Loss: 1.3916, Val   Acc: 0.6164
2025-09-13 22:12:17,185 - INFO -   -> No improvement (2/10)
2025-09-13 22:12:17,185 - INFO - [Epoch 50/50]
2025-09-13 22:12:17,620 - INFO - Train Loss: 0.9125, Train Acc: 0.7301
2025-09-13 22:12:17,621 - INFO - Val   Loss: 1.3599, Val   Acc: 0.6164
2025-09-13 22:12:17,623 - INFO -   -> No improvement (3/10)
2025-09-13 22:12:17,624 - INFO - 
Loading best fine-tuned model from /data/A-SpeedTransformer/models/transformer/experiments/miniprogram_finetune/tune_lr1e-4_warmup100_freeze_attention/best_model.pth for final evaluation...
2025-09-13 22:12:18,213 - INFO - Test Loss: 0.9965, Test Accuracy: 0.6934
2025-09-13 22:12:18,226 - INFO - Classification Report:
              precision    recall  f1-score   support

        bike       0.12      0.24      0.16        63
         bus       0.80      0.34      0.48       288
         car       0.85      0.86      0.85       467
       train       0.10      0.31      0.16        29
        walk       0.80      0.90      0.85       311

    accuracy                           0.69      1158
   macro avg       0.53      0.53      0.50      1158
weighted avg       0.77      0.69      0.70      1158

2025-09-13 22:12:18,722 - INFO - Saved confusion_matrix_finetune.png
/data/A-SpeedTransformer/models/transformer/model_utils.py:349: FutureWarning: `torch.cuda.amp.autocast(args...)` is deprecated. Please use `torch.amp.autocast('cuda', args...)` instead.
  with torch.cuda.amp.autocast(enabled=self.scaler is not None):
