2025-09-13 22:23:43,029 - INFO - Initializing DataProcessor for fine-tuning...
Extracting unique trajectory IDs...
Reading traj_ids: 0it [00:00, ?it/s]Reading traj_ids: 1it [00:00, 13.09it/s]
Total unique traj_ids found: 629
Splitting traj_ids into train, validation, and test sets...
Train: 93, Val: 126, Test: 410
Fitting label encoder on target column...
Reading labels for encoding: 0it [00:00, ?it/s]Reading labels for encoding: 1it [00:00, 15.80it/s]
Classes found: ['bike' 'bus' 'car' 'train' 'walk']
Fitting scaler on training features...
Reading training features for scaling: 0it [00:00, ?it/s]Reading training features for scaling: 1it [00:00, 11.84it/s]
Scaler fitting completed.
Creating sequences in sliding windows...
Processing chunks: 0it [00:00, ?it/s]Processing chunks: 1it [00:00,  1.91it/s]Processing chunks: 1it [00:00,  1.90it/s]
Train: 289, Val: 292, Test: 1158
Skipped sequences (zero length): 0
Creating sequences in sliding windows...
Processing chunks: 0it [00:00, ?it/s]Processing chunks: 1it [00:00,  2.39it/s]Processing chunks: 1it [00:00,  2.39it/s]Train: 289, Val: 292, Test: 1158
Skipped sequences (zero length): 0
2025-09-13 22:23:47,582 - INFO - Loading pretrained model from: /data/A-SpeedTransformer/models/transformer/experiments/mobis_transformer_sweeps/mobis_lr1e-4_bs512_h8_d128_kv4_do0.1/mobis_lr1e-4_bs512_h8_d128_kv4_do0.1/best_model.pth
2025-09-13 22:23:47,601 - INFO - Frozen: Attention mechanisms in all unfrozen layers
2025-09-13 22:23:47,601 - INFO - Added warmup scheduler with 50 steps
2025-09-13 22:23:47,603 - INFO - [Epoch 1/50]

/data/A-SpeedTransformer/models/transformer/model_utils.py:231: FutureWarning: `torch.cuda.amp.GradScaler(args...)` is deprecated. Please use `torch.amp.GradScaler('cuda', args...)` instead.
  self.scaler = torch.cuda.amp.GradScaler() if (use_amp and torch.cuda.is_available()) else None
/data/A-SpeedTransformer/models/transformer/model_utils.py:361: FutureWarning: You are using `torch.load` with `weights_only=False` (the current default value), which uses the default pickle module implicitly. It is possible to construct malicious pickle data which will execute arbitrary code during unpickling (See https://github.com/pytorch/pytorch/blob/main/SECURITY.md#untrusted-models for more details). In a future release, the default value for `weights_only` will be flipped to `True`. This limits the functions that could be executed during unpickling. Arbitrary objects will no longer be allowed to be loaded via this mode unless they are explicitly allowlisted by the user via `torch.serialization.add_safe_globals`. We recommend you start setting `weights_only=True` for any use case where you don't have full control of the loaded file. Please open an issue on GitHub for any issues related to this experimental feature.
  state = torch.load(path, map_location=self.device)
/data/A-SpeedTransformer/models/transformer/model_utils.py:289: FutureWarning: `torch.cuda.amp.autocast(args...)` is deprecated. Please use `torch.amp.autocast('cuda', args...)` instead.
  with torch.cuda.amp.autocast():
/data/oe23/torchgpu/lib/python3.8/site-packages/torch/optim/lr_scheduler.py:216: UserWarning: Detected call of `lr_scheduler.step()` before `optimizer.step()`. In PyTorch 1.1.0 and later, you should call them in the opposite order: `optimizer.step()` before `lr_scheduler.step()`.  Failure to do this will result in PyTorch skipping the first value of the learning rate schedule. See more details at https://pytorch.org/docs/stable/optim.html#how-to-adjust-learning-rate
  warnings.warn(
2025-09-13 22:23:48,335 - INFO - Train Loss: 3.9927, Train Acc: 0.2561
2025-09-13 22:23:48,335 - INFO - Val   Loss: 5.3301, Val   Acc: 0.3630
2025-09-13 22:23:48,384 - INFO -   -> Best fine-tuned model saved.
2025-09-13 22:23:48,384 - INFO - [Epoch 2/50]
/data/A-SpeedTransformer/models/transformer/model_utils.py:326: FutureWarning: `torch.cuda.amp.autocast(args...)` is deprecated. Please use `torch.amp.autocast('cuda', args...)` instead.
  with torch.cuda.amp.autocast(enabled=self.scaler is not None):
2025-09-13 22:23:48,808 - INFO - Train Loss: 4.0172, Train Acc: 0.2664
2025-09-13 22:23:48,809 - INFO - Val   Loss: 5.3301, Val   Acc: 0.3630
2025-09-13 22:23:48,811 - INFO -   -> No improvement (1/10)
2025-09-13 22:23:48,811 - INFO - [Epoch 3/50]
2025-09-13 22:23:49,217 - INFO - Train Loss: 4.0181, Train Acc: 0.2734
2025-09-13 22:23:49,218 - INFO - Val   Loss: 5.3301, Val   Acc: 0.3630
2025-09-13 22:23:49,220 - INFO -   -> No improvement (2/10)
2025-09-13 22:23:49,220 - INFO - [Epoch 4/50]
2025-09-13 22:23:49,609 - INFO - Train Loss: 3.9933, Train Acc: 0.2768
2025-09-13 22:23:49,609 - INFO - Val   Loss: 5.3301, Val   Acc: 0.3630
2025-09-13 22:23:49,611 - INFO -   -> No improvement (3/10)
2025-09-13 22:23:49,612 - INFO - [Epoch 5/50]
2025-09-13 22:23:50,064 - INFO - Train Loss: 3.9769, Train Acc: 0.2630
2025-09-13 22:23:50,064 - INFO - Val   Loss: 5.2870, Val   Acc: 0.3699
2025-09-13 22:23:50,097 - INFO -   -> Best fine-tuned model saved.
2025-09-13 22:23:50,097 - INFO - [Epoch 6/50]
2025-09-13 22:23:50,491 - INFO - Train Loss: 3.9029, Train Acc: 0.2803
2025-09-13 22:23:50,491 - INFO - Val   Loss: 5.2331, Val   Acc: 0.3870
2025-09-13 22:23:50,523 - INFO -   -> Best fine-tuned model saved.
2025-09-13 22:23:50,524 - INFO - [Epoch 7/50]
2025-09-13 22:23:50,933 - INFO - Train Loss: 3.8547, Train Acc: 0.2837
2025-09-13 22:23:50,934 - INFO - Val   Loss: 5.1626, Val   Acc: 0.3870
2025-09-13 22:23:50,936 - INFO -   -> No improvement (1/10)
2025-09-13 22:23:50,936 - INFO - [Epoch 8/50]
2025-09-13 22:23:51,388 - INFO - Train Loss: 3.6430, Train Acc: 0.3010
2025-09-13 22:23:51,388 - INFO - Val   Loss: 5.0722, Val   Acc: 0.3904
2025-09-13 22:23:51,420 - INFO -   -> Best fine-tuned model saved.
2025-09-13 22:23:51,420 - INFO - [Epoch 9/50]
2025-09-13 22:23:51,819 - INFO - Train Loss: 3.5921, Train Acc: 0.2941
2025-09-13 22:23:51,820 - INFO - Val   Loss: 4.9571, Val   Acc: 0.4041
2025-09-13 22:23:51,854 - INFO -   -> Best fine-tuned model saved.
2025-09-13 22:23:51,854 - INFO - [Epoch 10/50]
2025-09-13 22:23:52,295 - INFO - Train Loss: 3.3770, Train Acc: 0.3183
2025-09-13 22:23:52,295 - INFO - Val   Loss: 4.8339, Val   Acc: 0.4178
2025-09-13 22:23:52,326 - INFO -   -> Best fine-tuned model saved.
2025-09-13 22:23:52,327 - INFO - [Epoch 11/50]
2025-09-13 22:23:52,754 - INFO - Train Loss: 3.1274, Train Acc: 0.3599
2025-09-13 22:23:52,754 - INFO - Val   Loss: 4.6880, Val   Acc: 0.4349
2025-09-13 22:23:52,787 - INFO -   -> Best fine-tuned model saved.
2025-09-13 22:23:52,788 - INFO - [Epoch 12/50]
2025-09-13 22:23:53,209 - INFO - Train Loss: 2.9000, Train Acc: 0.3945
2025-09-13 22:23:53,209 - INFO - Val   Loss: 4.6880, Val   Acc: 0.4349
2025-09-13 22:23:53,209 - INFO -   -> No improvement (1/10)
2025-09-13 22:23:53,211 - INFO - [Epoch 13/50]
2025-09-13 22:23:53,635 - INFO - Train Loss: 2.9856, Train Acc: 0.3633
2025-09-13 22:23:53,636 - INFO - Val   Loss: 4.4560, Val   Acc: 0.4418
2025-09-13 22:23:53,670 - INFO -   -> Best fine-tuned model saved.
2025-09-13 22:23:53,671 - INFO - [Epoch 14/50]
2025-09-13 22:23:54,049 - INFO - Train Loss: 2.6249, Train Acc: 0.4567
2025-09-13 22:23:54,049 - INFO - Val   Loss: 3.9842, Val   Acc: 0.4452
2025-09-13 22:23:54,076 - INFO -   -> Best fine-tuned model saved.
2025-09-13 22:23:54,076 - INFO - [Epoch 15/50]
2025-09-13 22:23:54,479 - INFO - Train Loss: 2.2484, Train Acc: 0.5225
2025-09-13 22:23:54,479 - INFO - Val   Loss: 3.0269, Val   Acc: 0.4521
2025-09-13 22:23:54,519 - INFO -   -> Best fine-tuned model saved.
2025-09-13 22:23:54,519 - INFO - [Epoch 16/50]
2025-09-13 22:23:54,927 - INFO - Train Loss: 1.8984, Train Acc: 0.5536
2025-09-13 22:23:54,927 - INFO - Val   Loss: 2.0432, Val   Acc: 0.5000
2025-09-13 22:23:54,955 - INFO -   -> Best fine-tuned model saved.
2025-09-13 22:23:54,955 - INFO - [Epoch 17/50]
2025-09-13 22:23:55,351 - INFO - Train Loss: 1.5112, Train Acc: 0.5882
2025-09-13 22:23:55,352 - INFO - Val   Loss: 1.5755, Val   Acc: 0.5788
2025-09-13 22:23:55,384 - INFO -   -> Best fine-tuned model saved.
2025-09-13 22:23:55,384 - INFO - [Epoch 18/50]
2025-09-13 22:23:55,787 - INFO - Train Loss: 1.1001, Train Acc: 0.6574
2025-09-13 22:23:55,788 - INFO - Val   Loss: 1.4363, Val   Acc: 0.6096
2025-09-13 22:23:55,833 - INFO -   -> Best fine-tuned model saved.
2025-09-13 22:23:55,833 - INFO - [Epoch 19/50]
2025-09-13 22:23:56,246 - INFO - Train Loss: 0.9223, Train Acc: 0.7405
2025-09-13 22:23:56,247 - INFO - Val   Loss: 1.3528, Val   Acc: 0.6130
2025-09-13 22:23:56,279 - INFO -   -> Best fine-tuned model saved.
2025-09-13 22:23:56,279 - INFO - [Epoch 20/50]
2025-09-13 22:23:56,702 - INFO - Train Loss: 0.8345, Train Acc: 0.7509
2025-09-13 22:23:56,703 - INFO - Val   Loss: 1.2486, Val   Acc: 0.6164
2025-09-13 22:23:56,733 - INFO -   -> Best fine-tuned model saved.
2025-09-13 22:23:56,734 - INFO - [Epoch 21/50]
2025-09-13 22:23:57,152 - INFO - Train Loss: 0.7875, Train Acc: 0.7612
2025-09-13 22:23:57,152 - INFO - Val   Loss: 1.1919, Val   Acc: 0.6233
2025-09-13 22:23:57,179 - INFO -   -> Best fine-tuned model saved.
2025-09-13 22:23:57,180 - INFO - [Epoch 22/50]
2025-09-13 22:23:57,570 - INFO - Train Loss: 0.7201, Train Acc: 0.7993
2025-09-13 22:23:57,570 - INFO - Val   Loss: 1.1744, Val   Acc: 0.6301
2025-09-13 22:23:57,602 - INFO -   -> Best fine-tuned model saved.
2025-09-13 22:23:57,602 - INFO - [Epoch 23/50]
2025-09-13 22:23:58,045 - INFO - Train Loss: 0.6899, Train Acc: 0.7889
2025-09-13 22:23:58,045 - INFO - Val   Loss: 1.1742, Val   Acc: 0.6336
2025-09-13 22:23:58,080 - INFO -   -> Best fine-tuned model saved.
2025-09-13 22:23:58,081 - INFO - [Epoch 24/50]
2025-09-13 22:23:58,501 - INFO - Train Loss: 0.6645, Train Acc: 0.8062
2025-09-13 22:23:58,502 - INFO - Val   Loss: 1.1670, Val   Acc: 0.6233
2025-09-13 22:23:58,504 - INFO -   -> No improvement (1/10)
2025-09-13 22:23:58,505 - INFO - [Epoch 25/50]
2025-09-13 22:23:58,943 - INFO - Train Loss: 0.6321, Train Acc: 0.7993
2025-09-13 22:23:58,943 - INFO - Val   Loss: 1.1512, Val   Acc: 0.6096
2025-09-13 22:23:58,946 - INFO -   -> No improvement (2/10)
2025-09-13 22:23:58,946 - INFO - [Epoch 26/50]
2025-09-13 22:23:59,377 - INFO - Train Loss: 0.6083, Train Acc: 0.8166
2025-09-13 22:23:59,378 - INFO - Val   Loss: 1.1335, Val   Acc: 0.5959
2025-09-13 22:23:59,380 - INFO -   -> No improvement (3/10)
2025-09-13 22:23:59,380 - INFO - [Epoch 27/50]
2025-09-13 22:23:59,786 - INFO - Train Loss: 0.5939, Train Acc: 0.8131
2025-09-13 22:23:59,786 - INFO - Val   Loss: 1.1260, Val   Acc: 0.5753
2025-09-13 22:23:59,789 - INFO -   -> No improvement (4/10)
2025-09-13 22:23:59,790 - INFO - [Epoch 28/50]
2025-09-13 22:24:00,196 - INFO - Train Loss: 0.5882, Train Acc: 0.8166
2025-09-13 22:24:00,196 - INFO - Val   Loss: 1.1256, Val   Acc: 0.5616
2025-09-13 22:24:00,196 - INFO -   -> No improvement (5/10)
2025-09-13 22:24:00,196 - INFO - [Epoch 29/50]
2025-09-13 22:24:01,198 - INFO - Train Loss: 0.5823, Train Acc: 0.8028
2025-09-13 22:24:01,198 - INFO - Val   Loss: 1.0964, Val   Acc: 0.5445
2025-09-13 22:24:01,198 - INFO -   -> No improvement (6/10)
2025-09-13 22:24:01,200 - INFO - [Epoch 30/50]
2025-09-13 22:24:01,619 - INFO - Train Loss: 0.5953, Train Acc: 0.7820
2025-09-13 22:24:01,620 - INFO - Val   Loss: 1.0248, Val   Acc: 0.5616
2025-09-13 22:24:01,622 - INFO -   -> No improvement (7/10)
2025-09-13 22:24:01,622 - INFO - [Epoch 31/50]
2025-09-13 22:24:02,002 - INFO - Train Loss: 0.5388, Train Acc: 0.8201
2025-09-13 22:24:02,002 - INFO - Val   Loss: 0.9556, Val   Acc: 0.5822
2025-09-13 22:24:02,002 - INFO -   -> No improvement (8/10)
2025-09-13 22:24:02,004 - INFO - [Epoch 32/50]
2025-09-13 22:24:02,384 - INFO - Train Loss: 0.5094, Train Acc: 0.8201
2025-09-13 22:24:02,385 - INFO - Val   Loss: 0.9110, Val   Acc: 0.6062
2025-09-13 22:24:02,386 - INFO -   -> No improvement (9/10)
2025-09-13 22:24:02,387 - INFO - [Epoch 33/50]
2025-09-13 22:24:02,779 - INFO - Train Loss: 0.4760, Train Acc: 0.8131
2025-09-13 22:24:02,779 - INFO - Val   Loss: 0.8870, Val   Acc: 0.6336
2025-09-13 22:24:02,781 - INFO -   -> No improvement (10/10)
2025-09-13 22:24:02,781 - INFO - Early stopping triggered.
2025-09-13 22:24:02,781 - INFO - 
Loading best fine-tuned model from /data/A-SpeedTransformer/models/transformer/experiments/miniprogram_finetune/tune_lr5e-4_warmup50_freeze_attention/best_model.pth for final evaluation...
2025-09-13 22:24:03,362 - INFO - Test Loss: 0.8459, Test Accuracy: 0.7133
2025-09-13 22:24:03,371 - INFO - Classification Report:
              precision    recall  f1-score   support

        bike       0.11      0.24      0.15        63
         bus       0.81      0.29      0.42       288
         car       0.88      0.89      0.88       467
       train       0.14      0.28      0.19        29
        walk       0.77      0.98      0.86       311

    accuracy                           0.71      1158
   macro avg       0.54      0.53      0.50      1158
weighted avg       0.77      0.71      0.71      1158

2025-09-13 22:24:03,859 - INFO - Saved confusion_matrix_finetune.png
/data/A-SpeedTransformer/models/transformer/model_utils.py:349: FutureWarning: `torch.cuda.amp.autocast(args...)` is deprecated. Please use `torch.amp.autocast('cuda', args...)` instead.
  with torch.cuda.amp.autocast(enabled=self.scaler is not None):
