2025-09-13 22:17:36,699 - INFO - Initializing DataProcessor for fine-tuning...
Extracting unique trajectory IDs...
Reading traj_ids: 0it [00:00, ?it/s]Reading traj_ids: 1it [00:00, 12.89it/s]
Total unique traj_ids found: 629
Splitting traj_ids into train, validation, and test sets...
Train: 93, Val: 126, Test: 410
Fitting label encoder on target column...
Reading labels for encoding: 0it [00:00, ?it/s]Reading labels for encoding: 1it [00:00, 15.82it/s]
Classes found: ['bike' 'bus' 'car' 'train' 'walk']
Fitting scaler on training features...
Reading training features for scaling: 0it [00:00, ?it/s]Reading training features for scaling: 1it [00:00, 12.18it/s]
Scaler fitting completed.
Creating sequences in sliding windows...
Processing chunks: 0it [00:00, ?it/s]Processing chunks: 1it [00:00,  1.99it/s]Processing chunks: 1it [00:00,  1.99it/s]
Train: 289, Val: 292, Test: 1158
Skipped sequences (zero length): 0
Creating sequences in sliding windows...
Processing chunks: 0it [00:00, ?it/s]Processing chunks: 1it [00:00,  2.01it/s]Processing chunks: 1it [00:00,  2.00it/s]Train: 289, Val: 292, Test: 1158
Skipped sequences (zero length): 0
2025-09-13 22:17:41,663 - INFO - Loading pretrained model from: /data/A-SpeedTransformer/models/transformer/experiments/mobis_transformer_sweeps/mobis_lr1e-4_bs512_h8_d128_kv4_do0.1/mobis_lr1e-4_bs512_h8_d128_kv4_do0.1/best_model.pth
2025-09-13 22:17:41,681 - INFO - Frozen: Embedding layer
2025-09-13 22:17:41,682 - INFO - Added warmup scheduler with 50 steps
2025-09-13 22:17:41,684 - INFO - [Epoch 1/50]

/data/A-SpeedTransformer/models/transformer/model_utils.py:231: FutureWarning: `torch.cuda.amp.GradScaler(args...)` is deprecated. Please use `torch.amp.GradScaler('cuda', args...)` instead.
  self.scaler = torch.cuda.amp.GradScaler() if (use_amp and torch.cuda.is_available()) else None
/data/A-SpeedTransformer/models/transformer/model_utils.py:361: FutureWarning: You are using `torch.load` with `weights_only=False` (the current default value), which uses the default pickle module implicitly. It is possible to construct malicious pickle data which will execute arbitrary code during unpickling (See https://github.com/pytorch/pytorch/blob/main/SECURITY.md#untrusted-models for more details). In a future release, the default value for `weights_only` will be flipped to `True`. This limits the functions that could be executed during unpickling. Arbitrary objects will no longer be allowed to be loaded via this mode unless they are explicitly allowlisted by the user via `torch.serialization.add_safe_globals`. We recommend you start setting `weights_only=True` for any use case where you don't have full control of the loaded file. Please open an issue on GitHub for any issues related to this experimental feature.
  state = torch.load(path, map_location=self.device)
/data/A-SpeedTransformer/models/transformer/model_utils.py:289: FutureWarning: `torch.cuda.amp.autocast(args...)` is deprecated. Please use `torch.amp.autocast('cuda', args...)` instead.
  with torch.cuda.amp.autocast():
/data/oe23/torchgpu/lib/python3.8/site-packages/torch/optim/lr_scheduler.py:216: UserWarning: Detected call of `lr_scheduler.step()` before `optimizer.step()`. In PyTorch 1.1.0 and later, you should call them in the opposite order: `optimizer.step()` before `lr_scheduler.step()`.  Failure to do this will result in PyTorch skipping the first value of the learning rate schedule. See more details at https://pytorch.org/docs/stable/optim.html#how-to-adjust-learning-rate
  warnings.warn(
2025-09-13 22:17:42,410 - INFO - Train Loss: 3.9927, Train Acc: 0.2561
2025-09-13 22:17:42,411 - INFO - Val   Loss: 5.3301, Val   Acc: 0.3630
2025-09-13 22:17:42,445 - INFO -   -> Best fine-tuned model saved.
2025-09-13 22:17:42,446 - INFO - [Epoch 2/50]
/data/A-SpeedTransformer/models/transformer/model_utils.py:326: FutureWarning: `torch.cuda.amp.autocast(args...)` is deprecated. Please use `torch.amp.autocast('cuda', args...)` instead.
  with torch.cuda.amp.autocast(enabled=self.scaler is not None):
2025-09-13 22:17:42,904 - INFO - Train Loss: 4.0172, Train Acc: 0.2664
2025-09-13 22:17:42,905 - INFO - Val   Loss: 5.3225, Val   Acc: 0.3630
2025-09-13 22:17:42,907 - INFO -   -> No improvement (1/10)
2025-09-13 22:17:42,908 - INFO - [Epoch 3/50]
2025-09-13 22:17:43,320 - INFO - Train Loss: 4.0051, Train Acc: 0.2734
2025-09-13 22:17:43,320 - INFO - Val   Loss: 5.3088, Val   Acc: 0.3664
2025-09-13 22:17:43,353 - INFO -   -> Best fine-tuned model saved.
2025-09-13 22:17:43,354 - INFO - [Epoch 4/50]
2025-09-13 22:17:43,853 - INFO - Train Loss: 3.9519, Train Acc: 0.2768
2025-09-13 22:17:43,854 - INFO - Val   Loss: 5.2878, Val   Acc: 0.3699
2025-09-13 22:17:43,955 - INFO -   -> Best fine-tuned model saved.
2025-09-13 22:17:43,955 - INFO - [Epoch 5/50]
2025-09-13 22:17:44,392 - INFO - Train Loss: 3.8950, Train Acc: 0.2768
2025-09-13 22:17:44,393 - INFO - Val   Loss: 5.2601, Val   Acc: 0.3801
2025-09-13 22:17:44,427 - INFO -   -> Best fine-tuned model saved.
2025-09-13 22:17:44,427 - INFO - [Epoch 6/50]
2025-09-13 22:17:44,807 - INFO - Train Loss: 3.8557, Train Acc: 0.2803
2025-09-13 22:17:44,808 - INFO - Val   Loss: 5.2259, Val   Acc: 0.3836
2025-09-13 22:17:44,835 - INFO -   -> Best fine-tuned model saved.
2025-09-13 22:17:44,835 - INFO - [Epoch 7/50]
2025-09-13 22:17:45,251 - INFO - Train Loss: 3.8461, Train Acc: 0.2803
2025-09-13 22:17:45,251 - INFO - Val   Loss: 5.1841, Val   Acc: 0.3836
2025-09-13 22:17:45,253 - INFO -   -> No improvement (1/10)
2025-09-13 22:17:45,253 - INFO - [Epoch 8/50]
2025-09-13 22:17:45,680 - INFO - Train Loss: 3.6838, Train Acc: 0.2941
2025-09-13 22:17:45,681 - INFO - Val   Loss: 5.1343, Val   Acc: 0.3836
2025-09-13 22:17:45,683 - INFO -   -> No improvement (2/10)
2025-09-13 22:17:45,683 - INFO - [Epoch 9/50]
2025-09-13 22:17:46,111 - INFO - Train Loss: 3.6873, Train Acc: 0.2907
2025-09-13 22:17:46,112 - INFO - Val   Loss: 5.0748, Val   Acc: 0.3870
2025-09-13 22:17:46,143 - INFO -   -> Best fine-tuned model saved.
2025-09-13 22:17:46,143 - INFO - [Epoch 10/50]
2025-09-13 22:17:46,549 - INFO - Train Loss: 3.5422, Train Acc: 0.2941
2025-09-13 22:17:46,549 - INFO - Val   Loss: 5.0038, Val   Acc: 0.3973
2025-09-13 22:17:46,589 - INFO -   -> Best fine-tuned model saved.
2025-09-13 22:17:46,589 - INFO - [Epoch 11/50]
2025-09-13 22:17:46,992 - INFO - Train Loss: 3.3811, Train Acc: 0.3149
2025-09-13 22:17:46,993 - INFO - Val   Loss: 4.9202, Val   Acc: 0.4110
2025-09-13 22:17:47,021 - INFO -   -> Best fine-tuned model saved.
2025-09-13 22:17:47,021 - INFO - [Epoch 12/50]
2025-09-13 22:17:47,426 - INFO - Train Loss: 3.2696, Train Acc: 0.3322
2025-09-13 22:17:47,426 - INFO - Val   Loss: 4.8266, Val   Acc: 0.4212
2025-09-13 22:17:47,452 - INFO -   -> Best fine-tuned model saved.
2025-09-13 22:17:47,452 - INFO - [Epoch 13/50]
2025-09-13 22:17:47,831 - INFO - Train Loss: 3.2317, Train Acc: 0.3356
2025-09-13 22:17:47,831 - INFO - Val   Loss: 4.8266, Val   Acc: 0.4212
2025-09-13 22:17:47,831 - INFO -   -> No improvement (1/10)
2025-09-13 22:17:47,833 - INFO - [Epoch 14/50]
2025-09-13 22:17:48,225 - INFO - Train Loss: 3.1504, Train Acc: 0.3599
2025-09-13 22:17:48,225 - INFO - Val   Loss: 4.7137, Val   Acc: 0.4384
2025-09-13 22:17:48,252 - INFO -   -> Best fine-tuned model saved.
2025-09-13 22:17:48,252 - INFO - [Epoch 15/50]
2025-09-13 22:17:48,662 - INFO - Train Loss: 2.9177, Train Acc: 0.3841
2025-09-13 22:17:48,662 - INFO - Val   Loss: 4.5859, Val   Acc: 0.4384
2025-09-13 22:17:48,664 - INFO -   -> No improvement (1/10)
2025-09-13 22:17:48,664 - INFO - [Epoch 16/50]
2025-09-13 22:17:49,072 - INFO - Train Loss: 2.7979, Train Acc: 0.4083
2025-09-13 22:17:49,072 - INFO - Val   Loss: 4.4260, Val   Acc: 0.4418
2025-09-13 22:17:49,104 - INFO -   -> Best fine-tuned model saved.
2025-09-13 22:17:49,104 - INFO - [Epoch 17/50]
2025-09-13 22:17:49,505 - INFO - Train Loss: 2.6369, Train Acc: 0.4775
2025-09-13 22:17:49,506 - INFO - Val   Loss: 4.1866, Val   Acc: 0.4452
2025-09-13 22:17:49,540 - INFO -   -> Best fine-tuned model saved.
2025-09-13 22:17:49,540 - INFO - [Epoch 18/50]
2025-09-13 22:17:49,964 - INFO - Train Loss: 2.3588, Train Acc: 0.5363
2025-09-13 22:17:49,964 - INFO - Val   Loss: 4.1866, Val   Acc: 0.4452
2025-09-13 22:17:49,964 - INFO -   -> No improvement (1/10)
2025-09-13 22:17:49,966 - INFO - [Epoch 19/50]
2025-09-13 22:17:50,396 - INFO - Train Loss: 2.3754, Train Acc: 0.5190
2025-09-13 22:17:50,396 - INFO - Val   Loss: 3.7685, Val   Acc: 0.4486
2025-09-13 22:17:50,457 - INFO -   -> Best fine-tuned model saved.
2025-09-13 22:17:50,458 - INFO - [Epoch 20/50]
2025-09-13 22:17:50,866 - INFO - Train Loss: 2.1279, Train Acc: 0.5709
2025-09-13 22:17:50,866 - INFO - Val   Loss: 3.0339, Val   Acc: 0.4486
2025-09-13 22:17:50,868 - INFO -   -> No improvement (1/10)
2025-09-13 22:17:50,869 - INFO - [Epoch 21/50]
2025-09-13 22:17:51,275 - INFO - Train Loss: 1.8200, Train Acc: 0.5848
2025-09-13 22:17:51,275 - INFO - Val   Loss: 2.1974, Val   Acc: 0.4863
2025-09-13 22:17:51,306 - INFO -   -> Best fine-tuned model saved.
2025-09-13 22:17:51,307 - INFO - [Epoch 22/50]
2025-09-13 22:17:51,752 - INFO - Train Loss: 1.4285, Train Acc: 0.6090
2025-09-13 22:17:51,752 - INFO - Val   Loss: 1.6977, Val   Acc: 0.5582
2025-09-13 22:17:51,784 - INFO -   -> Best fine-tuned model saved.
2025-09-13 22:17:51,784 - INFO - [Epoch 23/50]
2025-09-13 22:17:52,189 - INFO - Train Loss: 1.1613, Train Acc: 0.6471
2025-09-13 22:17:52,189 - INFO - Val   Loss: 1.4428, Val   Acc: 0.6096
2025-09-13 22:17:52,217 - INFO -   -> Best fine-tuned model saved.
2025-09-13 22:17:52,218 - INFO - [Epoch 24/50]
2025-09-13 22:17:52,627 - INFO - Train Loss: 0.9428, Train Acc: 0.7301
2025-09-13 22:17:52,628 - INFO - Val   Loss: 1.3565, Val   Acc: 0.6199
2025-09-13 22:17:52,660 - INFO -   -> Best fine-tuned model saved.
2025-09-13 22:17:52,661 - INFO - [Epoch 25/50]
2025-09-13 22:17:53,082 - INFO - Train Loss: 0.8160, Train Acc: 0.7509
2025-09-13 22:17:53,082 - INFO - Val   Loss: 1.3004, Val   Acc: 0.6027
2025-09-13 22:17:53,098 - INFO -   -> No improvement (1/10)
2025-09-13 22:17:53,099 - INFO - [Epoch 26/50]
2025-09-13 22:17:53,507 - INFO - Train Loss: 0.7511, Train Acc: 0.7578
2025-09-13 22:17:53,507 - INFO - Val   Loss: 1.2277, Val   Acc: 0.5959
2025-09-13 22:17:53,509 - INFO -   -> No improvement (2/10)
2025-09-13 22:17:53,510 - INFO - [Epoch 27/50]
2025-09-13 22:17:53,930 - INFO - Train Loss: 0.7113, Train Acc: 0.7751
2025-09-13 22:17:53,930 - INFO - Val   Loss: 1.1752, Val   Acc: 0.6062
2025-09-13 22:17:53,932 - INFO -   -> No improvement (3/10)
2025-09-13 22:17:53,932 - INFO - [Epoch 28/50]
2025-09-13 22:17:54,334 - INFO - Train Loss: 0.6731, Train Acc: 0.7855
2025-09-13 22:17:54,335 - INFO - Val   Loss: 1.1438, Val   Acc: 0.6233
2025-09-13 22:17:54,361 - INFO -   -> Best fine-tuned model saved.
2025-09-13 22:17:54,361 - INFO - [Epoch 29/50]
2025-09-13 22:17:54,739 - INFO - Train Loss: 0.6430, Train Acc: 0.8304
2025-09-13 22:17:54,739 - INFO - Val   Loss: 1.1436, Val   Acc: 0.6301
2025-09-13 22:17:54,769 - INFO -   -> Best fine-tuned model saved.
2025-09-13 22:17:54,770 - INFO - [Epoch 30/50]
2025-09-13 22:17:55,181 - INFO - Train Loss: 0.6274, Train Acc: 0.8270
2025-09-13 22:17:55,182 - INFO - Val   Loss: 1.1373, Val   Acc: 0.6164
2025-09-13 22:17:55,184 - INFO -   -> No improvement (1/10)
2025-09-13 22:17:55,184 - INFO - [Epoch 31/50]
2025-09-13 22:17:55,598 - INFO - Train Loss: 0.5920, Train Acc: 0.8201
2025-09-13 22:17:55,599 - INFO - Val   Loss: 1.1221, Val   Acc: 0.5993
2025-09-13 22:17:55,602 - INFO -   -> No improvement (2/10)
2025-09-13 22:17:55,602 - INFO - [Epoch 32/50]
2025-09-13 22:17:56,027 - INFO - Train Loss: 0.5936, Train Acc: 0.8235
2025-09-13 22:17:56,028 - INFO - Val   Loss: 1.1007, Val   Acc: 0.5925
2025-09-13 22:17:56,030 - INFO -   -> No improvement (3/10)
2025-09-13 22:17:56,030 - INFO - [Epoch 33/50]
2025-09-13 22:17:56,439 - INFO - Train Loss: 0.5766, Train Acc: 0.8131
2025-09-13 22:17:56,439 - INFO - Val   Loss: 1.0693, Val   Acc: 0.5856
2025-09-13 22:17:56,439 - INFO -   -> No improvement (4/10)
2025-09-13 22:17:56,441 - INFO - [Epoch 34/50]
2025-09-13 22:17:56,840 - INFO - Train Loss: 0.5991, Train Acc: 0.7993
2025-09-13 22:17:56,840 - INFO - Val   Loss: 1.0303, Val   Acc: 0.5925
2025-09-13 22:17:56,842 - INFO -   -> No improvement (5/10)
2025-09-13 22:17:56,843 - INFO - [Epoch 35/50]
2025-09-13 22:17:57,259 - INFO - Train Loss: 0.5583, Train Acc: 0.8166
2025-09-13 22:17:57,260 - INFO - Val   Loss: 0.9857, Val   Acc: 0.5993
2025-09-13 22:17:57,262 - INFO -   -> No improvement (6/10)
2025-09-13 22:17:57,262 - INFO - [Epoch 36/50]
2025-09-13 22:17:57,692 - INFO - Train Loss: 0.5330, Train Acc: 0.8131
2025-09-13 22:17:57,692 - INFO - Val   Loss: 0.9420, Val   Acc: 0.5993
2025-09-13 22:17:57,694 - INFO -   -> No improvement (7/10)
2025-09-13 22:17:57,694 - INFO - [Epoch 37/50]
2025-09-13 22:17:58,141 - INFO - Train Loss: 0.5327, Train Acc: 0.8028
2025-09-13 22:17:58,141 - INFO - Val   Loss: 0.9070, Val   Acc: 0.6233
2025-09-13 22:17:58,143 - INFO -   -> No improvement (8/10)
2025-09-13 22:17:58,144 - INFO - [Epoch 38/50]
2025-09-13 22:17:58,543 - INFO - Train Loss: 0.4884, Train Acc: 0.8131
2025-09-13 22:17:58,544 - INFO - Val   Loss: 0.8908, Val   Acc: 0.6301
2025-09-13 22:17:58,546 - INFO -   -> No improvement (9/10)
2025-09-13 22:17:58,546 - INFO - [Epoch 39/50]
2025-09-13 22:17:59,008 - INFO - Train Loss: 0.4724, Train Acc: 0.8235
2025-09-13 22:17:59,008 - INFO - Val   Loss: 0.8953, Val   Acc: 0.6336
2025-09-13 22:17:59,046 - INFO -   -> Best fine-tuned model saved.
2025-09-13 22:17:59,047 - INFO - [Epoch 40/50]
2025-09-13 22:17:59,741 - INFO - Train Loss: 0.4748, Train Acc: 0.8235
2025-09-13 22:17:59,741 - INFO - Val   Loss: 0.9277, Val   Acc: 0.6199
2025-09-13 22:17:59,741 - INFO -   -> No improvement (1/10)
2025-09-13 22:17:59,742 - INFO - [Epoch 41/50]
2025-09-13 22:18:00,210 - INFO - Train Loss: 0.4432, Train Acc: 0.8270
2025-09-13 22:18:00,211 - INFO - Val   Loss: 0.9797, Val   Acc: 0.6062
2025-09-13 22:18:00,213 - INFO -   -> No improvement (2/10)
2025-09-13 22:18:00,213 - INFO - [Epoch 42/50]
2025-09-13 22:18:00,637 - INFO - Train Loss: 0.4216, Train Acc: 0.8304
2025-09-13 22:18:00,638 - INFO - Val   Loss: 1.0431, Val   Acc: 0.5890
2025-09-13 22:18:00,640 - INFO -   -> No improvement (3/10)
2025-09-13 22:18:00,640 - INFO - [Epoch 43/50]
2025-09-13 22:18:01,035 - INFO - Train Loss: 0.3913, Train Acc: 0.8443
2025-09-13 22:18:01,036 - INFO - Val   Loss: 1.1029, Val   Acc: 0.5822
2025-09-13 22:18:01,038 - INFO -   -> No improvement (4/10)
2025-09-13 22:18:01,041 - INFO - [Epoch 44/50]
2025-09-13 22:18:01,459 - INFO - Train Loss: 0.3851, Train Acc: 0.8304
2025-09-13 22:18:01,459 - INFO - Val   Loss: 1.1255, Val   Acc: 0.5856
2025-09-13 22:18:01,459 - INFO -   -> No improvement (5/10)
2025-09-13 22:18:01,459 - INFO - [Epoch 45/50]
2025-09-13 22:18:01,851 - INFO - Train Loss: 0.3782, Train Acc: 0.8097
2025-09-13 22:18:01,851 - INFO - Val   Loss: 1.1174, Val   Acc: 0.5925
2025-09-13 22:18:01,853 - INFO -   -> No improvement (6/10)
2025-09-13 22:18:01,853 - INFO - [Epoch 46/50]
2025-09-13 22:18:02,252 - INFO - Train Loss: 0.3468, Train Acc: 0.8478
2025-09-13 22:18:02,252 - INFO - Val   Loss: 1.0707, Val   Acc: 0.6096
2025-09-13 22:18:02,254 - INFO -   -> No improvement (7/10)
2025-09-13 22:18:02,254 - INFO - [Epoch 47/50]
2025-09-13 22:18:02,658 - INFO - Train Loss: 0.3356, Train Acc: 0.8581
2025-09-13 22:18:02,659 - INFO - Val   Loss: 1.0441, Val   Acc: 0.6336
2025-09-13 22:18:02,661 - INFO -   -> No improvement (8/10)
2025-09-13 22:18:02,661 - INFO - [Epoch 48/50]
2025-09-13 22:18:03,073 - INFO - Train Loss: 0.2991, Train Acc: 0.8754
2025-09-13 22:18:03,073 - INFO - Val   Loss: 1.1076, Val   Acc: 0.6370
2025-09-13 22:18:03,105 - INFO -   -> Best fine-tuned model saved.
2025-09-13 22:18:03,105 - INFO - [Epoch 49/50]
2025-09-13 22:18:03,510 - INFO - Train Loss: 0.2981, Train Acc: 0.8858
2025-09-13 22:18:03,511 - INFO - Val   Loss: 1.3017, Val   Acc: 0.6062
2025-09-13 22:18:03,511 - INFO -   -> No improvement (1/10)
2025-09-13 22:18:03,513 - INFO - [Epoch 50/50]
2025-09-13 22:18:03,913 - INFO - Train Loss: 0.2778, Train Acc: 0.9031
2025-09-13 22:18:03,913 - INFO - Val   Loss: 1.5797, Val   Acc: 0.5890
2025-09-13 22:18:03,914 - INFO -   -> No improvement (2/10)
2025-09-13 22:18:03,914 - INFO - 
Loading best fine-tuned model from /data/A-SpeedTransformer/models/transformer/experiments/miniprogram_finetune/tune_lr2e-4_warmup50_freeze_embeddings/best_model.pth for final evaluation...
2025-09-13 22:18:04,465 - INFO - Test Loss: 0.4986, Test Accuracy: 0.8057
2025-09-13 22:18:04,471 - INFO - Classification Report:
              precision    recall  f1-score   support

        bike       0.15      0.22      0.18        63
         bus       0.84      0.49      0.62       288
         car       0.89      0.98      0.93       467
       train       0.83      0.34      0.49        29
        walk       0.84      0.99      0.91       311

    accuracy                           0.81      1158
   macro avg       0.71      0.61      0.63      1158
weighted avg       0.82      0.81      0.80      1158

2025-09-13 22:18:04,781 - INFO - Saved confusion_matrix_finetune.png
/data/A-SpeedTransformer/models/transformer/model_utils.py:349: FutureWarning: `torch.cuda.amp.autocast(args...)` is deprecated. Please use `torch.amp.autocast('cuda', args...)` instead.
  with torch.cuda.amp.autocast(enabled=self.scaler is not None):
