2025-09-13 22:26:57,823 - INFO - Initializing DataProcessor for fine-tuning...
Extracting unique trajectory IDs...
Reading traj_ids: 0it [00:00, ?it/s]Reading traj_ids: 1it [00:00, 13.23it/s]
Total unique traj_ids found: 629
Splitting traj_ids into train, validation, and test sets...
Train: 93, Val: 126, Test: 410
Fitting label encoder on target column...
Reading labels for encoding: 0it [00:00, ?it/s]Reading labels for encoding: 1it [00:00, 16.07it/s]
Classes found: ['bike' 'bus' 'car' 'train' 'walk']
Fitting scaler on training features...
Reading training features for scaling: 0it [00:00, ?it/s]Reading training features for scaling: 1it [00:00, 12.15it/s]
Scaler fitting completed.
Creating sequences in sliding windows...
Processing chunks: 0it [00:00, ?it/s]Processing chunks: 1it [00:00,  2.00it/s]Processing chunks: 1it [00:00,  1.99it/s]
Train: 289, Val: 292, Test: 1158
Skipped sequences (zero length): 0
Creating sequences in sliding windows...
Processing chunks: 0it [00:00, ?it/s]Processing chunks: 1it [00:00,  2.69it/s]Processing chunks: 1it [00:00,  2.68it/s]Train: 289, Val: 292, Test: 1158
Skipped sequences (zero length): 0
2025-09-13 22:27:02,905 - INFO - Loading pretrained model from: /data/A-SpeedTransformer/models/transformer/experiments/mobis_transformer_sweeps/mobis_lr1e-4_bs512_h8_d128_kv4_do0.1/mobis_lr1e-4_bs512_h8_d128_kv4_do0.1/best_model.pth
2025-09-13 22:27:02,924 - INFO - Frozen: Embedding layer
2025-09-13 22:27:02,924 - INFO - Added warmup scheduler with 100 steps
2025-09-13 22:27:02,926 - INFO - [Epoch 1/50]

/data/A-SpeedTransformer/models/transformer/model_utils.py:231: FutureWarning: `torch.cuda.amp.GradScaler(args...)` is deprecated. Please use `torch.amp.GradScaler('cuda', args...)` instead.
  self.scaler = torch.cuda.amp.GradScaler() if (use_amp and torch.cuda.is_available()) else None
/data/A-SpeedTransformer/models/transformer/model_utils.py:361: FutureWarning: You are using `torch.load` with `weights_only=False` (the current default value), which uses the default pickle module implicitly. It is possible to construct malicious pickle data which will execute arbitrary code during unpickling (See https://github.com/pytorch/pytorch/blob/main/SECURITY.md#untrusted-models for more details). In a future release, the default value for `weights_only` will be flipped to `True`. This limits the functions that could be executed during unpickling. Arbitrary objects will no longer be allowed to be loaded via this mode unless they are explicitly allowlisted by the user via `torch.serialization.add_safe_globals`. We recommend you start setting `weights_only=True` for any use case where you don't have full control of the loaded file. Please open an issue on GitHub for any issues related to this experimental feature.
  state = torch.load(path, map_location=self.device)
/data/A-SpeedTransformer/models/transformer/model_utils.py:289: FutureWarning: `torch.cuda.amp.autocast(args...)` is deprecated. Please use `torch.amp.autocast('cuda', args...)` instead.
  with torch.cuda.amp.autocast():
/data/oe23/torchgpu/lib/python3.8/site-packages/torch/optim/lr_scheduler.py:216: UserWarning: Detected call of `lr_scheduler.step()` before `optimizer.step()`. In PyTorch 1.1.0 and later, you should call them in the opposite order: `optimizer.step()` before `lr_scheduler.step()`.  Failure to do this will result in PyTorch skipping the first value of the learning rate schedule. See more details at https://pytorch.org/docs/stable/optim.html#how-to-adjust-learning-rate
  warnings.warn(
2025-09-13 22:27:03,639 - INFO - Train Loss: 3.9927, Train Acc: 0.2561
2025-09-13 22:27:03,639 - INFO - Val   Loss: 5.3301, Val   Acc: 0.3630
2025-09-13 22:27:03,673 - INFO -   -> Best fine-tuned model saved.
2025-09-13 22:27:03,674 - INFO - [Epoch 2/50]
/data/A-SpeedTransformer/models/transformer/model_utils.py:326: FutureWarning: `torch.cuda.amp.autocast(args...)` is deprecated. Please use `torch.amp.autocast('cuda', args...)` instead.
  with torch.cuda.amp.autocast(enabled=self.scaler is not None):
2025-09-13 22:27:04,123 - INFO - Train Loss: 4.0172, Train Acc: 0.2664
2025-09-13 22:27:04,123 - INFO - Val   Loss: 5.3208, Val   Acc: 0.3630
2025-09-13 22:27:04,125 - INFO -   -> No improvement (1/10)
2025-09-13 22:27:04,125 - INFO - [Epoch 3/50]
2025-09-13 22:27:04,509 - INFO - Train Loss: 4.0018, Train Acc: 0.2734
2025-09-13 22:27:04,509 - INFO - Val   Loss: 5.3036, Val   Acc: 0.3664
2025-09-13 22:27:04,541 - INFO -   -> Best fine-tuned model saved.
2025-09-13 22:27:04,541 - INFO - [Epoch 4/50]
2025-09-13 22:27:04,957 - INFO - Train Loss: 3.9416, Train Acc: 0.2768
2025-09-13 22:27:04,957 - INFO - Val   Loss: 5.2772, Val   Acc: 0.3767
2025-09-13 22:27:05,010 - INFO -   -> Best fine-tuned model saved.
2025-09-13 22:27:05,010 - INFO - [Epoch 5/50]
2025-09-13 22:27:05,420 - INFO - Train Loss: 3.8746, Train Acc: 0.2768
2025-09-13 22:27:05,421 - INFO - Val   Loss: 5.2429, Val   Acc: 0.3801
2025-09-13 22:27:05,464 - INFO -   -> Best fine-tuned model saved.
2025-09-13 22:27:05,464 - INFO - [Epoch 6/50]
2025-09-13 22:27:06,018 - INFO - Train Loss: 3.8231, Train Acc: 0.2803
2025-09-13 22:27:06,018 - INFO - Val   Loss: 5.2004, Val   Acc: 0.3836
2025-09-13 22:27:06,050 - INFO -   -> Best fine-tuned model saved.
2025-09-13 22:27:06,051 - INFO - [Epoch 7/50]
2025-09-13 22:27:06,487 - INFO - Train Loss: 3.7984, Train Acc: 0.2837
2025-09-13 22:27:06,488 - INFO - Val   Loss: 5.1470, Val   Acc: 0.3836
2025-09-13 22:27:06,489 - INFO -   -> No improvement (1/10)
2025-09-13 22:27:06,490 - INFO - [Epoch 8/50]
2025-09-13 22:27:06,922 - INFO - Train Loss: 3.6179, Train Acc: 0.3010
2025-09-13 22:27:06,923 - INFO - Val   Loss: 5.0827, Val   Acc: 0.3870
2025-09-13 22:27:06,957 - INFO -   -> Best fine-tuned model saved.
2025-09-13 22:27:06,957 - INFO - [Epoch 9/50]
2025-09-13 22:27:07,384 - INFO - Train Loss: 3.6016, Train Acc: 0.2941
2025-09-13 22:27:07,384 - INFO - Val   Loss: 5.0039, Val   Acc: 0.3938
2025-09-13 22:27:07,415 - INFO -   -> Best fine-tuned model saved.
2025-09-13 22:27:07,416 - INFO - [Epoch 10/50]
2025-09-13 22:27:07,866 - INFO - Train Loss: 3.4329, Train Acc: 0.3080
2025-09-13 22:27:07,866 - INFO - Val   Loss: 4.9109, Val   Acc: 0.4110
2025-09-13 22:27:07,897 - INFO -   -> Best fine-tuned model saved.
2025-09-13 22:27:07,897 - INFO - [Epoch 11/50]
2025-09-13 22:27:08,314 - INFO - Train Loss: 3.2451, Train Acc: 0.3391
2025-09-13 22:27:08,315 - INFO - Val   Loss: 4.8030, Val   Acc: 0.4247
2025-09-13 22:27:08,353 - INFO -   -> Best fine-tuned model saved.
2025-09-13 22:27:08,354 - INFO - [Epoch 12/50]
2025-09-13 22:27:08,779 - INFO - Train Loss: 3.1032, Train Acc: 0.3495
2025-09-13 22:27:08,780 - INFO - Val   Loss: 4.8030, Val   Acc: 0.4247
2025-09-13 22:27:08,782 - INFO -   -> No improvement (1/10)
2025-09-13 22:27:08,782 - INFO - [Epoch 13/50]
2025-09-13 22:27:09,205 - INFO - Train Loss: 3.1966, Train Acc: 0.3391
2025-09-13 22:27:09,205 - INFO - Val   Loss: 4.6753, Val   Acc: 0.4349
2025-09-13 22:27:09,260 - INFO -   -> Best fine-tuned model saved.
2025-09-13 22:27:09,261 - INFO - [Epoch 14/50]
2025-09-13 22:27:09,672 - INFO - Train Loss: 2.9319, Train Acc: 0.4014
2025-09-13 22:27:09,672 - INFO - Val   Loss: 4.5239, Val   Acc: 0.4418
2025-09-13 22:27:09,705 - INFO -   -> Best fine-tuned model saved.
2025-09-13 22:27:09,706 - INFO - [Epoch 15/50]
2025-09-13 22:27:10,143 - INFO - Train Loss: 2.6399, Train Acc: 0.4567
2025-09-13 22:27:10,143 - INFO - Val   Loss: 4.3146, Val   Acc: 0.4452
2025-09-13 22:27:10,170 - INFO -   -> Best fine-tuned model saved.
2025-09-13 22:27:10,171 - INFO - [Epoch 16/50]
2025-09-13 22:27:10,594 - INFO - Train Loss: 2.4730, Train Acc: 0.5121
2025-09-13 22:27:10,595 - INFO - Val   Loss: 3.9630, Val   Acc: 0.4452
2025-09-13 22:27:10,597 - INFO -   -> No improvement (1/10)
2025-09-13 22:27:10,597 - INFO - [Epoch 17/50]
2025-09-13 22:27:11,030 - INFO - Train Loss: 2.2402, Train Acc: 0.5398
2025-09-13 22:27:11,031 - INFO - Val   Loss: 3.9630, Val   Acc: 0.4452
2025-09-13 22:27:11,033 - INFO -   -> No improvement (2/10)
2025-09-13 22:27:11,033 - INFO - [Epoch 18/50]
2025-09-13 22:27:11,463 - INFO - Train Loss: 2.2016, Train Acc: 0.5640
2025-09-13 22:27:11,464 - INFO - Val   Loss: 3.2954, Val   Acc: 0.4486
2025-09-13 22:27:11,497 - INFO -   -> Best fine-tuned model saved.
2025-09-13 22:27:11,497 - INFO - [Epoch 19/50]
2025-09-13 22:27:11,912 - INFO - Train Loss: 1.9037, Train Acc: 0.5744
2025-09-13 22:27:11,912 - INFO - Val   Loss: 2.3838, Val   Acc: 0.4795
2025-09-13 22:27:11,968 - INFO -   -> Best fine-tuned model saved.
2025-09-13 22:27:11,968 - INFO - [Epoch 20/50]
2025-09-13 22:27:12,419 - INFO - Train Loss: 1.5523, Train Acc: 0.5986
2025-09-13 22:27:12,420 - INFO - Val   Loss: 1.7652, Val   Acc: 0.5445
2025-09-13 22:27:12,461 - INFO -   -> Best fine-tuned model saved.
2025-09-13 22:27:12,461 - INFO - [Epoch 21/50]
2025-09-13 22:27:12,907 - INFO - Train Loss: 1.1833, Train Acc: 0.6298
2025-09-13 22:27:12,907 - INFO - Val   Loss: 1.4545, Val   Acc: 0.6062
2025-09-13 22:27:12,937 - INFO -   -> Best fine-tuned model saved.
2025-09-13 22:27:12,937 - INFO - [Epoch 22/50]
2025-09-13 22:27:13,344 - INFO - Train Loss: 0.9200, Train Acc: 0.7336
2025-09-13 22:27:13,345 - INFO - Val   Loss: 1.3535, Val   Acc: 0.6164
2025-09-13 22:27:13,388 - INFO -   -> Best fine-tuned model saved.
2025-09-13 22:27:13,388 - INFO - [Epoch 23/50]
2025-09-13 22:27:13,811 - INFO - Train Loss: 0.8045, Train Acc: 0.7439
2025-09-13 22:27:13,812 - INFO - Val   Loss: 1.2864, Val   Acc: 0.5925
2025-09-13 22:27:13,813 - INFO -   -> No improvement (1/10)
2025-09-13 22:27:13,814 - INFO - [Epoch 24/50]
2025-09-13 22:27:14,238 - INFO - Train Loss: 0.7505, Train Acc: 0.7682
2025-09-13 22:27:14,238 - INFO - Val   Loss: 1.2039, Val   Acc: 0.5993
2025-09-13 22:27:14,238 - INFO -   -> No improvement (2/10)
2025-09-13 22:27:14,240 - INFO - [Epoch 25/50]
2025-09-13 22:27:14,665 - INFO - Train Loss: 0.7042, Train Acc: 0.7785
2025-09-13 22:27:14,666 - INFO - Val   Loss: 1.1506, Val   Acc: 0.6164
2025-09-13 22:27:14,668 - INFO -   -> No improvement (3/10)
2025-09-13 22:27:14,668 - INFO - [Epoch 26/50]
2025-09-13 22:27:15,066 - INFO - Train Loss: 0.6593, Train Acc: 0.7924
2025-09-13 22:27:15,066 - INFO - Val   Loss: 1.1396, Val   Acc: 0.6301
2025-09-13 22:27:15,096 - INFO -   -> Best fine-tuned model saved.
2025-09-13 22:27:15,096 - INFO - [Epoch 27/50]
2025-09-13 22:27:15,528 - INFO - Train Loss: 0.6313, Train Acc: 0.8028
2025-09-13 22:27:15,528 - INFO - Val   Loss: 1.1400, Val   Acc: 0.6199
2025-09-13 22:27:15,530 - INFO -   -> No improvement (1/10)
2025-09-13 22:27:15,530 - INFO - [Epoch 28/50]
2025-09-13 22:27:15,981 - INFO - Train Loss: 0.6035, Train Acc: 0.8131
2025-09-13 22:27:15,982 - INFO - Val   Loss: 1.1251, Val   Acc: 0.6096
2025-09-13 22:27:15,984 - INFO -   -> No improvement (2/10)
2025-09-13 22:27:15,985 - INFO - [Epoch 29/50]
2025-09-13 22:27:16,420 - INFO - Train Loss: 0.5952, Train Acc: 0.8304
2025-09-13 22:27:16,420 - INFO - Val   Loss: 1.1055, Val   Acc: 0.5993
2025-09-13 22:27:16,422 - INFO -   -> No improvement (3/10)
2025-09-13 22:27:16,423 - INFO - [Epoch 30/50]
2025-09-13 22:27:16,836 - INFO - Train Loss: 0.6065, Train Acc: 0.8131
2025-09-13 22:27:16,836 - INFO - Val   Loss: 1.0788, Val   Acc: 0.5890
2025-09-13 22:27:16,838 - INFO -   -> No improvement (4/10)
2025-09-13 22:27:16,838 - INFO - [Epoch 31/50]
2025-09-13 22:27:17,245 - INFO - Train Loss: 0.5894, Train Acc: 0.8131
2025-09-13 22:27:17,245 - INFO - Val   Loss: 1.0397, Val   Acc: 0.5890
2025-09-13 22:27:17,247 - INFO -   -> No improvement (5/10)
2025-09-13 22:27:17,247 - INFO - [Epoch 32/50]
2025-09-13 22:27:17,666 - INFO - Train Loss: 0.5838, Train Acc: 0.8062
2025-09-13 22:27:17,666 - INFO - Val   Loss: 0.9896, Val   Acc: 0.5925
2025-09-13 22:27:17,668 - INFO -   -> No improvement (6/10)
2025-09-13 22:27:17,669 - INFO - [Epoch 33/50]
2025-09-13 22:27:18,077 - INFO - Train Loss: 0.5486, Train Acc: 0.8166
2025-09-13 22:27:18,077 - INFO - Val   Loss: 0.9365, Val   Acc: 0.5993
2025-09-13 22:27:18,079 - INFO -   -> No improvement (7/10)
2025-09-13 22:27:18,080 - INFO - [Epoch 34/50]
2025-09-13 22:27:18,525 - INFO - Train Loss: 0.5408, Train Acc: 0.8062
2025-09-13 22:27:18,525 - INFO - Val   Loss: 0.8959, Val   Acc: 0.6233
2025-09-13 22:27:18,527 - INFO -   -> No improvement (8/10)
2025-09-13 22:27:18,527 - INFO - [Epoch 35/50]
2025-09-13 22:27:18,961 - INFO - Train Loss: 0.4921, Train Acc: 0.8201
2025-09-13 22:27:18,962 - INFO - Val   Loss: 0.8752, Val   Acc: 0.6370
2025-09-13 22:27:18,994 - INFO -   -> Best fine-tuned model saved.
2025-09-13 22:27:18,995 - INFO - [Epoch 36/50]
2025-09-13 22:27:19,439 - INFO - Train Loss: 0.4791, Train Acc: 0.8062
2025-09-13 22:27:19,439 - INFO - Val   Loss: 0.8775, Val   Acc: 0.6473
2025-09-13 22:27:19,468 - INFO -   -> Best fine-tuned model saved.
2025-09-13 22:27:19,469 - INFO - [Epoch 37/50]
2025-09-13 22:27:19,891 - INFO - Train Loss: 0.4782, Train Acc: 0.8028
2025-09-13 22:27:19,891 - INFO - Val   Loss: 0.9052, Val   Acc: 0.6233
2025-09-13 22:27:19,893 - INFO -   -> No improvement (1/10)
2025-09-13 22:27:19,894 - INFO - [Epoch 38/50]
2025-09-13 22:27:20,334 - INFO - Train Loss: 0.4377, Train Acc: 0.8235
2025-09-13 22:27:20,335 - INFO - Val   Loss: 0.9635, Val   Acc: 0.6130
2025-09-13 22:27:20,337 - INFO -   -> No improvement (2/10)
2025-09-13 22:27:20,337 - INFO - [Epoch 39/50]
2025-09-13 22:27:20,770 - INFO - Train Loss: 0.4209, Train Acc: 0.8304
2025-09-13 22:27:20,770 - INFO - Val   Loss: 1.0381, Val   Acc: 0.5890
2025-09-13 22:27:20,772 - INFO -   -> No improvement (3/10)
2025-09-13 22:27:20,773 - INFO - [Epoch 40/50]
2025-09-13 22:27:21,195 - INFO - Train Loss: 0.4179, Train Acc: 0.8235
2025-09-13 22:27:21,195 - INFO - Val   Loss: 1.1102, Val   Acc: 0.5788
2025-09-13 22:27:21,195 - INFO -   -> No improvement (4/10)
2025-09-13 22:27:21,197 - INFO - [Epoch 41/50]
2025-09-13 22:27:21,625 - INFO - Train Loss: 0.3847, Train Acc: 0.8339
2025-09-13 22:27:21,626 - INFO - Val   Loss: 1.1392, Val   Acc: 0.5753
2025-09-13 22:27:21,628 - INFO -   -> No improvement (5/10)
2025-09-13 22:27:21,628 - INFO - [Epoch 42/50]
2025-09-13 22:27:22,085 - INFO - Train Loss: 0.3596, Train Acc: 0.8443
2025-09-13 22:27:22,086 - INFO - Val   Loss: 1.1253, Val   Acc: 0.6027
2025-09-13 22:27:22,087 - INFO -   -> No improvement (6/10)
2025-09-13 22:27:22,088 - INFO - [Epoch 43/50]
2025-09-13 22:27:22,514 - INFO - Train Loss: 0.3284, Train Acc: 0.8512
2025-09-13 22:27:22,514 - INFO - Val   Loss: 1.0838, Val   Acc: 0.6164
2025-09-13 22:27:22,514 - INFO -   -> No improvement (7/10)
2025-09-13 22:27:22,516 - INFO - [Epoch 44/50]
2025-09-13 22:27:22,967 - INFO - Train Loss: 0.3066, Train Acc: 0.8720
2025-09-13 22:27:22,967 - INFO - Val   Loss: 1.0376, Val   Acc: 0.6336
2025-09-13 22:27:22,969 - INFO -   -> No improvement (8/10)
2025-09-13 22:27:22,969 - INFO - [Epoch 45/50]
2025-09-13 22:27:23,367 - INFO - Train Loss: 0.3184, Train Acc: 0.8616
2025-09-13 22:27:23,367 - INFO - Val   Loss: 1.1217, Val   Acc: 0.6370
2025-09-13 22:27:23,367 - INFO -   -> No improvement (9/10)
2025-09-13 22:27:23,369 - INFO - [Epoch 46/50]
2025-09-13 22:27:23,763 - INFO - Train Loss: 0.2751, Train Acc: 0.8962
2025-09-13 22:27:23,764 - INFO - Val   Loss: 1.3575, Val   Acc: 0.6096
2025-09-13 22:27:23,765 - INFO -   -> No improvement (10/10)
2025-09-13 22:27:23,766 - INFO - Early stopping triggered.
2025-09-13 22:27:23,766 - INFO - 
Loading best fine-tuned model from /data/A-SpeedTransformer/models/transformer/experiments/miniprogram_finetune/tune_lr5e-4_warmup100_freeze_embeddings/best_model.pth for final evaluation...
2025-09-13 22:27:24,361 - INFO - Test Loss: 0.5599, Test Accuracy: 0.7720
2025-09-13 22:27:24,372 - INFO - Classification Report:
              precision    recall  f1-score   support

        bike       0.09      0.13      0.11        63
         bus       0.80      0.38      0.52       288
         car       0.89      0.98      0.93       467
       train       0.88      0.24      0.38        29
        walk       0.76      1.00      0.87       311

    accuracy                           0.77      1158
   macro avg       0.68      0.55      0.56      1158
weighted avg       0.79      0.77      0.75      1158

2025-09-13 22:27:24,885 - INFO - Saved confusion_matrix_finetune.png
/data/A-SpeedTransformer/models/transformer/model_utils.py:349: FutureWarning: `torch.cuda.amp.autocast(args...)` is deprecated. Please use `torch.amp.autocast('cuda', args...)` instead.
  with torch.cuda.amp.autocast(enabled=self.scaler is not None):
