2025-09-13 22:29:54,304 - INFO - Initializing DataProcessor for fine-tuning...
Extracting unique trajectory IDs...
Reading traj_ids: 0it [00:00, ?it/s]Reading traj_ids: 1it [00:00, 19.82it/s]
Total unique traj_ids found: 629
Splitting traj_ids into train, validation, and test sets...
Train: 313, Val: 126, Test: 190
Fitting label encoder on target column...
Reading labels for encoding: 0it [00:00, ?it/s]Reading labels for encoding: 1it [00:00, 23.86it/s]
Classes found: ['bike' 'bus' 'car' 'train' 'walk']
Fitting scaler on training features...
Reading training features for scaling: 0it [00:00, ?it/s]Reading training features for scaling: 1it [00:00, 17.75it/s]
Scaler fitting completed.
Creating sequences in sliding windows...
Processing chunks: 0it [00:00, ?it/s]Processing chunks: 1it [00:00,  3.01it/s]Processing chunks: 1it [00:00,  3.00it/s]
Train: 836, Val: 349, Test: 554
Skipped sequences (zero length): 0
Creating sequences in sliding windows...
Processing chunks: 0it [00:00, ?it/s]Processing chunks: 1it [00:00,  3.05it/s]Processing chunks: 1it [00:00,  3.04it/s]Train: 836, Val: 349, Test: 554
Skipped sequences (zero length): 0
2025-09-13 22:29:57,590 - INFO - Loading pretrained model from: /data/A-SpeedTransformer/models/transformer/experiments/mobis_transformer_sweeps/mobis_lr1e-4_bs512_h8_d128_kv4_do0.1/mobis_lr1e-4_bs512_h8_d128_kv4_do0.1/best_model.pth
2025-09-13 22:29:57,605 - INFO - [Epoch 1/50]

/data/A-SpeedTransformer/models/transformer/model_utils.py:231: FutureWarning: `torch.cuda.amp.GradScaler(args...)` is deprecated. Please use `torch.amp.GradScaler('cuda', args...)` instead.
  self.scaler = torch.cuda.amp.GradScaler() if (use_amp and torch.cuda.is_available()) else None
/data/A-SpeedTransformer/models/transformer/model_utils.py:361: FutureWarning: You are using `torch.load` with `weights_only=False` (the current default value), which uses the default pickle module implicitly. It is possible to construct malicious pickle data which will execute arbitrary code during unpickling (See https://github.com/pytorch/pytorch/blob/main/SECURITY.md#untrusted-models for more details). In a future release, the default value for `weights_only` will be flipped to `True`. This limits the functions that could be executed during unpickling. Arbitrary objects will no longer be allowed to be loaded via this mode unless they are explicitly allowlisted by the user via `torch.serialization.add_safe_globals`. We recommend you start setting `weights_only=True` for any use case where you don't have full control of the loaded file. Please open an issue on GitHub for any issues related to this experimental feature.
  state = torch.load(path, map_location=self.device)
/data/A-SpeedTransformer/models/transformer/model_utils.py:289: FutureWarning: `torch.cuda.amp.autocast(args...)` is deprecated. Please use `torch.amp.autocast('cuda', args...)` instead.
  with torch.cuda.amp.autocast():
2025-09-13 22:29:58,415 - INFO - Train Loss: 1.1176, Train Acc: 0.6507
2025-09-13 22:29:58,415 - INFO - Val   Loss: 1.5715, Val   Acc: 0.6160
2025-09-13 22:29:58,456 - INFO -   -> Best fine-tuned model saved.
2025-09-13 22:29:58,456 - INFO - [Epoch 2/50]
/data/A-SpeedTransformer/models/transformer/model_utils.py:326: FutureWarning: `torch.cuda.amp.autocast(args...)` is deprecated. Please use `torch.amp.autocast('cuda', args...)` instead.
  with torch.cuda.amp.autocast(enabled=self.scaler is not None):
2025-09-13 22:29:59,088 - INFO - Train Loss: 1.1088, Train Acc: 0.6567
2025-09-13 22:29:59,088 - INFO - Val   Loss: 1.4384, Val   Acc: 0.6905
2025-09-13 22:29:59,115 - INFO -   -> Best fine-tuned model saved.
2025-09-13 22:29:59,115 - INFO - [Epoch 3/50]
2025-09-13 22:29:59,728 - INFO - Train Loss: 0.6503, Train Acc: 0.8170
2025-09-13 22:29:59,729 - INFO - Val   Loss: 1.1970, Val   Acc: 0.7278
2025-09-13 22:29:59,765 - INFO -   -> Best fine-tuned model saved.
2025-09-13 22:29:59,766 - INFO - [Epoch 4/50]
2025-09-13 22:30:00,433 - INFO - Train Loss: 0.5097, Train Acc: 0.8361
2025-09-13 22:30:00,433 - INFO - Val   Loss: 0.9711, Val   Acc: 0.7335
2025-09-13 22:30:00,463 - INFO -   -> Best fine-tuned model saved.
2025-09-13 22:30:00,464 - INFO - [Epoch 5/50]
2025-09-13 22:30:01,159 - INFO - Train Loss: 0.4492, Train Acc: 0.8493
2025-09-13 22:30:01,159 - INFO - Val   Loss: 0.8813, Val   Acc: 0.7421
2025-09-13 22:30:01,193 - INFO -   -> Best fine-tuned model saved.
2025-09-13 22:30:01,194 - INFO - [Epoch 6/50]
2025-09-13 22:30:01,932 - INFO - Train Loss: 0.4220, Train Acc: 0.8553
2025-09-13 22:30:01,932 - INFO - Val   Loss: 0.8881, Val   Acc: 0.7421
2025-09-13 22:30:01,934 - INFO -   -> No improvement (1/10)
2025-09-13 22:30:01,935 - INFO - [Epoch 7/50]
2025-09-13 22:30:02,556 - INFO - Train Loss: 0.3692, Train Acc: 0.8624
2025-09-13 22:30:02,557 - INFO - Val   Loss: 0.7573, Val   Acc: 0.7450
2025-09-13 22:30:02,594 - INFO -   -> Best fine-tuned model saved.
2025-09-13 22:30:02,594 - INFO - [Epoch 8/50]
2025-09-13 22:30:03,233 - INFO - Train Loss: 0.3607, Train Acc: 0.8589
2025-09-13 22:30:03,234 - INFO - Val   Loss: 0.7692, Val   Acc: 0.7479
2025-09-13 22:30:03,265 - INFO -   -> Best fine-tuned model saved.
2025-09-13 22:30:03,266 - INFO - [Epoch 9/50]
2025-09-13 22:30:03,877 - INFO - Train Loss: 0.3398, Train Acc: 0.8792
2025-09-13 22:30:03,878 - INFO - Val   Loss: 0.8038, Val   Acc: 0.7393
2025-09-13 22:30:03,880 - INFO -   -> No improvement (1/10)
2025-09-13 22:30:03,880 - INFO - [Epoch 10/50]
2025-09-13 22:30:04,485 - INFO - Train Loss: 0.3191, Train Acc: 0.8804
2025-09-13 22:30:04,486 - INFO - Val   Loss: 0.7737, Val   Acc: 0.7421
2025-09-13 22:30:04,486 - INFO -   -> No improvement (2/10)
2025-09-13 22:30:04,486 - INFO - [Epoch 11/50]
2025-09-13 22:30:05,103 - INFO - Train Loss: 0.2972, Train Acc: 0.8828
2025-09-13 22:30:05,103 - INFO - Val   Loss: 0.6889, Val   Acc: 0.7564
2025-09-13 22:30:05,130 - INFO -   -> Best fine-tuned model saved.
2025-09-13 22:30:05,130 - INFO - [Epoch 12/50]
2025-09-13 22:30:05,753 - INFO - Train Loss: 0.2812, Train Acc: 0.8900
2025-09-13 22:30:05,754 - INFO - Val   Loss: 0.7878, Val   Acc: 0.7564
2025-09-13 22:30:05,756 - INFO -   -> No improvement (1/10)
2025-09-13 22:30:05,756 - INFO - [Epoch 13/50]
2025-09-13 22:30:06,469 - INFO - Train Loss: 0.2733, Train Acc: 0.8852
2025-09-13 22:30:06,469 - INFO - Val   Loss: 0.8589, Val   Acc: 0.7564
2025-09-13 22:30:06,469 - INFO -   -> No improvement (2/10)
2025-09-13 22:30:06,470 - INFO - [Epoch 14/50]
2025-09-13 22:30:07,132 - INFO - Train Loss: 0.2628, Train Acc: 0.8852
2025-09-13 22:30:07,132 - INFO - Val   Loss: 0.6755, Val   Acc: 0.7851
2025-09-13 22:30:07,163 - INFO -   -> Best fine-tuned model saved.
2025-09-13 22:30:07,164 - INFO - [Epoch 15/50]
2025-09-13 22:30:07,810 - INFO - Train Loss: 0.2622, Train Acc: 0.8900
2025-09-13 22:30:07,811 - INFO - Val   Loss: 0.6799, Val   Acc: 0.7880
2025-09-13 22:30:07,841 - INFO -   -> Best fine-tuned model saved.
2025-09-13 22:30:07,841 - INFO - [Epoch 16/50]
2025-09-13 22:30:08,508 - INFO - Train Loss: 0.2449, Train Acc: 0.9031
2025-09-13 22:30:08,508 - INFO - Val   Loss: 0.9351, Val   Acc: 0.7450
2025-09-13 22:30:08,508 - INFO -   -> No improvement (1/10)
2025-09-13 22:30:08,508 - INFO - [Epoch 17/50]
2025-09-13 22:30:09,119 - INFO - Train Loss: 0.2513, Train Acc: 0.9055
2025-09-13 22:30:09,120 - INFO - Val   Loss: 0.7948, Val   Acc: 0.7937
2025-09-13 22:30:09,169 - INFO -   -> Best fine-tuned model saved.
2025-09-13 22:30:09,170 - INFO - [Epoch 18/50]
2025-09-13 22:30:09,814 - INFO - Train Loss: 0.2373, Train Acc: 0.9007
2025-09-13 22:30:09,814 - INFO - Val   Loss: 0.6560, Val   Acc: 0.8138
2025-09-13 22:30:09,846 - INFO -   -> Best fine-tuned model saved.
2025-09-13 22:30:09,847 - INFO - [Epoch 19/50]
2025-09-13 22:30:10,513 - INFO - Train Loss: 0.2020, Train Acc: 0.9187
2025-09-13 22:30:10,513 - INFO - Val   Loss: 0.7831, Val   Acc: 0.7765
2025-09-13 22:30:10,515 - INFO -   -> No improvement (1/10)
2025-09-13 22:30:10,516 - INFO - [Epoch 20/50]
2025-09-13 22:30:11,268 - INFO - Train Loss: 0.2134, Train Acc: 0.9211
2025-09-13 22:30:11,269 - INFO - Val   Loss: 0.5929, Val   Acc: 0.8453
2025-09-13 22:30:11,301 - INFO -   -> Best fine-tuned model saved.
2025-09-13 22:30:11,302 - INFO - [Epoch 21/50]
2025-09-13 22:30:12,032 - INFO - Train Loss: 0.1884, Train Acc: 0.9139
2025-09-13 22:30:12,032 - INFO - Val   Loss: 0.6403, Val   Acc: 0.8367
2025-09-13 22:30:12,032 - INFO -   -> No improvement (1/10)
2025-09-13 22:30:12,032 - INFO - [Epoch 22/50]
2025-09-13 22:30:12,677 - INFO - Train Loss: 0.1897, Train Acc: 0.9234
2025-09-13 22:30:12,677 - INFO - Val   Loss: 0.9608, Val   Acc: 0.7794
2025-09-13 22:30:12,678 - INFO -   -> No improvement (2/10)
2025-09-13 22:30:12,680 - INFO - [Epoch 23/50]
2025-09-13 22:30:13,400 - INFO - Train Loss: 0.1938, Train Acc: 0.9222
2025-09-13 22:30:13,401 - INFO - Val   Loss: 0.5532, Val   Acc: 0.8596
2025-09-13 22:30:13,442 - INFO -   -> Best fine-tuned model saved.
2025-09-13 22:30:13,443 - INFO - [Epoch 24/50]
2025-09-13 22:30:14,127 - INFO - Train Loss: 0.1661, Train Acc: 0.9318
2025-09-13 22:30:14,128 - INFO - Val   Loss: 0.7475, Val   Acc: 0.8023
2025-09-13 22:30:14,130 - INFO -   -> No improvement (1/10)
2025-09-13 22:30:14,131 - INFO - [Epoch 25/50]
2025-09-13 22:30:14,787 - INFO - Train Loss: 0.1560, Train Acc: 0.9426
2025-09-13 22:30:14,788 - INFO - Val   Loss: 0.6043, Val   Acc: 0.8739
2025-09-13 22:30:14,815 - INFO -   -> Best fine-tuned model saved.
2025-09-13 22:30:14,815 - INFO - [Epoch 26/50]
2025-09-13 22:30:15,456 - INFO - Train Loss: 0.1463, Train Acc: 0.9366
2025-09-13 22:30:15,456 - INFO - Val   Loss: 0.7382, Val   Acc: 0.8109
2025-09-13 22:30:15,456 - INFO -   -> No improvement (1/10)
2025-09-13 22:30:15,456 - INFO - [Epoch 27/50]
2025-09-13 22:30:16,118 - INFO - Train Loss: 0.1522, Train Acc: 0.9474
2025-09-13 22:30:16,118 - INFO - Val   Loss: 0.5792, Val   Acc: 0.8711
2025-09-13 22:30:16,121 - INFO -   -> No improvement (2/10)
2025-09-13 22:30:16,121 - INFO - [Epoch 28/50]
2025-09-13 22:30:16,755 - INFO - Train Loss: 0.1731, Train Acc: 0.9234
2025-09-13 22:30:16,755 - INFO - Val   Loss: 1.2170, Val   Acc: 0.7794
2025-09-13 22:30:16,758 - INFO -   -> No improvement (3/10)
2025-09-13 22:30:16,758 - INFO - [Epoch 29/50]
2025-09-13 22:30:17,408 - INFO - Train Loss: 0.2672, Train Acc: 0.8816
2025-09-13 22:30:17,408 - INFO - Val   Loss: 0.6495, Val   Acc: 0.8539
2025-09-13 22:30:17,411 - INFO -   -> No improvement (4/10)
2025-09-13 22:30:17,411 - INFO - [Epoch 30/50]
2025-09-13 22:30:18,059 - INFO - Train Loss: 0.2081, Train Acc: 0.9211
2025-09-13 22:30:18,059 - INFO - Val   Loss: 1.4902, Val   Acc: 0.7650
2025-09-13 22:30:18,061 - INFO -   -> No improvement (5/10)
2025-09-13 22:30:18,062 - INFO - [Epoch 31/50]
2025-09-13 22:30:18,751 - INFO - Train Loss: 0.7056, Train Acc: 0.7584
2025-09-13 22:30:18,751 - INFO - Val   Loss: 0.5648, Val   Acc: 0.8625
2025-09-13 22:30:18,751 - INFO -   -> No improvement (6/10)
2025-09-13 22:30:18,752 - INFO - [Epoch 32/50]
2025-09-13 22:30:19,434 - INFO - Train Loss: 0.2450, Train Acc: 0.9258
2025-09-13 22:30:19,435 - INFO - Val   Loss: 0.8222, Val   Acc: 0.8023
2025-09-13 22:30:19,437 - INFO -   -> No improvement (7/10)
2025-09-13 22:30:19,437 - INFO - [Epoch 33/50]
2025-09-13 22:30:20,069 - INFO - Train Loss: 0.2589, Train Acc: 0.9151
2025-09-13 22:30:20,070 - INFO - Val   Loss: 0.9853, Val   Acc: 0.7966
2025-09-13 22:30:20,070 - INFO -   -> No improvement (8/10)
2025-09-13 22:30:20,070 - INFO - [Epoch 34/50]
2025-09-13 22:30:20,712 - INFO - Train Loss: 0.1991, Train Acc: 0.9414
2025-09-13 22:30:20,712 - INFO - Val   Loss: 0.6982, Val   Acc: 0.8596
2025-09-13 22:30:20,714 - INFO -   -> No improvement (9/10)
2025-09-13 22:30:20,715 - INFO - [Epoch 35/50]
2025-09-13 22:30:21,359 - INFO - Train Loss: 0.1836, Train Acc: 0.9258
2025-09-13 22:30:21,359 - INFO - Val   Loss: 0.5852, Val   Acc: 0.8711
2025-09-13 22:30:21,359 - INFO -   -> No improvement (10/10)
2025-09-13 22:30:21,359 - INFO - Early stopping triggered.
2025-09-13 22:30:21,361 - INFO - 
Loading best fine-tuned model from /data/A-SpeedTransformer/models/transformer/experiments/miniprogram_finetune/final_50pct_313trips_lr5e-4_warmup0_none/best_model.pth for final evaluation...
2025-09-13 22:30:21,886 - INFO - Test Loss: 0.2243, Test Accuracy: 0.9422
2025-09-13 22:30:21,896 - INFO - Classification Report:
              precision    recall  f1-score   support

        bike       0.75      0.50      0.60         6
         bus       0.94      0.88      0.91       121
         car       0.94      0.96      0.95       226
       train       0.71      0.77      0.74        13
        walk       0.96      0.99      0.98       188

    accuracy                           0.94       554
   macro avg       0.86      0.82      0.83       554
weighted avg       0.94      0.94      0.94       554

2025-09-13 22:30:22,400 - INFO - Saved confusion_matrix_finetune.png
/data/A-SpeedTransformer/models/transformer/model_utils.py:349: FutureWarning: `torch.cuda.amp.autocast(args...)` is deprecated. Please use `torch.amp.autocast('cuda', args...)` instead.
  with torch.cuda.amp.autocast(enabled=self.scaler is not None):
