2025-09-06 21:25:55,186 - INFO - Setting random seed to 316
2025-09-06 21:25:55,186 - INFO - DDP world_size=1 local_rank=0
2025-09-06 21:25:55,194 - INFO - Initializing DataProcessor...
2025-09-06 21:26:06,193 - INFO - Scaler saved to /data/A-SpeedTransformer/models/transformer_/experiments/geolife_window_sweeps/geolife_ws200_lr2e-4_bs512_h8_d128_kv4_do0.1/geolife_ws200_lr2e-4_bs512_h8_d128_kv4_do0.1/scaler.joblib
2025-09-06 21:26:06,193 - INFO - Label encoder saved to /data/A-SpeedTransformer/models/transformer_/experiments/geolife_window_sweeps/geolife_ws200_lr2e-4_bs512_h8_d128_kv4_do0.1/geolife_ws200_lr2e-4_bs512_h8_d128_kv4_do0.1/label_encoder.joblib
2025-09-06 21:26:06,193 - INFO - Datasets and DataLoaders ready (DDP-aware).
2025-09-06 21:26:06,194 - INFO - Initializing TrajectoryModel...
2025-09-06 21:26:09,816 - INFO - Model initialization completed.
2025-09-06 21:26:09,816 - INFO - Starting training loop...
2025-09-06 21:26:30,473 - INFO - [Epoch 1/50] Train Loss: 0.8239, Train Acc: 0.6980, Val Loss: 0.6968, Val Acc: 0.7920
2025-09-06 21:26:30,530 - INFO -   -> Best model saved
2025-09-06 21:26:50,854 - INFO - [Epoch 2/50] Train Loss: 0.6393, Train Acc: 0.7743, Val Loss: 0.8105, Val Acc: 0.7118
2025-09-06 21:26:50,855 - INFO -   -> No improvement (1/7)
2025-09-06 21:27:11,208 - INFO - [Epoch 3/50] Train Loss: 0.5919, Train Acc: 0.7934, Val Loss: 0.5430, Val Acc: 0.8305
2025-09-06 21:27:11,242 - INFO -   -> Best model saved
2025-09-06 21:27:31,633 - INFO - [Epoch 4/50] Train Loss: 0.5557, Train Acc: 0.8104, Val Loss: 0.5072, Val Acc: 0.8328
2025-09-06 21:27:31,665 - INFO -   -> Best model saved
2025-09-06 21:27:52,094 - INFO - [Epoch 5/50] Train Loss: 0.5316, Train Acc: 0.8202, Val Loss: 0.4772, Val Acc: 0.8404
2025-09-06 21:27:52,145 - INFO -   -> Best model saved
2025-09-06 21:28:12,533 - INFO - [Epoch 6/50] Train Loss: 0.5147, Train Acc: 0.8257, Val Loss: 0.4359, Val Acc: 0.8576
2025-09-06 21:28:12,572 - INFO -   -> Best model saved
2025-09-06 21:28:38,009 - INFO - [Epoch 7/50] Train Loss: 0.4802, Train Acc: 0.8407, Val Loss: 0.4424, Val Acc: 0.8536
2025-09-06 21:28:38,010 - INFO -   -> No improvement (1/7)
2025-09-06 21:29:17,033 - INFO - [Epoch 8/50] Train Loss: 0.4579, Train Acc: 0.8476, Val Loss: 0.4090, Val Acc: 0.8698
2025-09-06 21:29:17,100 - INFO -   -> Best model saved
2025-09-06 21:29:53,622 - INFO - [Epoch 9/50] Train Loss: 0.4489, Train Acc: 0.8521, Val Loss: 0.3814, Val Acc: 0.8800
2025-09-06 21:29:53,696 - INFO -   -> Best model saved
2025-09-06 21:30:14,061 - INFO - [Epoch 10/50] Train Loss: 0.4135, Train Acc: 0.8635, Val Loss: 0.4024, Val Acc: 0.8743
2025-09-06 21:30:14,061 - INFO -   -> No improvement (1/7)
2025-09-06 21:30:34,373 - INFO - [Epoch 11/50] Train Loss: 0.3963, Train Acc: 0.8700, Val Loss: 0.3720, Val Acc: 0.8840
2025-09-06 21:30:34,411 - INFO -   -> Best model saved
2025-09-06 21:30:54,592 - INFO - [Epoch 12/50] Train Loss: 0.3879, Train Acc: 0.8739, Val Loss: 0.3822, Val Acc: 0.8939
2025-09-06 21:30:54,593 - INFO -   -> No improvement (1/7)
2025-09-06 21:31:14,898 - INFO - [Epoch 13/50] Train Loss: 0.3659, Train Acc: 0.8810, Val Loss: 0.4114, Val Acc: 0.8740
2025-09-06 21:31:14,899 - INFO -   -> No improvement (2/7)
2025-09-06 21:31:35,213 - INFO - [Epoch 14/50] Train Loss: 0.3579, Train Acc: 0.8837, Val Loss: 0.4131, Val Acc: 0.8708
2025-09-06 21:31:35,214 - INFO -   -> No improvement (3/7)
2025-09-06 21:31:55,702 - INFO - [Epoch 15/50] Train Loss: 0.3465, Train Acc: 0.8871, Val Loss: 0.2974, Val Acc: 0.9120
2025-09-06 21:31:55,740 - INFO -   -> Best model saved
2025-09-06 21:32:16,015 - INFO - [Epoch 16/50] Train Loss: 0.3371, Train Acc: 0.8898, Val Loss: 0.3294, Val Acc: 0.9018
2025-09-06 21:32:16,015 - INFO -   -> No improvement (1/7)
2025-09-06 21:32:36,334 - INFO - [Epoch 17/50] Train Loss: 0.3267, Train Acc: 0.8933, Val Loss: 0.2826, Val Acc: 0.9164
2025-09-06 21:32:36,399 - INFO -   -> Best model saved
2025-09-06 21:33:12,536 - INFO - [Epoch 18/50] Train Loss: 0.3246, Train Acc: 0.8936, Val Loss: 0.3035, Val Acc: 0.9150
2025-09-06 21:33:12,537 - INFO -   -> No improvement (1/7)
2025-09-06 21:33:51,093 - INFO - [Epoch 19/50] Train Loss: 0.3131, Train Acc: 0.8983, Val Loss: 0.2956, Val Acc: 0.9164
2025-09-06 21:33:51,095 - INFO -   -> No improvement (2/7)
2025-09-06 21:34:29,879 - INFO - [Epoch 20/50] Train Loss: 0.3171, Train Acc: 0.8964, Val Loss: 0.2892, Val Acc: 0.9158
2025-09-06 21:34:29,879 - INFO -   -> No improvement (3/7)
2025-09-06 21:35:08,180 - INFO - [Epoch 21/50] Train Loss: 0.3104, Train Acc: 0.8986, Val Loss: 0.3003, Val Acc: 0.9116
2025-09-06 21:35:08,180 - INFO -   -> No improvement (4/7)
2025-09-06 21:35:47,152 - INFO - [Epoch 22/50] Train Loss: 0.3183, Train Acc: 0.8957, Val Loss: 0.2751, Val Acc: 0.9215
2025-09-06 21:35:47,191 - INFO -   -> Best model saved
2025-09-06 21:36:26,350 - INFO - [Epoch 23/50] Train Loss: 0.3151, Train Acc: 0.8966, Val Loss: 0.2856, Val Acc: 0.9122
2025-09-06 21:36:26,350 - INFO -   -> No improvement (1/7)
2025-09-06 21:37:06,563 - INFO - [Epoch 24/50] Train Loss: 0.3002, Train Acc: 0.9023, Val Loss: 0.2684, Val Acc: 0.9232
2025-09-06 21:37:06,605 - INFO -   -> Best model saved
2025-09-06 21:37:28,416 - INFO - [Epoch 25/50] Train Loss: 0.2948, Train Acc: 0.9036, Val Loss: 0.2819, Val Acc: 0.9207
2025-09-06 21:37:28,417 - INFO -   -> No improvement (1/7)
2025-09-06 21:37:49,177 - INFO - [Epoch 26/50] Train Loss: 0.2847, Train Acc: 0.9078, Val Loss: 0.2717, Val Acc: 0.9236
2025-09-06 21:37:49,178 - INFO -   -> No improvement (2/7)
2025-09-06 21:38:28,182 - INFO - [Epoch 27/50] Train Loss: 0.2906, Train Acc: 0.9056, Val Loss: 0.6920, Val Acc: 0.8261
2025-09-06 21:38:28,183 - INFO -   -> No improvement (3/7)
2025-09-06 21:39:07,514 - INFO - [Epoch 28/50] Train Loss: 0.2915, Train Acc: 0.9061, Val Loss: 0.2667, Val Acc: 0.9264
2025-09-06 21:39:07,548 - INFO -   -> Best model saved
2025-09-06 21:39:34,612 - INFO - [Epoch 29/50] Train Loss: 0.2782, Train Acc: 0.9100, Val Loss: 0.2654, Val Acc: 0.9258
2025-09-06 21:39:34,655 - INFO -   -> Best model saved
2025-09-06 21:39:54,986 - INFO - [Epoch 30/50] Train Loss: 0.2787, Train Acc: 0.9113, Val Loss: 0.2456, Val Acc: 0.9309
2025-09-06 21:39:55,021 - INFO -   -> Best model saved
2025-09-06 21:40:15,415 - INFO - [Epoch 31/50] Train Loss: 0.2802, Train Acc: 0.9098, Val Loss: 0.2461, Val Acc: 0.9330
2025-09-06 21:40:15,416 - INFO -   -> No improvement (1/7)
2025-09-06 21:40:35,746 - INFO - [Epoch 32/50] Train Loss: 0.2683, Train Acc: 0.9134, Val Loss: 0.2469, Val Acc: 0.9294
2025-09-06 21:40:35,747 - INFO -   -> No improvement (2/7)
2025-09-06 21:40:56,091 - INFO - [Epoch 33/50] Train Loss: 0.2638, Train Acc: 0.9152, Val Loss: 0.2558, Val Acc: 0.9280
2025-09-06 21:40:56,091 - INFO -   -> No improvement (3/7)
2025-09-06 21:41:16,528 - INFO - [Epoch 34/50] Train Loss: 0.2791, Train Acc: 0.9104, Val Loss: 0.2560, Val Acc: 0.9280
2025-09-06 21:41:16,529 - INFO -   -> No improvement (4/7)
2025-09-06 21:41:36,837 - INFO - [Epoch 35/50] Train Loss: 0.2655, Train Acc: 0.9144, Val Loss: 0.2586, Val Acc: 0.9314
2025-09-06 21:41:36,837 - INFO -   -> No improvement (5/7)
2025-09-06 21:41:57,144 - INFO - [Epoch 36/50] Train Loss: 0.2765, Train Acc: 0.9101, Val Loss: 0.2443, Val Acc: 0.9339
2025-09-06 21:41:57,193 - INFO -   -> Best model saved
2025-09-06 21:42:17,596 - INFO - [Epoch 37/50] Train Loss: 0.2606, Train Acc: 0.9162, Val Loss: 0.2471, Val Acc: 0.9322
2025-09-06 21:42:17,597 - INFO -   -> No improvement (1/7)
2025-09-06 21:42:37,817 - INFO - [Epoch 38/50] Train Loss: 0.2555, Train Acc: 0.9176, Val Loss: 0.2963, Val Acc: 0.9107
2025-09-06 21:42:37,817 - INFO -   -> No improvement (2/7)
2025-09-06 21:42:58,106 - INFO - [Epoch 39/50] Train Loss: 0.2467, Train Acc: 0.9205, Val Loss: 0.2381, Val Acc: 0.9339
2025-09-06 21:42:58,160 - INFO -   -> Best model saved
2025-09-06 21:43:18,559 - INFO - [Epoch 40/50] Train Loss: 0.2540, Train Acc: 0.9198, Val Loss: 0.2458, Val Acc: 0.9346
2025-09-06 21:43:18,559 - INFO -   -> No improvement (1/7)
2025-09-06 21:43:38,951 - INFO - [Epoch 41/50] Train Loss: 0.2526, Train Acc: 0.9186, Val Loss: 0.2468, Val Acc: 0.9330
2025-09-06 21:43:38,951 - INFO -   -> No improvement (2/7)
2025-09-06 21:43:59,284 - INFO - [Epoch 42/50] Train Loss: 0.2424, Train Acc: 0.9223, Val Loss: 0.2408, Val Acc: 0.9340
2025-09-06 21:43:59,284 - INFO -   -> No improvement (3/7)
2025-09-06 21:44:19,685 - INFO - [Epoch 43/50] Train Loss: 0.2545, Train Acc: 0.9189, Val Loss: 0.2353, Val Acc: 0.9377
2025-09-06 21:44:19,738 - INFO -   -> Best model saved
2025-09-06 21:44:40,158 - INFO - [Epoch 44/50] Train Loss: 0.2399, Train Acc: 0.9229, Val Loss: 0.2307, Val Acc: 0.9358
2025-09-06 21:44:40,218 - INFO -   -> Best model saved
2025-09-06 21:45:00,618 - INFO - [Epoch 45/50] Train Loss: 0.2523, Train Acc: 0.9197, Val Loss: 0.2294, Val Acc: 0.9377
2025-09-06 21:45:00,701 - INFO -   -> Best model saved
2025-09-06 21:45:21,121 - INFO - [Epoch 46/50] Train Loss: 0.2511, Train Acc: 0.9181, Val Loss: 0.2535, Val Acc: 0.9296
2025-09-06 21:45:21,121 - INFO -   -> No improvement (1/7)
2025-09-06 21:45:41,459 - INFO - [Epoch 47/50] Train Loss: 0.2428, Train Acc: 0.9214, Val Loss: 0.2230, Val Acc: 0.9399
2025-09-06 21:45:41,506 - INFO -   -> Best model saved
2025-09-06 21:46:01,803 - INFO - [Epoch 48/50] Train Loss: 0.2487, Train Acc: 0.9209, Val Loss: 0.2881, Val Acc: 0.9248
2025-09-06 21:46:01,803 - INFO -   -> No improvement (1/7)
2025-09-06 21:46:22,337 - INFO - [Epoch 49/50] Train Loss: 0.2439, Train Acc: 0.9209, Val Loss: 0.2369, Val Acc: 0.9372
2025-09-06 21:46:22,338 - INFO -   -> No improvement (2/7)
2025-09-06 21:46:42,649 - INFO - [Epoch 50/50] Train Loss: 0.2446, Train Acc: 0.9197, Val Loss: 0.2512, Val Acc: 0.9285
2025-09-06 21:46:42,649 - INFO -   -> No improvement (3/7)
2025-09-06 21:46:42,649 - INFO - 
Loading best model and evaluating on test set...
2025-09-06 21:46:44,016 - INFO - Test Loss: 0.1525, Test Accuracy: 0.9597
2025-09-06 21:46:45,402 - INFO - Classification Report:
              precision    recall  f1-score   support

        bike       0.99      0.95      0.97      1757
         bus       0.98      0.95      0.97      2639
         car       0.87      0.94      0.90      1244
       train       0.96      0.93      0.94      2136
        walk       0.97      1.00      0.98      2953

    accuracy                           0.96     10729
   macro avg       0.95      0.95      0.95     10729
weighted avg       0.96      0.96      0.96     10729

2025-09-06 21:46:45,406 - INFO - Saving confusion matrix as confusion_matrix.png...
2025-09-06 22:18:33,533 - INFO - Setting random seed to 316
2025-09-06 22:18:33,533 - INFO - DDP world_size=1 local_rank=0
2025-09-06 22:18:33,550 - INFO - Initializing DataProcessor...
2025-09-06 22:18:44,654 - INFO - Scaler saved to /data/A-SpeedTransformer/models/transformer_/experiments/geolife_window_sweeps/geolife_ws200_lr2e-4_bs512_h8_d128_kv4_do0.1/geolife_ws200_lr2e-4_bs512_h8_d128_kv4_do0.1/scaler.joblib
2025-09-06 22:18:44,657 - INFO - Label encoder saved to /data/A-SpeedTransformer/models/transformer_/experiments/geolife_window_sweeps/geolife_ws200_lr2e-4_bs512_h8_d128_kv4_do0.1/geolife_ws200_lr2e-4_bs512_h8_d128_kv4_do0.1/label_encoder.joblib
2025-09-06 22:18:44,658 - INFO - Datasets and DataLoaders ready (DDP-aware).
2025-09-06 22:18:44,658 - INFO - Initializing TrajectoryModel...
2025-09-06 22:18:51,078 - INFO - Model initialization completed.
2025-09-06 22:18:51,078 - INFO - Starting training loop...
2025-09-06 22:19:19,174 - INFO - [Epoch 1/50] Train Loss: 0.8239, Train Acc: 0.6980, Val Loss: 0.6968, Val Acc: 0.7920
2025-09-06 22:19:19,222 - INFO -   -> Best model saved
2025-09-06 22:19:58,319 - INFO - [Epoch 2/50] Train Loss: 0.6393, Train Acc: 0.7743, Val Loss: 0.8105, Val Acc: 0.7118
2025-09-06 22:19:58,319 - INFO -   -> No improvement (1/7)
2025-09-06 22:20:37,114 - INFO - [Epoch 3/50] Train Loss: 0.5919, Train Acc: 0.7934, Val Loss: 0.5430, Val Acc: 0.8305
2025-09-06 22:20:37,140 - INFO -   -> Best model saved
2025-09-06 22:21:15,586 - INFO - [Epoch 4/50] Train Loss: 0.5557, Train Acc: 0.8104, Val Loss: 0.5072, Val Acc: 0.8328
2025-09-06 22:21:15,624 - INFO -   -> Best model saved
2025-09-06 22:21:53,518 - INFO - [Epoch 5/50] Train Loss: 0.5316, Train Acc: 0.8202, Val Loss: 0.4772, Val Acc: 0.8404
2025-09-06 22:21:53,627 - INFO -   -> Best model saved
2025-09-06 22:22:30,885 - INFO - [Epoch 6/50] Train Loss: 0.5147, Train Acc: 0.8257, Val Loss: 0.4359, Val Acc: 0.8576
2025-09-06 22:22:30,967 - INFO -   -> Best model saved
2025-09-06 22:23:08,632 - INFO - [Epoch 7/50] Train Loss: 0.4802, Train Acc: 0.8407, Val Loss: 0.4424, Val Acc: 0.8536
2025-09-06 22:23:08,632 - INFO -   -> No improvement (1/7)
2025-09-06 22:23:47,533 - INFO - [Epoch 8/50] Train Loss: 0.4579, Train Acc: 0.8476, Val Loss: 0.4090, Val Acc: 0.8698
2025-09-06 22:23:47,570 - INFO -   -> Best model saved
2025-09-06 22:24:07,827 - INFO - [Epoch 9/50] Train Loss: 0.4489, Train Acc: 0.8521, Val Loss: 0.3814, Val Acc: 0.8800
2025-09-06 22:24:07,866 - INFO -   -> Best model saved
2025-09-06 22:24:32,800 - INFO - [Epoch 10/50] Train Loss: 0.4135, Train Acc: 0.8635, Val Loss: 0.4024, Val Acc: 0.8743
2025-09-06 22:24:32,800 - INFO -   -> No improvement (1/7)
2025-09-06 22:25:11,935 - INFO - [Epoch 11/50] Train Loss: 0.3963, Train Acc: 0.8700, Val Loss: 0.3720, Val Acc: 0.8840
2025-09-06 22:25:11,980 - INFO -   -> Best model saved
2025-09-06 22:25:50,688 - INFO - [Epoch 12/50] Train Loss: 0.3879, Train Acc: 0.8739, Val Loss: 0.3822, Val Acc: 0.8939
2025-09-06 22:25:50,688 - INFO -   -> No improvement (1/7)
2025-09-06 22:26:29,535 - INFO - [Epoch 13/50] Train Loss: 0.3659, Train Acc: 0.8810, Val Loss: 0.4114, Val Acc: 0.8740
2025-09-06 22:26:29,536 - INFO -   -> No improvement (2/7)
2025-09-06 22:27:08,543 - INFO - [Epoch 14/50] Train Loss: 0.3579, Train Acc: 0.8837, Val Loss: 0.4131, Val Acc: 0.8708
2025-09-06 22:27:08,543 - INFO -   -> No improvement (3/7)
2025-09-06 22:27:47,472 - INFO - [Epoch 15/50] Train Loss: 0.3465, Train Acc: 0.8871, Val Loss: 0.2974, Val Acc: 0.9120
2025-09-06 22:27:47,507 - INFO -   -> Best model saved
2025-09-06 22:28:26,271 - INFO - [Epoch 16/50] Train Loss: 0.3371, Train Acc: 0.8898, Val Loss: 0.3294, Val Acc: 0.9018
2025-09-06 22:28:26,271 - INFO -   -> No improvement (1/7)
2025-09-06 22:29:04,467 - INFO - [Epoch 17/50] Train Loss: 0.3267, Train Acc: 0.8933, Val Loss: 0.2826, Val Acc: 0.9164
2025-09-06 22:29:04,520 - INFO -   -> Best model saved
2025-09-06 22:29:24,796 - INFO - [Epoch 18/50] Train Loss: 0.3246, Train Acc: 0.8936, Val Loss: 0.3035, Val Acc: 0.9150
2025-09-06 22:29:24,796 - INFO -   -> No improvement (1/7)
2025-09-06 22:29:51,774 - INFO - [Epoch 19/50] Train Loss: 0.3131, Train Acc: 0.8983, Val Loss: 0.2956, Val Acc: 0.9164
2025-09-06 22:29:51,774 - INFO -   -> No improvement (2/7)
2025-09-06 22:30:30,487 - INFO - [Epoch 20/50] Train Loss: 0.3171, Train Acc: 0.8964, Val Loss: 0.2892, Val Acc: 0.9158
2025-09-06 22:30:30,487 - INFO -   -> No improvement (3/7)
2025-09-06 22:31:09,438 - INFO - [Epoch 21/50] Train Loss: 0.3104, Train Acc: 0.8986, Val Loss: 0.3003, Val Acc: 0.9116
2025-09-06 22:31:09,439 - INFO -   -> No improvement (4/7)
2025-09-06 22:31:48,630 - INFO - [Epoch 22/50] Train Loss: 0.3183, Train Acc: 0.8957, Val Loss: 0.2751, Val Acc: 0.9215
2025-09-06 22:31:48,692 - INFO -   -> Best model saved
2025-09-06 22:32:27,476 - INFO - [Epoch 23/50] Train Loss: 0.3151, Train Acc: 0.8966, Val Loss: 0.2856, Val Acc: 0.9122
2025-09-06 22:32:27,477 - INFO -   -> No improvement (1/7)
2025-09-06 22:33:06,315 - INFO - [Epoch 24/50] Train Loss: 0.3002, Train Acc: 0.9023, Val Loss: 0.2684, Val Acc: 0.9232
2025-09-06 22:33:06,354 - INFO -   -> Best model saved
2025-09-06 22:33:45,331 - INFO - [Epoch 25/50] Train Loss: 0.2948, Train Acc: 0.9036, Val Loss: 0.2819, Val Acc: 0.9207
2025-09-06 22:33:45,331 - INFO -   -> No improvement (1/7)
2025-09-06 22:34:21,827 - INFO - [Epoch 26/50] Train Loss: 0.2847, Train Acc: 0.9078, Val Loss: 0.2717, Val Acc: 0.9236
2025-09-06 22:34:21,827 - INFO -   -> No improvement (2/7)
2025-09-06 22:34:42,044 - INFO - [Epoch 27/50] Train Loss: 0.2906, Train Acc: 0.9056, Val Loss: 0.6920, Val Acc: 0.8261
2025-09-06 22:34:42,046 - INFO -   -> No improvement (3/7)
2025-09-06 22:35:09,831 - INFO - [Epoch 28/50] Train Loss: 0.2915, Train Acc: 0.9061, Val Loss: 0.2667, Val Acc: 0.9264
2025-09-06 22:35:09,864 - INFO -   -> Best model saved
2025-09-06 22:35:48,896 - INFO - [Epoch 29/50] Train Loss: 0.2782, Train Acc: 0.9100, Val Loss: 0.2654, Val Acc: 0.9258
2025-09-06 22:35:48,997 - INFO -   -> Best model saved
2025-09-06 22:36:28,118 - INFO - [Epoch 30/50] Train Loss: 0.2787, Train Acc: 0.9113, Val Loss: 0.2456, Val Acc: 0.9309
2025-09-06 22:36:28,157 - INFO -   -> Best model saved
2025-09-06 22:37:06,772 - INFO - [Epoch 31/50] Train Loss: 0.2802, Train Acc: 0.9098, Val Loss: 0.2461, Val Acc: 0.9330
2025-09-06 22:37:06,772 - INFO -   -> No improvement (1/7)
2025-09-06 22:37:45,122 - INFO - [Epoch 32/50] Train Loss: 0.2683, Train Acc: 0.9134, Val Loss: 0.2469, Val Acc: 0.9294
2025-09-06 22:37:45,123 - INFO -   -> No improvement (2/7)
2025-09-06 22:38:23,792 - INFO - [Epoch 33/50] Train Loss: 0.2638, Train Acc: 0.9152, Val Loss: 0.2558, Val Acc: 0.9280
2025-09-06 22:38:23,792 - INFO -   -> No improvement (3/7)
2025-09-06 22:39:01,981 - INFO - [Epoch 34/50] Train Loss: 0.2791, Train Acc: 0.9104, Val Loss: 0.2560, Val Acc: 0.9280
2025-09-06 22:39:01,981 - INFO -   -> No improvement (4/7)
2025-09-06 22:39:38,304 - INFO - [Epoch 35/50] Train Loss: 0.2655, Train Acc: 0.9144, Val Loss: 0.2586, Val Acc: 0.9314
2025-09-06 22:39:38,305 - INFO -   -> No improvement (5/7)
2025-09-06 22:39:58,580 - INFO - [Epoch 36/50] Train Loss: 0.2765, Train Acc: 0.9101, Val Loss: 0.2443, Val Acc: 0.9339
2025-09-06 22:39:58,643 - INFO -   -> Best model saved
2025-09-06 22:40:25,851 - INFO - [Epoch 37/50] Train Loss: 0.2606, Train Acc: 0.9162, Val Loss: 0.2471, Val Acc: 0.9322
2025-09-06 22:40:25,851 - INFO -   -> No improvement (1/7)
2025-09-06 22:41:04,348 - INFO - [Epoch 38/50] Train Loss: 0.2555, Train Acc: 0.9176, Val Loss: 0.2963, Val Acc: 0.9107
2025-09-06 22:41:04,349 - INFO -   -> No improvement (2/7)
2025-09-06 22:41:42,536 - INFO - [Epoch 39/50] Train Loss: 0.2467, Train Acc: 0.9205, Val Loss: 0.2381, Val Acc: 0.9339
2025-09-06 22:41:42,594 - INFO -   -> Best model saved
2025-09-06 22:42:20,697 - INFO - [Epoch 40/50] Train Loss: 0.2540, Train Acc: 0.9198, Val Loss: 0.2458, Val Acc: 0.9346
2025-09-06 22:42:20,698 - INFO -   -> No improvement (1/7)
2025-09-06 22:42:59,691 - INFO - [Epoch 41/50] Train Loss: 0.2526, Train Acc: 0.9186, Val Loss: 0.2468, Val Acc: 0.9330
2025-09-06 22:42:59,692 - INFO -   -> No improvement (2/7)
2025-09-06 22:43:38,968 - INFO - [Epoch 42/50] Train Loss: 0.2424, Train Acc: 0.9223, Val Loss: 0.2408, Val Acc: 0.9340
2025-09-06 22:43:38,969 - INFO -   -> No improvement (3/7)
2025-09-06 22:44:09,969 - INFO - [Epoch 43/50] Train Loss: 0.2545, Train Acc: 0.9189, Val Loss: 0.2353, Val Acc: 0.9377
2025-09-06 22:44:10,008 - INFO -   -> Best model saved
2025-09-06 22:44:30,368 - INFO - [Epoch 44/50] Train Loss: 0.2399, Train Acc: 0.9229, Val Loss: 0.2307, Val Acc: 0.9358
2025-09-06 22:44:30,435 - INFO -   -> Best model saved
2025-09-06 22:44:59,382 - INFO - [Epoch 45/50] Train Loss: 0.2523, Train Acc: 0.9197, Val Loss: 0.2294, Val Acc: 0.9377
2025-09-06 22:44:59,428 - INFO -   -> Best model saved
2025-09-06 22:45:38,138 - INFO - [Epoch 46/50] Train Loss: 0.2511, Train Acc: 0.9181, Val Loss: 0.2535, Val Acc: 0.9296
2025-09-06 22:45:38,138 - INFO -   -> No improvement (1/7)
2025-09-06 22:46:17,044 - INFO - [Epoch 47/50] Train Loss: 0.2428, Train Acc: 0.9214, Val Loss: 0.2230, Val Acc: 0.9399
2025-09-06 22:46:17,075 - INFO -   -> Best model saved
2025-09-06 22:46:55,505 - INFO - [Epoch 48/50] Train Loss: 0.2487, Train Acc: 0.9209, Val Loss: 0.2881, Val Acc: 0.9248
2025-09-06 22:46:55,505 - INFO -   -> No improvement (1/7)
2025-09-06 22:47:31,216 - INFO - [Epoch 49/50] Train Loss: 0.2439, Train Acc: 0.9209, Val Loss: 0.2369, Val Acc: 0.9372
2025-09-06 22:47:31,217 - INFO -   -> No improvement (2/7)
2025-09-06 22:47:51,519 - INFO - [Epoch 50/50] Train Loss: 0.2446, Train Acc: 0.9197, Val Loss: 0.2512, Val Acc: 0.9285
2025-09-06 22:47:51,520 - INFO -   -> No improvement (3/7)
2025-09-06 22:47:51,522 - INFO - 
Loading best model and evaluating on test set...
2025-09-06 22:47:52,917 - INFO - Test Loss: 0.1525, Test Accuracy: 0.9597
2025-09-06 22:47:54,262 - INFO - Classification Report:
              precision    recall  f1-score   support

        bike       0.99      0.95      0.97      1757
         bus       0.98      0.95      0.97      2639
         car       0.87      0.94      0.90      1244
       train       0.96      0.93      0.94      2136
        walk       0.97      1.00      0.98      2953

    accuracy                           0.96     10729
   macro avg       0.95      0.95      0.95     10729
weighted avg       0.96      0.96      0.96     10729

2025-09-06 22:47:54,267 - INFO - Saving confusion matrix as confusion_matrix.png...
