2025-09-13 22:14:50,909 - INFO - Initializing DataProcessor for fine-tuning...
Extracting unique trajectory IDs...
Reading traj_ids: 0it [00:00, ?it/s]Reading traj_ids: 1it [00:00, 13.25it/s]
Total unique traj_ids found: 629
Splitting traj_ids into train, validation, and test sets...
Train: 93, Val: 126, Test: 410
Fitting label encoder on target column...
Reading labels for encoding: 0it [00:00, ?it/s]Reading labels for encoding: 1it [00:00, 15.90it/s]
Classes found: ['bike' 'bus' 'car' 'train' 'walk']
Fitting scaler on training features...
Reading training features for scaling: 0it [00:00, ?it/s]Reading training features for scaling: 1it [00:00, 12.16it/s]
Scaler fitting completed.
Creating sequences in sliding windows...
Processing chunks: 0it [00:00, ?it/s]Processing chunks: 1it [00:00,  1.91it/s]Processing chunks: 1it [00:00,  1.90it/s]
Train: 289, Val: 292, Test: 1158
Skipped sequences (zero length): 0
Creating sequences in sliding windows...
Processing chunks: 0it [00:00, ?it/s]Processing chunks: 1it [00:00,  1.87it/s]Processing chunks: 1it [00:00,  1.86it/s]Train: 289, Val: 292, Test: 1158
Skipped sequences (zero length): 0
2025-09-13 22:14:56,008 - INFO - Loading pretrained model from: /data/A-SpeedTransformer/models/transformer/experiments/mobis_transformer_sweeps/mobis_lr1e-4_bs512_h8_d128_kv4_do0.1/mobis_lr1e-4_bs512_h8_d128_kv4_do0.1/best_model.pth
2025-09-13 22:14:56,033 - INFO - Frozen: Feedforward networks in all unfrozen layers
2025-09-13 22:14:56,034 - INFO - [Epoch 1/50]

/data/A-SpeedTransformer/models/transformer/model_utils.py:231: FutureWarning: `torch.cuda.amp.GradScaler(args...)` is deprecated. Please use `torch.amp.GradScaler('cuda', args...)` instead.
  self.scaler = torch.cuda.amp.GradScaler() if (use_amp and torch.cuda.is_available()) else None
/data/A-SpeedTransformer/models/transformer/model_utils.py:361: FutureWarning: You are using `torch.load` with `weights_only=False` (the current default value), which uses the default pickle module implicitly. It is possible to construct malicious pickle data which will execute arbitrary code during unpickling (See https://github.com/pytorch/pytorch/blob/main/SECURITY.md#untrusted-models for more details). In a future release, the default value for `weights_only` will be flipped to `True`. This limits the functions that could be executed during unpickling. Arbitrary objects will no longer be allowed to be loaded via this mode unless they are explicitly allowlisted by the user via `torch.serialization.add_safe_globals`. We recommend you start setting `weights_only=True` for any use case where you don't have full control of the loaded file. Please open an issue on GitHub for any issues related to this experimental feature.
  state = torch.load(path, map_location=self.device)
/data/A-SpeedTransformer/models/transformer/model_utils.py:289: FutureWarning: `torch.cuda.amp.autocast(args...)` is deprecated. Please use `torch.amp.autocast('cuda', args...)` instead.
  with torch.cuda.amp.autocast():
2025-09-13 22:14:56,766 - INFO - Train Loss: 3.9927, Train Acc: 0.2561
2025-09-13 22:14:56,767 - INFO - Val   Loss: 5.3301, Val   Acc: 0.3630
2025-09-13 22:14:56,804 - INFO -   -> Best fine-tuned model saved.
2025-09-13 22:14:56,805 - INFO - [Epoch 2/50]
/data/A-SpeedTransformer/models/transformer/model_utils.py:326: FutureWarning: `torch.cuda.amp.autocast(args...)` is deprecated. Please use `torch.amp.autocast('cuda', args...)` instead.
  with torch.cuda.amp.autocast(enabled=self.scaler is not None):
2025-09-13 22:14:57,230 - INFO - Train Loss: 4.0172, Train Acc: 0.2664
2025-09-13 22:14:57,230 - INFO - Val   Loss: 5.3301, Val   Acc: 0.3630
2025-09-13 22:14:57,230 - INFO -   -> No improvement (1/10)
2025-09-13 22:14:57,232 - INFO - [Epoch 3/50]
2025-09-13 22:14:57,647 - INFO - Train Loss: 4.0181, Train Acc: 0.2734
2025-09-13 22:14:57,647 - INFO - Val   Loss: 5.3301, Val   Acc: 0.3630
2025-09-13 22:14:57,647 - INFO -   -> No improvement (2/10)
2025-09-13 22:14:57,647 - INFO - [Epoch 4/50]
2025-09-13 22:14:58,077 - INFO - Train Loss: 3.9933, Train Acc: 0.2768
2025-09-13 22:14:58,077 - INFO - Val   Loss: 5.3301, Val   Acc: 0.3630
2025-09-13 22:14:58,079 - INFO -   -> No improvement (3/10)
2025-09-13 22:14:58,080 - INFO - [Epoch 5/50]
2025-09-13 22:14:58,540 - INFO - Train Loss: 3.9769, Train Acc: 0.2630
2025-09-13 22:14:58,540 - INFO - Val   Loss: 4.9969, Val   Acc: 0.4041
2025-09-13 22:14:58,568 - INFO -   -> Best fine-tuned model saved.
2025-09-13 22:14:58,569 - INFO - [Epoch 6/50]
2025-09-13 22:14:59,563 - INFO - Train Loss: 3.4101, Train Acc: 0.3183
2025-09-13 22:14:59,563 - INFO - Val   Loss: 4.3384, Val   Acc: 0.4349
2025-09-13 22:14:59,597 - INFO -   -> Best fine-tuned model saved.
2025-09-13 22:14:59,597 - INFO - [Epoch 7/50]
2025-09-13 22:15:00,027 - INFO - Train Loss: 2.6339, Train Acc: 0.4152
2025-09-13 22:15:00,027 - INFO - Val   Loss: 4.3384, Val   Acc: 0.4349
2025-09-13 22:15:00,029 - INFO -   -> No improvement (1/10)
2025-09-13 22:15:00,030 - INFO - [Epoch 8/50]
2025-09-13 22:15:00,864 - INFO - Train Loss: 2.5591, Train Acc: 0.4118
2025-09-13 22:15:00,865 - INFO - Val   Loss: 2.4456, Val   Acc: 0.4863
2025-09-13 22:15:00,923 - INFO -   -> Best fine-tuned model saved.
2025-09-13 22:15:00,924 - INFO - [Epoch 9/50]
2025-09-13 22:15:01,401 - INFO - Train Loss: 1.7999, Train Acc: 0.5363
2025-09-13 22:15:01,401 - INFO - Val   Loss: 1.6056, Val   Acc: 0.5959
2025-09-13 22:15:01,434 - INFO -   -> Best fine-tuned model saved.
2025-09-13 22:15:01,435 - INFO - [Epoch 10/50]
2025-09-13 22:15:01,911 - INFO - Train Loss: 1.1046, Train Acc: 0.6817
2025-09-13 22:15:01,911 - INFO - Val   Loss: 1.5042, Val   Acc: 0.6164
2025-09-13 22:15:01,943 - INFO -   -> Best fine-tuned model saved.
2025-09-13 22:15:01,943 - INFO - [Epoch 11/50]
2025-09-13 22:15:02,374 - INFO - Train Loss: 0.8938, Train Acc: 0.7439
2025-09-13 22:15:02,375 - INFO - Val   Loss: 1.3702, Val   Acc: 0.6062
2025-09-13 22:15:02,376 - INFO -   -> No improvement (1/10)
2025-09-13 22:15:02,377 - INFO - [Epoch 12/50]
2025-09-13 22:15:02,811 - INFO - Train Loss: 0.8330, Train Acc: 0.7647
2025-09-13 22:15:02,811 - INFO - Val   Loss: 1.2749, Val   Acc: 0.6199
2025-09-13 22:15:02,841 - INFO -   -> Best fine-tuned model saved.
2025-09-13 22:15:02,841 - INFO - [Epoch 13/50]
2025-09-13 22:15:03,271 - INFO - Train Loss: 0.7886, Train Acc: 0.7716
2025-09-13 22:15:03,271 - INFO - Val   Loss: 1.2431, Val   Acc: 0.6233
2025-09-13 22:15:03,300 - INFO -   -> Best fine-tuned model saved.
2025-09-13 22:15:03,301 - INFO - [Epoch 14/50]
2025-09-13 22:15:03,842 - INFO - Train Loss: 0.7250, Train Acc: 0.7751
2025-09-13 22:15:03,842 - INFO - Val   Loss: 1.2182, Val   Acc: 0.6164
2025-09-13 22:15:03,844 - INFO -   -> No improvement (1/10)
2025-09-13 22:15:03,844 - INFO - [Epoch 15/50]
2025-09-13 22:15:04,274 - INFO - Train Loss: 0.6838, Train Acc: 0.7889
2025-09-13 22:15:04,275 - INFO - Val   Loss: 1.1897, Val   Acc: 0.6096
2025-09-13 22:15:04,276 - INFO -   -> No improvement (2/10)
2025-09-13 22:15:04,277 - INFO - [Epoch 16/50]
2025-09-13 22:15:05,058 - INFO - Train Loss: 0.6511, Train Acc: 0.7889
2025-09-13 22:15:05,059 - INFO - Val   Loss: 1.2645, Val   Acc: 0.5445
2025-09-13 22:15:05,060 - INFO -   -> No improvement (3/10)
2025-09-13 22:15:05,061 - INFO - [Epoch 17/50]
2025-09-13 22:15:05,496 - INFO - Train Loss: 0.6379, Train Acc: 0.7924
2025-09-13 22:15:05,497 - INFO - Val   Loss: 1.4119, Val   Acc: 0.4897
2025-09-13 22:15:05,497 - INFO -   -> No improvement (4/10)
2025-09-13 22:15:05,499 - INFO - [Epoch 18/50]
2025-09-13 22:15:05,926 - INFO - Train Loss: 0.6587, Train Acc: 0.7612
2025-09-13 22:15:05,927 - INFO - Val   Loss: 1.2218, Val   Acc: 0.5445
2025-09-13 22:15:05,929 - INFO -   -> No improvement (5/10)
2025-09-13 22:15:05,929 - INFO - [Epoch 19/50]
2025-09-13 22:15:06,362 - INFO - Train Loss: 0.6213, Train Acc: 0.7889
2025-09-13 22:15:06,362 - INFO - Val   Loss: 1.1167, Val   Acc: 0.5925
2025-09-13 22:15:06,362 - INFO -   -> No improvement (6/10)
2025-09-13 22:15:06,364 - INFO - [Epoch 20/50]
2025-09-13 22:15:06,816 - INFO - Train Loss: 0.5676, Train Acc: 0.8028
2025-09-13 22:15:06,817 - INFO - Val   Loss: 1.0983, Val   Acc: 0.5856
2025-09-13 22:15:06,817 - INFO -   -> No improvement (7/10)
2025-09-13 22:15:06,817 - INFO - [Epoch 21/50]
2025-09-13 22:15:07,303 - INFO - Train Loss: 0.5689, Train Acc: 0.8062
2025-09-13 22:15:07,303 - INFO - Val   Loss: 1.0795, Val   Acc: 0.5822
2025-09-13 22:15:07,305 - INFO -   -> No improvement (8/10)
2025-09-13 22:15:07,306 - INFO - [Epoch 22/50]
2025-09-13 22:15:07,741 - INFO - Train Loss: 0.5506, Train Acc: 0.8097
2025-09-13 22:15:07,742 - INFO - Val   Loss: 1.0601, Val   Acc: 0.5788
2025-09-13 22:15:07,742 - INFO -   -> No improvement (9/10)
2025-09-13 22:15:07,744 - INFO - [Epoch 23/50]
2025-09-13 22:15:08,159 - INFO - Train Loss: 0.5397, Train Acc: 0.8131
2025-09-13 22:15:08,160 - INFO - Val   Loss: 1.0404, Val   Acc: 0.5959
2025-09-13 22:15:08,161 - INFO -   -> No improvement (10/10)
2025-09-13 22:15:08,162 - INFO - Early stopping triggered.
2025-09-13 22:15:08,162 - INFO - 
Loading best fine-tuned model from /data/A-SpeedTransformer/models/transformer/experiments/miniprogram_finetune/tune_lr2e-4_warmup0_freeze_feedforward/best_model.pth for final evaluation...
2025-09-13 22:15:08,757 - INFO - Test Loss: 0.9197, Test Accuracy: 0.7029
2025-09-13 22:15:08,768 - INFO - Classification Report:
              precision    recall  f1-score   support

        bike       0.12      0.29      0.17        63
         bus       0.79      0.26      0.40       288
         car       0.89      0.87      0.88       467
       train       0.12      0.31      0.17        29
        walk       0.78      0.98      0.87       311

    accuracy                           0.70      1158
   macro avg       0.54      0.54      0.50      1158
weighted avg       0.78      0.70      0.70      1158

2025-09-13 22:15:09,275 - INFO - Saved confusion_matrix_finetune.png
/data/A-SpeedTransformer/models/transformer/model_utils.py:349: FutureWarning: `torch.cuda.amp.autocast(args...)` is deprecated. Please use `torch.amp.autocast('cuda', args...)` instead.
  with torch.cuda.amp.autocast(enabled=self.scaler is not None):
