2025-09-13 22:24:15,579 - INFO - Initializing DataProcessor for fine-tuning...
Extracting unique trajectory IDs...
Reading traj_ids: 0it [00:00, ?it/s]Reading traj_ids: 1it [00:00, 12.65it/s]
Total unique traj_ids found: 629
Splitting traj_ids into train, validation, and test sets...
Train: 93, Val: 126, Test: 410
Fitting label encoder on target column...
Reading labels for encoding: 0it [00:00, ?it/s]Reading labels for encoding: 1it [00:00, 16.01it/s]
Classes found: ['bike' 'bus' 'car' 'train' 'walk']
Fitting scaler on training features...
Reading training features for scaling: 0it [00:00, ?it/s]Reading training features for scaling: 1it [00:00, 11.89it/s]
Scaler fitting completed.
Creating sequences in sliding windows...
Processing chunks: 0it [00:00, ?it/s]Processing chunks: 1it [00:00,  1.99it/s]Processing chunks: 1it [00:00,  1.98it/s]
Train: 289, Val: 292, Test: 1158
Skipped sequences (zero length): 0
Creating sequences in sliding windows...
Processing chunks: 0it [00:00, ?it/s]Processing chunks: 1it [00:00,  2.00it/s]Processing chunks: 1it [00:00,  1.99it/s]Train: 289, Val: 292, Test: 1158
Skipped sequences (zero length): 0
2025-09-13 22:24:19,940 - INFO - Loading pretrained model from: /data/A-SpeedTransformer/models/transformer/experiments/mobis_transformer_sweeps/mobis_lr1e-4_bs512_h8_d128_kv4_do0.1/mobis_lr1e-4_bs512_h8_d128_kv4_do0.1/best_model.pth
2025-09-13 22:24:19,960 - INFO - Frozen: Feedforward networks in all unfrozen layers
2025-09-13 22:24:19,961 - INFO - Added warmup scheduler with 50 steps
2025-09-13 22:24:19,963 - INFO - [Epoch 1/50]

/data/A-SpeedTransformer/models/transformer/model_utils.py:231: FutureWarning: `torch.cuda.amp.GradScaler(args...)` is deprecated. Please use `torch.amp.GradScaler('cuda', args...)` instead.
  self.scaler = torch.cuda.amp.GradScaler() if (use_amp and torch.cuda.is_available()) else None
/data/A-SpeedTransformer/models/transformer/model_utils.py:361: FutureWarning: You are using `torch.load` with `weights_only=False` (the current default value), which uses the default pickle module implicitly. It is possible to construct malicious pickle data which will execute arbitrary code during unpickling (See https://github.com/pytorch/pytorch/blob/main/SECURITY.md#untrusted-models for more details). In a future release, the default value for `weights_only` will be flipped to `True`. This limits the functions that could be executed during unpickling. Arbitrary objects will no longer be allowed to be loaded via this mode unless they are explicitly allowlisted by the user via `torch.serialization.add_safe_globals`. We recommend you start setting `weights_only=True` for any use case where you don't have full control of the loaded file. Please open an issue on GitHub for any issues related to this experimental feature.
  state = torch.load(path, map_location=self.device)
/data/A-SpeedTransformer/models/transformer/model_utils.py:289: FutureWarning: `torch.cuda.amp.autocast(args...)` is deprecated. Please use `torch.amp.autocast('cuda', args...)` instead.
  with torch.cuda.amp.autocast():
/data/oe23/torchgpu/lib/python3.8/site-packages/torch/optim/lr_scheduler.py:216: UserWarning: Detected call of `lr_scheduler.step()` before `optimizer.step()`. In PyTorch 1.1.0 and later, you should call them in the opposite order: `optimizer.step()` before `lr_scheduler.step()`.  Failure to do this will result in PyTorch skipping the first value of the learning rate schedule. See more details at https://pytorch.org/docs/stable/optim.html#how-to-adjust-learning-rate
  warnings.warn(
2025-09-13 22:24:20,749 - INFO - Train Loss: 3.9927, Train Acc: 0.2561
2025-09-13 22:24:20,749 - INFO - Val   Loss: 5.3301, Val   Acc: 0.3630
2025-09-13 22:24:20,781 - INFO -   -> Best fine-tuned model saved.
2025-09-13 22:24:20,781 - INFO - [Epoch 2/50]
/data/A-SpeedTransformer/models/transformer/model_utils.py:326: FutureWarning: `torch.cuda.amp.autocast(args...)` is deprecated. Please use `torch.amp.autocast('cuda', args...)` instead.
  with torch.cuda.amp.autocast(enabled=self.scaler is not None):
2025-09-13 22:24:21,188 - INFO - Train Loss: 4.0172, Train Acc: 0.2664
2025-09-13 22:24:21,189 - INFO - Val   Loss: 5.3301, Val   Acc: 0.3630
2025-09-13 22:24:21,191 - INFO -   -> No improvement (1/10)
2025-09-13 22:24:21,191 - INFO - [Epoch 3/50]
2025-09-13 22:24:21,576 - INFO - Train Loss: 4.0181, Train Acc: 0.2734
2025-09-13 22:24:21,577 - INFO - Val   Loss: 5.3301, Val   Acc: 0.3630
2025-09-13 22:24:21,579 - INFO -   -> No improvement (2/10)
2025-09-13 22:24:21,579 - INFO - [Epoch 4/50]
2025-09-13 22:24:21,988 - INFO - Train Loss: 3.9933, Train Acc: 0.2768
2025-09-13 22:24:21,989 - INFO - Val   Loss: 5.3301, Val   Acc: 0.3630
2025-09-13 22:24:21,991 - INFO -   -> No improvement (3/10)
2025-09-13 22:24:21,991 - INFO - [Epoch 5/50]
2025-09-13 22:24:22,444 - INFO - Train Loss: 3.9769, Train Acc: 0.2630
2025-09-13 22:24:22,445 - INFO - Val   Loss: 5.2776, Val   Acc: 0.3767
2025-09-13 22:24:22,487 - INFO -   -> Best fine-tuned model saved.
2025-09-13 22:24:22,488 - INFO - [Epoch 6/50]
2025-09-13 22:24:22,902 - INFO - Train Loss: 3.8810, Train Acc: 0.2803
2025-09-13 22:24:22,903 - INFO - Val   Loss: 5.2019, Val   Acc: 0.3836
2025-09-13 22:24:22,934 - INFO -   -> Best fine-tuned model saved.
2025-09-13 22:24:22,934 - INFO - [Epoch 7/50]
2025-09-13 22:24:23,327 - INFO - Train Loss: 3.8061, Train Acc: 0.2872
2025-09-13 22:24:23,327 - INFO - Val   Loss: 5.0901, Val   Acc: 0.3904
2025-09-13 22:24:23,377 - INFO -   -> Best fine-tuned model saved.
2025-09-13 22:24:23,377 - INFO - [Epoch 8/50]
2025-09-13 22:24:23,760 - INFO - Train Loss: 3.5359, Train Acc: 0.3080
2025-09-13 22:24:23,760 - INFO - Val   Loss: 4.9621, Val   Acc: 0.4041
2025-09-13 22:24:23,792 - INFO -   -> Best fine-tuned model saved.
2025-09-13 22:24:23,792 - INFO - [Epoch 9/50]
2025-09-13 22:24:24,248 - INFO - Train Loss: 3.3905, Train Acc: 0.3045
2025-09-13 22:24:24,248 - INFO - Val   Loss: 4.8007, Val   Acc: 0.4281
2025-09-13 22:24:24,278 - INFO -   -> Best fine-tuned model saved.
2025-09-13 22:24:24,278 - INFO - [Epoch 10/50]
2025-09-13 22:24:24,674 - INFO - Train Loss: 3.0408, Train Acc: 0.3426
2025-09-13 22:24:24,674 - INFO - Val   Loss: 4.8007, Val   Acc: 0.4281
2025-09-13 22:24:24,700 - INFO -   -> No improvement (1/10)
2025-09-13 22:24:24,700 - INFO - [Epoch 11/50]
2025-09-13 22:24:25,118 - INFO - Train Loss: 2.9942, Train Acc: 0.3564
2025-09-13 22:24:25,119 - INFO - Val   Loss: 4.4011, Val   Acc: 0.4349
2025-09-13 22:24:25,193 - INFO -   -> Best fine-tuned model saved.
2025-09-13 22:24:25,193 - INFO - [Epoch 12/50]
2025-09-13 22:24:25,610 - INFO - Train Loss: 2.6192, Train Acc: 0.4083
2025-09-13 22:24:25,611 - INFO - Val   Loss: 3.2831, Val   Acc: 0.4555
2025-09-13 22:24:25,644 - INFO -   -> Best fine-tuned model saved.
2025-09-13 22:24:25,645 - INFO - [Epoch 13/50]
2025-09-13 22:24:26,055 - INFO - Train Loss: 2.2085, Train Acc: 0.4810
2025-09-13 22:24:26,056 - INFO - Val   Loss: 2.1647, Val   Acc: 0.5103
2025-09-13 22:24:26,086 - INFO -   -> Best fine-tuned model saved.
2025-09-13 22:24:26,086 - INFO - [Epoch 14/50]
2025-09-13 22:24:26,466 - INFO - Train Loss: 1.5520, Train Acc: 0.5744
2025-09-13 22:24:26,466 - INFO - Val   Loss: 1.6369, Val   Acc: 0.5925
2025-09-13 22:24:26,492 - INFO -   -> Best fine-tuned model saved.
2025-09-13 22:24:26,493 - INFO - [Epoch 15/50]
2025-09-13 22:24:26,889 - INFO - Train Loss: 1.1178, Train Acc: 0.6747
2025-09-13 22:24:26,890 - INFO - Val   Loss: 1.5404, Val   Acc: 0.6233
2025-09-13 22:24:26,927 - INFO -   -> Best fine-tuned model saved.
2025-09-13 22:24:26,927 - INFO - [Epoch 16/50]
2025-09-13 22:24:27,373 - INFO - Train Loss: 0.9535, Train Acc: 0.7370
2025-09-13 22:24:27,373 - INFO - Val   Loss: 1.4573, Val   Acc: 0.6027
2025-09-13 22:24:27,373 - INFO -   -> No improvement (1/10)
2025-09-13 22:24:27,375 - INFO - [Epoch 17/50]
2025-09-13 22:24:27,808 - INFO - Train Loss: 0.8729, Train Acc: 0.7509
2025-09-13 22:24:27,809 - INFO - Val   Loss: 1.3408, Val   Acc: 0.6130
2025-09-13 22:24:27,811 - INFO -   -> No improvement (2/10)
2025-09-13 22:24:27,811 - INFO - [Epoch 18/50]
2025-09-13 22:24:28,214 - INFO - Train Loss: 0.8161, Train Acc: 0.7578
2025-09-13 22:24:28,214 - INFO - Val   Loss: 1.2706, Val   Acc: 0.6233
2025-09-13 22:24:28,214 - INFO -   -> No improvement (3/10)
2025-09-13 22:24:28,214 - INFO - [Epoch 19/50]
2025-09-13 22:24:28,619 - INFO - Train Loss: 0.7727, Train Acc: 0.7682
2025-09-13 22:24:28,620 - INFO - Val   Loss: 1.2374, Val   Acc: 0.6233
2025-09-13 22:24:28,622 - INFO -   -> No improvement (4/10)
2025-09-13 22:24:28,622 - INFO - [Epoch 20/50]
2025-09-13 22:24:29,025 - INFO - Train Loss: 0.7201, Train Acc: 0.7820
2025-09-13 22:24:29,025 - INFO - Val   Loss: 1.2078, Val   Acc: 0.6164
2025-09-13 22:24:29,025 - INFO -   -> No improvement (5/10)
2025-09-13 22:24:29,026 - INFO - [Epoch 21/50]
2025-09-13 22:24:29,410 - INFO - Train Loss: 0.6958, Train Acc: 0.7716
2025-09-13 22:24:29,410 - INFO - Val   Loss: 1.1830, Val   Acc: 0.6062
2025-09-13 22:24:29,410 - INFO -   -> No improvement (6/10)
2025-09-13 22:24:29,411 - INFO - [Epoch 22/50]
2025-09-13 22:24:29,796 - INFO - Train Loss: 0.6493, Train Acc: 0.7889
2025-09-13 22:24:29,796 - INFO - Val   Loss: 1.4551, Val   Acc: 0.4897
2025-09-13 22:24:29,798 - INFO -   -> No improvement (7/10)
2025-09-13 22:24:29,798 - INFO - [Epoch 23/50]
2025-09-13 22:24:30,208 - INFO - Train Loss: 0.6699, Train Acc: 0.7509
2025-09-13 22:24:30,209 - INFO - Val   Loss: 1.5855, Val   Acc: 0.4658
2025-09-13 22:24:30,211 - INFO -   -> No improvement (8/10)
2025-09-13 22:24:30,212 - INFO - [Epoch 24/50]
2025-09-13 22:24:30,625 - INFO - Train Loss: 0.6784, Train Acc: 0.7647
2025-09-13 22:24:30,626 - INFO - Val   Loss: 1.2700, Val   Acc: 0.5171
2025-09-13 22:24:30,626 - INFO -   -> No improvement (9/10)
2025-09-13 22:24:30,628 - INFO - [Epoch 25/50]
2025-09-13 22:24:31,080 - INFO - Train Loss: 0.6193, Train Acc: 0.7889
2025-09-13 22:24:31,080 - INFO - Val   Loss: 1.1110, Val   Acc: 0.5856
2025-09-13 22:24:31,083 - INFO -   -> No improvement (10/10)
2025-09-13 22:24:31,083 - INFO - Early stopping triggered.
2025-09-13 22:24:31,083 - INFO - 
Loading best fine-tuned model from /data/A-SpeedTransformer/models/transformer/experiments/miniprogram_finetune/tune_lr5e-4_warmup50_freeze_feedforward/best_model.pth for final evaluation...
2025-09-13 22:24:31,668 - INFO - Test Loss: 1.0199, Test Accuracy: 0.7029
2025-09-13 22:24:31,674 - INFO - Classification Report:
              precision    recall  f1-score   support

        bike       0.13      0.25      0.17        63
         bus       0.82      0.37      0.51       288
         car       0.88      0.85      0.87       467
       train       0.10      0.31      0.15        29
        walk       0.80      0.92      0.85       311

    accuracy                           0.70      1158
   macro avg       0.54      0.54      0.51      1158
weighted avg       0.78      0.70      0.72      1158

2025-09-13 22:24:32,010 - INFO - Saved confusion_matrix_finetune.png
/data/A-SpeedTransformer/models/transformer/model_utils.py:349: FutureWarning: `torch.cuda.amp.autocast(args...)` is deprecated. Please use `torch.amp.autocast('cuda', args...)` instead.
  with torch.cuda.amp.autocast(enabled=self.scaler is not None):
