2025-09-13 22:16:26,375 - INFO - Initializing DataProcessor for fine-tuning...
Extracting unique trajectory IDs...
Reading traj_ids: 0it [00:00, ?it/s]Reading traj_ids: 1it [00:00, 12.67it/s]
Total unique traj_ids found: 629
Splitting traj_ids into train, validation, and test sets...
Train: 93, Val: 126, Test: 410
Fitting label encoder on target column...
Reading labels for encoding: 0it [00:00, ?it/s]Reading labels for encoding: 1it [00:00, 15.86it/s]
Classes found: ['bike' 'bus' 'car' 'train' 'walk']
Fitting scaler on training features...
Reading training features for scaling: 0it [00:00, ?it/s]Reading training features for scaling: 1it [00:00, 12.11it/s]
Scaler fitting completed.
Creating sequences in sliding windows...
Processing chunks: 0it [00:00, ?it/s]Processing chunks: 1it [00:00,  2.00it/s]Processing chunks: 1it [00:00,  2.00it/s]
Train: 289, Val: 292, Test: 1158
Skipped sequences (zero length): 0
Creating sequences in sliding windows...
Processing chunks: 0it [00:00, ?it/s]Processing chunks: 1it [00:00,  2.32it/s]Processing chunks: 1it [00:00,  2.31it/s]Train: 289, Val: 292, Test: 1158
Skipped sequences (zero length): 0
2025-09-13 22:16:30,614 - INFO - Loading pretrained model from: /data/A-SpeedTransformer/models/transformer/experiments/mobis_transformer_sweeps/mobis_lr1e-4_bs512_h8_d128_kv4_do0.1/mobis_lr1e-4_bs512_h8_d128_kv4_do0.1/best_model.pth
2025-09-13 22:16:30,628 - INFO - Frozen: Attention mechanisms in all unfrozen layers
2025-09-13 22:16:30,628 - INFO - Added warmup scheduler with 50 steps
2025-09-13 22:16:30,632 - INFO - [Epoch 1/50]

/data/A-SpeedTransformer/models/transformer/model_utils.py:231: FutureWarning: `torch.cuda.amp.GradScaler(args...)` is deprecated. Please use `torch.amp.GradScaler('cuda', args...)` instead.
  self.scaler = torch.cuda.amp.GradScaler() if (use_amp and torch.cuda.is_available()) else None
/data/A-SpeedTransformer/models/transformer/model_utils.py:361: FutureWarning: You are using `torch.load` with `weights_only=False` (the current default value), which uses the default pickle module implicitly. It is possible to construct malicious pickle data which will execute arbitrary code during unpickling (See https://github.com/pytorch/pytorch/blob/main/SECURITY.md#untrusted-models for more details). In a future release, the default value for `weights_only` will be flipped to `True`. This limits the functions that could be executed during unpickling. Arbitrary objects will no longer be allowed to be loaded via this mode unless they are explicitly allowlisted by the user via `torch.serialization.add_safe_globals`. We recommend you start setting `weights_only=True` for any use case where you don't have full control of the loaded file. Please open an issue on GitHub for any issues related to this experimental feature.
  state = torch.load(path, map_location=self.device)
/data/A-SpeedTransformer/models/transformer/model_utils.py:289: FutureWarning: `torch.cuda.amp.autocast(args...)` is deprecated. Please use `torch.amp.autocast('cuda', args...)` instead.
  with torch.cuda.amp.autocast():
/data/oe23/torchgpu/lib/python3.8/site-packages/torch/optim/lr_scheduler.py:216: UserWarning: Detected call of `lr_scheduler.step()` before `optimizer.step()`. In PyTorch 1.1.0 and later, you should call them in the opposite order: `optimizer.step()` before `lr_scheduler.step()`.  Failure to do this will result in PyTorch skipping the first value of the learning rate schedule. See more details at https://pytorch.org/docs/stable/optim.html#how-to-adjust-learning-rate
  warnings.warn(
2025-09-13 22:16:31,351 - INFO - Train Loss: 3.9927, Train Acc: 0.2561
2025-09-13 22:16:31,351 - INFO - Val   Loss: 5.3301, Val   Acc: 0.3630
2025-09-13 22:16:31,384 - INFO -   -> Best fine-tuned model saved.
2025-09-13 22:16:31,384 - INFO - [Epoch 2/50]
/data/A-SpeedTransformer/models/transformer/model_utils.py:326: FutureWarning: `torch.cuda.amp.autocast(args...)` is deprecated. Please use `torch.amp.autocast('cuda', args...)` instead.
  with torch.cuda.amp.autocast(enabled=self.scaler is not None):
2025-09-13 22:16:31,773 - INFO - Train Loss: 4.0172, Train Acc: 0.2664
2025-09-13 22:16:31,774 - INFO - Val   Loss: 5.3301, Val   Acc: 0.3630
2025-09-13 22:16:31,776 - INFO -   -> No improvement (1/10)
2025-09-13 22:16:31,776 - INFO - [Epoch 3/50]
2025-09-13 22:16:32,159 - INFO - Train Loss: 4.0181, Train Acc: 0.2734
2025-09-13 22:16:32,160 - INFO - Val   Loss: 5.3301, Val   Acc: 0.3630
2025-09-13 22:16:32,161 - INFO -   -> No improvement (2/10)
2025-09-13 22:16:32,162 - INFO - [Epoch 4/50]
2025-09-13 22:16:32,535 - INFO - Train Loss: 3.9933, Train Acc: 0.2768
2025-09-13 22:16:32,535 - INFO - Val   Loss: 5.3301, Val   Acc: 0.3630
2025-09-13 22:16:32,537 - INFO -   -> No improvement (3/10)
2025-09-13 22:16:32,537 - INFO - [Epoch 5/50]
2025-09-13 22:16:32,944 - INFO - Train Loss: 3.9769, Train Acc: 0.2630
2025-09-13 22:16:32,944 - INFO - Val   Loss: 5.3124, Val   Acc: 0.3630
2025-09-13 22:16:32,946 - INFO -   -> No improvement (4/10)
2025-09-13 22:16:32,946 - INFO - [Epoch 6/50]
2025-09-13 22:16:33,349 - INFO - Train Loss: 3.9544, Train Acc: 0.2768
2025-09-13 22:16:33,349 - INFO - Val   Loss: 5.2913, Val   Acc: 0.3699
2025-09-13 22:16:33,378 - INFO -   -> Best fine-tuned model saved.
2025-09-13 22:16:33,378 - INFO - [Epoch 7/50]
2025-09-13 22:16:33,808 - INFO - Train Loss: 3.9661, Train Acc: 0.2734
2025-09-13 22:16:33,809 - INFO - Val   Loss: 5.2659, Val   Acc: 0.3767
2025-09-13 22:16:33,860 - INFO -   -> Best fine-tuned model saved.
2025-09-13 22:16:33,861 - INFO - [Epoch 8/50]
2025-09-13 22:16:34,254 - INFO - Train Loss: 3.8315, Train Acc: 0.2907
2025-09-13 22:16:34,254 - INFO - Val   Loss: 5.2358, Val   Acc: 0.3836
2025-09-13 22:16:34,310 - INFO -   -> Best fine-tuned model saved.
2025-09-13 22:16:34,310 - INFO - [Epoch 9/50]
2025-09-13 22:16:34,700 - INFO - Train Loss: 3.8642, Train Acc: 0.2803
2025-09-13 22:16:34,700 - INFO - Val   Loss: 5.1984, Val   Acc: 0.3870
2025-09-13 22:16:34,744 - INFO -   -> Best fine-tuned model saved.
2025-09-13 22:16:34,744 - INFO - [Epoch 10/50]
2025-09-13 22:16:35,143 - INFO - Train Loss: 3.7511, Train Acc: 0.2872
2025-09-13 22:16:35,143 - INFO - Val   Loss: 5.1556, Val   Acc: 0.3870
2025-09-13 22:16:35,145 - INFO -   -> No improvement (1/10)
2025-09-13 22:16:35,145 - INFO - [Epoch 11/50]
2025-09-13 22:16:35,543 - INFO - Train Loss: 3.6268, Train Acc: 0.3045
2025-09-13 22:16:35,544 - INFO - Val   Loss: 5.1035, Val   Acc: 0.3870
2025-09-13 22:16:35,545 - INFO -   -> No improvement (2/10)
2025-09-13 22:16:35,546 - INFO - [Epoch 12/50]
2025-09-13 22:16:35,969 - INFO - Train Loss: 3.5499, Train Acc: 0.3080
2025-09-13 22:16:35,969 - INFO - Val   Loss: 5.0420, Val   Acc: 0.3904
2025-09-13 22:16:36,001 - INFO -   -> Best fine-tuned model saved.
2025-09-13 22:16:36,002 - INFO - [Epoch 13/50]
2025-09-13 22:16:36,419 - INFO - Train Loss: 3.5675, Train Acc: 0.3080
2025-09-13 22:16:36,420 - INFO - Val   Loss: 4.9719, Val   Acc: 0.3973
2025-09-13 22:16:36,451 - INFO -   -> Best fine-tuned model saved.
2025-09-13 22:16:36,451 - INFO - [Epoch 14/50]
2025-09-13 22:16:36,852 - INFO - Train Loss: 3.3711, Train Acc: 0.3253
2025-09-13 22:16:36,852 - INFO - Val   Loss: 4.8974, Val   Acc: 0.4110
2025-09-13 22:16:36,880 - INFO -   -> Best fine-tuned model saved.
2025-09-13 22:16:36,881 - INFO - [Epoch 15/50]
2025-09-13 22:16:37,288 - INFO - Train Loss: 3.1899, Train Acc: 0.3287
2025-09-13 22:16:37,288 - INFO - Val   Loss: 4.8190, Val   Acc: 0.4178
2025-09-13 22:16:37,324 - INFO -   -> Best fine-tuned model saved.
2025-09-13 22:16:37,324 - INFO - [Epoch 16/50]
2025-09-13 22:16:37,724 - INFO - Train Loss: 3.1319, Train Acc: 0.3391
2025-09-13 22:16:37,725 - INFO - Val   Loss: 4.7306, Val   Acc: 0.4281
2025-09-13 22:16:37,795 - INFO -   -> Best fine-tuned model saved.
2025-09-13 22:16:37,796 - INFO - [Epoch 17/50]
2025-09-13 22:16:38,211 - INFO - Train Loss: 3.0359, Train Acc: 0.3633
2025-09-13 22:16:38,211 - INFO - Val   Loss: 4.7306, Val   Acc: 0.4281
2025-09-13 22:16:38,213 - INFO -   -> No improvement (1/10)
2025-09-13 22:16:38,214 - INFO - [Epoch 18/50]
2025-09-13 22:16:38,612 - INFO - Train Loss: 2.9893, Train Acc: 0.3529
2025-09-13 22:16:38,613 - INFO - Val   Loss: 4.6155, Val   Acc: 0.4384
2025-09-13 22:16:38,643 - INFO -   -> Best fine-tuned model saved.
2025-09-13 22:16:38,644 - INFO - [Epoch 19/50]
2025-09-13 22:16:39,073 - INFO - Train Loss: 2.8369, Train Acc: 0.3945
2025-09-13 22:16:39,074 - INFO - Val   Loss: 4.4498, Val   Acc: 0.4418
2025-09-13 22:16:39,108 - INFO -   -> Best fine-tuned model saved.
2025-09-13 22:16:39,109 - INFO - [Epoch 20/50]
2025-09-13 22:16:39,523 - INFO - Train Loss: 2.6678, Train Acc: 0.4498
2025-09-13 22:16:39,524 - INFO - Val   Loss: 4.1803, Val   Acc: 0.4384
2025-09-13 22:16:39,526 - INFO -   -> No improvement (1/10)
2025-09-13 22:16:39,526 - INFO - [Epoch 21/50]
2025-09-13 22:16:39,965 - INFO - Train Loss: 2.4514, Train Acc: 0.5121
2025-09-13 22:16:39,966 - INFO - Val   Loss: 3.7121, Val   Acc: 0.4486
2025-09-13 22:16:39,998 - INFO -   -> Best fine-tuned model saved.
2025-09-13 22:16:39,999 - INFO - [Epoch 22/50]
2025-09-13 22:16:40,421 - INFO - Train Loss: 2.1636, Train Acc: 0.5329
2025-09-13 22:16:40,421 - INFO - Val   Loss: 2.9848, Val   Acc: 0.4521
2025-09-13 22:16:40,467 - INFO -   -> Best fine-tuned model saved.
2025-09-13 22:16:40,467 - INFO - [Epoch 23/50]
2025-09-13 22:16:40,881 - INFO - Train Loss: 1.8980, Train Acc: 0.5536
2025-09-13 22:16:40,881 - INFO - Val   Loss: 2.2815, Val   Acc: 0.4760
2025-09-13 22:16:40,911 - INFO -   -> Best fine-tuned model saved.
2025-09-13 22:16:40,912 - INFO - [Epoch 24/50]
2025-09-13 22:16:41,327 - INFO - Train Loss: 1.6591, Train Acc: 0.5986
2025-09-13 22:16:41,328 - INFO - Val   Loss: 1.8014, Val   Acc: 0.5411
2025-09-13 22:16:41,360 - INFO -   -> Best fine-tuned model saved.
2025-09-13 22:16:41,360 - INFO - [Epoch 25/50]
2025-09-13 22:16:41,770 - INFO - Train Loss: 1.2903, Train Acc: 0.6125
2025-09-13 22:16:41,770 - INFO - Val   Loss: 1.5538, Val   Acc: 0.5822
2025-09-13 22:16:41,802 - INFO -   -> Best fine-tuned model saved.
2025-09-13 22:16:41,803 - INFO - [Epoch 26/50]
2025-09-13 22:16:42,212 - INFO - Train Loss: 1.0904, Train Acc: 0.6574
2025-09-13 22:16:42,212 - INFO - Val   Loss: 1.4551, Val   Acc: 0.6130
2025-09-13 22:16:42,244 - INFO -   -> Best fine-tuned model saved.
2025-09-13 22:16:42,245 - INFO - [Epoch 27/50]
2025-09-13 22:16:42,659 - INFO - Train Loss: 0.9718, Train Acc: 0.7301
2025-09-13 22:16:42,659 - INFO - Val   Loss: 1.3987, Val   Acc: 0.6199
2025-09-13 22:16:42,701 - INFO -   -> Best fine-tuned model saved.
2025-09-13 22:16:42,701 - INFO - [Epoch 28/50]
2025-09-13 22:16:43,096 - INFO - Train Loss: 0.8944, Train Acc: 0.7439
2025-09-13 22:16:43,096 - INFO - Val   Loss: 1.3372, Val   Acc: 0.6130
2025-09-13 22:16:43,098 - INFO -   -> No improvement (1/10)
2025-09-13 22:16:43,098 - INFO - [Epoch 29/50]
2025-09-13 22:16:43,513 - INFO - Train Loss: 0.8448, Train Acc: 0.7543
2025-09-13 22:16:43,513 - INFO - Val   Loss: 1.2670, Val   Acc: 0.6096
2025-09-13 22:16:43,513 - INFO -   -> No improvement (2/10)
2025-09-13 22:16:43,515 - INFO - [Epoch 30/50]
2025-09-13 22:16:44,364 - INFO - Train Loss: 0.8073, Train Acc: 0.7647
2025-09-13 22:16:44,364 - INFO - Val   Loss: 1.2173, Val   Acc: 0.6164
2025-09-13 22:16:44,366 - INFO -   -> No improvement (3/10)
2025-09-13 22:16:44,366 - INFO - [Epoch 31/50]
2025-09-13 22:16:44,792 - INFO - Train Loss: 0.7568, Train Acc: 0.7716
2025-09-13 22:16:44,792 - INFO - Val   Loss: 1.1925, Val   Acc: 0.6233
2025-09-13 22:16:44,824 - INFO -   -> Best fine-tuned model saved.
2025-09-13 22:16:44,825 - INFO - [Epoch 32/50]
2025-09-13 22:16:45,248 - INFO - Train Loss: 0.7623, Train Acc: 0.7716
2025-09-13 22:16:45,249 - INFO - Val   Loss: 1.1790, Val   Acc: 0.6267
2025-09-13 22:16:45,287 - INFO -   -> Best fine-tuned model saved.
2025-09-13 22:16:45,288 - INFO - [Epoch 33/50]
2025-09-13 22:16:45,725 - INFO - Train Loss: 0.6970, Train Acc: 0.7958
2025-09-13 22:16:45,726 - INFO - Val   Loss: 1.1790, Val   Acc: 0.6301
2025-09-13 22:16:45,759 - INFO -   -> Best fine-tuned model saved.
2025-09-13 22:16:45,760 - INFO - [Epoch 34/50]
2025-09-13 22:16:46,198 - INFO - Train Loss: 0.7026, Train Acc: 0.7820
2025-09-13 22:16:46,198 - INFO - Val   Loss: 1.1818, Val   Acc: 0.6370
2025-09-13 22:16:46,237 - INFO -   -> Best fine-tuned model saved.
2025-09-13 22:16:46,238 - INFO - [Epoch 35/50]
2025-09-13 22:16:46,722 - INFO - Train Loss: 0.6565, Train Acc: 0.7993
2025-09-13 22:16:46,723 - INFO - Val   Loss: 1.1803, Val   Acc: 0.6336
2025-09-13 22:16:46,723 - INFO -   -> No improvement (1/10)
2025-09-13 22:16:46,725 - INFO - [Epoch 36/50]
2025-09-13 22:16:47,188 - INFO - Train Loss: 0.6284, Train Acc: 0.8028
2025-09-13 22:16:47,188 - INFO - Val   Loss: 1.1712, Val   Acc: 0.6199
2025-09-13 22:16:47,190 - INFO -   -> No improvement (2/10)
2025-09-13 22:16:47,191 - INFO - [Epoch 37/50]
2025-09-13 22:16:47,637 - INFO - Train Loss: 0.6347, Train Acc: 0.8028
2025-09-13 22:16:47,638 - INFO - Val   Loss: 1.1545, Val   Acc: 0.6164
2025-09-13 22:16:47,640 - INFO -   -> No improvement (3/10)
2025-09-13 22:16:47,640 - INFO - [Epoch 38/50]
2025-09-13 22:16:48,072 - INFO - Train Loss: 0.5980, Train Acc: 0.8166
2025-09-13 22:16:48,072 - INFO - Val   Loss: 1.1328, Val   Acc: 0.6027
2025-09-13 22:16:48,074 - INFO -   -> No improvement (4/10)
2025-09-13 22:16:48,074 - INFO - [Epoch 39/50]
2025-09-13 22:16:48,465 - INFO - Train Loss: 0.5835, Train Acc: 0.8201
2025-09-13 22:16:48,465 - INFO - Val   Loss: 1.1054, Val   Acc: 0.5959
2025-09-13 22:16:48,465 - INFO -   -> No improvement (5/10)
2025-09-13 22:16:48,467 - INFO - [Epoch 40/50]
2025-09-13 22:16:48,853 - INFO - Train Loss: 0.5912, Train Acc: 0.8131
2025-09-13 22:16:48,854 - INFO - Val   Loss: 1.0757, Val   Acc: 0.5890
2025-09-13 22:16:48,856 - INFO -   -> No improvement (6/10)
2025-09-13 22:16:48,856 - INFO - [Epoch 41/50]
2025-09-13 22:16:49,273 - INFO - Train Loss: 0.5679, Train Acc: 0.8201
2025-09-13 22:16:49,273 - INFO - Val   Loss: 1.0446, Val   Acc: 0.5856
2025-09-13 22:16:49,273 - INFO -   -> No improvement (7/10)
2025-09-13 22:16:49,275 - INFO - [Epoch 42/50]
2025-09-13 22:16:49,669 - INFO - Train Loss: 0.5414, Train Acc: 0.8304
2025-09-13 22:16:49,669 - INFO - Val   Loss: 1.0138, Val   Acc: 0.5856
2025-09-13 22:16:49,669 - INFO -   -> No improvement (8/10)
2025-09-13 22:16:49,670 - INFO - [Epoch 43/50]
2025-09-13 22:16:50,045 - INFO - Train Loss: 0.5254, Train Acc: 0.8339
2025-09-13 22:16:50,045 - INFO - Val   Loss: 0.9857, Val   Acc: 0.5822
2025-09-13 22:16:50,045 - INFO -   -> No improvement (9/10)
2025-09-13 22:16:50,047 - INFO - [Epoch 44/50]
2025-09-13 22:16:50,437 - INFO - Train Loss: 0.5299, Train Acc: 0.8201
2025-09-13 22:16:50,437 - INFO - Val   Loss: 0.9565, Val   Acc: 0.5753
2025-09-13 22:16:50,437 - INFO -   -> No improvement (10/10)
2025-09-13 22:16:50,437 - INFO - Early stopping triggered.
2025-09-13 22:16:50,439 - INFO - 
Loading best fine-tuned model from /data/A-SpeedTransformer/models/transformer/experiments/miniprogram_finetune/tune_lr2e-4_warmup50_freeze_attention/best_model.pth for final evaluation...
2025-09-13 22:16:51,057 - INFO - Test Loss: 0.8430, Test Accuracy: 0.7168
2025-09-13 22:16:51,068 - INFO - Classification Report:
              precision    recall  f1-score   support

        bike       0.13      0.29      0.18        63
         bus       0.80      0.28      0.42       288
         car       0.88      0.90      0.89       467
       train       0.15      0.28      0.19        29
        walk       0.78      0.98      0.87       311

    accuracy                           0.72      1158
   macro avg       0.55      0.54      0.51      1158
weighted avg       0.77      0.72      0.71      1158

2025-09-13 22:16:51,554 - INFO - Saved confusion_matrix_finetune.png
/data/A-SpeedTransformer/models/transformer/model_utils.py:349: FutureWarning: `torch.cuda.amp.autocast(args...)` is deprecated. Please use `torch.amp.autocast('cuda', args...)` instead.
  with torch.cuda.amp.autocast(enabled=self.scaler is not None):
