2025-09-06 21:13:10,112 - INFO - Setting random seed to 316
2025-09-06 21:13:10,113 - INFO - DDP world_size=1 local_rank=0
2025-09-06 21:13:10,121 - INFO - Initializing DataProcessor...
2025-09-06 21:13:22,273 - INFO - Scaler saved to /data/A-SpeedTransformer/models/transformer_/experiments/geolife_window_sweeps/geolife_ws50_lr2e-4_bs512_h8_d128_kv4_do0.1/geolife_ws50_lr2e-4_bs512_h8_d128_kv4_do0.1/scaler.joblib
2025-09-06 21:13:22,274 - INFO - Label encoder saved to /data/A-SpeedTransformer/models/transformer_/experiments/geolife_window_sweeps/geolife_ws50_lr2e-4_bs512_h8_d128_kv4_do0.1/geolife_ws50_lr2e-4_bs512_h8_d128_kv4_do0.1/label_encoder.joblib
2025-09-06 21:13:22,275 - INFO - Datasets and DataLoaders ready (DDP-aware).
2025-09-06 21:13:22,275 - INFO - Initializing TrajectoryModel...
2025-09-06 21:13:26,336 - INFO - Model initialization completed.
2025-09-06 21:13:26,336 - INFO - Starting training loop...
2025-09-06 21:13:33,363 - INFO - [Epoch 1/50] Train Loss: 0.9670, Train Acc: 0.6390, Val Loss: 0.8101, Val Acc: 0.7150
2025-09-06 21:13:33,472 - INFO -   -> Best model saved
2025-09-06 21:13:39,946 - INFO - [Epoch 2/50] Train Loss: 0.8283, Train Acc: 0.7030, Val Loss: 0.7839, Val Acc: 0.7356
2025-09-06 21:13:40,107 - INFO -   -> Best model saved
2025-09-06 21:13:47,715 - INFO - [Epoch 3/50] Train Loss: 0.7913, Train Acc: 0.7204, Val Loss: 0.7356, Val Acc: 0.7534
2025-09-06 21:13:47,767 - INFO -   -> Best model saved
2025-09-06 21:13:55,252 - INFO - [Epoch 4/50] Train Loss: 0.7625, Train Acc: 0.7320, Val Loss: 0.6916, Val Acc: 0.7671
2025-09-06 21:13:55,291 - INFO -   -> Best model saved
2025-09-06 21:14:02,661 - INFO - [Epoch 5/50] Train Loss: 0.7389, Train Acc: 0.7381, Val Loss: 0.6725, Val Acc: 0.7742
2025-09-06 21:14:02,724 - INFO -   -> Best model saved
2025-09-06 21:14:10,076 - INFO - [Epoch 6/50] Train Loss: 0.7084, Train Acc: 0.7502, Val Loss: 0.6554, Val Acc: 0.7773
2025-09-06 21:14:10,211 - INFO -   -> Best model saved
2025-09-06 21:14:17,715 - INFO - [Epoch 7/50] Train Loss: 0.6788, Train Acc: 0.7599, Val Loss: 0.6025, Val Acc: 0.7871
2025-09-06 21:14:17,752 - INFO -   -> Best model saved
2025-09-06 21:14:25,563 - INFO - [Epoch 8/50] Train Loss: 0.6544, Train Acc: 0.7657, Val Loss: 0.6037, Val Acc: 0.7921
2025-09-06 21:14:25,564 - INFO -   -> No improvement (1/7)
2025-09-06 21:14:33,440 - INFO - [Epoch 9/50] Train Loss: 0.6390, Train Acc: 0.7700, Val Loss: 0.5832, Val Acc: 0.7965
2025-09-06 21:14:33,487 - INFO -   -> Best model saved
2025-09-06 21:14:41,378 - INFO - [Epoch 10/50] Train Loss: 0.6197, Train Acc: 0.7775, Val Loss: 0.5888, Val Acc: 0.7765
2025-09-06 21:14:41,379 - INFO -   -> No improvement (1/7)
2025-09-06 21:14:48,966 - INFO - [Epoch 11/50] Train Loss: 0.5996, Train Acc: 0.7843, Val Loss: 0.5401, Val Acc: 0.8122
2025-09-06 21:14:49,025 - INFO -   -> Best model saved
2025-09-06 21:14:56,813 - INFO - [Epoch 12/50] Train Loss: 0.5884, Train Acc: 0.7860, Val Loss: 0.5403, Val Acc: 0.8130
2025-09-06 21:14:56,813 - INFO -   -> No improvement (1/7)
2025-09-06 21:15:04,362 - INFO - [Epoch 13/50] Train Loss: 0.5737, Train Acc: 0.7905, Val Loss: 0.5394, Val Acc: 0.8121
2025-09-06 21:15:04,405 - INFO -   -> Best model saved
2025-09-06 21:15:11,246 - INFO - [Epoch 14/50] Train Loss: 0.5590, Train Acc: 0.7940, Val Loss: 0.5367, Val Acc: 0.7957
2025-09-06 21:15:11,346 - INFO -   -> Best model saved
2025-09-06 21:15:19,119 - INFO - [Epoch 15/50] Train Loss: 0.5503, Train Acc: 0.7970, Val Loss: 0.4923, Val Acc: 0.8211
2025-09-06 21:15:19,217 - INFO -   -> Best model saved
2025-09-06 21:15:26,847 - INFO - [Epoch 16/50] Train Loss: 0.5385, Train Acc: 0.7995, Val Loss: 0.4982, Val Acc: 0.8240
2025-09-06 21:15:26,847 - INFO -   -> No improvement (1/7)
2025-09-06 21:15:34,075 - INFO - [Epoch 17/50] Train Loss: 0.5330, Train Acc: 0.8004, Val Loss: 0.4796, Val Acc: 0.8248
2025-09-06 21:15:34,190 - INFO -   -> Best model saved
2025-09-06 21:15:40,122 - INFO - [Epoch 18/50] Train Loss: 0.5247, Train Acc: 0.8013, Val Loss: 0.5083, Val Acc: 0.8059
2025-09-06 21:15:40,122 - INFO -   -> No improvement (1/7)
2025-09-06 21:15:46,795 - INFO - [Epoch 19/50] Train Loss: 0.5203, Train Acc: 0.8039, Val Loss: 0.4669, Val Acc: 0.8289
2025-09-06 21:15:46,883 - INFO -   -> Best model saved
2025-09-06 21:15:54,157 - INFO - [Epoch 20/50] Train Loss: 0.5155, Train Acc: 0.8066, Val Loss: 0.4675, Val Acc: 0.8258
2025-09-06 21:15:54,158 - INFO -   -> No improvement (1/7)
2025-09-06 21:16:01,612 - INFO - [Epoch 21/50] Train Loss: 0.5091, Train Acc: 0.8077, Val Loss: 0.4774, Val Acc: 0.8230
2025-09-06 21:16:01,613 - INFO -   -> No improvement (2/7)
2025-09-06 21:16:09,260 - INFO - [Epoch 22/50] Train Loss: 0.5035, Train Acc: 0.8084, Val Loss: 0.4650, Val Acc: 0.8287
2025-09-06 21:16:09,382 - INFO -   -> Best model saved
2025-09-06 21:16:15,201 - INFO - [Epoch 23/50] Train Loss: 0.5116, Train Acc: 0.8067, Val Loss: 0.4573, Val Acc: 0.8314
2025-09-06 21:16:15,247 - INFO -   -> Best model saved
2025-09-06 21:16:20,533 - INFO - [Epoch 24/50] Train Loss: 0.5046, Train Acc: 0.8084, Val Loss: 0.4609, Val Acc: 0.8248
2025-09-06 21:16:20,533 - INFO -   -> No improvement (1/7)
2025-09-06 21:16:26,023 - INFO - [Epoch 25/50] Train Loss: 0.5105, Train Acc: 0.8080, Val Loss: 0.4634, Val Acc: 0.8263
2025-09-06 21:16:26,023 - INFO -   -> No improvement (2/7)
2025-09-06 21:16:32,479 - INFO - [Epoch 26/50] Train Loss: 0.5012, Train Acc: 0.8104, Val Loss: 0.5089, Val Acc: 0.8128
2025-09-06 21:16:32,480 - INFO -   -> No improvement (3/7)
2025-09-06 21:16:39,805 - INFO - [Epoch 27/50] Train Loss: 0.4999, Train Acc: 0.8092, Val Loss: 0.4618, Val Acc: 0.8245
2025-09-06 21:16:39,806 - INFO -   -> No improvement (4/7)
2025-09-06 21:16:47,052 - INFO - [Epoch 28/50] Train Loss: 0.4999, Train Acc: 0.8088, Val Loss: 0.4448, Val Acc: 0.8308
2025-09-06 21:16:47,134 - INFO -   -> Best model saved
2025-09-06 21:16:54,415 - INFO - [Epoch 29/50] Train Loss: 0.5067, Train Acc: 0.8077, Val Loss: 0.4969, Val Acc: 0.8222
2025-09-06 21:16:54,416 - INFO -   -> No improvement (1/7)
2025-09-06 21:17:01,442 - INFO - [Epoch 30/50] Train Loss: 0.4929, Train Acc: 0.8137, Val Loss: 0.4757, Val Acc: 0.8152
2025-09-06 21:17:01,443 - INFO -   -> No improvement (2/7)
2025-09-06 21:17:08,312 - INFO - [Epoch 31/50] Train Loss: 0.5056, Train Acc: 0.8082, Val Loss: 0.4746, Val Acc: 0.8238
2025-09-06 21:17:08,312 - INFO -   -> No improvement (3/7)
2025-09-06 21:17:15,606 - INFO - [Epoch 32/50] Train Loss: 0.4873, Train Acc: 0.8131, Val Loss: 0.4389, Val Acc: 0.8343
2025-09-06 21:17:15,652 - INFO -   -> Best model saved
2025-09-06 21:17:22,971 - INFO - [Epoch 33/50] Train Loss: 0.4898, Train Acc: 0.8141, Val Loss: 0.4528, Val Acc: 0.8303
2025-09-06 21:17:22,972 - INFO -   -> No improvement (1/7)
2025-09-06 21:17:29,922 - INFO - [Epoch 34/50] Train Loss: 0.4864, Train Acc: 0.8139, Val Loss: 0.4954, Val Acc: 0.8138
2025-09-06 21:17:29,923 - INFO -   -> No improvement (2/7)
2025-09-06 21:17:37,076 - INFO - [Epoch 35/50] Train Loss: 0.4899, Train Acc: 0.8133, Val Loss: 0.4418, Val Acc: 0.8320
2025-09-06 21:17:37,076 - INFO -   -> No improvement (3/7)
2025-09-06 21:17:44,653 - INFO - [Epoch 36/50] Train Loss: 0.4962, Train Acc: 0.8126, Val Loss: 0.5027, Val Acc: 0.8096
2025-09-06 21:17:44,653 - INFO -   -> No improvement (4/7)
2025-09-06 21:17:52,657 - INFO - [Epoch 37/50] Train Loss: 0.4865, Train Acc: 0.8151, Val Loss: 0.4668, Val Acc: 0.8301
2025-09-06 21:17:52,658 - INFO -   -> No improvement (5/7)
2025-09-06 21:17:59,983 - INFO - [Epoch 38/50] Train Loss: 0.4835, Train Acc: 0.8167, Val Loss: 0.4907, Val Acc: 0.8164
2025-09-06 21:17:59,983 - INFO -   -> No improvement (6/7)
2025-09-06 21:18:07,514 - INFO - [Epoch 39/50] Train Loss: 0.4910, Train Acc: 0.8123, Val Loss: 0.4486, Val Acc: 0.8253
2025-09-06 21:18:07,515 - INFO -   -> No improvement (7/7)
2025-09-06 21:18:07,517 - INFO - Early stopping triggered.
2025-09-06 21:18:07,517 - INFO - 
Loading best model and evaluating on test set...
2025-09-06 21:18:07,966 - INFO - Test Loss: 0.4043, Test Accuracy: 0.8486
2025-09-06 21:18:08,405 - INFO - Classification Report:
              precision    recall  f1-score   support

        bike       0.89      0.85      0.87      2324
         bus       0.94      0.74      0.83      3444
         car       0.67      0.71      0.69      1666
       train       0.78      0.89      0.83      2401
        walk       0.88      0.97      0.93      3972

    accuracy                           0.85     13807
   macro avg       0.83      0.83      0.83     13807
weighted avg       0.86      0.85      0.85     13807

2025-09-06 21:18:08,412 - INFO - Saving confusion matrix as confusion_matrix.png...
2025-09-06 22:00:07,909 - INFO - Setting random seed to 316
2025-09-06 22:00:07,909 - INFO - DDP world_size=1 local_rank=0
2025-09-06 22:00:07,918 - INFO - Initializing DataProcessor...
2025-09-06 22:00:22,682 - INFO - Scaler saved to /data/A-SpeedTransformer/models/transformer_/experiments/geolife_window_sweeps/geolife_ws50_lr2e-4_bs512_h8_d128_kv4_do0.1/geolife_ws50_lr2e-4_bs512_h8_d128_kv4_do0.1/scaler.joblib
2025-09-06 22:00:22,683 - INFO - Label encoder saved to /data/A-SpeedTransformer/models/transformer_/experiments/geolife_window_sweeps/geolife_ws50_lr2e-4_bs512_h8_d128_kv4_do0.1/geolife_ws50_lr2e-4_bs512_h8_d128_kv4_do0.1/label_encoder.joblib
2025-09-06 22:00:22,683 - INFO - Datasets and DataLoaders ready (DDP-aware).
2025-09-06 22:00:22,683 - INFO - Initializing TrajectoryModel...
2025-09-06 22:00:27,365 - INFO - Model initialization completed.
2025-09-06 22:00:27,365 - INFO - Starting training loop...
2025-09-06 22:00:37,684 - INFO - [Epoch 1/50] Train Loss: 0.9670, Train Acc: 0.6390, Val Loss: 0.8101, Val Acc: 0.7150
2025-09-06 22:00:37,714 - INFO -   -> Best model saved
2025-09-06 22:00:47,678 - INFO - [Epoch 2/50] Train Loss: 0.8283, Train Acc: 0.7030, Val Loss: 0.7839, Val Acc: 0.7356
2025-09-06 22:00:47,720 - INFO -   -> Best model saved
2025-09-06 22:00:56,509 - INFO - [Epoch 3/50] Train Loss: 0.7913, Train Acc: 0.7204, Val Loss: 0.7356, Val Acc: 0.7534
2025-09-06 22:00:56,544 - INFO -   -> Best model saved
2025-09-06 22:01:03,406 - INFO - [Epoch 4/50] Train Loss: 0.7625, Train Acc: 0.7320, Val Loss: 0.6916, Val Acc: 0.7671
2025-09-06 22:01:03,461 - INFO -   -> Best model saved
2025-09-06 22:01:08,838 - INFO - [Epoch 5/50] Train Loss: 0.7389, Train Acc: 0.7381, Val Loss: 0.6725, Val Acc: 0.7742
2025-09-06 22:01:08,936 - INFO -   -> Best model saved
2025-09-06 22:01:14,435 - INFO - [Epoch 6/50] Train Loss: 0.7084, Train Acc: 0.7502, Val Loss: 0.6554, Val Acc: 0.7773
2025-09-06 22:01:14,466 - INFO -   -> Best model saved
2025-09-06 22:01:21,194 - INFO - [Epoch 7/50] Train Loss: 0.6788, Train Acc: 0.7599, Val Loss: 0.6025, Val Acc: 0.7871
2025-09-06 22:01:21,257 - INFO -   -> Best model saved
2025-09-06 22:01:28,326 - INFO - [Epoch 8/50] Train Loss: 0.6544, Train Acc: 0.7657, Val Loss: 0.6037, Val Acc: 0.7921
2025-09-06 22:01:28,326 - INFO -   -> No improvement (1/7)
2025-09-06 22:01:36,550 - INFO - [Epoch 9/50] Train Loss: 0.6390, Train Acc: 0.7700, Val Loss: 0.5832, Val Acc: 0.7965
2025-09-06 22:01:36,581 - INFO -   -> Best model saved
2025-09-06 22:01:46,292 - INFO - [Epoch 10/50] Train Loss: 0.6197, Train Acc: 0.7775, Val Loss: 0.5888, Val Acc: 0.7765
2025-09-06 22:01:46,292 - INFO -   -> No improvement (1/7)
2025-09-06 22:01:56,104 - INFO - [Epoch 11/50] Train Loss: 0.5996, Train Acc: 0.7843, Val Loss: 0.5401, Val Acc: 0.8122
2025-09-06 22:01:56,212 - INFO -   -> Best model saved
2025-09-06 22:02:06,041 - INFO - [Epoch 12/50] Train Loss: 0.5884, Train Acc: 0.7860, Val Loss: 0.5403, Val Acc: 0.8130
2025-09-06 22:02:06,041 - INFO -   -> No improvement (1/7)
2025-09-06 22:02:16,152 - INFO - [Epoch 13/50] Train Loss: 0.5737, Train Acc: 0.7905, Val Loss: 0.5394, Val Acc: 0.8121
2025-09-06 22:02:16,195 - INFO -   -> Best model saved
2025-09-06 22:02:26,223 - INFO - [Epoch 14/50] Train Loss: 0.5590, Train Acc: 0.7940, Val Loss: 0.5367, Val Acc: 0.7957
2025-09-06 22:02:26,276 - INFO -   -> Best model saved
2025-09-06 22:02:36,075 - INFO - [Epoch 15/50] Train Loss: 0.5503, Train Acc: 0.7970, Val Loss: 0.4923, Val Acc: 0.8211
2025-09-06 22:02:36,158 - INFO -   -> Best model saved
2025-09-06 22:02:45,720 - INFO - [Epoch 16/50] Train Loss: 0.5385, Train Acc: 0.7995, Val Loss: 0.4982, Val Acc: 0.8240
2025-09-06 22:02:45,721 - INFO -   -> No improvement (1/7)
2025-09-06 22:02:55,621 - INFO - [Epoch 17/50] Train Loss: 0.5330, Train Acc: 0.8004, Val Loss: 0.4796, Val Acc: 0.8248
2025-09-06 22:02:55,693 - INFO -   -> Best model saved
2025-09-06 22:03:05,521 - INFO - [Epoch 18/50] Train Loss: 0.5247, Train Acc: 0.8013, Val Loss: 0.5083, Val Acc: 0.8059
2025-09-06 22:03:05,521 - INFO -   -> No improvement (1/7)
2025-09-06 22:03:15,220 - INFO - [Epoch 19/50] Train Loss: 0.5203, Train Acc: 0.8039, Val Loss: 0.4669, Val Acc: 0.8289
2025-09-06 22:03:15,253 - INFO -   -> Best model saved
2025-09-06 22:03:25,221 - INFO - [Epoch 20/50] Train Loss: 0.5155, Train Acc: 0.8066, Val Loss: 0.4675, Val Acc: 0.8258
2025-09-06 22:03:25,221 - INFO -   -> No improvement (1/7)
2025-09-06 22:03:35,317 - INFO - [Epoch 21/50] Train Loss: 0.5091, Train Acc: 0.8077, Val Loss: 0.4774, Val Acc: 0.8230
2025-09-06 22:03:35,318 - INFO -   -> No improvement (2/7)
2025-09-06 22:03:44,444 - INFO - [Epoch 22/50] Train Loss: 0.5035, Train Acc: 0.8084, Val Loss: 0.4650, Val Acc: 0.8287
2025-09-06 22:03:44,508 - INFO -   -> Best model saved
2025-09-06 22:03:50,586 - INFO - [Epoch 23/50] Train Loss: 0.5116, Train Acc: 0.8067, Val Loss: 0.4573, Val Acc: 0.8314
2025-09-06 22:03:50,669 - INFO -   -> Best model saved
2025-09-06 22:03:57,758 - INFO - [Epoch 24/50] Train Loss: 0.5046, Train Acc: 0.8084, Val Loss: 0.4609, Val Acc: 0.8248
2025-09-06 22:03:57,759 - INFO -   -> No improvement (1/7)
2025-09-06 22:04:04,714 - INFO - [Epoch 25/50] Train Loss: 0.5105, Train Acc: 0.8080, Val Loss: 0.4634, Val Acc: 0.8263
2025-09-06 22:04:04,714 - INFO -   -> No improvement (2/7)
2025-09-06 22:04:10,904 - INFO - [Epoch 26/50] Train Loss: 0.5012, Train Acc: 0.8104, Val Loss: 0.5089, Val Acc: 0.8128
2025-09-06 22:04:10,904 - INFO -   -> No improvement (3/7)
2025-09-06 22:04:16,769 - INFO - [Epoch 27/50] Train Loss: 0.4999, Train Acc: 0.8092, Val Loss: 0.4618, Val Acc: 0.8245
2025-09-06 22:04:16,769 - INFO -   -> No improvement (4/7)
2025-09-06 22:04:23,216 - INFO - [Epoch 28/50] Train Loss: 0.4999, Train Acc: 0.8088, Val Loss: 0.4448, Val Acc: 0.8308
2025-09-06 22:04:23,293 - INFO -   -> Best model saved
2025-09-06 22:04:31,231 - INFO - [Epoch 29/50] Train Loss: 0.5067, Train Acc: 0.8077, Val Loss: 0.4969, Val Acc: 0.8222
2025-09-06 22:04:31,232 - INFO -   -> No improvement (1/7)
2025-09-06 22:04:41,184 - INFO - [Epoch 30/50] Train Loss: 0.4929, Train Acc: 0.8137, Val Loss: 0.4757, Val Acc: 0.8152
2025-09-06 22:04:41,184 - INFO -   -> No improvement (2/7)
2025-09-06 22:04:51,103 - INFO - [Epoch 31/50] Train Loss: 0.5056, Train Acc: 0.8082, Val Loss: 0.4746, Val Acc: 0.8238
2025-09-06 22:04:51,104 - INFO -   -> No improvement (3/7)
2025-09-06 22:05:00,895 - INFO - [Epoch 32/50] Train Loss: 0.4873, Train Acc: 0.8131, Val Loss: 0.4389, Val Acc: 0.8343
2025-09-06 22:05:01,017 - INFO -   -> Best model saved
2025-09-06 22:05:10,894 - INFO - [Epoch 33/50] Train Loss: 0.4898, Train Acc: 0.8141, Val Loss: 0.4528, Val Acc: 0.8303
2025-09-06 22:05:10,894 - INFO -   -> No improvement (1/7)
2025-09-06 22:05:20,660 - INFO - [Epoch 34/50] Train Loss: 0.4864, Train Acc: 0.8139, Val Loss: 0.4954, Val Acc: 0.8138
2025-09-06 22:05:20,661 - INFO -   -> No improvement (2/7)
2025-09-06 22:05:30,214 - INFO - [Epoch 35/50] Train Loss: 0.4899, Train Acc: 0.8133, Val Loss: 0.4418, Val Acc: 0.8320
2025-09-06 22:05:30,215 - INFO -   -> No improvement (3/7)
2025-09-06 22:05:39,809 - INFO - [Epoch 36/50] Train Loss: 0.4962, Train Acc: 0.8126, Val Loss: 0.5027, Val Acc: 0.8096
2025-09-06 22:05:39,810 - INFO -   -> No improvement (4/7)
2025-09-06 22:05:49,599 - INFO - [Epoch 37/50] Train Loss: 0.4865, Train Acc: 0.8151, Val Loss: 0.4668, Val Acc: 0.8301
2025-09-06 22:05:49,600 - INFO -   -> No improvement (5/7)
2025-09-06 22:05:59,295 - INFO - [Epoch 38/50] Train Loss: 0.4835, Train Acc: 0.8167, Val Loss: 0.4907, Val Acc: 0.8164
2025-09-06 22:05:59,296 - INFO -   -> No improvement (6/7)
2025-09-06 22:06:09,057 - INFO - [Epoch 39/50] Train Loss: 0.4910, Train Acc: 0.8123, Val Loss: 0.4486, Val Acc: 0.8253
2025-09-06 22:06:09,058 - INFO -   -> No improvement (7/7)
2025-09-06 22:06:09,058 - INFO - Early stopping triggered.
2025-09-06 22:06:09,058 - INFO - 
Loading best model and evaluating on test set...
2025-09-06 22:06:09,981 - INFO - Test Loss: 0.4043, Test Accuracy: 0.8486
2025-09-06 22:06:10,767 - INFO - Classification Report:
              precision    recall  f1-score   support

        bike       0.89      0.85      0.87      2324
         bus       0.94      0.74      0.83      3444
         car       0.67      0.71      0.69      1666
       train       0.78      0.89      0.83      2401
        walk       0.88      0.97      0.93      3972

    accuracy                           0.85     13807
   macro avg       0.83      0.83      0.83     13807
weighted avg       0.86      0.85      0.85     13807

2025-09-06 22:06:10,773 - INFO - Saving confusion matrix as confusion_matrix.png...
