2025-09-13 22:15:54,406 - INFO - Initializing DataProcessor for fine-tuning...
Extracting unique trajectory IDs...
Reading traj_ids: 0it [00:00, ?it/s]Reading traj_ids: 1it [00:00, 13.19it/s]
Total unique traj_ids found: 629
Splitting traj_ids into train, validation, and test sets...
Train: 93, Val: 126, Test: 410
Fitting label encoder on target column...
Reading labels for encoding: 0it [00:00, ?it/s]Reading labels for encoding: 1it [00:00, 15.89it/s]
Classes found: ['bike' 'bus' 'car' 'train' 'walk']
Fitting scaler on training features...
Reading training features for scaling: 0it [00:00, ?it/s]Reading training features for scaling: 1it [00:00, 12.02it/s]
Scaler fitting completed.
Creating sequences in sliding windows...
Processing chunks: 0it [00:00, ?it/s]Processing chunks: 1it [00:00,  1.86it/s]Processing chunks: 1it [00:00,  1.85it/s]
Train: 289, Val: 292, Test: 1158
Skipped sequences (zero length): 0
Creating sequences in sliding windows...
Processing chunks: 0it [00:00, ?it/s]Processing chunks: 1it [00:00,  1.85it/s]Processing chunks: 1it [00:00,  1.85it/s]Train: 289, Val: 292, Test: 1158
Skipped sequences (zero length): 0
2025-09-13 22:15:58,442 - INFO - Loading pretrained model from: /data/A-SpeedTransformer/models/transformer/experiments/mobis_transformer_sweeps/mobis_lr1e-4_bs512_h8_d128_kv4_do0.1/mobis_lr1e-4_bs512_h8_d128_kv4_do0.1/best_model.pth
2025-09-13 22:15:58,461 - INFO - Added warmup scheduler with 50 steps
2025-09-13 22:15:58,462 - INFO - [Epoch 1/50]

/data/A-SpeedTransformer/models/transformer/model_utils.py:231: FutureWarning: `torch.cuda.amp.GradScaler(args...)` is deprecated. Please use `torch.amp.GradScaler('cuda', args...)` instead.
  self.scaler = torch.cuda.amp.GradScaler() if (use_amp and torch.cuda.is_available()) else None
/data/A-SpeedTransformer/models/transformer/model_utils.py:361: FutureWarning: You are using `torch.load` with `weights_only=False` (the current default value), which uses the default pickle module implicitly. It is possible to construct malicious pickle data which will execute arbitrary code during unpickling (See https://github.com/pytorch/pytorch/blob/main/SECURITY.md#untrusted-models for more details). In a future release, the default value for `weights_only` will be flipped to `True`. This limits the functions that could be executed during unpickling. Arbitrary objects will no longer be allowed to be loaded via this mode unless they are explicitly allowlisted by the user via `torch.serialization.add_safe_globals`. We recommend you start setting `weights_only=True` for any use case where you don't have full control of the loaded file. Please open an issue on GitHub for any issues related to this experimental feature.
  state = torch.load(path, map_location=self.device)
/data/A-SpeedTransformer/models/transformer/model_utils.py:289: FutureWarning: `torch.cuda.amp.autocast(args...)` is deprecated. Please use `torch.amp.autocast('cuda', args...)` instead.
  with torch.cuda.amp.autocast():
/data/oe23/torchgpu/lib/python3.8/site-packages/torch/optim/lr_scheduler.py:216: UserWarning: Detected call of `lr_scheduler.step()` before `optimizer.step()`. In PyTorch 1.1.0 and later, you should call them in the opposite order: `optimizer.step()` before `lr_scheduler.step()`.  Failure to do this will result in PyTorch skipping the first value of the learning rate schedule. See more details at https://pytorch.org/docs/stable/optim.html#how-to-adjust-learning-rate
  warnings.warn(
2025-09-13 22:15:59,233 - INFO - Train Loss: 3.9927, Train Acc: 0.2561
2025-09-13 22:15:59,233 - INFO - Val   Loss: 5.3301, Val   Acc: 0.3630
2025-09-13 22:15:59,266 - INFO -   -> Best fine-tuned model saved.
2025-09-13 22:15:59,267 - INFO - [Epoch 2/50]
/data/A-SpeedTransformer/models/transformer/model_utils.py:326: FutureWarning: `torch.cuda.amp.autocast(args...)` is deprecated. Please use `torch.amp.autocast('cuda', args...)` instead.
  with torch.cuda.amp.autocast(enabled=self.scaler is not None):
2025-09-13 22:15:59,662 - INFO - Train Loss: 4.0172, Train Acc: 0.2664
2025-09-13 22:15:59,662 - INFO - Val   Loss: 5.3301, Val   Acc: 0.3630
2025-09-13 22:15:59,662 - INFO -   -> No improvement (1/10)
2025-09-13 22:15:59,664 - INFO - [Epoch 3/50]
2025-09-13 22:16:00,024 - INFO - Train Loss: 4.0181, Train Acc: 0.2734
2025-09-13 22:16:00,024 - INFO - Val   Loss: 5.3301, Val   Acc: 0.3630
2025-09-13 22:16:00,024 - INFO -   -> No improvement (2/10)
2025-09-13 22:16:00,024 - INFO - [Epoch 4/50]
2025-09-13 22:16:00,425 - INFO - Train Loss: 3.9933, Train Acc: 0.2768
2025-09-13 22:16:00,425 - INFO - Val   Loss: 5.3301, Val   Acc: 0.3630
2025-09-13 22:16:00,425 - INFO -   -> No improvement (3/10)
2025-09-13 22:16:00,427 - INFO - [Epoch 5/50]
2025-09-13 22:16:00,834 - INFO - Train Loss: 3.9769, Train Acc: 0.2630
2025-09-13 22:16:00,834 - INFO - Val   Loss: 5.2936, Val   Acc: 0.3699
2025-09-13 22:16:00,862 - INFO -   -> Best fine-tuned model saved.
2025-09-13 22:16:00,862 - INFO - [Epoch 6/50]
2025-09-13 22:16:01,237 - INFO - Train Loss: 3.9186, Train Acc: 0.2803
2025-09-13 22:16:01,237 - INFO - Val   Loss: 5.2483, Val   Acc: 0.3801
2025-09-13 22:16:01,269 - INFO -   -> Best fine-tuned model saved.
2025-09-13 22:16:01,270 - INFO - [Epoch 7/50]
2025-09-13 22:16:01,683 - INFO - Train Loss: 3.8862, Train Acc: 0.2803
2025-09-13 22:16:01,683 - INFO - Val   Loss: 5.1919, Val   Acc: 0.3870
2025-09-13 22:16:01,711 - INFO -   -> Best fine-tuned model saved.
2025-09-13 22:16:01,711 - INFO - [Epoch 8/50]
2025-09-13 22:16:02,106 - INFO - Train Loss: 3.6973, Train Acc: 0.2976
2025-09-13 22:16:02,107 - INFO - Val   Loss: 5.1204, Val   Acc: 0.3870
2025-09-13 22:16:02,108 - INFO -   -> No improvement (1/10)
2025-09-13 22:16:02,109 - INFO - [Epoch 9/50]
2025-09-13 22:16:02,491 - INFO - Train Loss: 3.6712, Train Acc: 0.2941
2025-09-13 22:16:02,492 - INFO - Val   Loss: 5.0289, Val   Acc: 0.3904
2025-09-13 22:16:02,523 - INFO -   -> Best fine-tuned model saved.
2025-09-13 22:16:02,524 - INFO - [Epoch 10/50]
2025-09-13 22:16:02,960 - INFO - Train Loss: 3.4849, Train Acc: 0.3045
2025-09-13 22:16:02,961 - INFO - Val   Loss: 4.9240, Val   Acc: 0.4075
2025-09-13 22:16:02,993 - INFO -   -> Best fine-tuned model saved.
2025-09-13 22:16:02,994 - INFO - [Epoch 11/50]
2025-09-13 22:16:03,420 - INFO - Train Loss: 3.2753, Train Acc: 0.3322
2025-09-13 22:16:03,420 - INFO - Val   Loss: 4.8108, Val   Acc: 0.4247
2025-09-13 22:16:03,452 - INFO -   -> Best fine-tuned model saved.
2025-09-13 22:16:03,453 - INFO - [Epoch 12/50]
2025-09-13 22:16:03,857 - INFO - Train Loss: 3.0986, Train Acc: 0.3460
2025-09-13 22:16:03,857 - INFO - Val   Loss: 4.6785, Val   Acc: 0.4349
2025-09-13 22:16:03,884 - INFO -   -> Best fine-tuned model saved.
2025-09-13 22:16:03,884 - INFO - [Epoch 13/50]
2025-09-13 22:16:04,305 - INFO - Train Loss: 2.9633, Train Acc: 0.3633
2025-09-13 22:16:04,305 - INFO - Val   Loss: 4.6785, Val   Acc: 0.4349
2025-09-13 22:16:04,307 - INFO -   -> No improvement (1/10)
2025-09-13 22:16:04,308 - INFO - [Epoch 14/50]
2025-09-13 22:16:04,714 - INFO - Train Loss: 2.8984, Train Acc: 0.3910
2025-09-13 22:16:04,715 - INFO - Val   Loss: 4.4774, Val   Acc: 0.4418
2025-09-13 22:16:04,745 - INFO -   -> Best fine-tuned model saved.
2025-09-13 22:16:04,745 - INFO - [Epoch 15/50]
2025-09-13 22:16:05,144 - INFO - Train Loss: 2.5653, Train Acc: 0.4464
2025-09-13 22:16:05,145 - INFO - Val   Loss: 4.0892, Val   Acc: 0.4452
2025-09-13 22:16:05,184 - INFO -   -> Best fine-tuned model saved.
2025-09-13 22:16:05,184 - INFO - [Epoch 16/50]
2025-09-13 22:16:05,600 - INFO - Train Loss: 2.3329, Train Acc: 0.4983
2025-09-13 22:16:05,600 - INFO - Val   Loss: 3.3226, Val   Acc: 0.4521
2025-09-13 22:16:05,631 - INFO -   -> Best fine-tuned model saved.
2025-09-13 22:16:05,632 - INFO - [Epoch 17/50]
2025-09-13 22:16:06,030 - INFO - Train Loss: 2.0401, Train Acc: 0.5260
2025-09-13 22:16:06,031 - INFO - Val   Loss: 2.3600, Val   Acc: 0.4760
2025-09-13 22:16:06,059 - INFO -   -> Best fine-tuned model saved.
2025-09-13 22:16:06,059 - INFO - [Epoch 18/50]
2025-09-13 22:16:06,455 - INFO - Train Loss: 1.6273, Train Acc: 0.5882
2025-09-13 22:16:06,455 - INFO - Val   Loss: 1.7789, Val   Acc: 0.5479
2025-09-13 22:16:06,482 - INFO -   -> Best fine-tuned model saved.
2025-09-13 22:16:06,483 - INFO - [Epoch 19/50]
2025-09-13 22:16:06,890 - INFO - Train Loss: 1.2542, Train Acc: 0.6194
2025-09-13 22:16:06,890 - INFO - Val   Loss: 1.5016, Val   Acc: 0.6164
2025-09-13 22:16:06,920 - INFO -   -> Best fine-tuned model saved.
2025-09-13 22:16:06,921 - INFO - [Epoch 20/50]
2025-09-13 22:16:07,329 - INFO - Train Loss: 1.0132, Train Acc: 0.6955
2025-09-13 22:16:07,329 - INFO - Val   Loss: 1.4340, Val   Acc: 0.6199
2025-09-13 22:16:07,360 - INFO -   -> Best fine-tuned model saved.
2025-09-13 22:16:07,361 - INFO - [Epoch 21/50]
2025-09-13 22:16:07,784 - INFO - Train Loss: 0.8725, Train Acc: 0.7509
2025-09-13 22:16:07,784 - INFO - Val   Loss: 1.3790, Val   Acc: 0.6027
2025-09-13 22:16:07,784 - INFO -   -> No improvement (1/10)
2025-09-13 22:16:07,786 - INFO - [Epoch 22/50]
2025-09-13 22:16:08,223 - INFO - Train Loss: 0.7893, Train Acc: 0.7716
2025-09-13 22:16:08,223 - INFO - Val   Loss: 1.2970, Val   Acc: 0.5993
2025-09-13 22:16:08,225 - INFO -   -> No improvement (2/10)
2025-09-13 22:16:08,225 - INFO - [Epoch 23/50]
2025-09-13 22:16:08,628 - INFO - Train Loss: 0.7440, Train Acc: 0.7716
2025-09-13 22:16:08,628 - INFO - Val   Loss: 1.2432, Val   Acc: 0.6164
2025-09-13 22:16:08,630 - INFO -   -> No improvement (3/10)
2025-09-13 22:16:08,630 - INFO - [Epoch 24/50]
2025-09-13 22:16:09,041 - INFO - Train Loss: 0.7183, Train Acc: 0.7993
2025-09-13 22:16:09,042 - INFO - Val   Loss: 1.2091, Val   Acc: 0.6267
2025-09-13 22:16:09,074 - INFO -   -> Best fine-tuned model saved.
2025-09-13 22:16:09,074 - INFO - [Epoch 25/50]
2025-09-13 22:16:09,460 - INFO - Train Loss: 0.6873, Train Acc: 0.7820
2025-09-13 22:16:09,461 - INFO - Val   Loss: 1.1981, Val   Acc: 0.6267
2025-09-13 22:16:09,462 - INFO -   -> No improvement (1/10)
2025-09-13 22:16:09,462 - INFO - [Epoch 26/50]
2025-09-13 22:16:09,862 - INFO - Train Loss: 0.6538, Train Acc: 0.7958
2025-09-13 22:16:09,863 - INFO - Val   Loss: 1.1799, Val   Acc: 0.6233
2025-09-13 22:16:09,865 - INFO -   -> No improvement (2/10)
2025-09-13 22:16:09,866 - INFO - [Epoch 27/50]
2025-09-13 22:16:10,273 - INFO - Train Loss: 0.6284, Train Acc: 0.8028
2025-09-13 22:16:10,274 - INFO - Val   Loss: 1.1547, Val   Acc: 0.6164
2025-09-13 22:16:10,276 - INFO -   -> No improvement (3/10)
2025-09-13 22:16:10,276 - INFO - [Epoch 28/50]
2025-09-13 22:16:10,731 - INFO - Train Loss: 0.6015, Train Acc: 0.7993
2025-09-13 22:16:10,732 - INFO - Val   Loss: 1.1250, Val   Acc: 0.6027
2025-09-13 22:16:10,734 - INFO -   -> No improvement (4/10)
2025-09-13 22:16:10,734 - INFO - [Epoch 29/50]
2025-09-13 22:16:11,138 - INFO - Train Loss: 0.5919, Train Acc: 0.8339
2025-09-13 22:16:11,138 - INFO - Val   Loss: 1.0992, Val   Acc: 0.5856
2025-09-13 22:16:11,140 - INFO -   -> No improvement (5/10)
2025-09-13 22:16:11,141 - INFO - [Epoch 30/50]
2025-09-13 22:16:11,535 - INFO - Train Loss: 0.6022, Train Acc: 0.8131
2025-09-13 22:16:11,536 - INFO - Val   Loss: 1.0779, Val   Acc: 0.5788
2025-09-13 22:16:11,538 - INFO -   -> No improvement (6/10)
2025-09-13 22:16:11,538 - INFO - [Epoch 31/50]
2025-09-13 22:16:12,001 - INFO - Train Loss: 0.5855, Train Acc: 0.8235
2025-09-13 22:16:12,002 - INFO - Val   Loss: 1.0496, Val   Acc: 0.5788
2025-09-13 22:16:12,004 - INFO -   -> No improvement (7/10)
2025-09-13 22:16:12,004 - INFO - [Epoch 32/50]
2025-09-13 22:16:12,409 - INFO - Train Loss: 0.5775, Train Acc: 0.8062
2025-09-13 22:16:12,410 - INFO - Val   Loss: 1.0010, Val   Acc: 0.5925
2025-09-13 22:16:12,410 - INFO -   -> No improvement (8/10)
2025-09-13 22:16:12,410 - INFO - [Epoch 33/50]
2025-09-13 22:16:12,818 - INFO - Train Loss: 0.5438, Train Acc: 0.8166
2025-09-13 22:16:12,819 - INFO - Val   Loss: 0.9541, Val   Acc: 0.5993
2025-09-13 22:16:12,819 - INFO -   -> No improvement (9/10)
2025-09-13 22:16:12,819 - INFO - [Epoch 34/50]
2025-09-13 22:16:13,227 - INFO - Train Loss: 0.5406, Train Acc: 0.8062
2025-09-13 22:16:13,227 - INFO - Val   Loss: 0.9223, Val   Acc: 0.6130
2025-09-13 22:16:13,227 - INFO -   -> No improvement (10/10)
2025-09-13 22:16:13,227 - INFO - Early stopping triggered.
2025-09-13 22:16:13,229 - INFO - 
Loading best fine-tuned model from /data/A-SpeedTransformer/models/transformer/experiments/miniprogram_finetune/tune_lr2e-4_warmup50_none/best_model.pth for final evaluation...
2025-09-13 22:16:13,793 - INFO - Test Loss: 0.8662, Test Accuracy: 0.7159
2025-09-13 22:16:13,802 - INFO - Classification Report:
              precision    recall  f1-score   support

        bike       0.14      0.29      0.18        63
         bus       0.81      0.30      0.43       288
         car       0.89      0.88      0.89       467
       train       0.13      0.31      0.18        29
        walk       0.78      0.98      0.87       311

    accuracy                           0.72      1158
   macro avg       0.55      0.55      0.51      1158
weighted avg       0.78      0.72      0.71      1158

2025-09-13 22:16:14,300 - INFO - Saved confusion_matrix_finetune.png
/data/A-SpeedTransformer/models/transformer/model_utils.py:349: FutureWarning: `torch.cuda.amp.autocast(args...)` is deprecated. Please use `torch.amp.autocast('cuda', args...)` instead.
  with torch.cuda.amp.autocast(enabled=self.scaler is not None):
