2025-09-13 22:21:57,637 - INFO - Initializing DataProcessor for fine-tuning...
Extracting unique trajectory IDs...
Reading traj_ids: 0it [00:00, ?it/s]Reading traj_ids: 1it [00:00, 12.15it/s]
Total unique traj_ids found: 629
Splitting traj_ids into train, validation, and test sets...
Train: 93, Val: 126, Test: 410
Fitting label encoder on target column...
Reading labels for encoding: 0it [00:00, ?it/s]Reading labels for encoding: 1it [00:00, 14.49it/s]
Classes found: ['bike' 'bus' 'car' 'train' 'walk']
Fitting scaler on training features...
Reading training features for scaling: 0it [00:00, ?it/s]Reading training features for scaling: 1it [00:00, 11.20it/s]
Scaler fitting completed.
Creating sequences in sliding windows...
Processing chunks: 0it [00:00, ?it/s]Processing chunks: 1it [00:00,  2.47it/s]Processing chunks: 1it [00:00,  2.46it/s]
Train: 289, Val: 292, Test: 1158
Skipped sequences (zero length): 0
Creating sequences in sliding windows...
Processing chunks: 0it [00:00, ?it/s]Processing chunks: 1it [00:00,  3.00it/s]Processing chunks: 1it [00:00,  2.99it/s]Train: 289, Val: 292, Test: 1158
Skipped sequences (zero length): 0
2025-09-13 22:22:02,079 - INFO - Loading pretrained model from: /data/A-SpeedTransformer/models/transformer/experiments/mobis_transformer_sweeps/mobis_lr1e-4_bs512_h8_d128_kv4_do0.1/mobis_lr1e-4_bs512_h8_d128_kv4_do0.1/best_model.pth
2025-09-13 22:22:02,102 - INFO - Frozen: Feedforward networks in all unfrozen layers
2025-09-13 22:22:02,103 - INFO - [Epoch 1/50]

/data/A-SpeedTransformer/models/transformer/model_utils.py:231: FutureWarning: `torch.cuda.amp.GradScaler(args...)` is deprecated. Please use `torch.amp.GradScaler('cuda', args...)` instead.
  self.scaler = torch.cuda.amp.GradScaler() if (use_amp and torch.cuda.is_available()) else None
/data/A-SpeedTransformer/models/transformer/model_utils.py:361: FutureWarning: You are using `torch.load` with `weights_only=False` (the current default value), which uses the default pickle module implicitly. It is possible to construct malicious pickle data which will execute arbitrary code during unpickling (See https://github.com/pytorch/pytorch/blob/main/SECURITY.md#untrusted-models for more details). In a future release, the default value for `weights_only` will be flipped to `True`. This limits the functions that could be executed during unpickling. Arbitrary objects will no longer be allowed to be loaded via this mode unless they are explicitly allowlisted by the user via `torch.serialization.add_safe_globals`. We recommend you start setting `weights_only=True` for any use case where you don't have full control of the loaded file. Please open an issue on GitHub for any issues related to this experimental feature.
  state = torch.load(path, map_location=self.device)
/data/A-SpeedTransformer/models/transformer/model_utils.py:289: FutureWarning: `torch.cuda.amp.autocast(args...)` is deprecated. Please use `torch.amp.autocast('cuda', args...)` instead.
  with torch.cuda.amp.autocast():
2025-09-13 22:22:02,898 - INFO - Train Loss: 3.9927, Train Acc: 0.2561
2025-09-13 22:22:02,899 - INFO - Val   Loss: 5.3301, Val   Acc: 0.3630
2025-09-13 22:22:02,950 - INFO -   -> Best fine-tuned model saved.
2025-09-13 22:22:02,951 - INFO - [Epoch 2/50]
/data/A-SpeedTransformer/models/transformer/model_utils.py:326: FutureWarning: `torch.cuda.amp.autocast(args...)` is deprecated. Please use `torch.amp.autocast('cuda', args...)` instead.
  with torch.cuda.amp.autocast(enabled=self.scaler is not None):
2025-09-13 22:22:03,360 - INFO - Train Loss: 4.0172, Train Acc: 0.2664
2025-09-13 22:22:03,361 - INFO - Val   Loss: 5.3301, Val   Acc: 0.3630
2025-09-13 22:22:03,362 - INFO -   -> No improvement (1/10)
2025-09-13 22:22:03,363 - INFO - [Epoch 3/50]
2025-09-13 22:22:03,769 - INFO - Train Loss: 4.0181, Train Acc: 0.2734
2025-09-13 22:22:03,770 - INFO - Val   Loss: 5.3301, Val   Acc: 0.3630
2025-09-13 22:22:03,772 - INFO -   -> No improvement (2/10)
2025-09-13 22:22:03,772 - INFO - [Epoch 4/50]
2025-09-13 22:22:04,181 - INFO - Train Loss: 3.9933, Train Acc: 0.2768
2025-09-13 22:22:04,182 - INFO - Val   Loss: 5.3301, Val   Acc: 0.3630
2025-09-13 22:22:04,183 - INFO -   -> No improvement (3/10)
2025-09-13 22:22:04,184 - INFO - [Epoch 5/50]
2025-09-13 22:22:04,626 - INFO - Train Loss: 3.9769, Train Acc: 0.2630
2025-09-13 22:22:04,626 - INFO - Val   Loss: 3.5699, Val   Acc: 0.4521
2025-09-13 22:22:04,674 - INFO -   -> Best fine-tuned model saved.
2025-09-13 22:22:04,675 - INFO - [Epoch 6/50]
2025-09-13 22:22:05,102 - INFO - Train Loss: 2.2325, Train Acc: 0.4844
2025-09-13 22:22:05,102 - INFO - Val   Loss: 3.5699, Val   Acc: 0.4521
2025-09-13 22:22:05,104 - INFO -   -> No improvement (1/10)
2025-09-13 22:22:05,105 - INFO - [Epoch 7/50]
2025-09-13 22:22:05,787 - INFO - Train Loss: 2.2584, Train Acc: 0.4775
2025-09-13 22:22:05,787 - INFO - Val   Loss: 1.4913, Val   Acc: 0.6233
2025-09-13 22:22:05,822 - INFO -   -> Best fine-tuned model saved.
2025-09-13 22:22:05,823 - INFO - [Epoch 8/50]
2025-09-13 22:22:06,248 - INFO - Train Loss: 0.9238, Train Acc: 0.7370
2025-09-13 22:22:06,248 - INFO - Val   Loss: 1.2496, Val   Acc: 0.6199
2025-09-13 22:22:06,248 - INFO -   -> No improvement (1/10)
2025-09-13 22:22:06,248 - INFO - [Epoch 9/50]
2025-09-13 22:22:06,669 - INFO - Train Loss: 0.7767, Train Acc: 0.7716
2025-09-13 22:22:06,669 - INFO - Val   Loss: 1.1843, Val   Acc: 0.6096
2025-09-13 22:22:06,671 - INFO -   -> No improvement (2/10)
2025-09-13 22:22:06,672 - INFO - [Epoch 10/50]
2025-09-13 22:22:07,078 - INFO - Train Loss: 0.6762, Train Acc: 0.7820
2025-09-13 22:22:07,079 - INFO - Val   Loss: 2.1813, Val   Acc: 0.3904
2025-09-13 22:22:07,081 - INFO -   -> No improvement (3/10)
2025-09-13 22:22:07,081 - INFO - [Epoch 11/50]
2025-09-13 22:22:07,525 - INFO - Train Loss: 0.8136, Train Acc: 0.7059
2025-09-13 22:22:07,525 - INFO - Val   Loss: 1.3309, Val   Acc: 0.4795
2025-09-13 22:22:07,527 - INFO -   -> No improvement (4/10)
2025-09-13 22:22:07,527 - INFO - [Epoch 12/50]
2025-09-13 22:22:07,931 - INFO - Train Loss: 0.6226, Train Acc: 0.7889
2025-09-13 22:22:07,932 - INFO - Val   Loss: 1.0978, Val   Acc: 0.5479
2025-09-13 22:22:07,934 - INFO -   -> No improvement (5/10)
2025-09-13 22:22:07,934 - INFO - [Epoch 13/50]
2025-09-13 22:22:08,333 - INFO - Train Loss: 0.5892, Train Acc: 0.7855
2025-09-13 22:22:08,333 - INFO - Val   Loss: 1.0777, Val   Acc: 0.5479
2025-09-13 22:22:08,334 - INFO -   -> No improvement (6/10)
2025-09-13 22:22:08,336 - INFO - [Epoch 14/50]
2025-09-13 22:22:08,728 - INFO - Train Loss: 0.5528, Train Acc: 0.8028
2025-09-13 22:22:08,729 - INFO - Val   Loss: 1.0721, Val   Acc: 0.5548
2025-09-13 22:22:08,730 - INFO -   -> No improvement (7/10)
2025-09-13 22:22:08,731 - INFO - [Epoch 15/50]
2025-09-13 22:22:09,139 - INFO - Train Loss: 0.5504, Train Acc: 0.7958
2025-09-13 22:22:09,140 - INFO - Val   Loss: 1.0619, Val   Acc: 0.5890
2025-09-13 22:22:09,142 - INFO -   -> No improvement (8/10)
2025-09-13 22:22:09,142 - INFO - [Epoch 16/50]
2025-09-13 22:22:09,564 - INFO - Train Loss: 0.5499, Train Acc: 0.7855
2025-09-13 22:22:09,564 - INFO - Val   Loss: 1.0497, Val   Acc: 0.6233
2025-09-13 22:22:09,566 - INFO -   -> No improvement (9/10)
2025-09-13 22:22:09,566 - INFO - [Epoch 17/50]
2025-09-13 22:22:10,004 - INFO - Train Loss: 0.5248, Train Acc: 0.7958
2025-09-13 22:22:10,005 - INFO - Val   Loss: 1.0344, Val   Acc: 0.6473
2025-09-13 22:22:10,034 - INFO -   -> Best fine-tuned model saved.
2025-09-13 22:22:10,035 - INFO - [Epoch 18/50]
2025-09-13 22:22:10,459 - INFO - Train Loss: 0.5013, Train Acc: 0.8097
2025-09-13 22:22:10,459 - INFO - Val   Loss: 1.0432, Val   Acc: 0.6370
2025-09-13 22:22:10,459 - INFO -   -> No improvement (1/10)
2025-09-13 22:22:10,459 - INFO - [Epoch 19/50]
2025-09-13 22:22:10,873 - INFO - Train Loss: 0.4852, Train Acc: 0.8028
2025-09-13 22:22:10,873 - INFO - Val   Loss: 1.0510, Val   Acc: 0.6336
2025-09-13 22:22:10,873 - INFO -   -> No improvement (2/10)
2025-09-13 22:22:10,873 - INFO - [Epoch 20/50]
2025-09-13 22:22:11,279 - INFO - Train Loss: 0.4532, Train Acc: 0.8131
2025-09-13 22:22:11,279 - INFO - Val   Loss: 1.0733, Val   Acc: 0.5959
2025-09-13 22:22:11,279 - INFO -   -> No improvement (3/10)
2025-09-13 22:22:11,279 - INFO - [Epoch 21/50]
2025-09-13 22:22:11,695 - INFO - Train Loss: 0.4351, Train Acc: 0.8270
2025-09-13 22:22:11,696 - INFO - Val   Loss: 1.0708, Val   Acc: 0.5993
2025-09-13 22:22:11,696 - INFO -   -> No improvement (4/10)
2025-09-13 22:22:11,696 - INFO - [Epoch 22/50]
2025-09-13 22:22:12,117 - INFO - Train Loss: 0.4057, Train Acc: 0.8166
2025-09-13 22:22:12,118 - INFO - Val   Loss: 1.0338, Val   Acc: 0.6199
2025-09-13 22:22:12,120 - INFO -   -> No improvement (5/10)
2025-09-13 22:22:12,120 - INFO - [Epoch 23/50]
2025-09-13 22:22:12,566 - INFO - Train Loss: 0.3837, Train Acc: 0.8512
2025-09-13 22:22:12,567 - INFO - Val   Loss: 0.9725, Val   Acc: 0.6438
2025-09-13 22:22:12,569 - INFO -   -> No improvement (6/10)
2025-09-13 22:22:12,569 - INFO - [Epoch 24/50]
2025-09-13 22:22:13,013 - INFO - Train Loss: 0.3582, Train Acc: 0.8581
2025-09-13 22:22:13,014 - INFO - Val   Loss: 0.9536, Val   Acc: 0.6541
2025-09-13 22:22:13,059 - INFO -   -> Best fine-tuned model saved.
2025-09-13 22:22:13,060 - INFO - [Epoch 25/50]
2025-09-13 22:22:13,546 - INFO - Train Loss: 0.3543, Train Acc: 0.8720
2025-09-13 22:22:13,547 - INFO - Val   Loss: 1.0054, Val   Acc: 0.6575
2025-09-13 22:22:13,592 - INFO -   -> Best fine-tuned model saved.
2025-09-13 22:22:13,593 - INFO - [Epoch 26/50]
2025-09-13 22:22:14,002 - INFO - Train Loss: 0.3268, Train Acc: 0.8824
2025-09-13 22:22:14,003 - INFO - Val   Loss: 1.1198, Val   Acc: 0.6301
2025-09-13 22:22:14,004 - INFO -   -> No improvement (1/10)
2025-09-13 22:22:14,005 - INFO - [Epoch 27/50]
2025-09-13 22:22:14,424 - INFO - Train Loss: 0.3430, Train Acc: 0.8824
2025-09-13 22:22:14,424 - INFO - Val   Loss: 1.2677, Val   Acc: 0.5856
2025-09-13 22:22:14,427 - INFO -   -> No improvement (2/10)
2025-09-13 22:22:14,427 - INFO - [Epoch 28/50]
2025-09-13 22:22:14,824 - INFO - Train Loss: 0.3143, Train Acc: 0.9066
2025-09-13 22:22:14,824 - INFO - Val   Loss: 1.2544, Val   Acc: 0.5925
2025-09-13 22:22:14,826 - INFO -   -> No improvement (3/10)
2025-09-13 22:22:14,827 - INFO - [Epoch 29/50]
2025-09-13 22:22:15,234 - INFO - Train Loss: 0.3121, Train Acc: 0.8962
2025-09-13 22:22:15,234 - INFO - Val   Loss: 1.1604, Val   Acc: 0.6267
2025-09-13 22:22:15,236 - INFO -   -> No improvement (4/10)
2025-09-13 22:22:15,236 - INFO - [Epoch 30/50]
2025-09-13 22:22:15,656 - INFO - Train Loss: 0.2852, Train Acc: 0.8997
2025-09-13 22:22:15,657 - INFO - Val   Loss: 1.1299, Val   Acc: 0.6507
2025-09-13 22:22:15,659 - INFO -   -> No improvement (5/10)
2025-09-13 22:22:15,659 - INFO - [Epoch 31/50]
2025-09-13 22:22:16,081 - INFO - Train Loss: 0.2732, Train Acc: 0.9100
2025-09-13 22:22:16,082 - INFO - Val   Loss: 1.2596, Val   Acc: 0.6199
2025-09-13 22:22:16,084 - INFO -   -> No improvement (6/10)
2025-09-13 22:22:16,084 - INFO - [Epoch 32/50]
2025-09-13 22:22:16,502 - INFO - Train Loss: 0.2568, Train Acc: 0.9170
2025-09-13 22:22:16,503 - INFO - Val   Loss: 1.5147, Val   Acc: 0.5788
2025-09-13 22:22:16,504 - INFO -   -> No improvement (7/10)
2025-09-13 22:22:16,505 - INFO - [Epoch 33/50]
2025-09-13 22:22:16,918 - INFO - Train Loss: 0.2462, Train Acc: 0.9239
2025-09-13 22:22:16,919 - INFO - Val   Loss: 1.6142, Val   Acc: 0.5719
2025-09-13 22:22:16,921 - INFO -   -> No improvement (8/10)
2025-09-13 22:22:16,921 - INFO - [Epoch 34/50]
2025-09-13 22:22:17,365 - INFO - Train Loss: 0.2592, Train Acc: 0.9066
2025-09-13 22:22:17,366 - INFO - Val   Loss: 1.4696, Val   Acc: 0.6267
2025-09-13 22:22:17,368 - INFO -   -> No improvement (9/10)
2025-09-13 22:22:17,368 - INFO - [Epoch 35/50]
2025-09-13 22:22:17,801 - INFO - Train Loss: 0.2390, Train Acc: 0.9308
2025-09-13 22:22:17,802 - INFO - Val   Loss: 1.6220, Val   Acc: 0.5925
2025-09-13 22:22:17,804 - INFO -   -> No improvement (10/10)
2025-09-13 22:22:17,804 - INFO - Early stopping triggered.
2025-09-13 22:22:17,804 - INFO - 
Loading best fine-tuned model from /data/A-SpeedTransformer/models/transformer/experiments/miniprogram_finetune/tune_lr5e-4_warmup0_freeze_feedforward/best_model.pth for final evaluation...
2025-09-13 22:22:18,416 - INFO - Test Loss: 0.5352, Test Accuracy: 0.7893
2025-09-13 22:22:18,430 - INFO - Classification Report:
              precision    recall  f1-score   support

        bike       0.15      0.27      0.19        63
         bus       0.85      0.41      0.55       288
         car       0.89      0.98      0.94       467
       train       0.85      0.38      0.52        29
        walk       0.82      1.00      0.90       311

    accuracy                           0.79      1158
   macro avg       0.71      0.61      0.62      1158
weighted avg       0.82      0.79      0.78      1158

2025-09-13 22:22:18,912 - INFO - Saved confusion_matrix_finetune.png
/data/A-SpeedTransformer/models/transformer/model_utils.py:349: FutureWarning: `torch.cuda.amp.autocast(args...)` is deprecated. Please use `torch.amp.autocast('cuda', args...)` instead.
  with torch.cuda.amp.autocast(enabled=self.scaler is not None):
