2025-09-13 22:07:06,616 - INFO - Initializing DataProcessor for fine-tuning...
Extracting unique trajectory IDs...
Reading traj_ids: 0it [00:00, ?it/s]Reading traj_ids: 1it [00:00, 18.57it/s]
Total unique traj_ids found: 629
Splitting traj_ids into train, validation, and test sets...
Train: 93, Val: 126, Test: 410
Fitting label encoder on target column...
Reading labels for encoding: 0it [00:00, ?it/s]Reading labels for encoding: 1it [00:00, 23.53it/s]
Classes found: ['bike' 'bus' 'car' 'train' 'walk']
Fitting scaler on training features...
Reading training features for scaling: 0it [00:00, ?it/s]Reading training features for scaling: 1it [00:00, 18.05it/s]
Scaler fitting completed.
Creating sequences in sliding windows...
Processing chunks: 0it [00:00, ?it/s]Processing chunks: 1it [00:00,  1.95it/s]Processing chunks: 1it [00:00,  1.94it/s]
Train: 289, Val: 292, Test: 1158
Skipped sequences (zero length): 0
Creating sequences in sliding windows...
Processing chunks: 0it [00:00, ?it/s]Processing chunks: 1it [00:00,  2.27it/s]Processing chunks: 1it [00:00,  2.26it/s]Train: 289, Val: 292, Test: 1158
Skipped sequences (zero length): 0
2025-09-13 22:07:10,819 - INFO - Loading pretrained model from: /data/A-SpeedTransformer/models/transformer/experiments/mobis_transformer_sweeps/mobis_lr1e-4_bs512_h8_d128_kv4_do0.1/mobis_lr1e-4_bs512_h8_d128_kv4_do0.1/best_model.pth
2025-09-13 22:07:10,839 - INFO - Frozen: Attention mechanisms in all unfrozen layers
2025-09-13 22:07:10,840 - INFO - [Epoch 1/50]

/data/A-SpeedTransformer/models/transformer/model_utils.py:231: FutureWarning: `torch.cuda.amp.GradScaler(args...)` is deprecated. Please use `torch.amp.GradScaler('cuda', args...)` instead.
  self.scaler = torch.cuda.amp.GradScaler() if (use_amp and torch.cuda.is_available()) else None
/data/A-SpeedTransformer/models/transformer/model_utils.py:361: FutureWarning: You are using `torch.load` with `weights_only=False` (the current default value), which uses the default pickle module implicitly. It is possible to construct malicious pickle data which will execute arbitrary code during unpickling (See https://github.com/pytorch/pytorch/blob/main/SECURITY.md#untrusted-models for more details). In a future release, the default value for `weights_only` will be flipped to `True`. This limits the functions that could be executed during unpickling. Arbitrary objects will no longer be allowed to be loaded via this mode unless they are explicitly allowlisted by the user via `torch.serialization.add_safe_globals`. We recommend you start setting `weights_only=True` for any use case where you don't have full control of the loaded file. Please open an issue on GitHub for any issues related to this experimental feature.
  state = torch.load(path, map_location=self.device)
/data/A-SpeedTransformer/models/transformer/model_utils.py:289: FutureWarning: `torch.cuda.amp.autocast(args...)` is deprecated. Please use `torch.amp.autocast('cuda', args...)` instead.
  with torch.cuda.amp.autocast():
2025-09-13 22:07:11,532 - INFO - Train Loss: 3.9927, Train Acc: 0.2561
2025-09-13 22:07:11,532 - INFO - Val   Loss: 5.3301, Val   Acc: 0.3630
2025-09-13 22:07:11,580 - INFO -   -> Best fine-tuned model saved.
2025-09-13 22:07:11,580 - INFO - [Epoch 2/50]
/data/A-SpeedTransformer/models/transformer/model_utils.py:326: FutureWarning: `torch.cuda.amp.autocast(args...)` is deprecated. Please use `torch.amp.autocast('cuda', args...)` instead.
  with torch.cuda.amp.autocast(enabled=self.scaler is not None):
2025-09-13 22:07:11,957 - INFO - Train Loss: 4.0172, Train Acc: 0.2664
2025-09-13 22:07:11,957 - INFO - Val   Loss: 5.3301, Val   Acc: 0.3630
2025-09-13 22:07:11,957 - INFO -   -> No improvement (1/10)
2025-09-13 22:07:11,959 - INFO - [Epoch 3/50]
2025-09-13 22:07:12,333 - INFO - Train Loss: 4.0181, Train Acc: 0.2734
2025-09-13 22:07:12,334 - INFO - Val   Loss: 5.3301, Val   Acc: 0.3630
2025-09-13 22:07:12,335 - INFO -   -> No improvement (2/10)
2025-09-13 22:07:12,336 - INFO - [Epoch 4/50]
2025-09-13 22:07:12,728 - INFO - Train Loss: 3.9933, Train Acc: 0.2768
2025-09-13 22:07:12,728 - INFO - Val   Loss: 5.3301, Val   Acc: 0.3630
2025-09-13 22:07:12,728 - INFO -   -> No improvement (3/10)
2025-09-13 22:07:12,730 - INFO - [Epoch 5/50]
2025-09-13 22:07:13,146 - INFO - Train Loss: 3.9769, Train Acc: 0.2630
2025-09-13 22:07:13,147 - INFO - Val   Loss: 5.2215, Val   Acc: 0.3870
2025-09-13 22:07:13,196 - INFO -   -> Best fine-tuned model saved.
2025-09-13 22:07:13,196 - INFO - [Epoch 6/50]
2025-09-13 22:07:13,587 - INFO - Train Loss: 3.7770, Train Acc: 0.2907
2025-09-13 22:07:13,587 - INFO - Val   Loss: 5.0989, Val   Acc: 0.3870
2025-09-13 22:07:13,587 - INFO -   -> No improvement (1/10)
2025-09-13 22:07:13,589 - INFO - [Epoch 7/50]
2025-09-13 22:07:14,002 - INFO - Train Loss: 3.6326, Train Acc: 0.2976
2025-09-13 22:07:14,002 - INFO - Val   Loss: 4.9575, Val   Acc: 0.4041
2025-09-13 22:07:14,029 - INFO -   -> Best fine-tuned model saved.
2025-09-13 22:07:14,030 - INFO - [Epoch 8/50]
2025-09-13 22:07:14,425 - INFO - Train Loss: 3.3215, Train Acc: 0.3322
2025-09-13 22:07:14,425 - INFO - Val   Loss: 4.8215, Val   Acc: 0.4178
2025-09-13 22:07:14,453 - INFO -   -> Best fine-tuned model saved.
2025-09-13 22:07:14,453 - INFO - [Epoch 9/50]
2025-09-13 22:07:14,848 - INFO - Train Loss: 3.1883, Train Acc: 0.3495
2025-09-13 22:07:14,848 - INFO - Val   Loss: 4.6757, Val   Acc: 0.4349
2025-09-13 22:07:14,875 - INFO -   -> Best fine-tuned model saved.
2025-09-13 22:07:14,876 - INFO - [Epoch 10/50]
2025-09-13 22:07:15,274 - INFO - Train Loss: 2.9110, Train Acc: 0.3875
2025-09-13 22:07:15,274 - INFO - Val   Loss: 4.6757, Val   Acc: 0.4349
2025-09-13 22:07:15,277 - INFO -   -> No improvement (1/10)
2025-09-13 22:07:15,277 - INFO - [Epoch 11/50]
2025-09-13 22:07:15,739 - INFO - Train Loss: 2.8661, Train Acc: 0.3945
2025-09-13 22:07:15,739 - INFO - Val   Loss: 4.4869, Val   Acc: 0.4452
2025-09-13 22:07:15,775 - INFO -   -> Best fine-tuned model saved.
2025-09-13 22:07:15,775 - INFO - [Epoch 12/50]
2025-09-13 22:07:16,228 - INFO - Train Loss: 2.6456, Train Acc: 0.4360
2025-09-13 22:07:16,229 - INFO - Val   Loss: 4.1747, Val   Acc: 0.4384
2025-09-13 22:07:16,230 - INFO -   -> No improvement (1/10)
2025-09-13 22:07:16,231 - INFO - [Epoch 13/50]
2025-09-13 22:07:16,681 - INFO - Train Loss: 2.4725, Train Acc: 0.5017
2025-09-13 22:07:16,682 - INFO - Val   Loss: 3.6179, Val   Acc: 0.4486
2025-09-13 22:07:16,736 - INFO -   -> Best fine-tuned model saved.
2025-09-13 22:07:16,737 - INFO - [Epoch 14/50]
2025-09-13 22:07:17,186 - INFO - Train Loss: 2.1246, Train Acc: 0.5675
2025-09-13 22:07:17,186 - INFO - Val   Loss: 2.8240, Val   Acc: 0.4623
2025-09-13 22:07:17,214 - INFO -   -> Best fine-tuned model saved.
2025-09-13 22:07:17,214 - INFO - [Epoch 15/50]
2025-09-13 22:07:17,636 - INFO - Train Loss: 1.8026, Train Acc: 0.5744
2025-09-13 22:07:17,636 - INFO - Val   Loss: 2.1320, Val   Acc: 0.4863
2025-09-13 22:07:17,668 - INFO -   -> Best fine-tuned model saved.
2025-09-13 22:07:17,668 - INFO - [Epoch 16/50]
2025-09-13 22:07:18,073 - INFO - Train Loss: 1.5668, Train Acc: 0.5952
2025-09-13 22:07:18,073 - INFO - Val   Loss: 1.7369, Val   Acc: 0.5479
2025-09-13 22:07:18,123 - INFO -   -> Best fine-tuned model saved.
2025-09-13 22:07:18,124 - INFO - [Epoch 17/50]
2025-09-13 22:07:18,561 - INFO - Train Loss: 1.2873, Train Acc: 0.6125
2025-09-13 22:07:18,562 - INFO - Val   Loss: 1.5286, Val   Acc: 0.5959
2025-09-13 22:07:18,600 - INFO -   -> Best fine-tuned model saved.
2025-09-13 22:07:18,601 - INFO - [Epoch 18/50]
2025-09-13 22:07:19,047 - INFO - Train Loss: 1.0487, Train Acc: 0.6886
2025-09-13 22:07:19,048 - INFO - Val   Loss: 1.4486, Val   Acc: 0.6130
2025-09-13 22:07:19,105 - INFO -   -> Best fine-tuned model saved.
2025-09-13 22:07:19,105 - INFO - [Epoch 19/50]
2025-09-13 22:07:19,521 - INFO - Train Loss: 0.9540, Train Acc: 0.7301
2025-09-13 22:07:19,521 - INFO - Val   Loss: 1.4014, Val   Acc: 0.6130
2025-09-13 22:07:19,523 - INFO -   -> No improvement (1/10)
2025-09-13 22:07:19,524 - INFO - [Epoch 20/50]
2025-09-13 22:07:19,944 - INFO - Train Loss: 0.8902, Train Acc: 0.7439
2025-09-13 22:07:19,945 - INFO - Val   Loss: 1.3528, Val   Acc: 0.6096
2025-09-13 22:07:19,946 - INFO -   -> No improvement (2/10)
2025-09-13 22:07:19,947 - INFO - [Epoch 21/50]
2025-09-13 22:07:20,363 - INFO - Train Loss: 0.8477, Train Acc: 0.7509
2025-09-13 22:07:20,363 - INFO - Val   Loss: 1.2988, Val   Acc: 0.6096
2025-09-13 22:07:20,365 - INFO -   -> No improvement (3/10)
2025-09-13 22:07:20,365 - INFO - [Epoch 22/50]
2025-09-13 22:07:20,762 - INFO - Train Loss: 0.7874, Train Acc: 0.7647
2025-09-13 22:07:20,762 - INFO - Val   Loss: 1.2521, Val   Acc: 0.6130
2025-09-13 22:07:20,764 - INFO -   -> No improvement (4/10)
2025-09-13 22:07:20,764 - INFO - [Epoch 23/50]
2025-09-13 22:07:21,160 - INFO - Train Loss: 0.7618, Train Acc: 0.7716
2025-09-13 22:07:21,160 - INFO - Val   Loss: 1.2235, Val   Acc: 0.6130
2025-09-13 22:07:21,160 - INFO -   -> No improvement (5/10)
2025-09-13 22:07:21,160 - INFO - [Epoch 24/50]
2025-09-13 22:07:21,557 - INFO - Train Loss: 0.7459, Train Acc: 0.7855
2025-09-13 22:07:21,558 - INFO - Val   Loss: 1.2077, Val   Acc: 0.6130
2025-09-13 22:07:21,567 - INFO -   -> No improvement (6/10)
2025-09-13 22:07:21,567 - INFO - [Epoch 25/50]
2025-09-13 22:07:21,979 - INFO - Train Loss: 0.7304, Train Acc: 0.7716
2025-09-13 22:07:21,979 - INFO - Val   Loss: 1.1963, Val   Acc: 0.6370
2025-09-13 22:07:22,010 - INFO -   -> Best fine-tuned model saved.
2025-09-13 22:07:22,010 - INFO - [Epoch 26/50]
2025-09-13 22:07:22,423 - INFO - Train Loss: 0.7058, Train Acc: 0.7889
2025-09-13 22:07:22,423 - INFO - Val   Loss: 1.1918, Val   Acc: 0.6336
2025-09-13 22:07:22,425 - INFO -   -> No improvement (1/10)
2025-09-13 22:07:22,425 - INFO - [Epoch 27/50]
2025-09-13 22:07:22,822 - INFO - Train Loss: 0.6925, Train Acc: 0.7924
2025-09-13 22:07:22,823 - INFO - Val   Loss: 1.1899, Val   Acc: 0.6370
2025-09-13 22:07:22,824 - INFO -   -> No improvement (2/10)
2025-09-13 22:07:22,825 - INFO - [Epoch 28/50]
2025-09-13 22:07:23,212 - INFO - Train Loss: 0.6704, Train Acc: 0.7924
2025-09-13 22:07:23,213 - INFO - Val   Loss: 1.1859, Val   Acc: 0.6404
2025-09-13 22:07:23,242 - INFO -   -> Best fine-tuned model saved.
2025-09-13 22:07:23,243 - INFO - [Epoch 29/50]
2025-09-13 22:07:23,664 - INFO - Train Loss: 0.6564, Train Acc: 0.8166
2025-09-13 22:07:23,664 - INFO - Val   Loss: 1.1803, Val   Acc: 0.6336
2025-09-13 22:07:23,664 - INFO -   -> No improvement (1/10)
2025-09-13 22:07:23,664 - INFO - [Epoch 30/50]
2025-09-13 22:07:24,143 - INFO - Train Loss: 0.6483, Train Acc: 0.8166
2025-09-13 22:07:24,144 - INFO - Val   Loss: 1.1718, Val   Acc: 0.6199
2025-09-13 22:07:24,146 - INFO -   -> No improvement (2/10)
2025-09-13 22:07:24,146 - INFO - [Epoch 31/50]
2025-09-13 22:07:24,564 - INFO - Train Loss: 0.6243, Train Acc: 0.8131
2025-09-13 22:07:24,564 - INFO - Val   Loss: 1.1602, Val   Acc: 0.6130
2025-09-13 22:07:24,564 - INFO -   -> No improvement (3/10)
2025-09-13 22:07:24,564 - INFO - [Epoch 32/50]
2025-09-13 22:07:24,970 - INFO - Train Loss: 0.6240, Train Acc: 0.8028
2025-09-13 22:07:24,971 - INFO - Val   Loss: 1.1456, Val   Acc: 0.6096
2025-09-13 22:07:24,972 - INFO -   -> No improvement (4/10)
2025-09-13 22:07:24,973 - INFO - [Epoch 33/50]
2025-09-13 22:07:25,377 - INFO - Train Loss: 0.5877, Train Acc: 0.8097
2025-09-13 22:07:25,377 - INFO - Val   Loss: 1.1280, Val   Acc: 0.6027
2025-09-13 22:07:25,379 - INFO -   -> No improvement (5/10)
2025-09-13 22:07:25,379 - INFO - [Epoch 34/50]
2025-09-13 22:07:25,785 - INFO - Train Loss: 0.6020, Train Acc: 0.8097
2025-09-13 22:07:25,785 - INFO - Val   Loss: 1.1078, Val   Acc: 0.5925
2025-09-13 22:07:25,787 - INFO -   -> No improvement (6/10)
2025-09-13 22:07:25,787 - INFO - [Epoch 35/50]
2025-09-13 22:07:26,191 - INFO - Train Loss: 0.5630, Train Acc: 0.8235
2025-09-13 22:07:26,192 - INFO - Val   Loss: 1.0858, Val   Acc: 0.5890
2025-09-13 22:07:26,194 - INFO -   -> No improvement (7/10)
2025-09-13 22:07:26,194 - INFO - [Epoch 36/50]
2025-09-13 22:07:26,606 - INFO - Train Loss: 0.5498, Train Acc: 0.8235
2025-09-13 22:07:26,607 - INFO - Val   Loss: 1.0635, Val   Acc: 0.5925
2025-09-13 22:07:26,607 - INFO -   -> No improvement (8/10)
2025-09-13 22:07:26,609 - INFO - [Epoch 37/50]
2025-09-13 22:07:27,044 - INFO - Train Loss: 0.5670, Train Acc: 0.8028
2025-09-13 22:07:27,045 - INFO - Val   Loss: 1.0408, Val   Acc: 0.5925
2025-09-13 22:07:27,047 - INFO -   -> No improvement (9/10)
2025-09-13 22:07:27,047 - INFO - [Epoch 38/50]
2025-09-13 22:07:27,517 - INFO - Train Loss: 0.5352, Train Acc: 0.8235
2025-09-13 22:07:27,517 - INFO - Val   Loss: 1.0206, Val   Acc: 0.5925
2025-09-13 22:07:27,517 - INFO -   -> No improvement (10/10)
2025-09-13 22:07:27,519 - INFO - Early stopping triggered.
2025-09-13 22:07:27,519 - INFO - 
Loading best fine-tuned model from /data/A-SpeedTransformer/models/transformer/experiments/miniprogram_finetune/tune_lr1e-4_warmup0_freeze_attention/best_model.pth for final evaluation...
2025-09-13 22:07:28,137 - INFO - Test Loss: 0.8338, Test Accuracy: 0.7185
2025-09-13 22:07:28,152 - INFO - Classification Report:
              precision    recall  f1-score   support

        bike       0.12      0.27      0.17        63
         bus       0.80      0.28      0.42       288
         car       0.88      0.90      0.89       467
       train       0.16      0.28      0.21        29
        walk       0.78      0.98      0.87       311

    accuracy                           0.72      1158
   macro avg       0.55      0.54      0.51      1158
weighted avg       0.77      0.72      0.71      1158

2025-09-13 22:07:28,647 - INFO - Saved confusion_matrix_finetune.png
/data/A-SpeedTransformer/models/transformer/model_utils.py:349: FutureWarning: `torch.cuda.amp.autocast(args...)` is deprecated. Please use `torch.amp.autocast('cuda', args...)` instead.
  with torch.cuda.amp.autocast(enabled=self.scaler is not None):
