2025-09-13 22:18:15,618 - INFO - Initializing DataProcessor for fine-tuning...
Extracting unique trajectory IDs...
Reading traj_ids: 0it [00:00, ?it/s]Reading traj_ids: 1it [00:00, 13.20it/s]
Total unique traj_ids found: 629
Splitting traj_ids into train, validation, and test sets...
Train: 93, Val: 126, Test: 410
Fitting label encoder on target column...
Reading labels for encoding: 0it [00:00, ?it/s]Reading labels for encoding: 1it [00:00, 15.77it/s]
Classes found: ['bike' 'bus' 'car' 'train' 'walk']
Fitting scaler on training features...
Reading training features for scaling: 0it [00:00, ?it/s]Reading training features for scaling: 1it [00:00, 11.99it/s]
Scaler fitting completed.
Creating sequences in sliding windows...
Processing chunks: 0it [00:00, ?it/s]Processing chunks: 1it [00:00,  1.95it/s]Processing chunks: 1it [00:00,  1.94it/s]
Train: 289, Val: 292, Test: 1158
Skipped sequences (zero length): 0
Creating sequences in sliding windows...
Processing chunks: 0it [00:00, ?it/s]Processing chunks: 1it [00:00,  2.02it/s]Processing chunks: 1it [00:00,  2.02it/s]Train: 289, Val: 292, Test: 1158
Skipped sequences (zero length): 0
2025-09-13 22:18:19,422 - INFO - Loading pretrained model from: /data/A-SpeedTransformer/models/transformer/experiments/mobis_transformer_sweeps/mobis_lr1e-4_bs512_h8_d128_kv4_do0.1/mobis_lr1e-4_bs512_h8_d128_kv4_do0.1/best_model.pth
2025-09-13 22:18:19,443 - INFO - Added warmup scheduler with 100 steps
2025-09-13 22:18:19,444 - INFO - [Epoch 1/50]

/data/A-SpeedTransformer/models/transformer/model_utils.py:231: FutureWarning: `torch.cuda.amp.GradScaler(args...)` is deprecated. Please use `torch.amp.GradScaler('cuda', args...)` instead.
  self.scaler = torch.cuda.amp.GradScaler() if (use_amp and torch.cuda.is_available()) else None
/data/A-SpeedTransformer/models/transformer/model_utils.py:361: FutureWarning: You are using `torch.load` with `weights_only=False` (the current default value), which uses the default pickle module implicitly. It is possible to construct malicious pickle data which will execute arbitrary code during unpickling (See https://github.com/pytorch/pytorch/blob/main/SECURITY.md#untrusted-models for more details). In a future release, the default value for `weights_only` will be flipped to `True`. This limits the functions that could be executed during unpickling. Arbitrary objects will no longer be allowed to be loaded via this mode unless they are explicitly allowlisted by the user via `torch.serialization.add_safe_globals`. We recommend you start setting `weights_only=True` for any use case where you don't have full control of the loaded file. Please open an issue on GitHub for any issues related to this experimental feature.
  state = torch.load(path, map_location=self.device)
/data/A-SpeedTransformer/models/transformer/model_utils.py:289: FutureWarning: `torch.cuda.amp.autocast(args...)` is deprecated. Please use `torch.amp.autocast('cuda', args...)` instead.
  with torch.cuda.amp.autocast():
/data/oe23/torchgpu/lib/python3.8/site-packages/torch/optim/lr_scheduler.py:216: UserWarning: Detected call of `lr_scheduler.step()` before `optimizer.step()`. In PyTorch 1.1.0 and later, you should call them in the opposite order: `optimizer.step()` before `lr_scheduler.step()`.  Failure to do this will result in PyTorch skipping the first value of the learning rate schedule. See more details at https://pytorch.org/docs/stable/optim.html#how-to-adjust-learning-rate
  warnings.warn(
2025-09-13 22:18:20,190 - INFO - Train Loss: 3.9927, Train Acc: 0.2561
2025-09-13 22:18:20,190 - INFO - Val   Loss: 5.3301, Val   Acc: 0.3630
2025-09-13 22:18:20,241 - INFO -   -> Best fine-tuned model saved.
2025-09-13 22:18:20,242 - INFO - [Epoch 2/50]
/data/A-SpeedTransformer/models/transformer/model_utils.py:326: FutureWarning: `torch.cuda.amp.autocast(args...)` is deprecated. Please use `torch.amp.autocast('cuda', args...)` instead.
  with torch.cuda.amp.autocast(enabled=self.scaler is not None):
2025-09-13 22:18:20,652 - INFO - Train Loss: 4.0172, Train Acc: 0.2664
2025-09-13 22:18:20,652 - INFO - Val   Loss: 5.3301, Val   Acc: 0.3630
2025-09-13 22:18:20,652 - INFO -   -> No improvement (1/10)
2025-09-13 22:18:20,652 - INFO - [Epoch 3/50]
2025-09-13 22:18:21,047 - INFO - Train Loss: 4.0181, Train Acc: 0.2734
2025-09-13 22:18:21,048 - INFO - Val   Loss: 5.3301, Val   Acc: 0.3630
2025-09-13 22:18:21,048 - INFO -   -> No improvement (2/10)
2025-09-13 22:18:21,050 - INFO - [Epoch 4/50]
2025-09-13 22:18:21,445 - INFO - Train Loss: 3.9933, Train Acc: 0.2768
2025-09-13 22:18:21,445 - INFO - Val   Loss: 5.3301, Val   Acc: 0.3630
2025-09-13 22:18:21,445 - INFO -   -> No improvement (3/10)
2025-09-13 22:18:21,450 - INFO - [Epoch 5/50]
2025-09-13 22:18:21,910 - INFO - Train Loss: 3.9769, Train Acc: 0.2630
2025-09-13 22:18:21,911 - INFO - Val   Loss: 5.3114, Val   Acc: 0.3664
2025-09-13 22:18:21,971 - INFO -   -> Best fine-tuned model saved.
2025-09-13 22:18:21,972 - INFO - [Epoch 6/50]
2025-09-13 22:18:22,393 - INFO - Train Loss: 3.9545, Train Acc: 0.2734
2025-09-13 22:18:22,393 - INFO - Val   Loss: 5.2895, Val   Acc: 0.3699
2025-09-13 22:18:22,433 - INFO -   -> Best fine-tuned model saved.
2025-09-13 22:18:22,433 - INFO - [Epoch 7/50]
2025-09-13 22:18:22,831 - INFO - Train Loss: 3.9634, Train Acc: 0.2699
2025-09-13 22:18:22,831 - INFO - Val   Loss: 5.2620, Val   Acc: 0.3767
2025-09-13 22:18:22,873 - INFO -   -> Best fine-tuned model saved.
2025-09-13 22:18:22,874 - INFO - [Epoch 8/50]
2025-09-13 22:18:23,305 - INFO - Train Loss: 3.8271, Train Acc: 0.2872
2025-09-13 22:18:23,306 - INFO - Val   Loss: 5.2303, Val   Acc: 0.3836
2025-09-13 22:18:23,338 - INFO -   -> Best fine-tuned model saved.
2025-09-13 22:18:23,339 - INFO - [Epoch 9/50]
2025-09-13 22:18:23,739 - INFO - Train Loss: 3.8580, Train Acc: 0.2837
2025-09-13 22:18:23,740 - INFO - Val   Loss: 5.1922, Val   Acc: 0.3870
2025-09-13 22:18:23,771 - INFO -   -> Best fine-tuned model saved.
2025-09-13 22:18:23,771 - INFO - [Epoch 10/50]
2025-09-13 22:18:24,177 - INFO - Train Loss: 3.7418, Train Acc: 0.2907
2025-09-13 22:18:24,177 - INFO - Val   Loss: 5.1471, Val   Acc: 0.3870
2025-09-13 22:18:24,179 - INFO -   -> No improvement (1/10)
2025-09-13 22:18:24,179 - INFO - [Epoch 11/50]
2025-09-13 22:18:24,589 - INFO - Train Loss: 3.6134, Train Acc: 0.3045
2025-09-13 22:18:24,590 - INFO - Val   Loss: 5.0924, Val   Acc: 0.3870
2025-09-13 22:18:24,592 - INFO -   -> No improvement (2/10)
2025-09-13 22:18:24,593 - INFO - [Epoch 12/50]
2025-09-13 22:18:25,029 - INFO - Train Loss: 3.5357, Train Acc: 0.3045
2025-09-13 22:18:25,029 - INFO - Val   Loss: 5.0290, Val   Acc: 0.3904
2025-09-13 22:18:25,077 - INFO -   -> Best fine-tuned model saved.
2025-09-13 22:18:25,078 - INFO - [Epoch 13/50]
2025-09-13 22:18:25,508 - INFO - Train Loss: 3.5480, Train Acc: 0.3045
2025-09-13 22:18:25,508 - INFO - Val   Loss: 4.9580, Val   Acc: 0.4007
2025-09-13 22:18:25,592 - INFO -   -> Best fine-tuned model saved.
2025-09-13 22:18:25,593 - INFO - [Epoch 14/50]
2025-09-13 22:18:26,036 - INFO - Train Loss: 3.3480, Train Acc: 0.3287
2025-09-13 22:18:26,037 - INFO - Val   Loss: 4.8804, Val   Acc: 0.4144
2025-09-13 22:18:26,071 - INFO -   -> Best fine-tuned model saved.
2025-09-13 22:18:26,072 - INFO - [Epoch 15/50]
2025-09-13 22:18:26,504 - INFO - Train Loss: 3.1638, Train Acc: 0.3287
2025-09-13 22:18:26,504 - INFO - Val   Loss: 4.8001, Val   Acc: 0.4247
2025-09-13 22:18:26,535 - INFO -   -> Best fine-tuned model saved.
2025-09-13 22:18:26,536 - INFO - [Epoch 16/50]
2025-09-13 22:18:27,037 - INFO - Train Loss: 3.1012, Train Acc: 0.3356
2025-09-13 22:18:27,038 - INFO - Val   Loss: 4.7088, Val   Acc: 0.4349
2025-09-13 22:18:27,098 - INFO -   -> Best fine-tuned model saved.
2025-09-13 22:18:27,099 - INFO - [Epoch 17/50]
2025-09-13 22:18:27,522 - INFO - Train Loss: 2.9997, Train Acc: 0.3702
2025-09-13 22:18:27,522 - INFO - Val   Loss: 4.7088, Val   Acc: 0.4349
2025-09-13 22:18:27,525 - INFO -   -> No improvement (1/10)
2025-09-13 22:18:27,525 - INFO - [Epoch 18/50]
2025-09-13 22:18:27,945 - INFO - Train Loss: 2.9508, Train Acc: 0.3495
2025-09-13 22:18:27,945 - INFO - Val   Loss: 4.5907, Val   Acc: 0.4452
2025-09-13 22:18:27,990 - INFO -   -> Best fine-tuned model saved.
2025-09-13 22:18:27,991 - INFO - [Epoch 19/50]
2025-09-13 22:18:28,421 - INFO - Train Loss: 2.7973, Train Acc: 0.3910
2025-09-13 22:18:28,421 - INFO - Val   Loss: 4.4133, Val   Acc: 0.4418
2025-09-13 22:18:28,421 - INFO -   -> No improvement (1/10)
2025-09-13 22:18:28,423 - INFO - [Epoch 20/50]
2025-09-13 22:18:28,844 - INFO - Train Loss: 2.6186, Train Acc: 0.4429
2025-09-13 22:18:28,845 - INFO - Val   Loss: 4.1120, Val   Acc: 0.4418
2025-09-13 22:18:28,847 - INFO -   -> No improvement (2/10)
2025-09-13 22:18:28,847 - INFO - [Epoch 21/50]
2025-09-13 22:18:29,241 - INFO - Train Loss: 2.3910, Train Acc: 0.5087
2025-09-13 22:18:29,241 - INFO - Val   Loss: 3.5853, Val   Acc: 0.4521
2025-09-13 22:18:29,288 - INFO -   -> Best fine-tuned model saved.
2025-09-13 22:18:29,288 - INFO - [Epoch 22/50]
2025-09-13 22:18:29,704 - INFO - Train Loss: 2.0942, Train Acc: 0.5329
2025-09-13 22:18:29,704 - INFO - Val   Loss: 2.8410, Val   Acc: 0.4692
2025-09-13 22:18:29,736 - INFO -   -> Best fine-tuned model saved.
2025-09-13 22:18:29,737 - INFO - [Epoch 23/50]
2025-09-13 22:18:30,154 - INFO - Train Loss: 1.8249, Train Acc: 0.5606
2025-09-13 22:18:30,155 - INFO - Val   Loss: 2.1834, Val   Acc: 0.4863
2025-09-13 22:18:30,181 - INFO -   -> Best fine-tuned model saved.
2025-09-13 22:18:30,182 - INFO - [Epoch 24/50]
2025-09-13 22:18:30,609 - INFO - Train Loss: 1.5657, Train Acc: 0.6090
2025-09-13 22:18:30,609 - INFO - Val   Loss: 1.7844, Val   Acc: 0.5548
2025-09-13 22:18:30,645 - INFO -   -> Best fine-tuned model saved.
2025-09-13 22:18:30,646 - INFO - [Epoch 25/50]
2025-09-13 22:18:31,065 - INFO - Train Loss: 1.2205, Train Acc: 0.6228
2025-09-13 22:18:31,065 - INFO - Val   Loss: 1.5457, Val   Acc: 0.5959
2025-09-13 22:18:31,095 - INFO -   -> Best fine-tuned model saved.
2025-09-13 22:18:31,096 - INFO - [Epoch 26/50]
2025-09-13 22:18:31,513 - INFO - Train Loss: 1.0404, Train Acc: 0.6713
2025-09-13 22:18:31,514 - INFO - Val   Loss: 1.4619, Val   Acc: 0.6233
2025-09-13 22:18:31,569 - INFO -   -> Best fine-tuned model saved.
2025-09-13 22:18:31,570 - INFO - [Epoch 27/50]
2025-09-13 22:18:31,995 - INFO - Train Loss: 0.9390, Train Acc: 0.7405
2025-09-13 22:18:31,995 - INFO - Val   Loss: 1.4250, Val   Acc: 0.6199
2025-09-13 22:18:31,997 - INFO -   -> No improvement (1/10)
2025-09-13 22:18:31,998 - INFO - [Epoch 28/50]
2025-09-13 22:18:32,415 - INFO - Train Loss: 0.8730, Train Acc: 0.7439
2025-09-13 22:18:32,415 - INFO - Val   Loss: 1.3811, Val   Acc: 0.6062
2025-09-13 22:18:32,417 - INFO -   -> No improvement (2/10)
2025-09-13 22:18:32,417 - INFO - [Epoch 29/50]
2025-09-13 22:18:32,846 - INFO - Train Loss: 0.8294, Train Acc: 0.7612
2025-09-13 22:18:32,846 - INFO - Val   Loss: 1.3184, Val   Acc: 0.6027
2025-09-13 22:18:32,846 - INFO -   -> No improvement (3/10)
2025-09-13 22:18:32,846 - INFO - [Epoch 30/50]
2025-09-13 22:18:33,268 - INFO - Train Loss: 0.7927, Train Acc: 0.7682
2025-09-13 22:18:33,269 - INFO - Val   Loss: 1.2698, Val   Acc: 0.6062
2025-09-13 22:18:33,269 - INFO -   -> No improvement (4/10)
2025-09-13 22:18:33,271 - INFO - [Epoch 31/50]
2025-09-13 22:18:33,677 - INFO - Train Loss: 0.7378, Train Acc: 0.7820
2025-09-13 22:18:33,678 - INFO - Val   Loss: 1.2385, Val   Acc: 0.6233
2025-09-13 22:18:33,680 - INFO -   -> No improvement (5/10)
2025-09-13 22:18:33,681 - INFO - [Epoch 32/50]
2025-09-13 22:18:34,070 - INFO - Train Loss: 0.7425, Train Acc: 0.7751
2025-09-13 22:18:34,070 - INFO - Val   Loss: 1.2156, Val   Acc: 0.6233
2025-09-13 22:18:34,070 - INFO -   -> No improvement (6/10)
2025-09-13 22:18:34,072 - INFO - [Epoch 33/50]
2025-09-13 22:18:34,466 - INFO - Train Loss: 0.6857, Train Acc: 0.7924
2025-09-13 22:18:34,466 - INFO - Val   Loss: 1.2086, Val   Acc: 0.6267
2025-09-13 22:18:34,494 - INFO -   -> Best fine-tuned model saved.
2025-09-13 22:18:34,494 - INFO - [Epoch 34/50]
2025-09-13 22:18:34,871 - INFO - Train Loss: 0.6889, Train Acc: 0.7820
2025-09-13 22:18:34,872 - INFO - Val   Loss: 1.2021, Val   Acc: 0.6233
2025-09-13 22:18:34,874 - INFO -   -> No improvement (1/10)
2025-09-13 22:18:34,874 - INFO - [Epoch 35/50]
2025-09-13 22:18:35,266 - INFO - Train Loss: 0.6415, Train Acc: 0.7958
2025-09-13 22:18:35,266 - INFO - Val   Loss: 1.1898, Val   Acc: 0.6164
2025-09-13 22:18:35,267 - INFO -   -> No improvement (2/10)
2025-09-13 22:18:35,267 - INFO - [Epoch 36/50]
2025-09-13 22:18:35,640 - INFO - Train Loss: 0.6197, Train Acc: 0.8131
2025-09-13 22:18:35,640 - INFO - Val   Loss: 1.1726, Val   Acc: 0.6164
2025-09-13 22:18:35,642 - INFO -   -> No improvement (3/10)
2025-09-13 22:18:35,642 - INFO - [Epoch 37/50]
2025-09-13 22:18:36,017 - INFO - Train Loss: 0.6237, Train Acc: 0.7993
2025-09-13 22:18:36,018 - INFO - Val   Loss: 1.1500, Val   Acc: 0.6096
2025-09-13 22:18:36,020 - INFO -   -> No improvement (4/10)
2025-09-13 22:18:36,020 - INFO - [Epoch 38/50]
2025-09-13 22:18:36,407 - INFO - Train Loss: 0.5936, Train Acc: 0.8062
2025-09-13 22:18:36,408 - INFO - Val   Loss: 1.1270, Val   Acc: 0.6027
2025-09-13 22:18:36,408 - INFO -   -> No improvement (5/10)
2025-09-13 22:18:36,410 - INFO - [Epoch 39/50]
2025-09-13 22:18:36,824 - INFO - Train Loss: 0.5754, Train Acc: 0.8304
2025-09-13 22:18:36,825 - INFO - Val   Loss: 1.1020, Val   Acc: 0.5925
2025-09-13 22:18:36,827 - INFO -   -> No improvement (6/10)
2025-09-13 22:18:36,828 - INFO - [Epoch 40/50]
2025-09-13 22:18:37,266 - INFO - Train Loss: 0.5850, Train Acc: 0.8201
2025-09-13 22:18:37,267 - INFO - Val   Loss: 1.0770, Val   Acc: 0.5856
2025-09-13 22:18:37,269 - INFO -   -> No improvement (7/10)
2025-09-13 22:18:37,270 - INFO - [Epoch 41/50]
2025-09-13 22:18:37,690 - INFO - Train Loss: 0.5617, Train Acc: 0.8270
2025-09-13 22:18:37,691 - INFO - Val   Loss: 1.0520, Val   Acc: 0.5856
2025-09-13 22:18:37,693 - INFO -   -> No improvement (8/10)
2025-09-13 22:18:37,693 - INFO - [Epoch 42/50]
2025-09-13 22:18:38,115 - INFO - Train Loss: 0.5415, Train Acc: 0.8235
2025-09-13 22:18:38,116 - INFO - Val   Loss: 1.0269, Val   Acc: 0.5959
2025-09-13 22:18:38,118 - INFO -   -> No improvement (9/10)
2025-09-13 22:18:38,118 - INFO - [Epoch 43/50]
2025-09-13 22:18:38,524 - INFO - Train Loss: 0.5397, Train Acc: 0.8166
2025-09-13 22:18:38,525 - INFO - Val   Loss: 1.0016, Val   Acc: 0.5925
2025-09-13 22:18:38,527 - INFO -   -> No improvement (10/10)
2025-09-13 22:18:38,528 - INFO - Early stopping triggered.
2025-09-13 22:18:38,529 - INFO - 
Loading best fine-tuned model from /data/A-SpeedTransformer/models/transformer/experiments/miniprogram_finetune/tune_lr2e-4_warmup100_none/best_model.pth for final evaluation...
2025-09-13 22:18:39,108 - INFO - Test Loss: 0.8595, Test Accuracy: 0.7133
2025-09-13 22:18:39,118 - INFO - Classification Report:
              precision    recall  f1-score   support

        bike       0.13      0.29      0.18        63
         bus       0.80      0.27      0.40       288
         car       0.89      0.89      0.89       467
       train       0.14      0.31      0.19        29
        walk       0.78      0.98      0.87       311

    accuracy                           0.71      1158
   macro avg       0.55      0.55      0.51      1158
weighted avg       0.78      0.71      0.71      1158

2025-09-13 22:18:39,618 - INFO - Saved confusion_matrix_finetune.png
/data/A-SpeedTransformer/models/transformer/model_utils.py:349: FutureWarning: `torch.cuda.amp.autocast(args...)` is deprecated. Please use `torch.amp.autocast('cuda', args...)` instead.
  with torch.cuda.amp.autocast(enabled=self.scaler is not None):
