2025-09-13 22:23:08,775 - INFO - Initializing DataProcessor for fine-tuning...
Extracting unique trajectory IDs...
Reading traj_ids: 0it [00:00, ?it/s]Reading traj_ids: 1it [00:00, 13.32it/s]
Total unique traj_ids found: 629
Splitting traj_ids into train, validation, and test sets...
Train: 93, Val: 126, Test: 410
Fitting label encoder on target column...
Reading labels for encoding: 0it [00:00, ?it/s]Reading labels for encoding: 1it [00:00, 15.90it/s]
Classes found: ['bike' 'bus' 'car' 'train' 'walk']
Fitting scaler on training features...
Reading training features for scaling: 0it [00:00, ?it/s]Reading training features for scaling: 1it [00:00, 12.04it/s]
Scaler fitting completed.
Creating sequences in sliding windows...
Processing chunks: 0it [00:00, ?it/s]Processing chunks: 1it [00:00,  1.89it/s]Processing chunks: 1it [00:00,  1.88it/s]
Train: 289, Val: 292, Test: 1158
Skipped sequences (zero length): 0
Creating sequences in sliding windows...
Processing chunks: 0it [00:00, ?it/s]Processing chunks: 1it [00:00,  1.88it/s]Processing chunks: 1it [00:00,  1.87it/s]Train: 289, Val: 292, Test: 1158
Skipped sequences (zero length): 0
2025-09-13 22:23:13,367 - INFO - Loading pretrained model from: /data/A-SpeedTransformer/models/transformer/experiments/mobis_transformer_sweeps/mobis_lr1e-4_bs512_h8_d128_kv4_do0.1/mobis_lr1e-4_bs512_h8_d128_kv4_do0.1/best_model.pth
2025-09-13 22:23:13,388 - INFO - Added warmup scheduler with 50 steps
2025-09-13 22:23:13,389 - INFO - [Epoch 1/50]

/data/A-SpeedTransformer/models/transformer/model_utils.py:231: FutureWarning: `torch.cuda.amp.GradScaler(args...)` is deprecated. Please use `torch.amp.GradScaler('cuda', args...)` instead.
  self.scaler = torch.cuda.amp.GradScaler() if (use_amp and torch.cuda.is_available()) else None
/data/A-SpeedTransformer/models/transformer/model_utils.py:361: FutureWarning: You are using `torch.load` with `weights_only=False` (the current default value), which uses the default pickle module implicitly. It is possible to construct malicious pickle data which will execute arbitrary code during unpickling (See https://github.com/pytorch/pytorch/blob/main/SECURITY.md#untrusted-models for more details). In a future release, the default value for `weights_only` will be flipped to `True`. This limits the functions that could be executed during unpickling. Arbitrary objects will no longer be allowed to be loaded via this mode unless they are explicitly allowlisted by the user via `torch.serialization.add_safe_globals`. We recommend you start setting `weights_only=True` for any use case where you don't have full control of the loaded file. Please open an issue on GitHub for any issues related to this experimental feature.
  state = torch.load(path, map_location=self.device)
/data/A-SpeedTransformer/models/transformer/model_utils.py:289: FutureWarning: `torch.cuda.amp.autocast(args...)` is deprecated. Please use `torch.amp.autocast('cuda', args...)` instead.
  with torch.cuda.amp.autocast():
/data/oe23/torchgpu/lib/python3.8/site-packages/torch/optim/lr_scheduler.py:216: UserWarning: Detected call of `lr_scheduler.step()` before `optimizer.step()`. In PyTorch 1.1.0 and later, you should call them in the opposite order: `optimizer.step()` before `lr_scheduler.step()`.  Failure to do this will result in PyTorch skipping the first value of the learning rate schedule. See more details at https://pytorch.org/docs/stable/optim.html#how-to-adjust-learning-rate
  warnings.warn(
2025-09-13 22:23:14,195 - INFO - Train Loss: 3.9927, Train Acc: 0.2561
2025-09-13 22:23:14,196 - INFO - Val   Loss: 5.3301, Val   Acc: 0.3630
2025-09-13 22:23:14,227 - INFO -   -> Best fine-tuned model saved.
2025-09-13 22:23:14,227 - INFO - [Epoch 2/50]
/data/A-SpeedTransformer/models/transformer/model_utils.py:326: FutureWarning: `torch.cuda.amp.autocast(args...)` is deprecated. Please use `torch.amp.autocast('cuda', args...)` instead.
  with torch.cuda.amp.autocast(enabled=self.scaler is not None):
2025-09-13 22:23:14,634 - INFO - Train Loss: 4.0172, Train Acc: 0.2664
2025-09-13 22:23:14,635 - INFO - Val   Loss: 5.3301, Val   Acc: 0.3630
2025-09-13 22:23:14,637 - INFO -   -> No improvement (1/10)
2025-09-13 22:23:14,637 - INFO - [Epoch 3/50]
2025-09-13 22:23:15,059 - INFO - Train Loss: 4.0181, Train Acc: 0.2734
2025-09-13 22:23:15,060 - INFO - Val   Loss: 5.3301, Val   Acc: 0.3630
2025-09-13 22:23:15,060 - INFO -   -> No improvement (2/10)
2025-09-13 22:23:15,060 - INFO - [Epoch 4/50]
2025-09-13 22:23:15,457 - INFO - Train Loss: 3.9933, Train Acc: 0.2768
2025-09-13 22:23:15,457 - INFO - Val   Loss: 5.3301, Val   Acc: 0.3630
2025-09-13 22:23:15,457 - INFO -   -> No improvement (3/10)
2025-09-13 22:23:15,457 - INFO - [Epoch 5/50]
2025-09-13 22:23:15,917 - INFO - Train Loss: 3.9769, Train Acc: 0.2630
2025-09-13 22:23:15,918 - INFO - Val   Loss: 5.2389, Val   Acc: 0.3801
2025-09-13 22:23:15,953 - INFO -   -> Best fine-tuned model saved.
2025-09-13 22:23:15,954 - INFO - [Epoch 6/50]
2025-09-13 22:23:16,394 - INFO - Train Loss: 3.8132, Train Acc: 0.2837
2025-09-13 22:23:16,394 - INFO - Val   Loss: 5.1143, Val   Acc: 0.3870
2025-09-13 22:23:16,427 - INFO -   -> Best fine-tuned model saved.
2025-09-13 22:23:16,428 - INFO - [Epoch 7/50]
2025-09-13 22:23:16,830 - INFO - Train Loss: 3.6613, Train Acc: 0.2941
2025-09-13 22:23:16,831 - INFO - Val   Loss: 4.9428, Val   Acc: 0.4007
2025-09-13 22:23:16,858 - INFO -   -> Best fine-tuned model saved.
2025-09-13 22:23:16,858 - INFO - [Epoch 8/50]
2025-09-13 22:23:17,264 - INFO - Train Loss: 3.3030, Train Acc: 0.3287
2025-09-13 22:23:17,264 - INFO - Val   Loss: 4.7474, Val   Acc: 0.4315
2025-09-13 22:23:17,290 - INFO -   -> Best fine-tuned model saved.
2025-09-13 22:23:17,290 - INFO - [Epoch 9/50]
2025-09-13 22:23:17,715 - INFO - Train Loss: 3.0616, Train Acc: 0.3564
2025-09-13 22:23:17,716 - INFO - Val   Loss: 4.7474, Val   Acc: 0.4315
2025-09-13 22:23:17,718 - INFO -   -> No improvement (1/10)
2025-09-13 22:23:17,719 - INFO - [Epoch 10/50]
2025-09-13 22:23:18,136 - INFO - Train Loss: 3.0241, Train Acc: 0.3668
2025-09-13 22:23:18,136 - INFO - Val   Loss: 4.4390, Val   Acc: 0.4418
2025-09-13 22:23:18,169 - INFO -   -> Best fine-tuned model saved.
2025-09-13 22:23:18,169 - INFO - [Epoch 11/50]
2025-09-13 22:23:18,576 - INFO - Train Loss: 2.5685, Train Acc: 0.4637
2025-09-13 22:23:18,577 - INFO - Val   Loss: 3.5868, Val   Acc: 0.4521
2025-09-13 22:23:18,631 - INFO -   -> Best fine-tuned model saved.
2025-09-13 22:23:18,632 - INFO - [Epoch 12/50]
2025-09-13 22:23:19,025 - INFO - Train Loss: 2.0960, Train Acc: 0.5571
2025-09-13 22:23:19,026 - INFO - Val   Loss: 2.1642, Val   Acc: 0.4897
2025-09-13 22:23:19,052 - INFO -   -> Best fine-tuned model saved.
2025-09-13 22:23:19,052 - INFO - [Epoch 13/50]
2025-09-13 22:23:19,461 - INFO - Train Loss: 1.5432, Train Acc: 0.5848
2025-09-13 22:23:19,461 - INFO - Val   Loss: 1.5234, Val   Acc: 0.5993
2025-09-13 22:23:19,489 - INFO -   -> Best fine-tuned model saved.
2025-09-13 22:23:19,490 - INFO - [Epoch 14/50]
2025-09-13 22:23:19,928 - INFO - Train Loss: 0.9913, Train Acc: 0.6817
2025-09-13 22:23:19,929 - INFO - Val   Loss: 1.4056, Val   Acc: 0.6164
2025-09-13 22:23:19,960 - INFO -   -> Best fine-tuned model saved.
2025-09-13 22:23:19,961 - INFO - [Epoch 15/50]
2025-09-13 22:23:20,370 - INFO - Train Loss: 0.8288, Train Acc: 0.7612
2025-09-13 22:23:20,370 - INFO - Val   Loss: 1.2968, Val   Acc: 0.6027
2025-09-13 22:23:20,373 - INFO -   -> No improvement (1/10)
2025-09-13 22:23:20,373 - INFO - [Epoch 16/50]
2025-09-13 22:23:20,791 - INFO - Train Loss: 0.7584, Train Acc: 0.7716
2025-09-13 22:23:20,792 - INFO - Val   Loss: 1.2164, Val   Acc: 0.6130
2025-09-13 22:23:20,794 - INFO -   -> No improvement (2/10)
2025-09-13 22:23:20,794 - INFO - [Epoch 17/50]
2025-09-13 22:23:21,198 - INFO - Train Loss: 0.6919, Train Acc: 0.7889
2025-09-13 22:23:21,199 - INFO - Val   Loss: 1.1982, Val   Acc: 0.6267
2025-09-13 22:23:21,228 - INFO -   -> Best fine-tuned model saved.
2025-09-13 22:23:21,228 - INFO - [Epoch 18/50]
2025-09-13 22:23:21,644 - INFO - Train Loss: 0.6484, Train Acc: 0.7993
2025-09-13 22:23:21,645 - INFO - Val   Loss: 1.1767, Val   Acc: 0.6130
2025-09-13 22:23:21,658 - INFO -   -> No improvement (1/10)
2025-09-13 22:23:21,659 - INFO - [Epoch 19/50]
2025-09-13 22:23:22,083 - INFO - Train Loss: 0.6162, Train Acc: 0.8028
2025-09-13 22:23:22,083 - INFO - Val   Loss: 1.1498, Val   Acc: 0.5959
2025-09-13 22:23:22,085 - INFO -   -> No improvement (2/10)
2025-09-13 22:23:22,085 - INFO - [Epoch 20/50]
2025-09-13 22:23:22,531 - INFO - Train Loss: 0.5962, Train Acc: 0.8062
2025-09-13 22:23:22,531 - INFO - Val   Loss: 1.2033, Val   Acc: 0.5205
2025-09-13 22:23:22,533 - INFO -   -> No improvement (3/10)
2025-09-13 22:23:22,534 - INFO - [Epoch 21/50]
2025-09-13 22:23:22,966 - INFO - Train Loss: 0.6405, Train Acc: 0.7889
2025-09-13 22:23:22,967 - INFO - Val   Loss: 1.2170, Val   Acc: 0.5137
2025-09-13 22:23:22,968 - INFO -   -> No improvement (4/10)
2025-09-13 22:23:22,969 - INFO - [Epoch 22/50]
2025-09-13 22:23:23,385 - INFO - Train Loss: 0.6258, Train Acc: 0.7647
2025-09-13 22:23:23,385 - INFO - Val   Loss: 1.0492, Val   Acc: 0.5445
2025-09-13 22:23:23,388 - INFO -   -> No improvement (5/10)
2025-09-13 22:23:23,389 - INFO - [Epoch 23/50]
2025-09-13 22:23:23,811 - INFO - Train Loss: 0.5772, Train Acc: 0.7785
2025-09-13 22:23:23,811 - INFO - Val   Loss: 0.9541, Val   Acc: 0.5719
2025-09-13 22:23:23,813 - INFO -   -> No improvement (6/10)
2025-09-13 22:23:23,814 - INFO - [Epoch 24/50]
2025-09-13 22:23:24,208 - INFO - Train Loss: 0.5346, Train Acc: 0.8097
2025-09-13 22:23:24,208 - INFO - Val   Loss: 0.9084, Val   Acc: 0.5925
2025-09-13 22:23:24,208 - INFO -   -> No improvement (7/10)
2025-09-13 22:23:24,210 - INFO - [Epoch 25/50]
2025-09-13 22:23:24,623 - INFO - Train Loss: 0.5122, Train Acc: 0.8028
2025-09-13 22:23:24,623 - INFO - Val   Loss: 0.8817, Val   Acc: 0.6199
2025-09-13 22:23:24,625 - INFO -   -> No improvement (8/10)
2025-09-13 22:23:24,626 - INFO - [Epoch 26/50]
2025-09-13 22:23:25,103 - INFO - Train Loss: 0.4861, Train Acc: 0.8097
2025-09-13 22:23:25,103 - INFO - Val   Loss: 0.8841, Val   Acc: 0.6404
2025-09-13 22:23:25,131 - INFO -   -> Best fine-tuned model saved.
2025-09-13 22:23:25,131 - INFO - [Epoch 27/50]
2025-09-13 22:23:25,533 - INFO - Train Loss: 0.4695, Train Acc: 0.8097
2025-09-13 22:23:25,534 - INFO - Val   Loss: 0.9186, Val   Acc: 0.6404
2025-09-13 22:23:25,534 - INFO -   -> No improvement (1/10)
2025-09-13 22:23:25,534 - INFO - [Epoch 28/50]
2025-09-13 22:23:25,943 - INFO - Train Loss: 0.4466, Train Acc: 0.8408
2025-09-13 22:23:25,943 - INFO - Val   Loss: 0.9589, Val   Acc: 0.6438
2025-09-13 22:23:25,987 - INFO -   -> Best fine-tuned model saved.
2025-09-13 22:23:25,988 - INFO - [Epoch 29/50]
2025-09-13 22:23:26,408 - INFO - Train Loss: 0.4284, Train Acc: 0.8339
2025-09-13 22:23:26,408 - INFO - Val   Loss: 1.0128, Val   Acc: 0.6164
2025-09-13 22:23:26,410 - INFO -   -> No improvement (1/10)
2025-09-13 22:23:26,410 - INFO - [Epoch 30/50]
2025-09-13 22:23:26,935 - INFO - Train Loss: 0.4059, Train Acc: 0.8201
2025-09-13 22:23:26,936 - INFO - Val   Loss: 1.0492, Val   Acc: 0.6199
2025-09-13 22:23:26,938 - INFO -   -> No improvement (2/10)
2025-09-13 22:23:26,939 - INFO - [Epoch 31/50]
2025-09-13 22:23:27,450 - INFO - Train Loss: 0.3804, Train Acc: 0.8304
2025-09-13 22:23:27,450 - INFO - Val   Loss: 1.0463, Val   Acc: 0.6301
2025-09-13 22:23:27,450 - INFO -   -> No improvement (3/10)
2025-09-13 22:23:27,450 - INFO - [Epoch 32/50]
2025-09-13 22:23:27,842 - INFO - Train Loss: 0.3579, Train Acc: 0.8443
2025-09-13 22:23:27,843 - INFO - Val   Loss: 1.0290, Val   Acc: 0.6438
2025-09-13 22:23:27,843 - INFO -   -> No improvement (4/10)
2025-09-13 22:23:27,845 - INFO - [Epoch 33/50]
2025-09-13 22:23:28,223 - INFO - Train Loss: 0.3159, Train Acc: 0.8789
2025-09-13 22:23:28,223 - INFO - Val   Loss: 1.0602, Val   Acc: 0.6370
2025-09-13 22:23:28,223 - INFO -   -> No improvement (5/10)
2025-09-13 22:23:28,225 - INFO - [Epoch 34/50]
2025-09-13 22:23:28,630 - INFO - Train Loss: 0.2926, Train Acc: 0.8824
2025-09-13 22:23:28,631 - INFO - Val   Loss: 1.2714, Val   Acc: 0.6130
2025-09-13 22:23:28,633 - INFO -   -> No improvement (6/10)
2025-09-13 22:23:28,634 - INFO - [Epoch 35/50]
2025-09-13 22:23:29,037 - INFO - Train Loss: 0.2670, Train Acc: 0.9204
2025-09-13 22:23:29,038 - INFO - Val   Loss: 1.4844, Val   Acc: 0.5993
2025-09-13 22:23:29,040 - INFO -   -> No improvement (7/10)
2025-09-13 22:23:29,040 - INFO - [Epoch 36/50]
2025-09-13 22:23:29,456 - INFO - Train Loss: 0.2379, Train Acc: 0.9135
2025-09-13 22:23:29,456 - INFO - Val   Loss: 1.4735, Val   Acc: 0.6233
2025-09-13 22:23:29,456 - INFO -   -> No improvement (8/10)
2025-09-13 22:23:29,456 - INFO - [Epoch 37/50]
2025-09-13 22:23:29,874 - INFO - Train Loss: 0.2548, Train Acc: 0.9066
2025-09-13 22:23:29,874 - INFO - Val   Loss: 1.5988, Val   Acc: 0.6199
2025-09-13 22:23:29,876 - INFO -   -> No improvement (9/10)
2025-09-13 22:23:29,876 - INFO - [Epoch 38/50]
2025-09-13 22:23:30,299 - INFO - Train Loss: 0.2188, Train Acc: 0.9273
2025-09-13 22:23:30,299 - INFO - Val   Loss: 1.9892, Val   Acc: 0.5822
2025-09-13 22:23:30,302 - INFO -   -> No improvement (10/10)
2025-09-13 22:23:30,302 - INFO - Early stopping triggered.
2025-09-13 22:23:30,302 - INFO - 
Loading best fine-tuned model from /data/A-SpeedTransformer/models/transformer/experiments/miniprogram_finetune/tune_lr5e-4_warmup50_none/best_model.pth for final evaluation...
2025-09-13 22:23:30,868 - INFO - Test Loss: 0.5153, Test Accuracy: 0.7902
2025-09-13 22:23:30,877 - INFO - Classification Report:
              precision    recall  f1-score   support

        bike       0.10      0.11      0.10        63
         bus       0.82      0.46      0.59       288
         car       0.88      0.98      0.93       467
       train       0.78      0.24      0.37        29
        walk       0.79      1.00      0.88       311

    accuracy                           0.79      1158
   macro avg       0.67      0.56      0.57      1158
weighted avg       0.80      0.79      0.77      1158

2025-09-13 22:23:31,352 - INFO - Saved confusion_matrix_finetune.png
/data/A-SpeedTransformer/models/transformer/model_utils.py:349: FutureWarning: `torch.cuda.amp.autocast(args...)` is deprecated. Please use `torch.amp.autocast('cuda', args...)` instead.
  with torch.cuda.amp.autocast(enabled=self.scaler is not None):
