2025-09-13 22:13:46,320 - INFO - Initializing DataProcessor for fine-tuning...
Extracting unique trajectory IDs...
Reading traj_ids: 0it [00:00, ?it/s]Reading traj_ids: 1it [00:00, 13.30it/s]
Total unique traj_ids found: 629
Splitting traj_ids into train, validation, and test sets...
Train: 93, Val: 126, Test: 410
Fitting label encoder on target column...
Reading labels for encoding: 0it [00:00, ?it/s]Reading labels for encoding: 1it [00:00, 15.99it/s]
Classes found: ['bike' 'bus' 'car' 'train' 'walk']
Fitting scaler on training features...
Reading training features for scaling: 0it [00:00, ?it/s]Reading training features for scaling: 1it [00:00, 12.24it/s]
Scaler fitting completed.
Creating sequences in sliding windows...
Processing chunks: 0it [00:00, ?it/s]Processing chunks: 1it [00:00,  1.98it/s]Processing chunks: 1it [00:00,  1.97it/s]
Train: 289, Val: 292, Test: 1158
Skipped sequences (zero length): 0
Creating sequences in sliding windows...
Processing chunks: 0it [00:00, ?it/s]Processing chunks: 1it [00:00,  1.96it/s]Processing chunks: 1it [00:00,  1.96it/s]Train: 289, Val: 292, Test: 1158
Skipped sequences (zero length): 0
2025-09-13 22:13:50,767 - INFO - Loading pretrained model from: /data/A-SpeedTransformer/models/transformer/experiments/mobis_transformer_sweeps/mobis_lr1e-4_bs512_h8_d128_kv4_do0.1/mobis_lr1e-4_bs512_h8_d128_kv4_do0.1/best_model.pth
2025-09-13 22:13:50,787 - INFO - [Epoch 1/50]

/data/A-SpeedTransformer/models/transformer/model_utils.py:231: FutureWarning: `torch.cuda.amp.GradScaler(args...)` is deprecated. Please use `torch.amp.GradScaler('cuda', args...)` instead.
  self.scaler = torch.cuda.amp.GradScaler() if (use_amp and torch.cuda.is_available()) else None
/data/A-SpeedTransformer/models/transformer/model_utils.py:361: FutureWarning: You are using `torch.load` with `weights_only=False` (the current default value), which uses the default pickle module implicitly. It is possible to construct malicious pickle data which will execute arbitrary code during unpickling (See https://github.com/pytorch/pytorch/blob/main/SECURITY.md#untrusted-models for more details). In a future release, the default value for `weights_only` will be flipped to `True`. This limits the functions that could be executed during unpickling. Arbitrary objects will no longer be allowed to be loaded via this mode unless they are explicitly allowlisted by the user via `torch.serialization.add_safe_globals`. We recommend you start setting `weights_only=True` for any use case where you don't have full control of the loaded file. Please open an issue on GitHub for any issues related to this experimental feature.
  state = torch.load(path, map_location=self.device)
/data/A-SpeedTransformer/models/transformer/model_utils.py:289: FutureWarning: `torch.cuda.amp.autocast(args...)` is deprecated. Please use `torch.amp.autocast('cuda', args...)` instead.
  with torch.cuda.amp.autocast():
2025-09-13 22:13:51,510 - INFO - Train Loss: 3.9927, Train Acc: 0.2561
2025-09-13 22:13:51,510 - INFO - Val   Loss: 5.3301, Val   Acc: 0.3630
2025-09-13 22:13:51,545 - INFO -   -> Best fine-tuned model saved.
2025-09-13 22:13:51,545 - INFO - [Epoch 2/50]
/data/A-SpeedTransformer/models/transformer/model_utils.py:326: FutureWarning: `torch.cuda.amp.autocast(args...)` is deprecated. Please use `torch.amp.autocast('cuda', args...)` instead.
  with torch.cuda.amp.autocast(enabled=self.scaler is not None):
2025-09-13 22:13:51,966 - INFO - Train Loss: 4.0172, Train Acc: 0.2664
2025-09-13 22:13:51,966 - INFO - Val   Loss: 5.3301, Val   Acc: 0.3630
2025-09-13 22:13:51,968 - INFO -   -> No improvement (1/10)
2025-09-13 22:13:51,968 - INFO - [Epoch 3/50]
2025-09-13 22:13:52,381 - INFO - Train Loss: 4.0181, Train Acc: 0.2734
2025-09-13 22:13:52,382 - INFO - Val   Loss: 5.3301, Val   Acc: 0.3630
2025-09-13 22:13:52,383 - INFO -   -> No improvement (2/10)
2025-09-13 22:13:52,383 - INFO - [Epoch 4/50]
2025-09-13 22:13:52,815 - INFO - Train Loss: 3.9933, Train Acc: 0.2768
2025-09-13 22:13:52,816 - INFO - Val   Loss: 5.3301, Val   Acc: 0.3630
2025-09-13 22:13:52,817 - INFO -   -> No improvement (3/10)
2025-09-13 22:13:52,818 - INFO - [Epoch 5/50]
2025-09-13 22:13:53,286 - INFO - Train Loss: 3.9769, Train Acc: 0.2630
2025-09-13 22:13:53,287 - INFO - Val   Loss: 4.8132, Val   Acc: 0.4247
2025-09-13 22:13:53,318 - INFO -   -> Best fine-tuned model saved.
2025-09-13 22:13:53,318 - INFO - [Epoch 6/50]
2025-09-13 22:13:53,729 - INFO - Train Loss: 3.1155, Train Acc: 0.3460
2025-09-13 22:13:53,730 - INFO - Val   Loss: 3.6451, Val   Acc: 0.4521
2025-09-13 22:13:53,774 - INFO -   -> Best fine-tuned model saved.
2025-09-13 22:13:53,775 - INFO - [Epoch 7/50]
2025-09-13 22:13:54,174 - INFO - Train Loss: 2.1422, Train Acc: 0.5467
2025-09-13 22:13:54,175 - INFO - Val   Loss: 3.6451, Val   Acc: 0.4521
2025-09-13 22:13:54,176 - INFO -   -> No improvement (1/10)
2025-09-13 22:13:54,177 - INFO - [Epoch 8/50]
2025-09-13 22:13:54,576 - INFO - Train Loss: 2.0852, Train Acc: 0.5606
2025-09-13 22:13:54,577 - INFO - Val   Loss: 1.7396, Val   Acc: 0.5548
2025-09-13 22:13:54,608 - INFO -   -> Best fine-tuned model saved.
2025-09-13 22:13:54,608 - INFO - [Epoch 9/50]
2025-09-13 22:13:55,053 - INFO - Train Loss: 1.2179, Train Acc: 0.6298
2025-09-13 22:13:55,054 - INFO - Val   Loss: 1.3954, Val   Acc: 0.6164
2025-09-13 22:13:55,113 - INFO -   -> Best fine-tuned model saved.
2025-09-13 22:13:55,113 - INFO - [Epoch 10/50]
2025-09-13 22:13:55,546 - INFO - Train Loss: 0.8401, Train Acc: 0.7439
2025-09-13 22:13:55,546 - INFO - Val   Loss: 1.2507, Val   Acc: 0.6062
2025-09-13 22:13:55,546 - INFO -   -> No improvement (1/10)
2025-09-13 22:13:55,546 - INFO - [Epoch 11/50]
2025-09-13 22:13:55,960 - INFO - Train Loss: 0.7125, Train Acc: 0.7855
2025-09-13 22:13:55,960 - INFO - Val   Loss: 1.1895, Val   Acc: 0.6267
2025-09-13 22:13:55,992 - INFO -   -> Best fine-tuned model saved.
2025-09-13 22:13:55,993 - INFO - [Epoch 12/50]
2025-09-13 22:13:56,410 - INFO - Train Loss: 0.6683, Train Acc: 0.7924
2025-09-13 22:13:56,410 - INFO - Val   Loss: 1.1655, Val   Acc: 0.6130
2025-09-13 22:13:56,410 - INFO -   -> No improvement (1/10)
2025-09-13 22:13:56,410 - INFO - [Epoch 13/50]
2025-09-13 22:13:56,811 - INFO - Train Loss: 0.6288, Train Acc: 0.8062
2025-09-13 22:13:56,811 - INFO - Val   Loss: 1.1355, Val   Acc: 0.5959
2025-09-13 22:13:56,812 - INFO -   -> No improvement (2/10)
2025-09-13 22:13:56,812 - INFO - [Epoch 14/50]
2025-09-13 22:13:57,237 - INFO - Train Loss: 0.5930, Train Acc: 0.8062
2025-09-13 22:13:57,238 - INFO - Val   Loss: 1.1321, Val   Acc: 0.5616
2025-09-13 22:13:57,238 - INFO -   -> No improvement (3/10)
2025-09-13 22:13:57,239 - INFO - [Epoch 15/50]
2025-09-13 22:13:57,656 - INFO - Train Loss: 0.6032, Train Acc: 0.8062
2025-09-13 22:13:57,656 - INFO - Val   Loss: 1.0989, Val   Acc: 0.5479
2025-09-13 22:13:57,656 - INFO -   -> No improvement (4/10)
2025-09-13 22:13:57,658 - INFO - [Epoch 16/50]
2025-09-13 22:13:58,081 - INFO - Train Loss: 0.5895, Train Acc: 0.7993
2025-09-13 22:13:58,082 - INFO - Val   Loss: 0.9985, Val   Acc: 0.5856
2025-09-13 22:13:58,083 - INFO -   -> No improvement (5/10)
2025-09-13 22:13:58,084 - INFO - [Epoch 17/50]
2025-09-13 22:13:58,502 - INFO - Train Loss: 0.5495, Train Acc: 0.8062
2025-09-13 22:13:58,502 - INFO - Val   Loss: 0.9384, Val   Acc: 0.6027
2025-09-13 22:13:58,502 - INFO -   -> No improvement (6/10)
2025-09-13 22:13:58,504 - INFO - [Epoch 18/50]
2025-09-13 22:13:58,924 - INFO - Train Loss: 0.5202, Train Acc: 0.8235
2025-09-13 22:13:58,925 - INFO - Val   Loss: 0.9100, Val   Acc: 0.5925
2025-09-13 22:13:58,927 - INFO -   -> No improvement (7/10)
2025-09-13 22:13:58,927 - INFO - [Epoch 19/50]
2025-09-13 22:13:59,331 - INFO - Train Loss: 0.5030, Train Acc: 0.8097
2025-09-13 22:13:59,332 - INFO - Val   Loss: 0.9013, Val   Acc: 0.6199
2025-09-13 22:13:59,334 - INFO -   -> No improvement (8/10)
2025-09-13 22:13:59,334 - INFO - [Epoch 20/50]
2025-09-13 22:13:59,857 - INFO - Train Loss: 0.4732, Train Acc: 0.8131
2025-09-13 22:13:59,858 - INFO - Val   Loss: 0.9180, Val   Acc: 0.6233
2025-09-13 22:13:59,860 - INFO -   -> No improvement (9/10)
2025-09-13 22:13:59,860 - INFO - [Epoch 21/50]
2025-09-13 22:14:00,343 - INFO - Train Loss: 0.4621, Train Acc: 0.8235
2025-09-13 22:14:00,343 - INFO - Val   Loss: 0.9547, Val   Acc: 0.6301
2025-09-13 22:14:00,382 - INFO -   -> Best fine-tuned model saved.
2025-09-13 22:14:00,383 - INFO - [Epoch 22/50]
2025-09-13 22:14:00,783 - INFO - Train Loss: 0.4452, Train Acc: 0.8235
2025-09-13 22:14:00,783 - INFO - Val   Loss: 1.0024, Val   Acc: 0.6130
2025-09-13 22:14:00,786 - INFO -   -> No improvement (1/10)
2025-09-13 22:14:00,786 - INFO - [Epoch 23/50]
2025-09-13 22:14:01,180 - INFO - Train Loss: 0.4264, Train Acc: 0.8443
2025-09-13 22:14:01,181 - INFO - Val   Loss: 1.0362, Val   Acc: 0.6062
2025-09-13 22:14:01,182 - INFO -   -> No improvement (2/10)
2025-09-13 22:14:01,182 - INFO - [Epoch 24/50]
2025-09-13 22:14:01,599 - INFO - Train Loss: 0.4100, Train Acc: 0.8201
2025-09-13 22:14:01,599 - INFO - Val   Loss: 1.0500, Val   Acc: 0.6130
2025-09-13 22:14:01,601 - INFO -   -> No improvement (3/10)
2025-09-13 22:14:01,601 - INFO - [Epoch 25/50]
2025-09-13 22:14:02,003 - INFO - Train Loss: 0.3802, Train Acc: 0.8339
2025-09-13 22:14:02,003 - INFO - Val   Loss: 1.0506, Val   Acc: 0.6199
2025-09-13 22:14:02,005 - INFO -   -> No improvement (4/10)
2025-09-13 22:14:02,005 - INFO - [Epoch 26/50]
2025-09-13 22:14:02,403 - INFO - Train Loss: 0.3500, Train Acc: 0.8374
2025-09-13 22:14:02,404 - INFO - Val   Loss: 1.0418, Val   Acc: 0.6370
2025-09-13 22:14:02,434 - INFO -   -> Best fine-tuned model saved.
2025-09-13 22:14:02,434 - INFO - [Epoch 27/50]
2025-09-13 22:14:02,853 - INFO - Train Loss: 0.3335, Train Acc: 0.8478
2025-09-13 22:14:02,854 - INFO - Val   Loss: 1.0563, Val   Acc: 0.6370
2025-09-13 22:14:02,855 - INFO -   -> No improvement (1/10)
2025-09-13 22:14:02,856 - INFO - [Epoch 28/50]
2025-09-13 22:14:03,286 - INFO - Train Loss: 0.3176, Train Acc: 0.8824
2025-09-13 22:14:03,287 - INFO - Val   Loss: 1.0825, Val   Acc: 0.6301
2025-09-13 22:14:03,289 - INFO -   -> No improvement (2/10)
2025-09-13 22:14:03,289 - INFO - [Epoch 29/50]
2025-09-13 22:14:03,725 - INFO - Train Loss: 0.3008, Train Acc: 0.8927
2025-09-13 22:14:03,725 - INFO - Val   Loss: 1.2144, Val   Acc: 0.6130
2025-09-13 22:14:03,725 - INFO -   -> No improvement (3/10)
2025-09-13 22:14:03,725 - INFO - [Epoch 30/50]
2025-09-13 22:14:04,238 - INFO - Train Loss: 0.2865, Train Acc: 0.8858
2025-09-13 22:14:04,238 - INFO - Val   Loss: 1.3933, Val   Acc: 0.5959
2025-09-13 22:14:04,238 - INFO -   -> No improvement (4/10)
2025-09-13 22:14:04,239 - INFO - [Epoch 31/50]
2025-09-13 22:14:04,906 - INFO - Train Loss: 0.2700, Train Acc: 0.8997
2025-09-13 22:14:04,907 - INFO - Val   Loss: 1.4767, Val   Acc: 0.5925
2025-09-13 22:14:04,907 - INFO -   -> No improvement (5/10)
2025-09-13 22:14:04,907 - INFO - [Epoch 32/50]
2025-09-13 22:14:05,403 - INFO - Train Loss: 0.2579, Train Acc: 0.8997
2025-09-13 22:14:05,403 - INFO - Val   Loss: 1.4971, Val   Acc: 0.6130
2025-09-13 22:14:05,404 - INFO -   -> No improvement (6/10)
2025-09-13 22:14:05,404 - INFO - [Epoch 33/50]
2025-09-13 22:14:05,818 - INFO - Train Loss: 0.2430, Train Acc: 0.9100
2025-09-13 22:14:05,818 - INFO - Val   Loss: 1.6067, Val   Acc: 0.6096
2025-09-13 22:14:05,818 - INFO -   -> No improvement (7/10)
2025-09-13 22:14:05,821 - INFO - [Epoch 34/50]
2025-09-13 22:14:06,200 - INFO - Train Loss: 0.2308, Train Acc: 0.9204
2025-09-13 22:14:06,200 - INFO - Val   Loss: 1.7673, Val   Acc: 0.5856
2025-09-13 22:14:06,200 - INFO -   -> No improvement (8/10)
2025-09-13 22:14:06,202 - INFO - [Epoch 35/50]
2025-09-13 22:14:06,587 - INFO - Train Loss: 0.2244, Train Acc: 0.9273
2025-09-13 22:14:06,587 - INFO - Val   Loss: 2.0097, Val   Acc: 0.5753
2025-09-13 22:14:06,587 - INFO -   -> No improvement (9/10)
2025-09-13 22:14:06,589 - INFO - [Epoch 36/50]
2025-09-13 22:14:06,991 - INFO - Train Loss: 0.1968, Train Acc: 0.9343
2025-09-13 22:14:06,992 - INFO - Val   Loss: 1.8434, Val   Acc: 0.5856
2025-09-13 22:14:06,992 - INFO -   -> No improvement (10/10)
2025-09-13 22:14:06,993 - INFO - Early stopping triggered.
2025-09-13 22:14:06,994 - INFO - 
Loading best fine-tuned model from /data/A-SpeedTransformer/models/transformer/experiments/miniprogram_finetune/tune_lr2e-4_warmup0_none/best_model.pth for final evaluation...
2025-09-13 22:14:07,568 - INFO - Test Loss: 0.4860, Test Accuracy: 0.7997
2025-09-13 22:14:07,574 - INFO - Classification Report:
              precision    recall  f1-score   support

        bike       0.10      0.13      0.11        63
         bus       0.83      0.48      0.61       288
         car       0.89      0.98      0.93       467
       train       0.85      0.38      0.52        29
        walk       0.81      1.00      0.89       311

    accuracy                           0.80      1158
   macro avg       0.69      0.59      0.61      1158
weighted avg       0.81      0.80      0.79      1158

2025-09-13 22:14:07,913 - INFO - Saved confusion_matrix_finetune.png
/data/A-SpeedTransformer/models/transformer/model_utils.py:349: FutureWarning: `torch.cuda.amp.autocast(args...)` is deprecated. Please use `torch.amp.autocast('cuda', args...)` instead.
  with torch.cuda.amp.autocast(enabled=self.scaler is not None):
