2025-09-13 22:06:39,137 - INFO - Initializing DataProcessor for fine-tuning...
Extracting unique trajectory IDs...
Reading traj_ids: 0it [00:00, ?it/s]Reading traj_ids: 1it [00:00, 19.59it/s]
Total unique traj_ids found: 629
Splitting traj_ids into train, validation, and test sets...
Train: 93, Val: 126, Test: 410
Fitting label encoder on target column...
Reading labels for encoding: 0it [00:00, ?it/s]Reading labels for encoding: 1it [00:00, 21.92it/s]
Classes found: ['bike' 'bus' 'car' 'train' 'walk']
Fitting scaler on training features...
Reading training features for scaling: 0it [00:00, ?it/s]Reading training features for scaling: 1it [00:00, 18.19it/s]
Scaler fitting completed.
Creating sequences in sliding windows...
Processing chunks: 0it [00:00, ?it/s]Processing chunks: 1it [00:00,  2.98it/s]Processing chunks: 1it [00:00,  2.96it/s]
Train: 289, Val: 292, Test: 1158
Skipped sequences (zero length): 0
Creating sequences in sliding windows...
Processing chunks: 0it [00:00, ?it/s]Processing chunks: 1it [00:00,  2.91it/s]Processing chunks: 1it [00:00,  2.89it/s]Train: 289, Val: 292, Test: 1158
Skipped sequences (zero length): 0
2025-09-13 22:06:43,781 - INFO - Loading pretrained model from: /data/A-SpeedTransformer/models/transformer/experiments/mobis_transformer_sweeps/mobis_lr1e-4_bs512_h8_d128_kv4_do0.1/mobis_lr1e-4_bs512_h8_d128_kv4_do0.1/best_model.pth
2025-09-13 22:06:43,802 - INFO - [Epoch 1/50]

/data/A-SpeedTransformer/models/transformer/model_utils.py:231: FutureWarning: `torch.cuda.amp.GradScaler(args...)` is deprecated. Please use `torch.amp.GradScaler('cuda', args...)` instead.
  self.scaler = torch.cuda.amp.GradScaler() if (use_amp and torch.cuda.is_available()) else None
/data/A-SpeedTransformer/models/transformer/model_utils.py:361: FutureWarning: You are using `torch.load` with `weights_only=False` (the current default value), which uses the default pickle module implicitly. It is possible to construct malicious pickle data which will execute arbitrary code during unpickling (See https://github.com/pytorch/pytorch/blob/main/SECURITY.md#untrusted-models for more details). In a future release, the default value for `weights_only` will be flipped to `True`. This limits the functions that could be executed during unpickling. Arbitrary objects will no longer be allowed to be loaded via this mode unless they are explicitly allowlisted by the user via `torch.serialization.add_safe_globals`. We recommend you start setting `weights_only=True` for any use case where you don't have full control of the loaded file. Please open an issue on GitHub for any issues related to this experimental feature.
  state = torch.load(path, map_location=self.device)
/data/A-SpeedTransformer/models/transformer/model_utils.py:289: FutureWarning: `torch.cuda.amp.autocast(args...)` is deprecated. Please use `torch.amp.autocast('cuda', args...)` instead.
  with torch.cuda.amp.autocast():
2025-09-13 22:06:44,518 - INFO - Train Loss: 3.9927, Train Acc: 0.2561
2025-09-13 22:06:44,518 - INFO - Val   Loss: 5.3301, Val   Acc: 0.3630
2025-09-13 22:06:44,551 - INFO -   -> Best fine-tuned model saved.
2025-09-13 22:06:44,551 - INFO - [Epoch 2/50]
/data/A-SpeedTransformer/models/transformer/model_utils.py:326: FutureWarning: `torch.cuda.amp.autocast(args...)` is deprecated. Please use `torch.amp.autocast('cuda', args...)` instead.
  with torch.cuda.amp.autocast(enabled=self.scaler is not None):
2025-09-13 22:06:44,924 - INFO - Train Loss: 4.0172, Train Acc: 0.2664
2025-09-13 22:06:44,925 - INFO - Val   Loss: 5.3301, Val   Acc: 0.3630
2025-09-13 22:06:44,925 - INFO -   -> No improvement (1/10)
2025-09-13 22:06:44,925 - INFO - [Epoch 3/50]
2025-09-13 22:06:45,297 - INFO - Train Loss: 4.0181, Train Acc: 0.2734
2025-09-13 22:06:45,297 - INFO - Val   Loss: 5.3301, Val   Acc: 0.3630
2025-09-13 22:06:45,297 - INFO -   -> No improvement (2/10)
2025-09-13 22:06:45,297 - INFO - [Epoch 4/50]
2025-09-13 22:06:45,684 - INFO - Train Loss: 3.9933, Train Acc: 0.2768
2025-09-13 22:06:45,684 - INFO - Val   Loss: 5.3301, Val   Acc: 0.3630
2025-09-13 22:06:45,684 - INFO -   -> No improvement (3/10)
2025-09-13 22:06:45,686 - INFO - [Epoch 5/50]
2025-09-13 22:06:46,128 - INFO - Train Loss: 3.9769, Train Acc: 0.2630
2025-09-13 22:06:46,128 - INFO - Val   Loss: 5.0855, Val   Acc: 0.3870
2025-09-13 22:06:46,156 - INFO -   -> Best fine-tuned model saved.
2025-09-13 22:06:46,156 - INFO - [Epoch 6/50]
2025-09-13 22:06:46,551 - INFO - Train Loss: 3.5592, Train Acc: 0.3114
2025-09-13 22:06:46,551 - INFO - Val   Loss: 4.8044, Val   Acc: 0.4247
2025-09-13 22:06:46,578 - INFO -   -> Best fine-tuned model saved.
2025-09-13 22:06:46,579 - INFO - [Epoch 7/50]
2025-09-13 22:06:46,971 - INFO - Train Loss: 3.1739, Train Acc: 0.3460
2025-09-13 22:06:46,971 - INFO - Val   Loss: 4.4527, Val   Acc: 0.4418
2025-09-13 22:06:47,005 - INFO -   -> Best fine-tuned model saved.
2025-09-13 22:06:47,005 - INFO - [Epoch 8/50]
2025-09-13 22:06:47,388 - INFO - Train Loss: 2.5574, Train Acc: 0.4567
2025-09-13 22:06:47,388 - INFO - Val   Loss: 4.4527, Val   Acc: 0.4418
2025-09-13 22:06:47,390 - INFO -   -> No improvement (1/10)
2025-09-13 22:06:47,390 - INFO - [Epoch 9/50]
2025-09-13 22:06:47,777 - INFO - Train Loss: 2.6360, Train Acc: 0.4464
2025-09-13 22:06:47,778 - INFO - Val   Loss: 3.6259, Val   Acc: 0.4521
2025-09-13 22:06:47,807 - INFO -   -> Best fine-tuned model saved.
2025-09-13 22:06:47,807 - INFO - [Epoch 10/50]
2025-09-13 22:06:48,206 - INFO - Train Loss: 2.1437, Train Acc: 0.5433
2025-09-13 22:06:48,206 - INFO - Val   Loss: 2.2910, Val   Acc: 0.4829
2025-09-13 22:06:48,237 - INFO -   -> Best fine-tuned model saved.
2025-09-13 22:06:48,238 - INFO - [Epoch 11/50]
2025-09-13 22:06:48,637 - INFO - Train Loss: 1.5960, Train Acc: 0.5744
2025-09-13 22:06:48,637 - INFO - Val   Loss: 1.6292, Val   Acc: 0.5719
2025-09-13 22:06:48,672 - INFO -   -> Best fine-tuned model saved.
2025-09-13 22:06:48,673 - INFO - [Epoch 12/50]
2025-09-13 22:06:49,077 - INFO - Train Loss: 1.1204, Train Acc: 0.6505
2025-09-13 22:06:49,078 - INFO - Val   Loss: 1.4411, Val   Acc: 0.6164
2025-09-13 22:06:49,109 - INFO -   -> Best fine-tuned model saved.
2025-09-13 22:06:49,109 - INFO - [Epoch 13/50]
2025-09-13 22:06:49,507 - INFO - Train Loss: 0.9045, Train Acc: 0.7336
2025-09-13 22:06:49,507 - INFO - Val   Loss: 1.3851, Val   Acc: 0.6096
2025-09-13 22:06:49,509 - INFO -   -> No improvement (1/10)
2025-09-13 22:06:49,509 - INFO - [Epoch 14/50]
2025-09-13 22:06:49,920 - INFO - Train Loss: 0.7894, Train Acc: 0.7612
2025-09-13 22:06:49,921 - INFO - Val   Loss: 1.2983, Val   Acc: 0.6027
2025-09-13 22:06:49,923 - INFO -   -> No improvement (2/10)
2025-09-13 22:06:49,923 - INFO - [Epoch 15/50]
2025-09-13 22:06:50,330 - INFO - Train Loss: 0.7580, Train Acc: 0.7785
2025-09-13 22:06:50,330 - INFO - Val   Loss: 1.2411, Val   Acc: 0.6199
2025-09-13 22:06:50,358 - INFO -   -> Best fine-tuned model saved.
2025-09-13 22:06:50,359 - INFO - [Epoch 16/50]
2025-09-13 22:06:50,788 - INFO - Train Loss: 0.7210, Train Acc: 0.7855
2025-09-13 22:06:50,788 - INFO - Val   Loss: 1.2105, Val   Acc: 0.6233
2025-09-13 22:06:50,830 - INFO -   -> Best fine-tuned model saved.
2025-09-13 22:06:50,830 - INFO - [Epoch 17/50]
2025-09-13 22:06:51,249 - INFO - Train Loss: 0.6770, Train Acc: 0.7958
2025-09-13 22:06:51,250 - INFO - Val   Loss: 1.2039, Val   Acc: 0.6233
2025-09-13 22:06:51,252 - INFO -   -> No improvement (1/10)
2025-09-13 22:06:51,252 - INFO - [Epoch 18/50]
2025-09-13 22:06:51,700 - INFO - Train Loss: 0.6467, Train Acc: 0.7924
2025-09-13 22:06:51,700 - INFO - Val   Loss: 1.1926, Val   Acc: 0.6199
2025-09-13 22:06:51,702 - INFO -   -> No improvement (2/10)
2025-09-13 22:06:51,702 - INFO - [Epoch 19/50]
2025-09-13 22:06:52,111 - INFO - Train Loss: 0.6238, Train Acc: 0.7924
2025-09-13 22:06:52,111 - INFO - Val   Loss: 1.1704, Val   Acc: 0.6062
2025-09-13 22:06:52,113 - INFO -   -> No improvement (3/10)
2025-09-13 22:06:52,113 - INFO - [Epoch 20/50]
2025-09-13 22:06:52,536 - INFO - Train Loss: 0.5953, Train Acc: 0.8028
2025-09-13 22:06:52,536 - INFO - Val   Loss: 1.1466, Val   Acc: 0.5993
2025-09-13 22:06:52,538 - INFO -   -> No improvement (4/10)
2025-09-13 22:06:52,538 - INFO - [Epoch 21/50]
2025-09-13 22:06:52,966 - INFO - Train Loss: 0.5899, Train Acc: 0.8201
2025-09-13 22:06:52,966 - INFO - Val   Loss: 1.1192, Val   Acc: 0.5890
2025-09-13 22:06:52,966 - INFO -   -> No improvement (5/10)
2025-09-13 22:06:52,968 - INFO - [Epoch 22/50]
2025-09-13 22:06:53,403 - INFO - Train Loss: 0.5703, Train Acc: 0.8235
2025-09-13 22:06:53,404 - INFO - Val   Loss: 1.0892, Val   Acc: 0.5788
2025-09-13 22:06:53,406 - INFO -   -> No improvement (6/10)
2025-09-13 22:06:53,406 - INFO - [Epoch 23/50]
2025-09-13 22:06:53,839 - INFO - Train Loss: 0.5738, Train Acc: 0.8062
2025-09-13 22:06:53,839 - INFO - Val   Loss: 1.0587, Val   Acc: 0.5822
2025-09-13 22:06:53,839 - INFO -   -> No improvement (7/10)
2025-09-13 22:06:53,839 - INFO - [Epoch 24/50]
2025-09-13 22:06:54,254 - INFO - Train Loss: 0.5696, Train Acc: 0.8097
2025-09-13 22:06:54,255 - INFO - Val   Loss: 1.0264, Val   Acc: 0.5959
2025-09-13 22:06:54,256 - INFO -   -> No improvement (8/10)
2025-09-13 22:06:54,257 - INFO - [Epoch 25/50]
2025-09-13 22:06:54,675 - INFO - Train Loss: 0.5529, Train Acc: 0.8201
2025-09-13 22:06:54,675 - INFO - Val   Loss: 0.9927, Val   Acc: 0.5959
2025-09-13 22:06:54,677 - INFO -   -> No improvement (9/10)
2025-09-13 22:06:54,677 - INFO - [Epoch 26/50]
2025-09-13 22:06:55,065 - INFO - Train Loss: 0.5320, Train Acc: 0.8166
2025-09-13 22:06:55,065 - INFO - Val   Loss: 0.9649, Val   Acc: 0.6027
2025-09-13 22:06:55,067 - INFO -   -> No improvement (10/10)
2025-09-13 22:06:55,067 - INFO - Early stopping triggered.
2025-09-13 22:06:55,068 - INFO - 
Loading best fine-tuned model from /data/A-SpeedTransformer/models/transformer/experiments/miniprogram_finetune/tune_lr1e-4_warmup0_none/best_model.pth for final evaluation...
2025-09-13 22:06:55,619 - INFO - Test Loss: 0.8641, Test Accuracy: 0.7176
2025-09-13 22:06:55,625 - INFO - Classification Report:
              precision    recall  f1-score   support

        bike       0.14      0.29      0.18        63
         bus       0.81      0.30      0.43       288
         car       0.89      0.88      0.89       467
       train       0.13      0.31      0.19        29
        walk       0.78      0.98      0.87       311

    accuracy                           0.72      1158
   macro avg       0.55      0.55      0.51      1158
weighted avg       0.78      0.72      0.71      1158

2025-09-13 22:06:55,964 - INFO - Saved confusion_matrix_finetune.png
/data/A-SpeedTransformer/models/transformer/model_utils.py:349: FutureWarning: `torch.cuda.amp.autocast(args...)` is deprecated. Please use `torch.amp.autocast('cuda', args...)` instead.
  with torch.cuda.amp.autocast(enabled=self.scaler is not None):
