2025-09-13 22:21:25,486 - INFO - Initializing DataProcessor for fine-tuning...
Extracting unique trajectory IDs...
Reading traj_ids: 0it [00:00, ?it/s]Reading traj_ids: 1it [00:00, 13.13it/s]
Total unique traj_ids found: 629
Splitting traj_ids into train, validation, and test sets...
Train: 93, Val: 126, Test: 410
Fitting label encoder on target column...
Reading labels for encoding: 0it [00:00, ?it/s]Reading labels for encoding: 1it [00:00, 15.80it/s]
Classes found: ['bike' 'bus' 'car' 'train' 'walk']
Fitting scaler on training features...
Reading training features for scaling: 0it [00:00, ?it/s]Reading training features for scaling: 1it [00:00, 12.12it/s]
Scaler fitting completed.
Creating sequences in sliding windows...
Processing chunks: 0it [00:00, ?it/s]Processing chunks: 1it [00:00,  1.87it/s]Processing chunks: 1it [00:00,  1.87it/s]
Train: 289, Val: 292, Test: 1158
Skipped sequences (zero length): 0
Creating sequences in sliding windows...
Processing chunks: 0it [00:00, ?it/s]Processing chunks: 1it [00:00,  1.80it/s]Processing chunks: 1it [00:00,  1.79it/s]Train: 289, Val: 292, Test: 1158
Skipped sequences (zero length): 0
2025-09-13 22:21:30,474 - INFO - Loading pretrained model from: /data/A-SpeedTransformer/models/transformer/experiments/mobis_transformer_sweeps/mobis_lr1e-4_bs512_h8_d128_kv4_do0.1/mobis_lr1e-4_bs512_h8_d128_kv4_do0.1/best_model.pth
2025-09-13 22:21:30,493 - INFO - Frozen: Attention mechanisms in all unfrozen layers
2025-09-13 22:21:30,494 - INFO - [Epoch 1/50]

/data/A-SpeedTransformer/models/transformer/model_utils.py:231: FutureWarning: `torch.cuda.amp.GradScaler(args...)` is deprecated. Please use `torch.amp.GradScaler('cuda', args...)` instead.
  self.scaler = torch.cuda.amp.GradScaler() if (use_amp and torch.cuda.is_available()) else None
/data/A-SpeedTransformer/models/transformer/model_utils.py:361: FutureWarning: You are using `torch.load` with `weights_only=False` (the current default value), which uses the default pickle module implicitly. It is possible to construct malicious pickle data which will execute arbitrary code during unpickling (See https://github.com/pytorch/pytorch/blob/main/SECURITY.md#untrusted-models for more details). In a future release, the default value for `weights_only` will be flipped to `True`. This limits the functions that could be executed during unpickling. Arbitrary objects will no longer be allowed to be loaded via this mode unless they are explicitly allowlisted by the user via `torch.serialization.add_safe_globals`. We recommend you start setting `weights_only=True` for any use case where you don't have full control of the loaded file. Please open an issue on GitHub for any issues related to this experimental feature.
  state = torch.load(path, map_location=self.device)
/data/A-SpeedTransformer/models/transformer/model_utils.py:289: FutureWarning: `torch.cuda.amp.autocast(args...)` is deprecated. Please use `torch.amp.autocast('cuda', args...)` instead.
  with torch.cuda.amp.autocast():
2025-09-13 22:21:31,251 - INFO - Train Loss: 3.9927, Train Acc: 0.2561
2025-09-13 22:21:31,251 - INFO - Val   Loss: 5.3301, Val   Acc: 0.3630
2025-09-13 22:21:31,286 - INFO -   -> Best fine-tuned model saved.
2025-09-13 22:21:31,287 - INFO - [Epoch 2/50]
/data/A-SpeedTransformer/models/transformer/model_utils.py:326: FutureWarning: `torch.cuda.amp.autocast(args...)` is deprecated. Please use `torch.amp.autocast('cuda', args...)` instead.
  with torch.cuda.amp.autocast(enabled=self.scaler is not None):
2025-09-13 22:21:31,670 - INFO - Train Loss: 4.0172, Train Acc: 0.2664
2025-09-13 22:21:31,670 - INFO - Val   Loss: 5.3301, Val   Acc: 0.3630
2025-09-13 22:21:31,670 - INFO -   -> No improvement (1/10)
2025-09-13 22:21:31,672 - INFO - [Epoch 3/50]
2025-09-13 22:21:32,079 - INFO - Train Loss: 4.0181, Train Acc: 0.2734
2025-09-13 22:21:32,079 - INFO - Val   Loss: 5.3301, Val   Acc: 0.3630
2025-09-13 22:21:32,079 - INFO -   -> No improvement (2/10)
2025-09-13 22:21:32,079 - INFO - [Epoch 4/50]
2025-09-13 22:21:32,471 - INFO - Train Loss: 3.9933, Train Acc: 0.2768
2025-09-13 22:21:32,471 - INFO - Val   Loss: 5.3301, Val   Acc: 0.3630
2025-09-13 22:21:32,471 - INFO -   -> No improvement (3/10)
2025-09-13 22:21:32,473 - INFO - [Epoch 5/50]
2025-09-13 22:21:32,907 - INFO - Train Loss: 3.9769, Train Acc: 0.2630
2025-09-13 22:21:32,907 - INFO - Val   Loss: 4.7054, Val   Acc: 0.4349
2025-09-13 22:21:32,950 - INFO -   -> Best fine-tuned model saved.
2025-09-13 22:21:32,951 - INFO - [Epoch 6/50]
2025-09-13 22:21:33,377 - INFO - Train Loss: 2.9209, Train Acc: 0.3910
2025-09-13 22:21:33,378 - INFO - Val   Loss: 4.7054, Val   Acc: 0.4349
2025-09-13 22:21:33,380 - INFO -   -> No improvement (1/10)
2025-09-13 22:21:33,380 - INFO - [Epoch 7/50]
2025-09-13 22:21:33,785 - INFO - Train Loss: 2.9929, Train Acc: 0.3910
2025-09-13 22:21:33,785 - INFO - Val   Loss: 2.6197, Val   Acc: 0.4692
2025-09-13 22:21:33,817 - INFO -   -> Best fine-tuned model saved.
2025-09-13 22:21:33,817 - INFO - [Epoch 8/50]
2025-09-13 22:21:34,231 - INFO - Train Loss: 1.7172, Train Acc: 0.5917
2025-09-13 22:21:34,231 - INFO - Val   Loss: 1.4241, Val   Acc: 0.6130
2025-09-13 22:21:34,263 - INFO -   -> Best fine-tuned model saved.
2025-09-13 22:21:34,263 - INFO - [Epoch 9/50]
2025-09-13 22:21:34,681 - INFO - Train Loss: 0.9115, Train Acc: 0.7336
2025-09-13 22:21:34,681 - INFO - Val   Loss: 1.2071, Val   Acc: 0.6199
2025-09-13 22:21:34,710 - INFO -   -> Best fine-tuned model saved.
2025-09-13 22:21:34,710 - INFO - [Epoch 10/50]
2025-09-13 22:21:35,114 - INFO - Train Loss: 0.7595, Train Acc: 0.7647
2025-09-13 22:21:35,115 - INFO - Val   Loss: 1.1588, Val   Acc: 0.6267
2025-09-13 22:21:35,145 - INFO -   -> Best fine-tuned model saved.
2025-09-13 22:21:35,146 - INFO - [Epoch 11/50]
2025-09-13 22:21:35,548 - INFO - Train Loss: 0.6638, Train Acc: 0.8062
2025-09-13 22:21:35,549 - INFO - Val   Loss: 1.1432, Val   Acc: 0.6164
2025-09-13 22:21:35,549 - INFO -   -> No improvement (1/10)
2025-09-13 22:21:35,549 - INFO - [Epoch 12/50]
2025-09-13 22:21:35,973 - INFO - Train Loss: 0.6310, Train Acc: 0.8062
2025-09-13 22:21:35,974 - INFO - Val   Loss: 1.1721, Val   Acc: 0.5548
2025-09-13 22:21:35,974 - INFO -   -> No improvement (2/10)
2025-09-13 22:21:35,974 - INFO - [Epoch 13/50]
2025-09-13 22:21:36,391 - INFO - Train Loss: 0.6280, Train Acc: 0.7820
2025-09-13 22:21:36,392 - INFO - Val   Loss: 1.2643, Val   Acc: 0.4863
2025-09-13 22:21:36,394 - INFO -   -> No improvement (3/10)
2025-09-13 22:21:36,394 - INFO - [Epoch 14/50]
2025-09-13 22:21:36,817 - INFO - Train Loss: 0.6337, Train Acc: 0.7543
2025-09-13 22:21:36,818 - INFO - Val   Loss: 1.1155, Val   Acc: 0.5103
2025-09-13 22:21:36,819 - INFO -   -> No improvement (4/10)
2025-09-13 22:21:36,820 - INFO - [Epoch 15/50]
2025-09-13 22:21:37,216 - INFO - Train Loss: 0.5674, Train Acc: 0.7993
2025-09-13 22:21:37,216 - INFO - Val   Loss: 0.9751, Val   Acc: 0.5548
2025-09-13 22:21:37,216 - INFO -   -> No improvement (5/10)
2025-09-13 22:21:37,218 - INFO - [Epoch 16/50]
2025-09-13 22:21:37,630 - INFO - Train Loss: 0.5215, Train Acc: 0.8235
2025-09-13 22:21:37,630 - INFO - Val   Loss: 0.9169, Val   Acc: 0.5890
2025-09-13 22:21:37,630 - INFO -   -> No improvement (6/10)
2025-09-13 22:21:37,632 - INFO - [Epoch 17/50]
2025-09-13 22:21:38,024 - INFO - Train Loss: 0.4968, Train Acc: 0.8304
2025-09-13 22:21:38,024 - INFO - Val   Loss: 0.8875, Val   Acc: 0.6199
2025-09-13 22:21:38,024 - INFO -   -> No improvement (7/10)
2025-09-13 22:21:38,026 - INFO - [Epoch 18/50]
2025-09-13 22:21:38,416 - INFO - Train Loss: 0.4732, Train Acc: 0.8339
2025-09-13 22:21:38,417 - INFO - Val   Loss: 0.8845, Val   Acc: 0.6438
2025-09-13 22:21:38,445 - INFO -   -> Best fine-tuned model saved.
2025-09-13 22:21:38,445 - INFO - [Epoch 19/50]
2025-09-13 22:21:38,853 - INFO - Train Loss: 0.4557, Train Acc: 0.8201
2025-09-13 22:21:38,853 - INFO - Val   Loss: 0.8949, Val   Acc: 0.6507
2025-09-13 22:21:38,882 - INFO -   -> Best fine-tuned model saved.
2025-09-13 22:21:38,882 - INFO - [Epoch 20/50]
2025-09-13 22:21:39,269 - INFO - Train Loss: 0.4215, Train Acc: 0.8235
2025-09-13 22:21:39,269 - INFO - Val   Loss: 0.9157, Val   Acc: 0.6473
2025-09-13 22:21:39,271 - INFO -   -> No improvement (1/10)
2025-09-13 22:21:39,271 - INFO - [Epoch 21/50]
2025-09-13 22:21:39,656 - INFO - Train Loss: 0.3997, Train Acc: 0.8166
2025-09-13 22:21:39,656 - INFO - Val   Loss: 0.9423, Val   Acc: 0.6541
2025-09-13 22:21:39,695 - INFO -   -> Best fine-tuned model saved.
2025-09-13 22:21:39,695 - INFO - [Epoch 22/50]
2025-09-13 22:21:40,119 - INFO - Train Loss: 0.3785, Train Acc: 0.8270
2025-09-13 22:21:40,119 - INFO - Val   Loss: 0.9646, Val   Acc: 0.6575
2025-09-13 22:21:40,181 - INFO -   -> Best fine-tuned model saved.
2025-09-13 22:21:40,182 - INFO - [Epoch 23/50]
2025-09-13 22:21:40,591 - INFO - Train Loss: 0.3643, Train Acc: 0.8339
2025-09-13 22:21:40,592 - INFO - Val   Loss: 0.9735, Val   Acc: 0.6644
2025-09-13 22:21:40,676 - INFO -   -> Best fine-tuned model saved.
2025-09-13 22:21:40,677 - INFO - [Epoch 24/50]
2025-09-13 22:21:41,098 - INFO - Train Loss: 0.3417, Train Acc: 0.8374
2025-09-13 22:21:41,099 - INFO - Val   Loss: 0.9693, Val   Acc: 0.6678
2025-09-13 22:21:41,131 - INFO -   -> Best fine-tuned model saved.
2025-09-13 22:21:41,132 - INFO - [Epoch 25/50]
2025-09-13 22:21:41,560 - INFO - Train Loss: 0.3165, Train Acc: 0.8685
2025-09-13 22:21:41,560 - INFO - Val   Loss: 0.9824, Val   Acc: 0.6644
2025-09-13 22:21:41,562 - INFO -   -> No improvement (1/10)
2025-09-13 22:21:41,562 - INFO - [Epoch 26/50]
2025-09-13 22:21:41,962 - INFO - Train Loss: 0.2912, Train Acc: 0.8893
2025-09-13 22:21:41,963 - INFO - Val   Loss: 1.0422, Val   Acc: 0.6644
2025-09-13 22:21:41,964 - INFO -   -> No improvement (2/10)
2025-09-13 22:21:41,965 - INFO - [Epoch 27/50]
2025-09-13 22:21:42,382 - INFO - Train Loss: 0.2755, Train Acc: 0.9031
2025-09-13 22:21:42,382 - INFO - Val   Loss: 1.1840, Val   Acc: 0.6438
2025-09-13 22:21:42,382 - INFO -   -> No improvement (3/10)
2025-09-13 22:21:42,384 - INFO - [Epoch 28/50]
2025-09-13 22:21:42,802 - INFO - Train Loss: 0.2508, Train Acc: 0.9031
2025-09-13 22:21:42,803 - INFO - Val   Loss: 1.2645, Val   Acc: 0.6199
2025-09-13 22:21:42,803 - INFO -   -> No improvement (4/10)
2025-09-13 22:21:42,805 - INFO - [Epoch 29/50]
2025-09-13 22:21:43,207 - INFO - Train Loss: 0.2340, Train Acc: 0.9170
2025-09-13 22:21:43,207 - INFO - Val   Loss: 1.3910, Val   Acc: 0.6233
2025-09-13 22:21:43,209 - INFO -   -> No improvement (5/10)
2025-09-13 22:21:43,209 - INFO - [Epoch 30/50]
2025-09-13 22:21:43,654 - INFO - Train Loss: 0.2174, Train Acc: 0.9308
2025-09-13 22:21:43,654 - INFO - Val   Loss: 1.5381, Val   Acc: 0.6130
2025-09-13 22:21:43,656 - INFO -   -> No improvement (6/10)
2025-09-13 22:21:43,656 - INFO - [Epoch 31/50]
2025-09-13 22:21:44,084 - INFO - Train Loss: 0.2069, Train Acc: 0.9308
2025-09-13 22:21:44,084 - INFO - Val   Loss: 1.5037, Val   Acc: 0.6438
2025-09-13 22:21:44,084 - INFO -   -> No improvement (7/10)
2025-09-13 22:21:44,086 - INFO - [Epoch 32/50]
2025-09-13 22:21:44,504 - INFO - Train Loss: 0.2003, Train Acc: 0.9308
2025-09-13 22:21:44,505 - INFO - Val   Loss: 1.6941, Val   Acc: 0.6062
2025-09-13 22:21:44,506 - INFO -   -> No improvement (8/10)
2025-09-13 22:21:44,507 - INFO - [Epoch 33/50]
2025-09-13 22:21:44,876 - INFO - Train Loss: 0.1795, Train Acc: 0.9377
2025-09-13 22:21:44,877 - INFO - Val   Loss: 1.8634, Val   Acc: 0.6027
2025-09-13 22:21:44,878 - INFO -   -> No improvement (9/10)
2025-09-13 22:21:44,878 - INFO - [Epoch 34/50]
2025-09-13 22:21:45,282 - INFO - Train Loss: 0.1705, Train Acc: 0.9446
2025-09-13 22:21:45,282 - INFO - Val   Loss: 1.6291, Val   Acc: 0.6575
2025-09-13 22:21:45,284 - INFO -   -> No improvement (10/10)
2025-09-13 22:21:45,284 - INFO - Early stopping triggered.
2025-09-13 22:21:45,284 - INFO - 
Loading best fine-tuned model from /data/A-SpeedTransformer/models/transformer/experiments/miniprogram_finetune/tune_lr5e-4_warmup0_freeze_attention/best_model.pth for final evaluation...
2025-09-13 22:21:45,865 - INFO - Test Loss: 0.4468, Test Accuracy: 0.8264
2025-09-13 22:21:45,879 - INFO - Classification Report:
              precision    recall  f1-score   support

        bike       0.13      0.11      0.12        63
         bus       0.85      0.61      0.71       288
         car       0.89      0.97      0.93       467
       train       0.85      0.38      0.52        29
        walk       0.83      0.99      0.90       311

    accuracy                           0.83      1158
   macro avg       0.71      0.61      0.64      1158
weighted avg       0.82      0.83      0.81      1158

2025-09-13 22:21:46,346 - INFO - Saved confusion_matrix_finetune.png
/data/A-SpeedTransformer/models/transformer/model_utils.py:349: FutureWarning: `torch.cuda.amp.autocast(args...)` is deprecated. Please use `torch.amp.autocast('cuda', args...)` instead.
  with torch.cuda.amp.autocast(enabled=self.scaler is not None):
