2025-09-13 22:29:21,141 - INFO - Initializing DataProcessor for fine-tuning...
Extracting unique trajectory IDs...
Reading traj_ids: 0it [00:00, ?it/s]Reading traj_ids: 1it [00:00, 19.61it/s]
Total unique traj_ids found: 629
Splitting traj_ids into train, validation, and test sets...
Train: 250, Val: 126, Test: 253
Fitting label encoder on target column...
Reading labels for encoding: 0it [00:00, ?it/s]Reading labels for encoding: 1it [00:00, 23.12it/s]
Classes found: ['bike' 'bus' 'car' 'train' 'walk']
Fitting scaler on training features...
Reading training features for scaling: 0it [00:00, ?it/s]Reading training features for scaling: 1it [00:00, 18.70it/s]
Scaler fitting completed.
Creating sequences in sliding windows...
Processing chunks: 0it [00:00, ?it/s]Processing chunks: 1it [00:00,  3.05it/s]Processing chunks: 1it [00:00,  3.04it/s]
Train: 711, Val: 235, Test: 793
Skipped sequences (zero length): 0
Creating sequences in sliding windows...
Processing chunks: 0it [00:00, ?it/s]Processing chunks: 1it [00:00,  3.05it/s]Processing chunks: 1it [00:00,  3.04it/s]Train: 711, Val: 235, Test: 793
Skipped sequences (zero length): 0
2025-09-13 22:29:24,931 - INFO - Loading pretrained model from: /data/A-SpeedTransformer/models/transformer/experiments/mobis_transformer_sweeps/mobis_lr1e-4_bs512_h8_d128_kv4_do0.1/mobis_lr1e-4_bs512_h8_d128_kv4_do0.1/best_model.pth
2025-09-13 22:29:24,945 - INFO - [Epoch 1/50]

/data/A-SpeedTransformer/models/transformer/model_utils.py:231: FutureWarning: `torch.cuda.amp.GradScaler(args...)` is deprecated. Please use `torch.amp.GradScaler('cuda', args...)` instead.
  self.scaler = torch.cuda.amp.GradScaler() if (use_amp and torch.cuda.is_available()) else None
/data/A-SpeedTransformer/models/transformer/model_utils.py:361: FutureWarning: You are using `torch.load` with `weights_only=False` (the current default value), which uses the default pickle module implicitly. It is possible to construct malicious pickle data which will execute arbitrary code during unpickling (See https://github.com/pytorch/pytorch/blob/main/SECURITY.md#untrusted-models for more details). In a future release, the default value for `weights_only` will be flipped to `True`. This limits the functions that could be executed during unpickling. Arbitrary objects will no longer be allowed to be loaded via this mode unless they are explicitly allowlisted by the user via `torch.serialization.add_safe_globals`. We recommend you start setting `weights_only=True` for any use case where you don't have full control of the loaded file. Please open an issue on GitHub for any issues related to this experimental feature.
  state = torch.load(path, map_location=self.device)
/data/A-SpeedTransformer/models/transformer/model_utils.py:289: FutureWarning: `torch.cuda.amp.autocast(args...)` is deprecated. Please use `torch.amp.autocast('cuda', args...)` instead.
  with torch.cuda.amp.autocast():
2025-09-13 22:29:25,723 - INFO - Train Loss: 1.1819, Train Acc: 0.6681
2025-09-13 22:29:25,723 - INFO - Val   Loss: 1.7153, Val   Acc: 0.5319
2025-09-13 22:29:25,792 - INFO -   -> Best fine-tuned model saved.
2025-09-13 22:29:25,792 - INFO - [Epoch 2/50]
/data/A-SpeedTransformer/models/transformer/model_utils.py:326: FutureWarning: `torch.cuda.amp.autocast(args...)` is deprecated. Please use `torch.amp.autocast('cuda', args...)` instead.
  with torch.cuda.amp.autocast(enabled=self.scaler is not None):
2025-09-13 22:29:26,341 - INFO - Train Loss: 1.1869, Train Acc: 0.6582
2025-09-13 22:29:26,342 - INFO - Val   Loss: 1.7153, Val   Acc: 0.5319
2025-09-13 22:29:26,344 - INFO -   -> No improvement (1/10)
2025-09-13 22:29:26,344 - INFO - [Epoch 3/50]
2025-09-13 22:29:26,953 - INFO - Train Loss: 1.0877, Train Acc: 0.6934
2025-09-13 22:29:26,953 - INFO - Val   Loss: 1.0044, Val   Acc: 0.7234
2025-09-13 22:29:26,985 - INFO -   -> Best fine-tuned model saved.
2025-09-13 22:29:26,986 - INFO - [Epoch 4/50]
2025-09-13 22:29:27,825 - INFO - Train Loss: 0.6692, Train Acc: 0.8115
2025-09-13 22:29:27,825 - INFO - Val   Loss: 0.8249, Val   Acc: 0.7362
2025-09-13 22:29:27,857 - INFO -   -> Best fine-tuned model saved.
2025-09-13 22:29:27,857 - INFO - [Epoch 5/50]
2025-09-13 22:29:28,475 - INFO - Train Loss: 0.5060, Train Acc: 0.8368
2025-09-13 22:29:28,475 - INFO - Val   Loss: 0.7219, Val   Acc: 0.7617
2025-09-13 22:29:28,512 - INFO -   -> Best fine-tuned model saved.
2025-09-13 22:29:28,513 - INFO - [Epoch 6/50]
2025-09-13 22:29:29,082 - INFO - Train Loss: 0.4293, Train Acc: 0.8565
2025-09-13 22:29:29,083 - INFO - Val   Loss: 0.6633, Val   Acc: 0.7702
2025-09-13 22:29:29,114 - INFO -   -> Best fine-tuned model saved.
2025-09-13 22:29:29,114 - INFO - [Epoch 7/50]
2025-09-13 22:29:29,701 - INFO - Train Loss: 0.4119, Train Acc: 0.8523
2025-09-13 22:29:29,701 - INFO - Val   Loss: 0.6170, Val   Acc: 0.7830
2025-09-13 22:29:29,734 - INFO -   -> Best fine-tuned model saved.
2025-09-13 22:29:29,735 - INFO - [Epoch 8/50]
2025-09-13 22:29:30,319 - INFO - Train Loss: 0.3662, Train Acc: 0.8636
2025-09-13 22:29:30,319 - INFO - Val   Loss: 0.5809, Val   Acc: 0.7915
2025-09-13 22:29:30,350 - INFO -   -> Best fine-tuned model saved.
2025-09-13 22:29:30,350 - INFO - [Epoch 9/50]
2025-09-13 22:29:30,985 - INFO - Train Loss: 0.3238, Train Acc: 0.8819
2025-09-13 22:29:30,986 - INFO - Val   Loss: 0.5957, Val   Acc: 0.7872
2025-09-13 22:29:30,988 - INFO -   -> No improvement (1/10)
2025-09-13 22:29:30,988 - INFO - [Epoch 10/50]
2025-09-13 22:29:31,547 - INFO - Train Loss: 0.3038, Train Acc: 0.8861
2025-09-13 22:29:31,548 - INFO - Val   Loss: 0.6812, Val   Acc: 0.7872
2025-09-13 22:29:31,550 - INFO -   -> No improvement (2/10)
2025-09-13 22:29:31,550 - INFO - [Epoch 11/50]
2025-09-13 22:29:32,111 - INFO - Train Loss: 0.2882, Train Acc: 0.8931
2025-09-13 22:29:32,111 - INFO - Val   Loss: 0.7276, Val   Acc: 0.7915
2025-09-13 22:29:32,111 - INFO -   -> No improvement (3/10)
2025-09-13 22:29:32,113 - INFO - [Epoch 12/50]
2025-09-13 22:29:32,679 - INFO - Train Loss: 0.2877, Train Acc: 0.8973
2025-09-13 22:29:32,679 - INFO - Val   Loss: 0.6214, Val   Acc: 0.8000
2025-09-13 22:29:32,724 - INFO -   -> Best fine-tuned model saved.
2025-09-13 22:29:32,724 - INFO - [Epoch 13/50]
2025-09-13 22:29:33,295 - INFO - Train Loss: 0.2816, Train Acc: 0.9058
2025-09-13 22:29:33,295 - INFO - Val   Loss: 0.6820, Val   Acc: 0.7957
2025-09-13 22:29:33,295 - INFO -   -> No improvement (1/10)
2025-09-13 22:29:33,295 - INFO - [Epoch 14/50]
2025-09-13 22:29:33,852 - INFO - Train Loss: 0.2513, Train Acc: 0.9015
2025-09-13 22:29:33,852 - INFO - Val   Loss: 0.7350, Val   Acc: 0.7915
2025-09-13 22:29:33,854 - INFO -   -> No improvement (2/10)
2025-09-13 22:29:33,854 - INFO - [Epoch 15/50]
2025-09-13 22:29:34,413 - INFO - Train Loss: 0.2402, Train Acc: 0.9086
2025-09-13 22:29:34,414 - INFO - Val   Loss: 0.5830, Val   Acc: 0.8085
2025-09-13 22:29:34,444 - INFO -   -> Best fine-tuned model saved.
2025-09-13 22:29:34,444 - INFO - [Epoch 16/50]
2025-09-13 22:29:35,059 - INFO - Train Loss: 0.2222, Train Acc: 0.9128
2025-09-13 22:29:35,059 - INFO - Val   Loss: 0.5456, Val   Acc: 0.8383
2025-09-13 22:29:35,091 - INFO -   -> Best fine-tuned model saved.
2025-09-13 22:29:35,091 - INFO - [Epoch 17/50]
2025-09-13 22:29:35,664 - INFO - Train Loss: 0.2217, Train Acc: 0.9100
2025-09-13 22:29:35,665 - INFO - Val   Loss: 0.6252, Val   Acc: 0.8298
2025-09-13 22:29:35,665 - INFO -   -> No improvement (1/10)
2025-09-13 22:29:35,667 - INFO - [Epoch 18/50]
2025-09-13 22:29:36,239 - INFO - Train Loss: 0.1983, Train Acc: 0.9114
2025-09-13 22:29:36,239 - INFO - Val   Loss: 0.5988, Val   Acc: 0.8383
2025-09-13 22:29:36,239 - INFO -   -> No improvement (2/10)
2025-09-13 22:29:36,239 - INFO - [Epoch 19/50]
2025-09-13 22:29:36,808 - INFO - Train Loss: 0.1824, Train Acc: 0.9283
2025-09-13 22:29:36,809 - INFO - Val   Loss: 0.7776, Val   Acc: 0.7915
2025-09-13 22:29:36,810 - INFO -   -> No improvement (3/10)
2025-09-13 22:29:36,811 - INFO - [Epoch 20/50]
2025-09-13 22:29:37,413 - INFO - Train Loss: 0.2331, Train Acc: 0.9100
2025-09-13 22:29:37,413 - INFO - Val   Loss: 0.6613, Val   Acc: 0.8043
2025-09-13 22:29:37,413 - INFO -   -> No improvement (4/10)
2025-09-13 22:29:37,413 - INFO - [Epoch 21/50]
2025-09-13 22:29:38,022 - INFO - Train Loss: 0.1918, Train Acc: 0.9226
2025-09-13 22:29:38,023 - INFO - Val   Loss: 0.6182, Val   Acc: 0.8894
2025-09-13 22:29:38,056 - INFO -   -> Best fine-tuned model saved.
2025-09-13 22:29:38,057 - INFO - [Epoch 22/50]
2025-09-13 22:29:38,636 - INFO - Train Loss: 0.1899, Train Acc: 0.9170
2025-09-13 22:29:38,636 - INFO - Val   Loss: 0.8932, Val   Acc: 0.8085
2025-09-13 22:29:38,638 - INFO -   -> No improvement (1/10)
2025-09-13 22:29:38,638 - INFO - [Epoch 23/50]
2025-09-13 22:29:39,231 - INFO - Train Loss: 0.2308, Train Acc: 0.9030
2025-09-13 22:29:39,232 - INFO - Val   Loss: 0.6272, Val   Acc: 0.8511
2025-09-13 22:29:39,234 - INFO -   -> No improvement (2/10)
2025-09-13 22:29:39,234 - INFO - [Epoch 24/50]
2025-09-13 22:29:39,825 - INFO - Train Loss: 0.1619, Train Acc: 0.9297
2025-09-13 22:29:39,826 - INFO - Val   Loss: 0.6202, Val   Acc: 0.8766
2025-09-13 22:29:39,827 - INFO -   -> No improvement (3/10)
2025-09-13 22:29:39,828 - INFO - [Epoch 25/50]
2025-09-13 22:29:40,419 - INFO - Train Loss: 0.1897, Train Acc: 0.9241
2025-09-13 22:29:40,420 - INFO - Val   Loss: 0.9320, Val   Acc: 0.8043
2025-09-13 22:29:40,422 - INFO -   -> No improvement (4/10)
2025-09-13 22:29:40,422 - INFO - [Epoch 26/50]
2025-09-13 22:29:41,011 - INFO - Train Loss: 0.2246, Train Acc: 0.9128
2025-09-13 22:29:41,012 - INFO - Val   Loss: 0.8504, Val   Acc: 0.8170
2025-09-13 22:29:41,012 - INFO -   -> No improvement (5/10)
2025-09-13 22:29:41,014 - INFO - [Epoch 27/50]
2025-09-13 22:29:41,588 - INFO - Train Loss: 0.1706, Train Acc: 0.9339
2025-09-13 22:29:41,589 - INFO - Val   Loss: 0.5584, Val   Acc: 0.8851
2025-09-13 22:29:41,589 - INFO -   -> No improvement (6/10)
2025-09-13 22:29:41,591 - INFO - [Epoch 28/50]
2025-09-13 22:29:42,195 - INFO - Train Loss: 0.1845, Train Acc: 0.9241
2025-09-13 22:29:42,196 - INFO - Val   Loss: 0.5144, Val   Acc: 0.8766
2025-09-13 22:29:42,198 - INFO -   -> No improvement (7/10)
2025-09-13 22:29:42,198 - INFO - [Epoch 29/50]
2025-09-13 22:29:42,798 - INFO - Train Loss: 0.1529, Train Acc: 0.9381
2025-09-13 22:29:42,799 - INFO - Val   Loss: 0.6734, Val   Acc: 0.7957
2025-09-13 22:29:42,801 - INFO -   -> No improvement (8/10)
2025-09-13 22:29:42,801 - INFO - [Epoch 30/50]
2025-09-13 22:29:43,377 - INFO - Train Loss: 0.2314, Train Acc: 0.8931
2025-09-13 22:29:43,377 - INFO - Val   Loss: 0.6091, Val   Acc: 0.8468
2025-09-13 22:29:43,377 - INFO -   -> No improvement (9/10)
2025-09-13 22:29:43,377 - INFO - [Epoch 31/50]
2025-09-13 22:29:43,920 - INFO - Train Loss: 0.1411, Train Acc: 0.9494
2025-09-13 22:29:43,920 - INFO - Val   Loss: 0.6275, Val   Acc: 0.8809
2025-09-13 22:29:43,922 - INFO -   -> No improvement (10/10)
2025-09-13 22:29:43,923 - INFO - Early stopping triggered.
2025-09-13 22:29:43,923 - INFO - 
Loading best fine-tuned model from /data/A-SpeedTransformer/models/transformer/experiments/miniprogram_finetune/final_40pct_251trips_lr5e-4_warmup0_none/best_model.pth for final evaluation...
2025-09-13 22:29:44,417 - INFO - Test Loss: 0.5321, Test Accuracy: 0.8878
2025-09-13 22:29:44,423 - INFO - Classification Report:
              precision    recall  f1-score   support

        bike       0.81      0.23      0.36        57
         bus       0.81      0.87      0.84       172
         car       0.88      0.95      0.92       290
       train       0.60      0.80      0.69        15
        walk       0.98      0.98      0.98       259

    accuracy                           0.89       793
   macro avg       0.82      0.77      0.75       793
weighted avg       0.89      0.89      0.87       793

2025-09-13 22:29:44,745 - INFO - Saved confusion_matrix_finetune.png
/data/A-SpeedTransformer/models/transformer/model_utils.py:349: FutureWarning: `torch.cuda.amp.autocast(args...)` is deprecated. Please use `torch.amp.autocast('cuda', args...)` instead.
  with torch.cuda.amp.autocast(enabled=self.scaler is not None):
